[1.528s] Invoking command in '/home/ubuntu/robot_ws/src/srv_examples': PYTHONPATH=/home/ubuntu/robot_ws/install/srv_examples/lib/python3.8/site-packages:${PYTHONPATH} /usr/bin/python3 setup.py egg_info --egg-base ../../build/srv_examples build --build-base /home/ubuntu/robot_ws/build/srv_examples/build install --prefix /home/ubuntu/robot_ws/install/srv_examples --record /home/ubuntu/robot_ws/build/srv_examples/install.log --single-version-externally-managed
[1.862s] running egg_info
[1.863s] writing ../../build/srv_examples/srv_examples.egg-info/PKG-INFO
[1.863s] writing dependency_links to ../../build/srv_examples/srv_examples.egg-info/dependency_links.txt
[1.864s] writing entry points to ../../build/srv_examples/srv_examples.egg-info/entry_points.txt
[1.864s] writing requirements to ../../build/srv_examples/srv_examples.egg-info/requires.txt
[1.864s] writing top-level names to ../../build/srv_examples/srv_examples.egg-info/top_level.txt
[1.923s] reading manifest file '../../build/srv_examples/srv_examples.egg-info/SOURCES.txt'
[1.925s] writing manifest file '../../build/srv_examples/srv_examples.egg-info/SOURCES.txt'
[1.926s] running build
[1.926s] running build_py
[1.927s] copying srv_examples/invert_gripper_service_client.py -> /home/ubuntu/robot_ws/build/srv_examples/build/lib/srv_examples
[1.927s] running install
[1.928s] running install_lib
[1.930s] copying /home/ubuntu/robot_ws/build/srv_examples/build/lib/srv_examples/invert_gripper_service_client.py -> /home/ubuntu/robot_ws/install/srv_examples/lib/python3.8/site-packages/srv_examples
[1.930s] byte-compiling /home/ubuntu/robot_ws/install/srv_examples/lib/python3.8/site-packages/srv_examples/invert_gripper_service_client.py to invert_gripper_service_client.cpython-38.pyc
[1.932s] running install_data
[1.933s] running install_egg_info
[1.935s] removing '/home/ubuntu/robot_ws/install/srv_examples/lib/python3.8/site-packages/srv_examples-0.0.0-py3.8.egg-info' (and everything under it)
[1.936s] Copying ../../build/srv_examples/srv_examples.egg-info to /home/ubuntu/robot_ws/install/srv_examples/lib/python3.8/site-packages/srv_examples-0.0.0-py3.8.egg-info
[1.938s] running install_scripts
[1.985s] Installing invert_gripper_service_client script to /home/ubuntu/robot_ws/install/srv_examples/lib/srv_examples
[1.986s] Installing open_gripper_service_server script to /home/ubuntu/robot_ws/install/srv_examples/lib/srv_examples
[1.988s] Installing turtlesim_geofence_reset_srv script to /home/ubuntu/robot_ws/install/srv_examples/lib/srv_examples
[1.988s] writing list of installed files to '/home/ubuntu/robot_ws/build/srv_examples/install.log'
[2.037s] Invoked command in '/home/ubuntu/robot_ws/src/srv_examples' returned '0': PYTHONPATH=/home/ubuntu/robot_ws/install/srv_examples/lib/python3.8/site-packages:${PYTHONPATH} /usr/bin/python3 setup.py egg_info --egg-base ../../build/srv_examples build --build-base /home/ubuntu/robot_ws/build/srv_examples/build install --prefix /home/ubuntu/robot_ws/install/srv_examples --record /home/ubuntu/robot_ws/build/srv_examples/install.log --single-version-externally-managed
