running egg_info
creating ../../build/rqt_joy/rqt_joy.egg-info
writing ../../build/rqt_joy/rqt_joy.egg-info/PKG-INFO
writing dependency_links to ../../build/rqt_joy/rqt_joy.egg-info/dependency_links.txt
writing requirements to ../../build/rqt_joy/rqt_joy.egg-info/requires.txt
writing top-level names to ../../build/rqt_joy/rqt_joy.egg-info/top_level.txt
writing manifest file '../../build/rqt_joy/rqt_joy.egg-info/SOURCES.txt'
reading manifest file '../../build/rqt_joy/rqt_joy.egg-info/SOURCES.txt'
writing manifest file '../../build/rqt_joy/rqt_joy.egg-info/SOURCES.txt'
running build
running build_py
creating /home/ubuntu/ROS2-Tutorials/robot_ws/build/rqt_joy/build
creating /home/ubuntu/ROS2-Tutorials/robot_ws/build/rqt_joy/build/lib
creating /home/ubuntu/ROS2-Tutorials/robot_ws/build/rqt_joy/build/lib/rqt_joy
copying src/rqt_joy/joy.py -> /home/ubuntu/ROS2-Tutorials/robot_ws/build/rqt_joy/build/lib/rqt_joy
copying src/rqt_joy/__init__.py -> /home/ubuntu/ROS2-Tutorials/robot_ws/build/rqt_joy/build/lib/rqt_joy
running build_scripts
creating /home/ubuntu/ROS2-Tutorials/robot_ws/build/rqt_joy/build/scripts-3.8
copying and adjusting scripts/rqt_joy -> /home/ubuntu/ROS2-Tutorials/robot_ws/build/rqt_joy/build/scripts-3.8
changing mode of /home/ubuntu/ROS2-Tutorials/robot_ws/build/rqt_joy/build/scripts-3.8/rqt_joy from 644 to 755
running install
running install_lib
running install_data
running install_egg_info
removing '/home/ubuntu/ROS2-Tutorials/robot_ws/install/rqt_joy/lib/python3.8/site-packages/rqt_joy-1.0.0-py3.8.egg-info' (and everything under it)
Copying ../../build/rqt_joy/rqt_joy.egg-info to /home/ubuntu/ROS2-Tutorials/robot_ws/install/rqt_joy/lib/python3.8/site-packages/rqt_joy-1.0.0-py3.8.egg-info
running install_scripts
copying /home/ubuntu/ROS2-Tutorials/robot_ws/build/rqt_joy/build/scripts-3.8/rqt_joy -> /home/ubuntu/ROS2-Tutorials/robot_ws/install/rqt_joy/bin
changing mode of /home/ubuntu/ROS2-Tutorials/robot_ws/install/rqt_joy/bin/rqt_joy to 755
writing list of installed files to '/home/ubuntu/ROS2-Tutorials/robot_ws/build/rqt_joy/install.log'
