[1.480s] Invoking command in '/home/ubuntu/ROS2-Tutorials/robot_ws/src/rqt_joy': PYTHONPATH=/home/ubuntu/ROS2-Tutorials/robot_ws/install/rqt_joy/lib/python3.8/site-packages:${PYTHONPATH} /usr/bin/python3 setup.py egg_info --egg-base ../../build/rqt_joy build --build-base /home/ubuntu/ROS2-Tutorials/robot_ws/build/rqt_joy/build install --prefix /home/ubuntu/ROS2-Tutorials/robot_ws/install/rqt_joy --record /home/ubuntu/ROS2-Tutorials/robot_ws/build/rqt_joy/install.log --single-version-externally-managed
[1.767s] running egg_info
[1.768s] creating ../../build/rqt_joy/rqt_joy.egg-info
[1.769s] writing ../../build/rqt_joy/rqt_joy.egg-info/PKG-INFO
[1.770s] writing dependency_links to ../../build/rqt_joy/rqt_joy.egg-info/dependency_links.txt
[1.770s] writing requirements to ../../build/rqt_joy/rqt_joy.egg-info/requires.txt
[1.770s] writing top-level names to ../../build/rqt_joy/rqt_joy.egg-info/top_level.txt
[1.772s] writing manifest file '../../build/rqt_joy/rqt_joy.egg-info/SOURCES.txt'
[1.830s] reading manifest file '../../build/rqt_joy/rqt_joy.egg-info/SOURCES.txt'
[1.831s] writing manifest file '../../build/rqt_joy/rqt_joy.egg-info/SOURCES.txt'
[1.832s] running build
[1.832s] running build_py
[1.832s] creating /home/ubuntu/ROS2-Tutorials/robot_ws/build/rqt_joy/build
[1.834s] creating /home/ubuntu/ROS2-Tutorials/robot_ws/build/rqt_joy/build/lib
[1.834s] creating /home/ubuntu/ROS2-Tutorials/robot_ws/build/rqt_joy/build/lib/rqt_joy
[1.835s] copying src/rqt_joy/joy.py -> /home/ubuntu/ROS2-Tutorials/robot_ws/build/rqt_joy/build/lib/rqt_joy
[1.835s] copying src/rqt_joy/__init__.py -> /home/ubuntu/ROS2-Tutorials/robot_ws/build/rqt_joy/build/lib/rqt_joy
[1.835s] running build_scripts
[1.836s] creating /home/ubuntu/ROS2-Tutorials/robot_ws/build/rqt_joy/build/scripts-3.8
[1.836s] copying and adjusting scripts/rqt_joy -> /home/ubuntu/ROS2-Tutorials/robot_ws/build/rqt_joy/build/scripts-3.8
[1.836s] changing mode of /home/ubuntu/ROS2-Tutorials/robot_ws/build/rqt_joy/build/scripts-3.8/rqt_joy from 644 to 755
[1.836s] running install
[1.837s] running install_lib
[1.837s] running install_data
[1.838s] running install_egg_info
[1.841s] removing '/home/ubuntu/ROS2-Tutorials/robot_ws/install/rqt_joy/lib/python3.8/site-packages/rqt_joy-1.0.0-py3.8.egg-info' (and everything under it)
[1.841s] Copying ../../build/rqt_joy/rqt_joy.egg-info to /home/ubuntu/ROS2-Tutorials/robot_ws/install/rqt_joy/lib/python3.8/site-packages/rqt_joy-1.0.0-py3.8.egg-info
[1.843s] running install_scripts
[1.873s] copying /home/ubuntu/ROS2-Tutorials/robot_ws/build/rqt_joy/build/scripts-3.8/rqt_joy -> /home/ubuntu/ROS2-Tutorials/robot_ws/install/rqt_joy/bin
[1.874s] changing mode of /home/ubuntu/ROS2-Tutorials/robot_ws/install/rqt_joy/bin/rqt_joy to 755
[1.875s] writing list of installed files to '/home/ubuntu/ROS2-Tutorials/robot_ws/build/rqt_joy/install.log'
[1.942s] Invoked command in '/home/ubuntu/ROS2-Tutorials/robot_ws/src/rqt_joy' returned '0': PYTHONPATH=/home/ubuntu/ROS2-Tutorials/robot_ws/install/rqt_joy/lib/python3.8/site-packages:${PYTHONPATH} /usr/bin/python3 setup.py egg_info --egg-base ../../build/rqt_joy build --build-base /home/ubuntu/ROS2-Tutorials/robot_ws/build/rqt_joy/build install --prefix /home/ubuntu/ROS2-Tutorials/robot_ws/install/rqt_joy --record /home/ubuntu/ROS2-Tutorials/robot_ws/build/rqt_joy/install.log --single-version-externally-managed
