[0.315s] DEBUG:colcon:Command line arguments: ['/usr/bin/colcon', 'build']
[0.315s] DEBUG:colcon:Parsed command line arguments: Namespace(ament_cmake_args=None, base_paths=['.'], build_base='build', catkin_cmake_args=None, catkin_skip_building_tests=False, cmake_args=None, cmake_clean_cache=False, cmake_clean_first=False, cmake_force_configure=False, cmake_target=None, cmake_target_skip_unavailable=False, continue_on_error=False, event_handlers=None, executor='parallel', ignore_user_meta=False, install_base='install', log_base=None, log_level=None, main=<bound method BuildVerb.main of <colcon_core.verb.build.BuildVerb object at 0x7f1e75e610a0>>, merge_install=False, metas=['./colcon.meta'], packages_above=None, packages_above_and_dependencies=None, packages_above_depth=None, packages_end=None, packages_ignore=None, packages_ignore_regex=None, packages_select=None, packages_select_build_failed=False, packages_select_by_dep=None, packages_select_regex=None, packages_select_test_failures=False, packages_skip=None, packages_skip_build_finished=False, packages_skip_by_dep=None, packages_skip_regex=None, packages_skip_test_passed=False, packages_skip_up_to=None, packages_start=None, packages_up_to=None, packages_up_to_regex=None, parallel_workers=12, paths=None, symlink_install=False, test_result_base=None, verb_extension=<colcon_core.verb.build.BuildVerb object at 0x7f1e75e610a0>, verb_name='build', verb_parser=<colcon_defaults.argument_parser.defaults.DefaultArgumentsDecorator object at 0x7f1e75e615e0>)
[0.321s] Level 1:colcon.colcon_core.package_discovery:discover_packages(colcon_meta) check parameters
[0.321s] Level 1:colcon.colcon_core.package_discovery:discover_packages(recursive) check parameters
[0.321s] Level 1:colcon.colcon_core.package_discovery:discover_packages(ignore) check parameters
[0.321s] Level 1:colcon.colcon_core.package_discovery:discover_packages(path) check parameters
[0.321s] Level 1:colcon.colcon_core.package_discovery:discover_packages(colcon_meta) discover
[0.321s] Level 1:colcon.colcon_core.package_discovery:discover_packages(recursive) discover
[0.321s] INFO:colcon.colcon_core.package_discovery:Crawling recursively for packages in '/home/ubuntu/robot_ws'
[0.321s] Level 1:colcon.colcon_core.package_identification:_identify(.) by extensions ['ignore', 'ignore_ament_install']
[0.321s] Level 1:colcon.colcon_core.package_identification:_identify(.) by extension 'ignore'
[0.322s] Level 1:colcon.colcon_core.package_identification:_identify(.) by extension 'ignore_ament_install'
[0.322s] Level 1:colcon.colcon_core.package_identification:_identify(.) by extensions ['colcon_pkg']
[0.322s] Level 1:colcon.colcon_core.package_identification:_identify(.) by extension 'colcon_pkg'
[0.322s] Level 1:colcon.colcon_core.package_identification:_identify(.) by extensions ['colcon_meta']
[0.322s] Level 1:colcon.colcon_core.package_identification:_identify(.) by extension 'colcon_meta'
[0.322s] Level 1:colcon.colcon_core.package_identification:_identify(.) by extensions ['ros']
[0.322s] Level 1:colcon.colcon_core.package_identification:_identify(.) by extension 'ros'
[0.333s] Level 1:colcon.colcon_core.package_identification:_identify(.) by extensions ['cmake', 'python']
[0.333s] Level 1:colcon.colcon_core.package_identification:_identify(.) by extension 'cmake'
[0.333s] Level 1:colcon.colcon_core.package_identification:_identify(.) by extension 'python'
[0.333s] Level 1:colcon.colcon_core.package_identification:_identify(.) by extensions ['python_setup_py']
[0.333s] Level 1:colcon.colcon_core.package_identification:_identify(.) by extension 'python_setup_py'
[0.333s] Level 1:colcon.colcon_core.package_identification:_identify(build) by extensions ['ignore', 'ignore_ament_install']
[0.334s] Level 1:colcon.colcon_core.package_identification:_identify(build) by extension 'ignore'
[0.334s] Level 1:colcon.colcon_core.package_identification:_identify(build) ignored
[0.334s] Level 1:colcon.colcon_core.package_identification:_identify(install) by extensions ['ignore', 'ignore_ament_install']
[0.334s] Level 1:colcon.colcon_core.package_identification:_identify(install) by extension 'ignore'
[0.334s] Level 1:colcon.colcon_core.package_identification:_identify(install) ignored
[0.334s] Level 1:colcon.colcon_core.package_identification:_identify(log) by extensions ['ignore', 'ignore_ament_install']
[0.334s] Level 1:colcon.colcon_core.package_identification:_identify(log) by extension 'ignore'
[0.334s] Level 1:colcon.colcon_core.package_identification:_identify(log) ignored
[0.334s] Level 1:colcon.colcon_core.package_identification:_identify(src) by extensions ['ignore', 'ignore_ament_install']
[0.335s] Level 1:colcon.colcon_core.package_identification:_identify(src) by extension 'ignore'
[0.335s] Level 1:colcon.colcon_core.package_identification:_identify(src) by extension 'ignore_ament_install'
[0.335s] Level 1:colcon.colcon_core.package_identification:_identify(src) by extensions ['colcon_pkg']
[0.335s] Level 1:colcon.colcon_core.package_identification:_identify(src) by extension 'colcon_pkg'
[0.335s] Level 1:colcon.colcon_core.package_identification:_identify(src) by extensions ['colcon_meta']
[0.335s] Level 1:colcon.colcon_core.package_identification:_identify(src) by extension 'colcon_meta'
[0.335s] Level 1:colcon.colcon_core.package_identification:_identify(src) by extensions ['ros']
[0.335s] Level 1:colcon.colcon_core.package_identification:_identify(src) by extension 'ros'
[0.335s] Level 1:colcon.colcon_core.package_identification:_identify(src) by extensions ['cmake', 'python']
[0.335s] Level 1:colcon.colcon_core.package_identification:_identify(src) by extension 'cmake'
[0.335s] Level 1:colcon.colcon_core.package_identification:_identify(src) by extension 'python'
[0.335s] Level 1:colcon.colcon_core.package_identification:_identify(src) by extensions ['python_setup_py']
[0.335s] Level 1:colcon.colcon_core.package_identification:_identify(src) by extension 'python_setup_py'
[0.335s] Level 1:colcon.colcon_core.package_identification:_identify(src/hello_world) by extensions ['ignore', 'ignore_ament_install']
[0.335s] Level 1:colcon.colcon_core.package_identification:_identify(src/hello_world) by extension 'ignore'
[0.336s] Level 1:colcon.colcon_core.package_identification:_identify(src/hello_world) by extension 'ignore_ament_install'
[0.336s] Level 1:colcon.colcon_core.package_identification:_identify(src/hello_world) by extensions ['colcon_pkg']
[0.336s] Level 1:colcon.colcon_core.package_identification:_identify(src/hello_world) by extension 'colcon_pkg'
[0.336s] Level 1:colcon.colcon_core.package_identification:_identify(src/hello_world) by extensions ['colcon_meta']
[0.336s] Level 1:colcon.colcon_core.package_identification:_identify(src/hello_world) by extension 'colcon_meta'
[0.336s] Level 1:colcon.colcon_core.package_identification:_identify(src/hello_world) by extensions ['ros']
[0.336s] Level 1:colcon.colcon_core.package_identification:_identify(src/hello_world) by extension 'ros'
[0.338s] DEBUG:colcon.colcon_core.package_identification:Package 'src/hello_world' with type 'ros.ament_python' and name 'hello_world'
[0.338s] Level 1:colcon.colcon_core.package_identification:_identify(src/myfirstpackage) by extensions ['ignore', 'ignore_ament_install']
[0.338s] Level 1:colcon.colcon_core.package_identification:_identify(src/myfirstpackage) by extension 'ignore'
[0.338s] Level 1:colcon.colcon_core.package_identification:_identify(src/myfirstpackage) by extension 'ignore_ament_install'
[0.338s] Level 1:colcon.colcon_core.package_identification:_identify(src/myfirstpackage) by extensions ['colcon_pkg']
[0.339s] Level 1:colcon.colcon_core.package_identification:_identify(src/myfirstpackage) by extension 'colcon_pkg'
[0.339s] Level 1:colcon.colcon_core.package_identification:_identify(src/myfirstpackage) by extensions ['colcon_meta']
[0.339s] Level 1:colcon.colcon_core.package_identification:_identify(src/myfirstpackage) by extension 'colcon_meta'
[0.339s] Level 1:colcon.colcon_core.package_identification:_identify(src/myfirstpackage) by extensions ['ros']
[0.339s] Level 1:colcon.colcon_core.package_identification:_identify(src/myfirstpackage) by extension 'ros'
[0.339s] DEBUG:colcon.colcon_core.package_identification:Package 'src/myfirstpackage' with type 'ros.ament_python' and name 'myfirstpackage'
[0.339s] Level 1:colcon.colcon_core.package_identification:_identify(src/pubsub) by extensions ['ignore', 'ignore_ament_install']
[0.340s] Level 1:colcon.colcon_core.package_identification:_identify(src/pubsub) by extension 'ignore'
[0.340s] Level 1:colcon.colcon_core.package_identification:_identify(src/pubsub) by extension 'ignore_ament_install'
[0.340s] Level 1:colcon.colcon_core.package_identification:_identify(src/pubsub) by extensions ['colcon_pkg']
[0.340s] Level 1:colcon.colcon_core.package_identification:_identify(src/pubsub) by extension 'colcon_pkg'
[0.340s] Level 1:colcon.colcon_core.package_identification:_identify(src/pubsub) by extensions ['colcon_meta']
[0.340s] Level 1:colcon.colcon_core.package_identification:_identify(src/pubsub) by extension 'colcon_meta'
[0.340s] Level 1:colcon.colcon_core.package_identification:_identify(src/pubsub) by extensions ['ros']
[0.340s] Level 1:colcon.colcon_core.package_identification:_identify(src/pubsub) by extension 'ros'
[0.340s] DEBUG:colcon.colcon_core.package_identification:Package 'src/pubsub' with type 'ros.ament_python' and name 'pubsub'
[0.341s] Level 1:colcon.colcon_core.package_identification:_identify(src/ros_tutorials) by extensions ['ignore', 'ignore_ament_install']
[0.341s] Level 1:colcon.colcon_core.package_identification:_identify(src/ros_tutorials) by extension 'ignore'
[0.341s] Level 1:colcon.colcon_core.package_identification:_identify(src/ros_tutorials) by extension 'ignore_ament_install'
[0.341s] Level 1:colcon.colcon_core.package_identification:_identify(src/ros_tutorials) by extensions ['colcon_pkg']
[0.341s] Level 1:colcon.colcon_core.package_identification:_identify(src/ros_tutorials) by extension 'colcon_pkg'
[0.341s] Level 1:colcon.colcon_core.package_identification:_identify(src/ros_tutorials) by extensions ['colcon_meta']
[0.341s] Level 1:colcon.colcon_core.package_identification:_identify(src/ros_tutorials) by extension 'colcon_meta'
[0.341s] Level 1:colcon.colcon_core.package_identification:_identify(src/ros_tutorials) by extensions ['ros']
[0.341s] Level 1:colcon.colcon_core.package_identification:_identify(src/ros_tutorials) by extension 'ros'
[0.341s] Level 1:colcon.colcon_core.package_identification:_identify(src/ros_tutorials) by extensions ['cmake', 'python']
[0.341s] Level 1:colcon.colcon_core.package_identification:_identify(src/ros_tutorials) by extension 'cmake'
[0.341s] Level 1:colcon.colcon_core.package_identification:_identify(src/ros_tutorials) by extension 'python'
[0.341s] Level 1:colcon.colcon_core.package_identification:_identify(src/ros_tutorials) by extensions ['python_setup_py']
[0.341s] Level 1:colcon.colcon_core.package_identification:_identify(src/ros_tutorials) by extension 'python_setup_py'
[0.341s] Level 1:colcon.colcon_core.package_identification:_identify(src/ros_tutorials/ros_tutorials) by extensions ['ignore', 'ignore_ament_install']
[0.342s] Level 1:colcon.colcon_core.package_identification:_identify(src/ros_tutorials/ros_tutorials) by extension 'ignore'
[0.342s] Level 1:colcon.colcon_core.package_identification:_identify(src/ros_tutorials/ros_tutorials) ignored
[0.342s] Level 1:colcon.colcon_core.package_identification:_identify(src/ros_tutorials/roscpp_tutorials) by extensions ['ignore', 'ignore_ament_install']
[0.342s] Level 1:colcon.colcon_core.package_identification:_identify(src/ros_tutorials/roscpp_tutorials) by extension 'ignore'
[0.342s] Level 1:colcon.colcon_core.package_identification:_identify(src/ros_tutorials/roscpp_tutorials) ignored
[0.342s] Level 1:colcon.colcon_core.package_identification:_identify(src/ros_tutorials/rospy_tutorials) by extensions ['ignore', 'ignore_ament_install']
[0.342s] Level 1:colcon.colcon_core.package_identification:_identify(src/ros_tutorials/rospy_tutorials) by extension 'ignore'
[0.342s] Level 1:colcon.colcon_core.package_identification:_identify(src/ros_tutorials/rospy_tutorials) ignored
[0.342s] Level 1:colcon.colcon_core.package_identification:_identify(src/ros_tutorials/turtlesim) by extensions ['ignore', 'ignore_ament_install']
[0.342s] Level 1:colcon.colcon_core.package_identification:_identify(src/ros_tutorials/turtlesim) by extension 'ignore'
[0.342s] Level 1:colcon.colcon_core.package_identification:_identify(src/ros_tutorials/turtlesim) by extension 'ignore_ament_install'
[0.342s] Level 1:colcon.colcon_core.package_identification:_identify(src/ros_tutorials/turtlesim) by extensions ['colcon_pkg']
[0.343s] Level 1:colcon.colcon_core.package_identification:_identify(src/ros_tutorials/turtlesim) by extension 'colcon_pkg'
[0.343s] Level 1:colcon.colcon_core.package_identification:_identify(src/ros_tutorials/turtlesim) by extensions ['colcon_meta']
[0.343s] Level 1:colcon.colcon_core.package_identification:_identify(src/ros_tutorials/turtlesim) by extension 'colcon_meta'
[0.343s] Level 1:colcon.colcon_core.package_identification:_identify(src/ros_tutorials/turtlesim) by extensions ['ros']
[0.343s] Level 1:colcon.colcon_core.package_identification:_identify(src/ros_tutorials/turtlesim) by extension 'ros'
[0.344s] DEBUG:colcon.colcon_core.package_identification:Package 'src/ros_tutorials/turtlesim' with type 'ros.ament_cmake' and name 'turtlesim'
[0.344s] Level 1:colcon.colcon_core.package_identification:_identify(src/rqt_joy) by extensions ['ignore', 'ignore_ament_install']
[0.344s] Level 1:colcon.colcon_core.package_identification:_identify(src/rqt_joy) by extension 'ignore'
[0.344s] Level 1:colcon.colcon_core.package_identification:_identify(src/rqt_joy) by extension 'ignore_ament_install'
[0.344s] Level 1:colcon.colcon_core.package_identification:_identify(src/rqt_joy) by extensions ['colcon_pkg']
[0.344s] Level 1:colcon.colcon_core.package_identification:_identify(src/rqt_joy) by extension 'colcon_pkg'
[0.345s] Level 1:colcon.colcon_core.package_identification:_identify(src/rqt_joy) by extensions ['colcon_meta']
[0.345s] Level 1:colcon.colcon_core.package_identification:_identify(src/rqt_joy) by extension 'colcon_meta'
[0.345s] Level 1:colcon.colcon_core.package_identification:_identify(src/rqt_joy) by extensions ['ros']
[0.345s] Level 1:colcon.colcon_core.package_identification:_identify(src/rqt_joy) by extension 'ros'
[0.345s] DEBUG:colcon.colcon_core.package_identification:Package 'src/rqt_joy' with type 'ros.ament_python' and name 'rqt_joy'
[0.345s] Level 1:colcon.colcon_core.package_identification:_identify(src/srv_examples) by extensions ['ignore', 'ignore_ament_install']
[0.345s] Level 1:colcon.colcon_core.package_identification:_identify(src/srv_examples) by extension 'ignore'
[0.346s] Level 1:colcon.colcon_core.package_identification:_identify(src/srv_examples) by extension 'ignore_ament_install'
[0.346s] Level 1:colcon.colcon_core.package_identification:_identify(src/srv_examples) by extensions ['colcon_pkg']
[0.346s] Level 1:colcon.colcon_core.package_identification:_identify(src/srv_examples) by extension 'colcon_pkg'
[0.346s] Level 1:colcon.colcon_core.package_identification:_identify(src/srv_examples) by extensions ['colcon_meta']
[0.346s] Level 1:colcon.colcon_core.package_identification:_identify(src/srv_examples) by extension 'colcon_meta'
[0.346s] Level 1:colcon.colcon_core.package_identification:_identify(src/srv_examples) by extensions ['ros']
[0.346s] Level 1:colcon.colcon_core.package_identification:_identify(src/srv_examples) by extension 'ros'
[0.346s] DEBUG:colcon.colcon_core.package_identification:Package 'src/srv_examples' with type 'ros.ament_python' and name 'srv_examples'
[0.347s] Level 1:colcon.colcon_core.package_identification:_identify(src/tb3_teleop) by extensions ['ignore', 'ignore_ament_install']
[0.347s] Level 1:colcon.colcon_core.package_identification:_identify(src/tb3_teleop) by extension 'ignore'
[0.347s] Level 1:colcon.colcon_core.package_identification:_identify(src/tb3_teleop) by extension 'ignore_ament_install'
[0.347s] Level 1:colcon.colcon_core.package_identification:_identify(src/tb3_teleop) by extensions ['colcon_pkg']
[0.348s] Level 1:colcon.colcon_core.package_identification:_identify(src/tb3_teleop) by extension 'colcon_pkg'
[0.348s] Level 1:colcon.colcon_core.package_identification:_identify(src/tb3_teleop) by extensions ['colcon_meta']
[0.348s] Level 1:colcon.colcon_core.package_identification:_identify(src/tb3_teleop) by extension 'colcon_meta'
[0.348s] Level 1:colcon.colcon_core.package_identification:_identify(src/tb3_teleop) by extensions ['ros']
[0.348s] Level 1:colcon.colcon_core.package_identification:_identify(src/tb3_teleop) by extension 'ros'
[0.348s] DEBUG:colcon.colcon_core.package_identification:Package 'src/tb3_teleop' with type 'ros.ament_python' and name 'tb3_teleop'
[0.348s] Level 1:colcon.colcon_core.package_discovery:discover_packages(recursive) using defaults
[0.348s] Level 1:colcon.colcon_core.package_discovery:discover_packages(ignore) discover
[0.348s] Level 1:colcon.colcon_core.package_discovery:discover_packages(ignore) using defaults
[0.348s] Level 1:colcon.colcon_core.package_discovery:discover_packages(path) discover
[0.348s] Level 1:colcon.colcon_core.package_discovery:discover_packages(path) using defaults
[0.369s] Level 5:colcon.colcon_core.verb:set package 'hello_world' build argument 'cmake_args' from command line to 'None'
[0.369s] Level 5:colcon.colcon_core.verb:set package 'hello_world' build argument 'cmake_target' from command line to 'None'
[0.370s] Level 5:colcon.colcon_core.verb:set package 'hello_world' build argument 'cmake_target_skip_unavailable' from command line to 'False'
[0.370s] Level 5:colcon.colcon_core.verb:set package 'hello_world' build argument 'cmake_clean_cache' from command line to 'False'
[0.370s] Level 5:colcon.colcon_core.verb:set package 'hello_world' build argument 'cmake_clean_first' from command line to 'False'
[0.370s] Level 5:colcon.colcon_core.verb:set package 'hello_world' build argument 'cmake_force_configure' from command line to 'False'
[0.370s] Level 5:colcon.colcon_core.verb:set package 'hello_world' build argument 'ament_cmake_args' from command line to 'None'
[0.370s] Level 5:colcon.colcon_core.verb:set package 'hello_world' build argument 'catkin_cmake_args' from command line to 'None'
[0.370s] Level 5:colcon.colcon_core.verb:set package 'hello_world' build argument 'catkin_skip_building_tests' from command line to 'False'
[0.370s] DEBUG:colcon.colcon_core.verb:Building package 'hello_world' with the following arguments: {'ament_cmake_args': None, 'build_base': '/home/ubuntu/robot_ws/build/hello_world', 'catkin_cmake_args': None, 'catkin_skip_building_tests': False, 'cmake_args': None, 'cmake_clean_cache': False, 'cmake_clean_first': False, 'cmake_force_configure': False, 'cmake_target': None, 'cmake_target_skip_unavailable': False, 'install_base': '/home/ubuntu/robot_ws/install/hello_world', 'merge_install': False, 'path': '/home/ubuntu/robot_ws/src/hello_world', 'symlink_install': False, 'test_result_base': None}
[0.373s] Level 5:colcon.colcon_core.verb:set package 'myfirstpackage' build argument 'cmake_args' from command line to 'None'
[0.373s] Level 5:colcon.colcon_core.verb:set package 'myfirstpackage' build argument 'cmake_target' from command line to 'None'
[0.373s] Level 5:colcon.colcon_core.verb:set package 'myfirstpackage' build argument 'cmake_target_skip_unavailable' from command line to 'False'
[0.373s] Level 5:colcon.colcon_core.verb:set package 'myfirstpackage' build argument 'cmake_clean_cache' from command line to 'False'
[0.373s] Level 5:colcon.colcon_core.verb:set package 'myfirstpackage' build argument 'cmake_clean_first' from command line to 'False'
[0.373s] Level 5:colcon.colcon_core.verb:set package 'myfirstpackage' build argument 'cmake_force_configure' from command line to 'False'
[0.373s] Level 5:colcon.colcon_core.verb:set package 'myfirstpackage' build argument 'ament_cmake_args' from command line to 'None'
[0.373s] Level 5:colcon.colcon_core.verb:set package 'myfirstpackage' build argument 'catkin_cmake_args' from command line to 'None'
[0.373s] Level 5:colcon.colcon_core.verb:set package 'myfirstpackage' build argument 'catkin_skip_building_tests' from command line to 'False'
[0.373s] DEBUG:colcon.colcon_core.verb:Building package 'myfirstpackage' with the following arguments: {'ament_cmake_args': None, 'build_base': '/home/ubuntu/robot_ws/build/myfirstpackage', 'catkin_cmake_args': None, 'catkin_skip_building_tests': False, 'cmake_args': None, 'cmake_clean_cache': False, 'cmake_clean_first': False, 'cmake_force_configure': False, 'cmake_target': None, 'cmake_target_skip_unavailable': False, 'install_base': '/home/ubuntu/robot_ws/install/myfirstpackage', 'merge_install': False, 'path': '/home/ubuntu/robot_ws/src/myfirstpackage', 'symlink_install': False, 'test_result_base': None}
[0.376s] Level 5:colcon.colcon_core.verb:set package 'pubsub' build argument 'cmake_args' from command line to 'None'
[0.376s] Level 5:colcon.colcon_core.verb:set package 'pubsub' build argument 'cmake_target' from command line to 'None'
[0.376s] Level 5:colcon.colcon_core.verb:set package 'pubsub' build argument 'cmake_target_skip_unavailable' from command line to 'False'
[0.376s] Level 5:colcon.colcon_core.verb:set package 'pubsub' build argument 'cmake_clean_cache' from command line to 'False'
[0.376s] Level 5:colcon.colcon_core.verb:set package 'pubsub' build argument 'cmake_clean_first' from command line to 'False'
[0.376s] Level 5:colcon.colcon_core.verb:set package 'pubsub' build argument 'cmake_force_configure' from command line to 'False'
[0.376s] Level 5:colcon.colcon_core.verb:set package 'pubsub' build argument 'ament_cmake_args' from command line to 'None'
[0.376s] Level 5:colcon.colcon_core.verb:set package 'pubsub' build argument 'catkin_cmake_args' from command line to 'None'
[0.376s] Level 5:colcon.colcon_core.verb:set package 'pubsub' build argument 'catkin_skip_building_tests' from command line to 'False'
[0.376s] DEBUG:colcon.colcon_core.verb:Building package 'pubsub' with the following arguments: {'ament_cmake_args': None, 'build_base': '/home/ubuntu/robot_ws/build/pubsub', 'catkin_cmake_args': None, 'catkin_skip_building_tests': False, 'cmake_args': None, 'cmake_clean_cache': False, 'cmake_clean_first': False, 'cmake_force_configure': False, 'cmake_target': None, 'cmake_target_skip_unavailable': False, 'install_base': '/home/ubuntu/robot_ws/install/pubsub', 'merge_install': False, 'path': '/home/ubuntu/robot_ws/src/pubsub', 'symlink_install': False, 'test_result_base': None}
[0.379s] Level 5:colcon.colcon_core.verb:set package 'rqt_joy' build argument 'cmake_args' from command line to 'None'
[0.379s] Level 5:colcon.colcon_core.verb:set package 'rqt_joy' build argument 'cmake_target' from command line to 'None'
[0.379s] Level 5:colcon.colcon_core.verb:set package 'rqt_joy' build argument 'cmake_target_skip_unavailable' from command line to 'False'
[0.379s] Level 5:colcon.colcon_core.verb:set package 'rqt_joy' build argument 'cmake_clean_cache' from command line to 'False'
[0.379s] Level 5:colcon.colcon_core.verb:set package 'rqt_joy' build argument 'cmake_clean_first' from command line to 'False'
[0.379s] Level 5:colcon.colcon_core.verb:set package 'rqt_joy' build argument 'cmake_force_configure' from command line to 'False'
[0.379s] Level 5:colcon.colcon_core.verb:set package 'rqt_joy' build argument 'ament_cmake_args' from command line to 'None'
[0.379s] Level 5:colcon.colcon_core.verb:set package 'rqt_joy' build argument 'catkin_cmake_args' from command line to 'None'
[0.379s] Level 5:colcon.colcon_core.verb:set package 'rqt_joy' build argument 'catkin_skip_building_tests' from command line to 'False'
[0.379s] DEBUG:colcon.colcon_core.verb:Building package 'rqt_joy' with the following arguments: {'ament_cmake_args': None, 'build_base': '/home/ubuntu/robot_ws/build/rqt_joy', 'catkin_cmake_args': None, 'catkin_skip_building_tests': False, 'cmake_args': None, 'cmake_clean_cache': False, 'cmake_clean_first': False, 'cmake_force_configure': False, 'cmake_target': None, 'cmake_target_skip_unavailable': False, 'install_base': '/home/ubuntu/robot_ws/install/rqt_joy', 'merge_install': False, 'path': '/home/ubuntu/robot_ws/src/rqt_joy', 'symlink_install': False, 'test_result_base': None}
[0.382s] Level 5:colcon.colcon_core.verb:set package 'srv_examples' build argument 'cmake_args' from command line to 'None'
[0.382s] Level 5:colcon.colcon_core.verb:set package 'srv_examples' build argument 'cmake_target' from command line to 'None'
[0.382s] Level 5:colcon.colcon_core.verb:set package 'srv_examples' build argument 'cmake_target_skip_unavailable' from command line to 'False'
[0.382s] Level 5:colcon.colcon_core.verb:set package 'srv_examples' build argument 'cmake_clean_cache' from command line to 'False'
[0.382s] Level 5:colcon.colcon_core.verb:set package 'srv_examples' build argument 'cmake_clean_first' from command line to 'False'
[0.382s] Level 5:colcon.colcon_core.verb:set package 'srv_examples' build argument 'cmake_force_configure' from command line to 'False'
[0.382s] Level 5:colcon.colcon_core.verb:set package 'srv_examples' build argument 'ament_cmake_args' from command line to 'None'
[0.382s] Level 5:colcon.colcon_core.verb:set package 'srv_examples' build argument 'catkin_cmake_args' from command line to 'None'
[0.382s] Level 5:colcon.colcon_core.verb:set package 'srv_examples' build argument 'catkin_skip_building_tests' from command line to 'False'
[0.383s] DEBUG:colcon.colcon_core.verb:Building package 'srv_examples' with the following arguments: {'ament_cmake_args': None, 'build_base': '/home/ubuntu/robot_ws/build/srv_examples', 'catkin_cmake_args': None, 'catkin_skip_building_tests': False, 'cmake_args': None, 'cmake_clean_cache': False, 'cmake_clean_first': False, 'cmake_force_configure': False, 'cmake_target': None, 'cmake_target_skip_unavailable': False, 'install_base': '/home/ubuntu/robot_ws/install/srv_examples', 'merge_install': False, 'path': '/home/ubuntu/robot_ws/src/srv_examples', 'symlink_install': False, 'test_result_base': None}
[0.385s] Level 5:colcon.colcon_core.verb:set package 'tb3_teleop' build argument 'cmake_args' from command line to 'None'
[0.385s] Level 5:colcon.colcon_core.verb:set package 'tb3_teleop' build argument 'cmake_target' from command line to 'None'
[0.385s] Level 5:colcon.colcon_core.verb:set package 'tb3_teleop' build argument 'cmake_target_skip_unavailable' from command line to 'False'
[0.385s] Level 5:colcon.colcon_core.verb:set package 'tb3_teleop' build argument 'cmake_clean_cache' from command line to 'False'
[0.385s] Level 5:colcon.colcon_core.verb:set package 'tb3_teleop' build argument 'cmake_clean_first' from command line to 'False'
[0.386s] Level 5:colcon.colcon_core.verb:set package 'tb3_teleop' build argument 'cmake_force_configure' from command line to 'False'
[0.386s] Level 5:colcon.colcon_core.verb:set package 'tb3_teleop' build argument 'ament_cmake_args' from command line to 'None'
[0.386s] Level 5:colcon.colcon_core.verb:set package 'tb3_teleop' build argument 'catkin_cmake_args' from command line to 'None'
[0.386s] Level 5:colcon.colcon_core.verb:set package 'tb3_teleop' build argument 'catkin_skip_building_tests' from command line to 'False'
[0.386s] DEBUG:colcon.colcon_core.verb:Building package 'tb3_teleop' with the following arguments: {'ament_cmake_args': None, 'build_base': '/home/ubuntu/robot_ws/build/tb3_teleop', 'catkin_cmake_args': None, 'catkin_skip_building_tests': False, 'cmake_args': None, 'cmake_clean_cache': False, 'cmake_clean_first': False, 'cmake_force_configure': False, 'cmake_target': None, 'cmake_target_skip_unavailable': False, 'install_base': '/home/ubuntu/robot_ws/install/tb3_teleop', 'merge_install': False, 'path': '/home/ubuntu/robot_ws/src/tb3_teleop', 'symlink_install': False, 'test_result_base': None}
[0.388s] Level 5:colcon.colcon_core.verb:set package 'turtlesim' build argument 'cmake_args' from command line to 'None'
[0.389s] Level 5:colcon.colcon_core.verb:set package 'turtlesim' build argument 'cmake_target' from command line to 'None'
[0.389s] Level 5:colcon.colcon_core.verb:set package 'turtlesim' build argument 'cmake_target_skip_unavailable' from command line to 'False'
[0.389s] Level 5:colcon.colcon_core.verb:set package 'turtlesim' build argument 'cmake_clean_cache' from command line to 'False'
[0.389s] Level 5:colcon.colcon_core.verb:set package 'turtlesim' build argument 'cmake_clean_first' from command line to 'False'
[0.389s] Level 5:colcon.colcon_core.verb:set package 'turtlesim' build argument 'cmake_force_configure' from command line to 'False'
[0.389s] Level 5:colcon.colcon_core.verb:set package 'turtlesim' build argument 'ament_cmake_args' from command line to 'None'
[0.389s] Level 5:colcon.colcon_core.verb:set package 'turtlesim' build argument 'catkin_cmake_args' from command line to 'None'
[0.389s] Level 5:colcon.colcon_core.verb:set package 'turtlesim' build argument 'catkin_skip_building_tests' from command line to 'False'
[0.389s] DEBUG:colcon.colcon_core.verb:Building package 'turtlesim' with the following arguments: {'ament_cmake_args': None, 'build_base': '/home/ubuntu/robot_ws/build/turtlesim', 'catkin_cmake_args': None, 'catkin_skip_building_tests': False, 'cmake_args': None, 'cmake_clean_cache': False, 'cmake_clean_first': False, 'cmake_force_configure': False, 'cmake_target': None, 'cmake_target_skip_unavailable': False, 'install_base': '/home/ubuntu/robot_ws/install/turtlesim', 'merge_install': False, 'path': '/home/ubuntu/robot_ws/src/ros_tutorials/turtlesim', 'symlink_install': False, 'test_result_base': None}
[0.389s] INFO:colcon.colcon_core.executor:Executing jobs using 'parallel' executor
[0.391s] DEBUG:colcon.colcon_parallel_executor.executor.parallel:run_until_complete
[0.392s] INFO:colcon.colcon_ros.task.ament_python.build:Building ROS package in '/home/ubuntu/robot_ws/src/hello_world' with build type 'ament_python'
[0.392s] Level 1:colcon.colcon_core.shell:create_environment_hook('hello_world', 'ament_prefix_path')
[0.397s] INFO:colcon.colcon_core.plugin_system:Skipping extension 'colcon_core.shell.bat': Not used on non-Windows systems
[0.397s] INFO:colcon.colcon_core.shell:Creating environment hook '/home/ubuntu/robot_ws/install/hello_world/share/hello_world/hook/ament_prefix_path.ps1'
[0.398s] INFO:colcon.colcon_core.shell:Creating environment descriptor '/home/ubuntu/robot_ws/install/hello_world/share/hello_world/hook/ament_prefix_path.dsv'
[0.398s] INFO:colcon.colcon_core.shell:Creating environment hook '/home/ubuntu/robot_ws/install/hello_world/share/hello_world/hook/ament_prefix_path.sh'
[0.399s] INFO:colcon.colcon_core.shell:Skip shell extension 'powershell' for command environment: Not usable outside of PowerShell
[0.399s] DEBUG:colcon.colcon_core.shell:Skip shell extension 'dsv' for command environment
[0.402s] DEBUG:colcon.colcon_core.shell:Ignoring prefix path '/opt/ros/foxy'
[0.405s] INFO:colcon.colcon_ros.task.ament_python.build:Building ROS package in '/home/ubuntu/robot_ws/src/myfirstpackage' with build type 'ament_python'
[0.405s] Level 1:colcon.colcon_core.shell:create_environment_hook('myfirstpackage', 'ament_prefix_path')
[0.406s] INFO:colcon.colcon_core.shell:Creating environment hook '/home/ubuntu/robot_ws/install/myfirstpackage/share/myfirstpackage/hook/ament_prefix_path.ps1'
[0.407s] INFO:colcon.colcon_core.shell:Creating environment descriptor '/home/ubuntu/robot_ws/install/myfirstpackage/share/myfirstpackage/hook/ament_prefix_path.dsv'
[0.407s] INFO:colcon.colcon_core.shell:Creating environment hook '/home/ubuntu/robot_ws/install/myfirstpackage/share/myfirstpackage/hook/ament_prefix_path.sh'
[0.408s] INFO:colcon.colcon_core.shell:Skip shell extension 'powershell' for command environment: Not usable outside of PowerShell
[0.409s] DEBUG:colcon.colcon_core.shell:Skip shell extension 'dsv' for command environment
[0.411s] DEBUG:colcon.colcon_core.shell:Ignoring prefix path '/opt/ros/foxy'
[0.413s] INFO:colcon.colcon_ros.task.ament_python.build:Building ROS package in '/home/ubuntu/robot_ws/src/pubsub' with build type 'ament_python'
[0.413s] Level 1:colcon.colcon_core.shell:create_environment_hook('pubsub', 'ament_prefix_path')
[0.414s] INFO:colcon.colcon_core.shell:Creating environment hook '/home/ubuntu/robot_ws/install/pubsub/share/pubsub/hook/ament_prefix_path.ps1'
[0.415s] INFO:colcon.colcon_core.shell:Creating environment descriptor '/home/ubuntu/robot_ws/install/pubsub/share/pubsub/hook/ament_prefix_path.dsv'
[0.415s] INFO:colcon.colcon_core.shell:Creating environment hook '/home/ubuntu/robot_ws/install/pubsub/share/pubsub/hook/ament_prefix_path.sh'
[0.416s] INFO:colcon.colcon_core.shell:Skip shell extension 'powershell' for command environment: Not usable outside of PowerShell
[0.416s] DEBUG:colcon.colcon_core.shell:Skip shell extension 'dsv' for command environment
[0.418s] DEBUG:colcon.colcon_core.shell:Ignoring prefix path '/opt/ros/foxy'
[0.421s] INFO:colcon.colcon_ros.task.ament_python.build:Building ROS package in '/home/ubuntu/robot_ws/src/rqt_joy' with build type 'ament_python'
[0.421s] Level 1:colcon.colcon_core.shell:create_environment_hook('rqt_joy', 'ament_prefix_path')
[0.422s] INFO:colcon.colcon_core.shell:Creating environment hook '/home/ubuntu/robot_ws/install/rqt_joy/share/rqt_joy/hook/ament_prefix_path.ps1'
[0.423s] INFO:colcon.colcon_core.shell:Creating environment descriptor '/home/ubuntu/robot_ws/install/rqt_joy/share/rqt_joy/hook/ament_prefix_path.dsv'
[0.424s] INFO:colcon.colcon_core.shell:Creating environment hook '/home/ubuntu/robot_ws/install/rqt_joy/share/rqt_joy/hook/ament_prefix_path.sh'
[0.425s] INFO:colcon.colcon_core.shell:Skip shell extension 'powershell' for command environment: Not usable outside of PowerShell
[0.425s] DEBUG:colcon.colcon_core.shell:Skip shell extension 'dsv' for command environment
[0.427s] DEBUG:colcon.colcon_core.shell:Ignoring prefix path '/opt/ros/foxy'
[0.429s] INFO:colcon.colcon_ros.task.ament_python.build:Building ROS package in '/home/ubuntu/robot_ws/src/srv_examples' with build type 'ament_python'
[0.430s] Level 1:colcon.colcon_core.shell:create_environment_hook('srv_examples', 'ament_prefix_path')
[0.430s] INFO:colcon.colcon_core.shell:Creating environment hook '/home/ubuntu/robot_ws/install/srv_examples/share/srv_examples/hook/ament_prefix_path.ps1'
[0.432s] INFO:colcon.colcon_core.shell:Creating environment descriptor '/home/ubuntu/robot_ws/install/srv_examples/share/srv_examples/hook/ament_prefix_path.dsv'
[0.432s] INFO:colcon.colcon_core.shell:Creating environment hook '/home/ubuntu/robot_ws/install/srv_examples/share/srv_examples/hook/ament_prefix_path.sh'
[0.433s] INFO:colcon.colcon_core.shell:Skip shell extension 'powershell' for command environment: Not usable outside of PowerShell
[0.433s] DEBUG:colcon.colcon_core.shell:Skip shell extension 'dsv' for command environment
[0.435s] DEBUG:colcon.colcon_core.shell:Ignoring prefix path '/opt/ros/foxy'
[0.437s] INFO:colcon.colcon_ros.task.ament_python.build:Building ROS package in '/home/ubuntu/robot_ws/src/tb3_teleop' with build type 'ament_python'
[0.438s] Level 1:colcon.colcon_core.shell:create_environment_hook('tb3_teleop', 'ament_prefix_path')
[0.439s] INFO:colcon.colcon_core.shell:Creating environment hook '/home/ubuntu/robot_ws/install/tb3_teleop/share/tb3_teleop/hook/ament_prefix_path.ps1'
[0.440s] INFO:colcon.colcon_core.shell:Creating environment descriptor '/home/ubuntu/robot_ws/install/tb3_teleop/share/tb3_teleop/hook/ament_prefix_path.dsv'
[0.440s] INFO:colcon.colcon_core.shell:Creating environment hook '/home/ubuntu/robot_ws/install/tb3_teleop/share/tb3_teleop/hook/ament_prefix_path.sh'
[0.441s] INFO:colcon.colcon_core.shell:Skip shell extension 'powershell' for command environment: Not usable outside of PowerShell
[0.441s] DEBUG:colcon.colcon_core.shell:Skip shell extension 'dsv' for command environment
[0.443s] DEBUG:colcon.colcon_core.shell:Ignoring prefix path '/opt/ros/foxy'
[0.446s] INFO:colcon.colcon_ros.task.ament_cmake.build:Building ROS package in '/home/ubuntu/robot_ws/src/ros_tutorials/turtlesim' with build type 'ament_cmake'
[0.446s] INFO:colcon.colcon_cmake.task.cmake.build:Building CMake package in '/home/ubuntu/robot_ws/src/ros_tutorials/turtlesim'
[0.447s] INFO:colcon.colcon_core.shell:Skip shell extension 'powershell' for command environment: Not usable outside of PowerShell
[0.447s] DEBUG:colcon.colcon_core.shell:Skip shell extension 'dsv' for command environment
[0.450s] DEBUG:colcon.colcon_core.shell:Ignoring prefix path '/opt/ros/foxy'
[0.696s] INFO:colcon.colcon_core.task.python.build:Building Python package in '/home/ubuntu/robot_ws/src/hello_world'
[0.697s] INFO:colcon.colcon_core.shell:Skip shell extension 'powershell' for command environment: Not usable outside of PowerShell
[0.697s] DEBUG:colcon.colcon_core.shell:Skip shell extension 'dsv' for command environment
[0.699s] DEBUG:colcon.colcon_core.shell:Ignoring prefix path '/opt/ros/foxy'
[0.935s] INFO:colcon.colcon_core.task.python.build:Building Python package in '/home/ubuntu/robot_ws/src/myfirstpackage'
[0.936s] INFO:colcon.colcon_core.shell:Skip shell extension 'powershell' for command environment: Not usable outside of PowerShell
[0.936s] DEBUG:colcon.colcon_core.shell:Skip shell extension 'dsv' for command environment
[0.938s] DEBUG:colcon.colcon_core.shell:Ignoring prefix path '/opt/ros/foxy'
[1.176s] INFO:colcon.colcon_core.task.python.build:Building Python package in '/home/ubuntu/robot_ws/src/pubsub'
[1.177s] INFO:colcon.colcon_core.shell:Skip shell extension 'powershell' for command environment: Not usable outside of PowerShell
[1.177s] DEBUG:colcon.colcon_core.shell:Skip shell extension 'dsv' for command environment
[1.180s] DEBUG:colcon.colcon_core.shell:Ignoring prefix path '/opt/ros/foxy'
[1.415s] INFO:colcon.colcon_core.task.python.build:Building Python package in '/home/ubuntu/robot_ws/src/rqt_joy'
[1.416s] INFO:colcon.colcon_core.shell:Skip shell extension 'powershell' for command environment: Not usable outside of PowerShell
[1.416s] DEBUG:colcon.colcon_core.shell:Skip shell extension 'dsv' for command environment
[1.419s] DEBUG:colcon.colcon_core.shell:Ignoring prefix path '/opt/ros/foxy'
[1.680s] INFO:colcon.colcon_core.task.python.build:Building Python package in '/home/ubuntu/robot_ws/src/srv_examples'
[1.681s] INFO:colcon.colcon_core.shell:Skip shell extension 'powershell' for command environment: Not usable outside of PowerShell
[1.681s] DEBUG:colcon.colcon_core.shell:Skip shell extension 'dsv' for command environment
[1.683s] DEBUG:colcon.colcon_core.shell:Ignoring prefix path '/opt/ros/foxy'
[1.937s] INFO:colcon.colcon_core.task.python.build:Building Python package in '/home/ubuntu/robot_ws/src/tb3_teleop'
[1.938s] INFO:colcon.colcon_core.shell:Skip shell extension 'powershell' for command environment: Not usable outside of PowerShell
[1.938s] DEBUG:colcon.colcon_core.shell:Skip shell extension 'dsv' for command environment
[1.940s] DEBUG:colcon.colcon_core.shell:Ignoring prefix path '/opt/ros/foxy'
[1.950s] DEBUG:colcon.colcon_core.event_handler.log_command:Invoking command in '/home/ubuntu/robot_ws/build/turtlesim': CMAKE_PREFIX_PATH=${CMAKE_PREFIX_PATH}:/home/ubuntu/robot_ws/install/tb3_teleop:/home/ubuntu/robot_ws/install/srv_examples:/home/ubuntu/robot_ws/install/rqt_joy:/home/ubuntu/robot_ws/install/pubsub:/home/ubuntu/robot_ws/install/myfirstpackage:/opt/ros/foxy /usr/bin/cmake --build /home/ubuntu/robot_ws/build/turtlesim -- -j12 -l12
[1.963s] DEBUG:colcon.colcon_core.event_handler.log_command:Invoking command in '/home/ubuntu/robot_ws/src/hello_world': PYTHONPATH=/home/ubuntu/robot_ws/install/hello_world/lib/python3.8/site-packages:${PYTHONPATH} /usr/bin/python3 setup.py egg_info --egg-base ../../build/hello_world build --build-base /home/ubuntu/robot_ws/build/hello_world/build install --prefix /home/ubuntu/robot_ws/install/hello_world --record /home/ubuntu/robot_ws/build/hello_world/install.log --single-version-externally-managed
[1.967s] DEBUG:colcon.colcon_core.event_handler.log_command:Invoking command in '/home/ubuntu/robot_ws/src/myfirstpackage': PYTHONPATH=/home/ubuntu/robot_ws/install/myfirstpackage/lib/python3.8/site-packages:${PYTHONPATH} /usr/bin/python3 setup.py egg_info --egg-base ../../build/myfirstpackage build --build-base /home/ubuntu/robot_ws/build/myfirstpackage/build install --prefix /home/ubuntu/robot_ws/install/myfirstpackage --record /home/ubuntu/robot_ws/build/myfirstpackage/install.log --single-version-externally-managed
[1.973s] DEBUG:colcon.colcon_core.event_handler.log_command:Invoking command in '/home/ubuntu/robot_ws/src/pubsub': PYTHONPATH=/home/ubuntu/robot_ws/install/pubsub/lib/python3.8/site-packages:${PYTHONPATH} /usr/bin/python3 setup.py egg_info --egg-base ../../build/pubsub build --build-base /home/ubuntu/robot_ws/build/pubsub/build install --prefix /home/ubuntu/robot_ws/install/pubsub --record /home/ubuntu/robot_ws/build/pubsub/install.log --single-version-externally-managed
[1.978s] DEBUG:colcon.colcon_core.event_handler.log_command:Invoking command in '/home/ubuntu/robot_ws/src/rqt_joy': PYTHONPATH=/home/ubuntu/robot_ws/install/rqt_joy/lib/python3.8/site-packages:${PYTHONPATH} /usr/bin/python3 setup.py egg_info --egg-base ../../build/rqt_joy build --build-base /home/ubuntu/robot_ws/build/rqt_joy/build install --prefix /home/ubuntu/robot_ws/install/rqt_joy --record /home/ubuntu/robot_ws/build/rqt_joy/install.log --single-version-externally-managed
[1.980s] DEBUG:colcon.colcon_core.event_handler.log_command:Invoking command in '/home/ubuntu/robot_ws/src/srv_examples': PYTHONPATH=/home/ubuntu/robot_ws/install/srv_examples/lib/python3.8/site-packages:${PYTHONPATH} /usr/bin/python3 setup.py egg_info --egg-base ../../build/srv_examples build --build-base /home/ubuntu/robot_ws/build/srv_examples/build install --prefix /home/ubuntu/robot_ws/install/srv_examples --record /home/ubuntu/robot_ws/build/srv_examples/install.log --single-version-externally-managed
[1.985s] DEBUG:colcon.colcon_core.event_handler.log_command:Invoking command in '/home/ubuntu/robot_ws/src/tb3_teleop': PYTHONPATH=/home/ubuntu/robot_ws/install/tb3_teleop/lib/python3.8/site-packages:${PYTHONPATH} /usr/bin/python3 setup.py egg_info --egg-base ../../build/tb3_teleop build --build-base /home/ubuntu/robot_ws/build/tb3_teleop/build install --prefix /home/ubuntu/robot_ws/install/tb3_teleop --record /home/ubuntu/robot_ws/build/tb3_teleop/install.log --single-version-externally-managed
[2.286s] DEBUG:colcon.colcon_core.event_handler.log_command:Invoked command in '/home/ubuntu/robot_ws/build/turtlesim' returned '0': CMAKE_PREFIX_PATH=${CMAKE_PREFIX_PATH}:/home/ubuntu/robot_ws/install/tb3_teleop:/home/ubuntu/robot_ws/install/srv_examples:/home/ubuntu/robot_ws/install/rqt_joy:/home/ubuntu/robot_ws/install/pubsub:/home/ubuntu/robot_ws/install/myfirstpackage:/opt/ros/foxy /usr/bin/cmake --build /home/ubuntu/robot_ws/build/turtlesim -- -j12 -l12
[2.438s] DEBUG:colcon.colcon_core.event_handler.log_command:Invoked command in '/home/ubuntu/robot_ws/src/pubsub' returned '0': PYTHONPATH=/home/ubuntu/robot_ws/install/pubsub/lib/python3.8/site-packages:${PYTHONPATH} /usr/bin/python3 setup.py egg_info --egg-base ../../build/pubsub build --build-base /home/ubuntu/robot_ws/build/pubsub/build install --prefix /home/ubuntu/robot_ws/install/pubsub --record /home/ubuntu/robot_ws/build/pubsub/install.log --single-version-externally-managed
[2.446s] Level 1:colcon.colcon_core.environment:checking '/home/ubuntu/robot_ws/install/pubsub' for CMake module files
[2.447s] Level 1:colcon.colcon_core.environment:checking '/home/ubuntu/robot_ws/install/pubsub' for CMake config files
[2.448s] Level 1:colcon.colcon_core.environment:checking '/home/ubuntu/robot_ws/install/pubsub/lib'
[2.448s] Level 1:colcon.colcon_core.environment:checking '/home/ubuntu/robot_ws/install/pubsub/bin'
[2.448s] Level 1:colcon.colcon_core.environment:checking '/home/ubuntu/robot_ws/install/pubsub/lib/pkgconfig/pubsub.pc'
[2.448s] Level 1:colcon.colcon_core.environment:checking '/home/ubuntu/robot_ws/install/pubsub/lib/python3.8/site-packages'
[2.449s] Level 1:colcon.colcon_core.shell:create_environment_hook('pubsub', 'pythonpath')
[2.450s] INFO:colcon.colcon_core.shell:Creating environment hook '/home/ubuntu/robot_ws/install/pubsub/share/pubsub/hook/pythonpath.ps1'
[2.450s] INFO:colcon.colcon_core.shell:Creating environment descriptor '/home/ubuntu/robot_ws/install/pubsub/share/pubsub/hook/pythonpath.dsv'
[2.451s] INFO:colcon.colcon_core.shell:Creating environment hook '/home/ubuntu/robot_ws/install/pubsub/share/pubsub/hook/pythonpath.sh'
[2.451s] Level 1:colcon.colcon_core.environment:create_environment_scripts_only(pubsub)
[2.453s] INFO:colcon.colcon_core.shell:Creating package script '/home/ubuntu/robot_ws/install/pubsub/share/pubsub/package.ps1'
[2.454s] INFO:colcon.colcon_core.shell:Creating package descriptor '/home/ubuntu/robot_ws/install/pubsub/share/pubsub/package.dsv'
[2.455s] INFO:colcon.colcon_core.shell:Creating package script '/home/ubuntu/robot_ws/install/pubsub/share/pubsub/package.sh'
[2.456s] INFO:colcon.colcon_core.shell:Creating package script '/home/ubuntu/robot_ws/install/pubsub/share/pubsub/package.bash'
[2.457s] INFO:colcon.colcon_core.shell:Creating package script '/home/ubuntu/robot_ws/install/pubsub/share/pubsub/package.zsh'
[2.458s] Level 1:colcon.colcon_core.environment:create_file_with_runtime_dependencies(/home/ubuntu/robot_ws/install/pubsub/share/colcon-core/packages/pubsub)
[2.464s] Level 1:colcon.colcon_core.environment:checking '/home/ubuntu/robot_ws/install/hello_world' for CMake module files
[2.465s] DEBUG:colcon.colcon_core.event_handler.log_command:Invoked command in '/home/ubuntu/robot_ws/src/hello_world' returned '0': PYTHONPATH=/home/ubuntu/robot_ws/install/hello_world/lib/python3.8/site-packages:${PYTHONPATH} /usr/bin/python3 setup.py egg_info --egg-base ../../build/hello_world build --build-base /home/ubuntu/robot_ws/build/hello_world/build install --prefix /home/ubuntu/robot_ws/install/hello_world --record /home/ubuntu/robot_ws/build/hello_world/install.log --single-version-externally-managed
[2.466s] Level 1:colcon.colcon_core.environment:checking '/home/ubuntu/robot_ws/install/hello_world' for CMake config files
[2.467s] Level 1:colcon.colcon_core.shell:create_environment_hook('hello_world', 'cmake_prefix_path')
[2.468s] INFO:colcon.colcon_core.shell:Creating environment hook '/home/ubuntu/robot_ws/install/hello_world/share/hello_world/hook/cmake_prefix_path.ps1'
[2.468s] INFO:colcon.colcon_core.shell:Creating environment descriptor '/home/ubuntu/robot_ws/install/hello_world/share/hello_world/hook/cmake_prefix_path.dsv'
[2.468s] INFO:colcon.colcon_core.shell:Creating environment hook '/home/ubuntu/robot_ws/install/hello_world/share/hello_world/hook/cmake_prefix_path.sh'
[2.469s] Level 1:colcon.colcon_core.environment:checking '/home/ubuntu/robot_ws/install/hello_world/lib'
[2.469s] Level 1:colcon.colcon_core.environment:checking '/home/ubuntu/robot_ws/install/hello_world/bin'
[2.469s] Level 1:colcon.colcon_core.environment:checking '/home/ubuntu/robot_ws/install/hello_world/lib/pkgconfig/hello_world.pc'
[2.469s] Level 1:colcon.colcon_core.environment:checking '/home/ubuntu/robot_ws/install/hello_world/lib/python3.8/site-packages'
[2.469s] Level 1:colcon.colcon_core.shell:create_environment_hook('hello_world', 'pythonpath')
[2.470s] INFO:colcon.colcon_core.shell:Creating environment hook '/home/ubuntu/robot_ws/install/hello_world/share/hello_world/hook/pythonpath.ps1'
[2.471s] INFO:colcon.colcon_core.shell:Creating environment descriptor '/home/ubuntu/robot_ws/install/hello_world/share/hello_world/hook/pythonpath.dsv'
[2.471s] INFO:colcon.colcon_core.shell:Creating environment hook '/home/ubuntu/robot_ws/install/hello_world/share/hello_world/hook/pythonpath.sh'
[2.471s] Level 1:colcon.colcon_core.environment:create_environment_scripts_only(hello_world)
[2.472s] INFO:colcon.colcon_core.shell:Creating package script '/home/ubuntu/robot_ws/install/hello_world/share/hello_world/package.ps1'
[2.473s] INFO:colcon.colcon_core.shell:Creating package descriptor '/home/ubuntu/robot_ws/install/hello_world/share/hello_world/package.dsv'
[2.474s] INFO:colcon.colcon_core.shell:Creating package script '/home/ubuntu/robot_ws/install/hello_world/share/hello_world/package.sh'
[2.474s] INFO:colcon.colcon_core.shell:Creating package script '/home/ubuntu/robot_ws/install/hello_world/share/hello_world/package.bash'
[2.474s] INFO:colcon.colcon_core.shell:Creating package script '/home/ubuntu/robot_ws/install/hello_world/share/hello_world/package.zsh'
[2.475s] Level 1:colcon.colcon_core.environment:create_file_with_runtime_dependencies(/home/ubuntu/robot_ws/install/hello_world/share/colcon-core/packages/hello_world)
[2.476s] Level 1:colcon.colcon_core.environment:checking '/home/ubuntu/robot_ws/install/myfirstpackage' for CMake module files
[2.478s] DEBUG:colcon.colcon_core.event_handler.log_command:Invoked command in '/home/ubuntu/robot_ws/src/myfirstpackage' returned '0': PYTHONPATH=/home/ubuntu/robot_ws/install/myfirstpackage/lib/python3.8/site-packages:${PYTHONPATH} /usr/bin/python3 setup.py egg_info --egg-base ../../build/myfirstpackage build --build-base /home/ubuntu/robot_ws/build/myfirstpackage/build install --prefix /home/ubuntu/robot_ws/install/myfirstpackage --record /home/ubuntu/robot_ws/build/myfirstpackage/install.log --single-version-externally-managed
[2.479s] Level 1:colcon.colcon_core.environment:checking '/home/ubuntu/robot_ws/install/myfirstpackage' for CMake config files
[2.480s] Level 1:colcon.colcon_core.environment:checking '/home/ubuntu/robot_ws/install/myfirstpackage/lib'
[2.480s] Level 1:colcon.colcon_core.environment:checking '/home/ubuntu/robot_ws/install/myfirstpackage/bin'
[2.480s] Level 1:colcon.colcon_core.environment:checking '/home/ubuntu/robot_ws/install/myfirstpackage/lib/pkgconfig/myfirstpackage.pc'
[2.480s] Level 1:colcon.colcon_core.environment:checking '/home/ubuntu/robot_ws/install/myfirstpackage/lib/python3.8/site-packages'
[2.480s] Level 1:colcon.colcon_core.shell:create_environment_hook('myfirstpackage', 'pythonpath')
[2.481s] INFO:colcon.colcon_core.shell:Creating environment hook '/home/ubuntu/robot_ws/install/myfirstpackage/share/myfirstpackage/hook/pythonpath.ps1'
[2.481s] INFO:colcon.colcon_core.shell:Creating environment descriptor '/home/ubuntu/robot_ws/install/myfirstpackage/share/myfirstpackage/hook/pythonpath.dsv'
[2.482s] INFO:colcon.colcon_core.shell:Creating environment hook '/home/ubuntu/robot_ws/install/myfirstpackage/share/myfirstpackage/hook/pythonpath.sh'
[2.482s] Level 1:colcon.colcon_core.environment:create_environment_scripts_only(myfirstpackage)
[2.483s] INFO:colcon.colcon_core.shell:Creating package script '/home/ubuntu/robot_ws/install/myfirstpackage/share/myfirstpackage/package.ps1'
[2.484s] INFO:colcon.colcon_core.shell:Creating package descriptor '/home/ubuntu/robot_ws/install/myfirstpackage/share/myfirstpackage/package.dsv'
[2.484s] INFO:colcon.colcon_core.shell:Creating package script '/home/ubuntu/robot_ws/install/myfirstpackage/share/myfirstpackage/package.sh'
[2.485s] INFO:colcon.colcon_core.shell:Creating package script '/home/ubuntu/robot_ws/install/myfirstpackage/share/myfirstpackage/package.bash'
[2.485s] INFO:colcon.colcon_core.shell:Creating package script '/home/ubuntu/robot_ws/install/myfirstpackage/share/myfirstpackage/package.zsh'
[2.486s] Level 1:colcon.colcon_core.environment:create_file_with_runtime_dependencies(/home/ubuntu/robot_ws/install/myfirstpackage/share/colcon-core/packages/myfirstpackage)
[2.487s] Level 1:colcon.colcon_core.environment:checking '/home/ubuntu/robot_ws/install/rqt_joy' for CMake module files
[2.489s] Level 1:colcon.colcon_core.environment:checking '/home/ubuntu/robot_ws/install/rqt_joy' for CMake config files
[2.490s] DEBUG:colcon.colcon_core.event_handler.log_command:Invoked command in '/home/ubuntu/robot_ws/src/rqt_joy' returned '0': PYTHONPATH=/home/ubuntu/robot_ws/install/rqt_joy/lib/python3.8/site-packages:${PYTHONPATH} /usr/bin/python3 setup.py egg_info --egg-base ../../build/rqt_joy build --build-base /home/ubuntu/robot_ws/build/rqt_joy/build install --prefix /home/ubuntu/robot_ws/install/rqt_joy --record /home/ubuntu/robot_ws/build/rqt_joy/install.log --single-version-externally-managed
[2.491s] Level 1:colcon.colcon_core.environment:checking '/home/ubuntu/robot_ws/install/rqt_joy/lib'
[2.491s] Level 1:colcon.colcon_core.environment:checking '/home/ubuntu/robot_ws/install/rqt_joy/bin'
[2.491s] Level 1:colcon.colcon_core.shell:create_environment_hook('rqt_joy', 'path')
[2.492s] INFO:colcon.colcon_core.shell:Creating environment hook '/home/ubuntu/robot_ws/install/rqt_joy/share/rqt_joy/hook/path.ps1'
[2.492s] INFO:colcon.colcon_core.shell:Creating environment descriptor '/home/ubuntu/robot_ws/install/rqt_joy/share/rqt_joy/hook/path.dsv'
[2.493s] INFO:colcon.colcon_core.shell:Creating environment hook '/home/ubuntu/robot_ws/install/rqt_joy/share/rqt_joy/hook/path.sh'
[2.493s] Level 1:colcon.colcon_core.environment:checking '/home/ubuntu/robot_ws/install/rqt_joy/lib/pkgconfig/rqt_joy.pc'
[2.493s] Level 1:colcon.colcon_core.environment:checking '/home/ubuntu/robot_ws/install/rqt_joy/lib/python3.8/site-packages'
[2.493s] Level 1:colcon.colcon_core.shell:create_environment_hook('rqt_joy', 'pythonpath')
[2.494s] INFO:colcon.colcon_core.shell:Creating environment hook '/home/ubuntu/robot_ws/install/rqt_joy/share/rqt_joy/hook/pythonpath.ps1'
[2.494s] INFO:colcon.colcon_core.shell:Creating environment descriptor '/home/ubuntu/robot_ws/install/rqt_joy/share/rqt_joy/hook/pythonpath.dsv'
[2.495s] INFO:colcon.colcon_core.shell:Creating environment hook '/home/ubuntu/robot_ws/install/rqt_joy/share/rqt_joy/hook/pythonpath.sh'
[2.495s] Level 1:colcon.colcon_core.environment:create_environment_scripts_only(rqt_joy)
[2.496s] INFO:colcon.colcon_core.shell:Creating package script '/home/ubuntu/robot_ws/install/rqt_joy/share/rqt_joy/package.ps1'
[2.496s] INFO:colcon.colcon_core.shell:Creating package descriptor '/home/ubuntu/robot_ws/install/rqt_joy/share/rqt_joy/package.dsv'
[2.497s] INFO:colcon.colcon_core.shell:Creating package script '/home/ubuntu/robot_ws/install/rqt_joy/share/rqt_joy/package.sh'
[2.497s] INFO:colcon.colcon_core.shell:Creating package script '/home/ubuntu/robot_ws/install/rqt_joy/share/rqt_joy/package.bash'
[2.498s] INFO:colcon.colcon_core.shell:Creating package script '/home/ubuntu/robot_ws/install/rqt_joy/share/rqt_joy/package.zsh'
[2.498s] Level 1:colcon.colcon_core.environment:create_file_with_runtime_dependencies(/home/ubuntu/robot_ws/install/rqt_joy/share/colcon-core/packages/rqt_joy)
[2.501s] Level 1:colcon.colcon_core.environment:checking '/home/ubuntu/robot_ws/install/srv_examples' for CMake module files
[2.503s] DEBUG:colcon.colcon_core.event_handler.log_command:Invoked command in '/home/ubuntu/robot_ws/src/srv_examples' returned '0': PYTHONPATH=/home/ubuntu/robot_ws/install/srv_examples/lib/python3.8/site-packages:${PYTHONPATH} /usr/bin/python3 setup.py egg_info --egg-base ../../build/srv_examples build --build-base /home/ubuntu/robot_ws/build/srv_examples/build install --prefix /home/ubuntu/robot_ws/install/srv_examples --record /home/ubuntu/robot_ws/build/srv_examples/install.log --single-version-externally-managed
[2.503s] Level 1:colcon.colcon_core.environment:checking '/home/ubuntu/robot_ws/install/srv_examples' for CMake config files
[2.504s] Level 1:colcon.colcon_core.environment:checking '/home/ubuntu/robot_ws/install/srv_examples/lib'
[2.504s] Level 1:colcon.colcon_core.environment:checking '/home/ubuntu/robot_ws/install/srv_examples/bin'
[2.504s] Level 1:colcon.colcon_core.environment:checking '/home/ubuntu/robot_ws/install/srv_examples/lib/pkgconfig/srv_examples.pc'
[2.504s] Level 1:colcon.colcon_core.environment:checking '/home/ubuntu/robot_ws/install/srv_examples/lib/python3.8/site-packages'
[2.504s] Level 1:colcon.colcon_core.shell:create_environment_hook('srv_examples', 'pythonpath')
[2.505s] INFO:colcon.colcon_core.shell:Creating environment hook '/home/ubuntu/robot_ws/install/srv_examples/share/srv_examples/hook/pythonpath.ps1'
[2.506s] INFO:colcon.colcon_core.shell:Creating environment descriptor '/home/ubuntu/robot_ws/install/srv_examples/share/srv_examples/hook/pythonpath.dsv'
[2.506s] INFO:colcon.colcon_core.shell:Creating environment hook '/home/ubuntu/robot_ws/install/srv_examples/share/srv_examples/hook/pythonpath.sh'
[2.507s] Level 1:colcon.colcon_core.environment:create_environment_scripts_only(srv_examples)
[2.507s] INFO:colcon.colcon_core.shell:Creating package script '/home/ubuntu/robot_ws/install/srv_examples/share/srv_examples/package.ps1'
[2.508s] INFO:colcon.colcon_core.shell:Creating package descriptor '/home/ubuntu/robot_ws/install/srv_examples/share/srv_examples/package.dsv'
[2.508s] INFO:colcon.colcon_core.shell:Creating package script '/home/ubuntu/robot_ws/install/srv_examples/share/srv_examples/package.sh'
[2.509s] INFO:colcon.colcon_core.shell:Creating package script '/home/ubuntu/robot_ws/install/srv_examples/share/srv_examples/package.bash'
[2.509s] INFO:colcon.colcon_core.shell:Creating package script '/home/ubuntu/robot_ws/install/srv_examples/share/srv_examples/package.zsh'
[2.509s] Level 1:colcon.colcon_core.environment:create_file_with_runtime_dependencies(/home/ubuntu/robot_ws/install/srv_examples/share/colcon-core/packages/srv_examples)
[2.511s] Level 1:colcon.colcon_core.environment:checking '/home/ubuntu/robot_ws/install/tb3_teleop' for CMake module files
[2.513s] DEBUG:colcon.colcon_core.event_handler.log_command:Invoked command in '/home/ubuntu/robot_ws/src/tb3_teleop' returned '0': PYTHONPATH=/home/ubuntu/robot_ws/install/tb3_teleop/lib/python3.8/site-packages:${PYTHONPATH} /usr/bin/python3 setup.py egg_info --egg-base ../../build/tb3_teleop build --build-base /home/ubuntu/robot_ws/build/tb3_teleop/build install --prefix /home/ubuntu/robot_ws/install/tb3_teleop --record /home/ubuntu/robot_ws/build/tb3_teleop/install.log --single-version-externally-managed
[2.514s] Level 1:colcon.colcon_core.environment:checking '/home/ubuntu/robot_ws/install/tb3_teleop' for CMake config files
[2.514s] Level 1:colcon.colcon_core.environment:checking '/home/ubuntu/robot_ws/install/tb3_teleop/lib'
[2.515s] Level 1:colcon.colcon_core.environment:checking '/home/ubuntu/robot_ws/install/tb3_teleop/bin'
[2.515s] Level 1:colcon.colcon_core.environment:checking '/home/ubuntu/robot_ws/install/tb3_teleop/lib/pkgconfig/tb3_teleop.pc'
[2.515s] Level 1:colcon.colcon_core.environment:checking '/home/ubuntu/robot_ws/install/tb3_teleop/lib/python3.8/site-packages'
[2.515s] Level 1:colcon.colcon_core.shell:create_environment_hook('tb3_teleop', 'pythonpath')
[2.515s] INFO:colcon.colcon_core.shell:Creating environment hook '/home/ubuntu/robot_ws/install/tb3_teleop/share/tb3_teleop/hook/pythonpath.ps1'
[2.516s] INFO:colcon.colcon_core.shell:Creating environment descriptor '/home/ubuntu/robot_ws/install/tb3_teleop/share/tb3_teleop/hook/pythonpath.dsv'
[2.516s] INFO:colcon.colcon_core.shell:Creating environment hook '/home/ubuntu/robot_ws/install/tb3_teleop/share/tb3_teleop/hook/pythonpath.sh'
[2.517s] Level 1:colcon.colcon_core.environment:create_environment_scripts_only(tb3_teleop)
[2.518s] INFO:colcon.colcon_core.shell:Creating package script '/home/ubuntu/robot_ws/install/tb3_teleop/share/tb3_teleop/package.ps1'
[2.519s] INFO:colcon.colcon_core.shell:Creating package descriptor '/home/ubuntu/robot_ws/install/tb3_teleop/share/tb3_teleop/package.dsv'
[2.520s] INFO:colcon.colcon_core.shell:Creating package script '/home/ubuntu/robot_ws/install/tb3_teleop/share/tb3_teleop/package.sh'
[2.520s] INFO:colcon.colcon_core.shell:Creating package script '/home/ubuntu/robot_ws/install/tb3_teleop/share/tb3_teleop/package.bash'
[2.521s] INFO:colcon.colcon_core.shell:Creating package script '/home/ubuntu/robot_ws/install/tb3_teleop/share/tb3_teleop/package.zsh'
[2.521s] Level 1:colcon.colcon_core.environment:create_file_with_runtime_dependencies(/home/ubuntu/robot_ws/install/tb3_teleop/share/colcon-core/packages/tb3_teleop)
[2.574s] DEBUG:colcon.colcon_core.event_handler.log_command:Invoking command in '/home/ubuntu/robot_ws/build/turtlesim': CMAKE_PREFIX_PATH=${CMAKE_PREFIX_PATH}:/home/ubuntu/robot_ws/install/tb3_teleop:/home/ubuntu/robot_ws/install/srv_examples:/home/ubuntu/robot_ws/install/rqt_joy:/home/ubuntu/robot_ws/install/pubsub:/home/ubuntu/robot_ws/install/myfirstpackage:/opt/ros/foxy /usr/bin/cmake --install /home/ubuntu/robot_ws/build/turtlesim
[2.667s] Level 1:colcon.colcon_core.environment:create_environment_scripts_only(turtlesim)
[2.669s] Level 1:colcon.colcon_core.environment:checking '/home/ubuntu/robot_ws/install/turtlesim' for CMake module files
[2.671s] DEBUG:colcon.colcon_core.event_handler.log_command:Invoked command in '/home/ubuntu/robot_ws/build/turtlesim' returned '0': CMAKE_PREFIX_PATH=${CMAKE_PREFIX_PATH}:/home/ubuntu/robot_ws/install/tb3_teleop:/home/ubuntu/robot_ws/install/srv_examples:/home/ubuntu/robot_ws/install/rqt_joy:/home/ubuntu/robot_ws/install/pubsub:/home/ubuntu/robot_ws/install/myfirstpackage:/opt/ros/foxy /usr/bin/cmake --install /home/ubuntu/robot_ws/build/turtlesim
[2.672s] Level 1:colcon.colcon_core.environment:checking '/home/ubuntu/robot_ws/install/turtlesim' for CMake config files
[2.673s] Level 1:colcon.colcon_core.shell:create_environment_hook('turtlesim', 'cmake_prefix_path')
[2.674s] INFO:colcon.colcon_core.shell:Creating environment hook '/home/ubuntu/robot_ws/install/turtlesim/share/turtlesim/hook/cmake_prefix_path.ps1'
[2.674s] INFO:colcon.colcon_core.shell:Creating environment descriptor '/home/ubuntu/robot_ws/install/turtlesim/share/turtlesim/hook/cmake_prefix_path.dsv'
[2.675s] INFO:colcon.colcon_core.shell:Creating environment hook '/home/ubuntu/robot_ws/install/turtlesim/share/turtlesim/hook/cmake_prefix_path.sh'
[2.675s] Level 1:colcon.colcon_core.environment:checking '/home/ubuntu/robot_ws/install/turtlesim/lib'
[2.676s] Level 1:colcon.colcon_core.shell:create_environment_hook('turtlesim', 'ld_library_path_lib')
[2.678s] INFO:colcon.colcon_core.shell:Creating environment hook '/home/ubuntu/robot_ws/install/turtlesim/share/turtlesim/hook/ld_library_path_lib.ps1'
[2.679s] INFO:colcon.colcon_core.shell:Creating environment descriptor '/home/ubuntu/robot_ws/install/turtlesim/share/turtlesim/hook/ld_library_path_lib.dsv'
[2.679s] INFO:colcon.colcon_core.shell:Creating environment hook '/home/ubuntu/robot_ws/install/turtlesim/share/turtlesim/hook/ld_library_path_lib.sh'
[2.679s] Level 1:colcon.colcon_core.environment:checking '/home/ubuntu/robot_ws/install/turtlesim/bin'
[2.679s] Level 1:colcon.colcon_core.environment:checking '/home/ubuntu/robot_ws/install/turtlesim/lib/pkgconfig/turtlesim.pc'
[2.680s] Level 1:colcon.colcon_core.environment:checking '/home/ubuntu/robot_ws/install/turtlesim/lib/python3.8/site-packages'
[2.680s] Level 1:colcon.colcon_core.shell:create_environment_hook('turtlesim', 'pythonpath')
[2.680s] INFO:colcon.colcon_core.shell:Creating environment hook '/home/ubuntu/robot_ws/install/turtlesim/share/turtlesim/hook/pythonpath.ps1'
[2.681s] INFO:colcon.colcon_core.shell:Creating environment descriptor '/home/ubuntu/robot_ws/install/turtlesim/share/turtlesim/hook/pythonpath.dsv'
[2.681s] INFO:colcon.colcon_core.shell:Creating environment hook '/home/ubuntu/robot_ws/install/turtlesim/share/turtlesim/hook/pythonpath.sh'
[2.682s] INFO:colcon.colcon_core.shell:Creating package script '/home/ubuntu/robot_ws/install/turtlesim/share/turtlesim/package.ps1'
[2.682s] INFO:colcon.colcon_core.shell:Creating package descriptor '/home/ubuntu/robot_ws/install/turtlesim/share/turtlesim/package.dsv'
[2.683s] INFO:colcon.colcon_core.shell:Creating package script '/home/ubuntu/robot_ws/install/turtlesim/share/turtlesim/package.sh'
[2.683s] INFO:colcon.colcon_core.shell:Creating package script '/home/ubuntu/robot_ws/install/turtlesim/share/turtlesim/package.bash'
[2.684s] INFO:colcon.colcon_core.shell:Creating package script '/home/ubuntu/robot_ws/install/turtlesim/share/turtlesim/package.zsh'
[2.684s] Level 1:colcon.colcon_core.environment:create_file_with_runtime_dependencies(/home/ubuntu/robot_ws/install/turtlesim/share/colcon-core/packages/turtlesim)
[2.895s] Level 1:colcon.colcon_core.environment:create_environment_scripts_only(turtlesim)
[2.896s] Level 1:colcon.colcon_core.environment:checking '/home/ubuntu/robot_ws/install/turtlesim' for CMake module files
[2.897s] Level 1:colcon.colcon_core.environment:checking '/home/ubuntu/robot_ws/install/turtlesim' for CMake config files
[2.898s] Level 1:colcon.colcon_core.shell:create_environment_hook('turtlesim', 'cmake_prefix_path')
[2.898s] INFO:colcon.colcon_core.shell:Creating environment hook '/home/ubuntu/robot_ws/install/turtlesim/share/turtlesim/hook/cmake_prefix_path.ps1'
[2.899s] INFO:colcon.colcon_core.shell:Creating environment descriptor '/home/ubuntu/robot_ws/install/turtlesim/share/turtlesim/hook/cmake_prefix_path.dsv'
[2.899s] INFO:colcon.colcon_core.shell:Creating environment hook '/home/ubuntu/robot_ws/install/turtlesim/share/turtlesim/hook/cmake_prefix_path.sh'
[2.900s] Level 1:colcon.colcon_core.environment:checking '/home/ubuntu/robot_ws/install/turtlesim/lib'
[2.901s] Level 1:colcon.colcon_core.shell:create_environment_hook('turtlesim', 'ld_library_path_lib')
[2.901s] INFO:colcon.colcon_core.shell:Creating environment hook '/home/ubuntu/robot_ws/install/turtlesim/share/turtlesim/hook/ld_library_path_lib.ps1'
[2.902s] INFO:colcon.colcon_core.shell:Creating environment descriptor '/home/ubuntu/robot_ws/install/turtlesim/share/turtlesim/hook/ld_library_path_lib.dsv'
[2.902s] INFO:colcon.colcon_core.shell:Creating environment hook '/home/ubuntu/robot_ws/install/turtlesim/share/turtlesim/hook/ld_library_path_lib.sh'
[2.902s] Level 1:colcon.colcon_core.environment:checking '/home/ubuntu/robot_ws/install/turtlesim/bin'
[2.902s] Level 1:colcon.colcon_core.environment:checking '/home/ubuntu/robot_ws/install/turtlesim/lib/pkgconfig/turtlesim.pc'
[2.902s] Level 1:colcon.colcon_core.environment:checking '/home/ubuntu/robot_ws/install/turtlesim/lib/python3.8/site-packages'
[2.903s] Level 1:colcon.colcon_core.shell:create_environment_hook('turtlesim', 'pythonpath')
[2.903s] INFO:colcon.colcon_core.shell:Creating environment hook '/home/ubuntu/robot_ws/install/turtlesim/share/turtlesim/hook/pythonpath.ps1'
[2.904s] INFO:colcon.colcon_core.shell:Creating environment descriptor '/home/ubuntu/robot_ws/install/turtlesim/share/turtlesim/hook/pythonpath.dsv'
[2.904s] INFO:colcon.colcon_core.shell:Creating environment hook '/home/ubuntu/robot_ws/install/turtlesim/share/turtlesim/hook/pythonpath.sh'
[2.905s] INFO:colcon.colcon_core.shell:Creating package script '/home/ubuntu/robot_ws/install/turtlesim/share/turtlesim/package.ps1'
[2.906s] INFO:colcon.colcon_core.shell:Creating package descriptor '/home/ubuntu/robot_ws/install/turtlesim/share/turtlesim/package.dsv'
[2.906s] INFO:colcon.colcon_core.shell:Creating package script '/home/ubuntu/robot_ws/install/turtlesim/share/turtlesim/package.sh'
[2.907s] INFO:colcon.colcon_core.shell:Creating package script '/home/ubuntu/robot_ws/install/turtlesim/share/turtlesim/package.bash'
[2.907s] INFO:colcon.colcon_core.shell:Creating package script '/home/ubuntu/robot_ws/install/turtlesim/share/turtlesim/package.zsh'
[2.907s] Level 1:colcon.colcon_core.environment:create_file_with_runtime_dependencies(/home/ubuntu/robot_ws/install/turtlesim/share/colcon-core/packages/turtlesim)
[2.908s] DEBUG:colcon.colcon_parallel_executor.executor.parallel:closing loop
[2.909s] DEBUG:colcon.colcon_parallel_executor.executor.parallel:loop closed
[2.909s] DEBUG:colcon.colcon_parallel_executor.executor.parallel:run_until_complete finished with '0'
[2.909s] DEBUG:colcon.colcon_core.event_reactor:joining thread
[2.917s] INFO:colcon.colcon_core.plugin_system:Skipping extension 'colcon_notification.desktop_notification.notify_send': Could not find 'notify-send'
[2.917s] INFO:colcon.colcon_core.plugin_system:Skipping extension 'colcon_notification.desktop_notification.terminal_notifier': Not used on non-Darwin systems
[2.917s] INFO:colcon.colcon_core.plugin_system:Skipping extension 'colcon_notification.desktop_notification.win32': Not used on non-Windows systems
[2.917s] INFO:colcon.colcon_notification.desktop_notification:Sending desktop notification using 'notify2'
[2.923s] DEBUG:colcon.colcon_notification.desktop_notification.notify2:Failed to initialize notify2: org.freedesktop.DBus.Error.ServiceUnknown: The name org.freedesktop.Notifications was not provided by any .service files
[2.923s] DEBUG:colcon.colcon_core.event_reactor:joined thread
[2.924s] INFO:colcon.colcon_core.shell:Creating prefix script '/home/ubuntu/robot_ws/install/local_setup.ps1'
[2.925s] INFO:colcon.colcon_core.shell:Creating prefix util module '/home/ubuntu/robot_ws/install/_local_setup_util_ps1.py'
[2.927s] INFO:colcon.colcon_core.shell:Creating prefix chain script '/home/ubuntu/robot_ws/install/setup.ps1'
[2.929s] INFO:colcon.colcon_core.shell:Creating prefix script '/home/ubuntu/robot_ws/install/local_setup.sh'
[2.930s] INFO:colcon.colcon_core.shell:Creating prefix util module '/home/ubuntu/robot_ws/install/_local_setup_util_sh.py'
[2.930s] INFO:colcon.colcon_core.shell:Creating prefix chain script '/home/ubuntu/robot_ws/install/setup.sh'
[2.933s] INFO:colcon.colcon_core.shell:Creating prefix script '/home/ubuntu/robot_ws/install/local_setup.bash'
[2.933s] INFO:colcon.colcon_core.shell:Creating prefix chain script '/home/ubuntu/robot_ws/install/setup.bash'
[2.936s] INFO:colcon.colcon_core.shell:Creating prefix script '/home/ubuntu/robot_ws/install/local_setup.zsh'
[2.937s] INFO:colcon.colcon_core.shell:Creating prefix chain script '/home/ubuntu/robot_ws/install/setup.zsh'
