[1.782s] Invoking command in '/home/ubuntu/ROS2-Tutorials/robot_ws/src/srv_examples': PYTHONPATH=/home/ubuntu/ROS2-Tutorials/robot_ws/install/srv_examples/lib/python3.8/site-packages:${PYTHONPATH} /usr/bin/python3 setup.py egg_info --egg-base ../../build/srv_examples build --build-base /home/ubuntu/ROS2-Tutorials/robot_ws/build/srv_examples/build install --prefix /home/ubuntu/ROS2-Tutorials/robot_ws/install/srv_examples --record /home/ubuntu/ROS2-Tutorials/robot_ws/build/srv_examples/install.log --single-version-externally-managed
[2.172s] running egg_info
[2.173s] writing ../../build/srv_examples/srv_examples.egg-info/PKG-INFO
[2.174s] writing dependency_links to ../../build/srv_examples/srv_examples.egg-info/dependency_links.txt
[2.174s] writing entry points to ../../build/srv_examples/srv_examples.egg-info/entry_points.txt
[2.175s] writing requirements to ../../build/srv_examples/srv_examples.egg-info/requires.txt
[2.175s] writing top-level names to ../../build/srv_examples/srv_examples.egg-info/top_level.txt
[2.237s] reading manifest file '../../build/srv_examples/srv_examples.egg-info/SOURCES.txt'
[2.238s] writing manifest file '../../build/srv_examples/srv_examples.egg-info/SOURCES.txt'
[2.239s] running build
[2.240s] running build_py
[2.240s] running install
[2.241s] running install_lib
[2.244s] running install_data
[2.244s] running install_egg_info
[2.247s] removing '/home/ubuntu/ROS2-Tutorials/robot_ws/install/srv_examples/lib/python3.8/site-packages/srv_examples-0.0.0-py3.8.egg-info' (and everything under it)
[2.248s] Copying ../../build/srv_examples/srv_examples.egg-info to /home/ubuntu/ROS2-Tutorials/robot_ws/install/srv_examples/lib/python3.8/site-packages/srv_examples-0.0.0-py3.8.egg-info
[2.250s] running install_scripts
[2.281s] Installing invert_gripper_service_client script to /home/ubuntu/ROS2-Tutorials/robot_ws/install/srv_examples/lib/srv_examples
[2.282s] Installing open_gripper_service_server script to /home/ubuntu/ROS2-Tutorials/robot_ws/install/srv_examples/lib/srv_examples
[2.283s] Installing turtlesim_geofence_reset_srv script to /home/ubuntu/ROS2-Tutorials/robot_ws/install/srv_examples/lib/srv_examples
[2.283s] writing list of installed files to '/home/ubuntu/ROS2-Tutorials/robot_ws/build/srv_examples/install.log'
[2.376s] Invoked command in '/home/ubuntu/ROS2-Tutorials/robot_ws/src/srv_examples' returned '0': PYTHONPATH=/home/ubuntu/ROS2-Tutorials/robot_ws/install/srv_examples/lib/python3.8/site-packages:${PYTHONPATH} /usr/bin/python3 setup.py egg_info --egg-base ../../build/srv_examples build --build-base /home/ubuntu/ROS2-Tutorials/robot_ws/build/srv_examples/build install --prefix /home/ubuntu/ROS2-Tutorials/robot_ws/install/srv_examples --record /home/ubuntu/ROS2-Tutorials/robot_ws/build/srv_examples/install.log --single-version-externally-managed
