running egg_info
creating ../../build/tb3_teleop/tb3_teleop.egg-info
writing ../../build/tb3_teleop/tb3_teleop.egg-info/PKG-INFO
writing dependency_links to ../../build/tb3_teleop/tb3_teleop.egg-info/dependency_links.txt
writing entry points to ../../build/tb3_teleop/tb3_teleop.egg-info/entry_points.txt
writing requirements to ../../build/tb3_teleop/tb3_teleop.egg-info/requires.txt
writing top-level names to ../../build/tb3_teleop/tb3_teleop.egg-info/top_level.txt
writing manifest file '../../build/tb3_teleop/tb3_teleop.egg-info/SOURCES.txt'
reading manifest file '../../build/tb3_teleop/tb3_teleop.egg-info/SOURCES.txt'
writing manifest file '../../build/tb3_teleop/tb3_teleop.egg-info/SOURCES.txt'
running build
running build_py
creating /home/ubuntu/ROS2-Tutorials/robot_ws/build/tb3_teleop/build
creating /home/ubuntu/ROS2-Tutorials/robot_ws/build/tb3_teleop/build/lib
creating /home/ubuntu/ROS2-Tutorials/robot_ws/build/tb3_teleop/build/lib/tb3_teleop
copying tb3_teleop/teleop.py -> /home/ubuntu/ROS2-Tutorials/robot_ws/build/tb3_teleop/build/lib/tb3_teleop
copying tb3_teleop/__init__.py -> /home/ubuntu/ROS2-Tutorials/robot_ws/build/tb3_teleop/build/lib/tb3_teleop
running install
running install_lib
running install_data
running install_egg_info
removing '/home/ubuntu/ROS2-Tutorials/robot_ws/install/tb3_teleop/lib/python3.8/site-packages/tb3_teleop-0.0.0-py3.8.egg-info' (and everything under it)
Copying ../../build/tb3_teleop/tb3_teleop.egg-info to /home/ubuntu/ROS2-Tutorials/robot_ws/install/tb3_teleop/lib/python3.8/site-packages/tb3_teleop-0.0.0-py3.8.egg-info
running install_scripts
Installing teleop script to /home/ubuntu/ROS2-Tutorials/robot_ws/install/tb3_teleop/lib/tb3_teleop
writing list of installed files to '/home/ubuntu/ROS2-Tutorials/robot_ws/build/tb3_teleop/install.log'
