[1.475s] Invoking command in '/home/ubuntu/ROS2-Tutorials/robot_ws/src/tb3_teleop': PYTHONPATH=/home/ubuntu/ROS2-Tutorials/robot_ws/install/tb3_teleop/lib/python3.8/site-packages:${PYTHONPATH} /usr/bin/python3 setup.py egg_info --egg-base ../../build/tb3_teleop build --build-base /home/ubuntu/ROS2-Tutorials/robot_ws/build/tb3_teleop/build install --prefix /home/ubuntu/ROS2-Tutorials/robot_ws/install/tb3_teleop --record /home/ubuntu/ROS2-Tutorials/robot_ws/build/tb3_teleop/install.log --single-version-externally-managed
[1.785s] running egg_info
[1.786s] creating ../../build/tb3_teleop/tb3_teleop.egg-info
[1.786s] writing ../../build/tb3_teleop/tb3_teleop.egg-info/PKG-INFO
[1.787s] writing dependency_links to ../../build/tb3_teleop/tb3_teleop.egg-info/dependency_links.txt
[1.787s] writing entry points to ../../build/tb3_teleop/tb3_teleop.egg-info/entry_points.txt
[1.787s] writing requirements to ../../build/tb3_teleop/tb3_teleop.egg-info/requires.txt
[1.787s] writing top-level names to ../../build/tb3_teleop/tb3_teleop.egg-info/top_level.txt
[1.789s] writing manifest file '../../build/tb3_teleop/tb3_teleop.egg-info/SOURCES.txt'
[1.852s] reading manifest file '../../build/tb3_teleop/tb3_teleop.egg-info/SOURCES.txt'
[1.853s] writing manifest file '../../build/tb3_teleop/tb3_teleop.egg-info/SOURCES.txt'
[1.853s] running build
[1.853s] running build_py
[1.854s] creating /home/ubuntu/ROS2-Tutorials/robot_ws/build/tb3_teleop/build
[1.854s] creating /home/ubuntu/ROS2-Tutorials/robot_ws/build/tb3_teleop/build/lib
[1.854s] creating /home/ubuntu/ROS2-Tutorials/robot_ws/build/tb3_teleop/build/lib/tb3_teleop
[1.855s] copying tb3_teleop/teleop.py -> /home/ubuntu/ROS2-Tutorials/robot_ws/build/tb3_teleop/build/lib/tb3_teleop
[1.855s] copying tb3_teleop/__init__.py -> /home/ubuntu/ROS2-Tutorials/robot_ws/build/tb3_teleop/build/lib/tb3_teleop
[1.855s] running install
[1.857s] running install_lib
[1.859s] running install_data
[1.860s] running install_egg_info
[1.860s] removing '/home/ubuntu/ROS2-Tutorials/robot_ws/install/tb3_teleop/lib/python3.8/site-packages/tb3_teleop-0.0.0-py3.8.egg-info' (and everything under it)
[1.860s] Copying ../../build/tb3_teleop/tb3_teleop.egg-info to /home/ubuntu/ROS2-Tutorials/robot_ws/install/tb3_teleop/lib/python3.8/site-packages/tb3_teleop-0.0.0-py3.8.egg-info
[1.861s] running install_scripts
[1.888s] Installing teleop script to /home/ubuntu/ROS2-Tutorials/robot_ws/install/tb3_teleop/lib/tb3_teleop
[1.889s] writing list of installed files to '/home/ubuntu/ROS2-Tutorials/robot_ws/build/tb3_teleop/install.log'
[1.938s] Invoked command in '/home/ubuntu/ROS2-Tutorials/robot_ws/src/tb3_teleop' returned '0': PYTHONPATH=/home/ubuntu/ROS2-Tutorials/robot_ws/install/tb3_teleop/lib/python3.8/site-packages:${PYTHONPATH} /usr/bin/python3 setup.py egg_info --egg-base ../../build/tb3_teleop build --build-base /home/ubuntu/ROS2-Tutorials/robot_ws/build/tb3_teleop/build install --prefix /home/ubuntu/ROS2-Tutorials/robot_ws/install/tb3_teleop --record /home/ubuntu/ROS2-Tutorials/robot_ws/build/tb3_teleop/install.log --single-version-externally-managed
