[1.479s] Invoking command in '/home/ubuntu/ROS2-Tutorials/robot_ws/src/srv_examples': PYTHONPATH=/home/ubuntu/ROS2-Tutorials/robot_ws/install/srv_examples/lib/python3.8/site-packages:${PYTHONPATH} /usr/bin/python3 setup.py egg_info --egg-base ../../build/srv_examples build --build-base /home/ubuntu/ROS2-Tutorials/robot_ws/build/srv_examples/build install --prefix /home/ubuntu/ROS2-Tutorials/robot_ws/install/srv_examples --record /home/ubuntu/ROS2-Tutorials/robot_ws/build/srv_examples/install.log --single-version-externally-managed
[1.760s] running egg_info
[1.761s] creating ../../build/srv_examples/srv_examples.egg-info
[1.762s] writing ../../build/srv_examples/srv_examples.egg-info/PKG-INFO
[1.762s] writing dependency_links to ../../build/srv_examples/srv_examples.egg-info/dependency_links.txt
[1.763s] writing entry points to ../../build/srv_examples/srv_examples.egg-info/entry_points.txt
[1.763s] writing requirements to ../../build/srv_examples/srv_examples.egg-info/requires.txt
[1.763s] writing top-level names to ../../build/srv_examples/srv_examples.egg-info/top_level.txt
[1.764s] writing manifest file '../../build/srv_examples/srv_examples.egg-info/SOURCES.txt'
[1.813s] reading manifest file '../../build/srv_examples/srv_examples.egg-info/SOURCES.txt'
[1.814s] writing manifest file '../../build/srv_examples/srv_examples.egg-info/SOURCES.txt'
[1.814s] running build
[1.814s] running build_py
[1.815s] creating /home/ubuntu/ROS2-Tutorials/robot_ws/build/srv_examples/build
[1.815s] creating /home/ubuntu/ROS2-Tutorials/robot_ws/build/srv_examples/build/lib
[1.816s] creating /home/ubuntu/ROS2-Tutorials/robot_ws/build/srv_examples/build/lib/srv_examples
[1.816s] copying srv_examples/turtlesim_geofence_reset_srv.py -> /home/ubuntu/ROS2-Tutorials/robot_ws/build/srv_examples/build/lib/srv_examples
[1.816s] copying srv_examples/open_gripper_service_server.py -> /home/ubuntu/ROS2-Tutorials/robot_ws/build/srv_examples/build/lib/srv_examples
[1.817s] copying srv_examples/invert_gripper_service_client.py -> /home/ubuntu/ROS2-Tutorials/robot_ws/build/srv_examples/build/lib/srv_examples
[1.818s] copying srv_examples/invert_mark.py -> /home/ubuntu/ROS2-Tutorials/robot_ws/build/srv_examples/build/lib/srv_examples
[1.818s] copying srv_examples/__init__.py -> /home/ubuntu/ROS2-Tutorials/robot_ws/build/srv_examples/build/lib/srv_examples
[1.819s] running install
[1.821s] running install_lib
[1.822s] running install_data
[1.823s] running install_egg_info
[1.827s] removing '/home/ubuntu/ROS2-Tutorials/robot_ws/install/srv_examples/lib/python3.8/site-packages/srv_examples-0.0.0-py3.8.egg-info' (and everything under it)
[1.829s] Copying ../../build/srv_examples/srv_examples.egg-info to /home/ubuntu/ROS2-Tutorials/robot_ws/install/srv_examples/lib/python3.8/site-packages/srv_examples-0.0.0-py3.8.egg-info
[1.830s] running install_scripts
[1.853s] Installing invert_gripper_service_client script to /home/ubuntu/ROS2-Tutorials/robot_ws/install/srv_examples/lib/srv_examples
[1.854s] Installing open_gripper_service_server script to /home/ubuntu/ROS2-Tutorials/robot_ws/install/srv_examples/lib/srv_examples
[1.854s] Installing turtlesim_geofence_reset_srv script to /home/ubuntu/ROS2-Tutorials/robot_ws/install/srv_examples/lib/srv_examples
[1.858s] writing list of installed files to '/home/ubuntu/ROS2-Tutorials/robot_ws/build/srv_examples/install.log'
[1.922s] Invoked command in '/home/ubuntu/ROS2-Tutorials/robot_ws/src/srv_examples' returned '0': PYTHONPATH=/home/ubuntu/ROS2-Tutorials/robot_ws/install/srv_examples/lib/python3.8/site-packages:${PYTHONPATH} /usr/bin/python3 setup.py egg_info --egg-base ../../build/srv_examples build --build-base /home/ubuntu/ROS2-Tutorials/robot_ws/build/srv_examples/build install --prefix /home/ubuntu/ROS2-Tutorials/robot_ws/install/srv_examples --record /home/ubuntu/ROS2-Tutorials/robot_ws/build/srv_examples/install.log --single-version-externally-managed
