[0.984s] Invoking command in '/home/ubuntu/robot_ws/src/srv_examples': PYTHONPATH=/home/ubuntu/robot_ws/install/srv_examples/lib/python3.8/site-packages:${PYTHONPATH} /usr/bin/python3 setup.py egg_info --egg-base ../../build/srv_examples build --build-base /home/ubuntu/robot_ws/build/srv_examples/build install --prefix /home/ubuntu/robot_ws/install/srv_examples --record /home/ubuntu/robot_ws/build/srv_examples/install.log --single-version-externally-managed
[1.277s] running egg_info
[1.278s] writing ../../build/srv_examples/srv_examples.egg-info/PKG-INFO
[1.279s] writing dependency_links to ../../build/srv_examples/srv_examples.egg-info/dependency_links.txt
[1.279s] writing entry points to ../../build/srv_examples/srv_examples.egg-info/entry_points.txt
[1.279s] writing requirements to ../../build/srv_examples/srv_examples.egg-info/requires.txt
[1.280s] writing top-level names to ../../build/srv_examples/srv_examples.egg-info/top_level.txt
[1.337s] reading manifest file '../../build/srv_examples/srv_examples.egg-info/SOURCES.txt'
[1.338s] writing manifest file '../../build/srv_examples/srv_examples.egg-info/SOURCES.txt'
[1.339s] running build
[1.339s] running build_py
[1.339s] running install
[1.340s] running install_lib
[1.343s] running install_data
[1.344s] running install_egg_info
[1.346s] removing '/home/ubuntu/robot_ws/install/srv_examples/lib/python3.8/site-packages/srv_examples-0.0.0-py3.8.egg-info' (and everything under it)
[1.347s] Copying ../../build/srv_examples/srv_examples.egg-info to /home/ubuntu/robot_ws/install/srv_examples/lib/python3.8/site-packages/srv_examples-0.0.0-py3.8.egg-info
[1.349s] running install_scripts
[1.383s] Installing myfirstserviceclient script to /home/ubuntu/robot_ws/install/srv_examples/lib/srv_examples
[1.383s] Installing myfirstserviceserver script to /home/ubuntu/robot_ws/install/srv_examples/lib/srv_examples
[1.387s] writing list of installed files to '/home/ubuntu/robot_ws/build/srv_examples/install.log'
[1.442s] Invoked command in '/home/ubuntu/robot_ws/src/srv_examples' returned '0': PYTHONPATH=/home/ubuntu/robot_ws/install/srv_examples/lib/python3.8/site-packages:${PYTHONPATH} /usr/bin/python3 setup.py egg_info --egg-base ../../build/srv_examples build --build-base /home/ubuntu/robot_ws/build/srv_examples/build install --prefix /home/ubuntu/robot_ws/install/srv_examples --record /home/ubuntu/robot_ws/build/srv_examples/install.log --single-version-externally-managed
