[0.587s] Invoking command in '/home/ubuntu/robot_ws/src/myfirstpackage': PYTHONPATH=/home/ubuntu/robot_ws/install/myfirstpackage/lib/python3.8/site-packages:${PYTHONPATH} /usr/bin/python3 setup.py egg_info --egg-base ../../build/myfirstpackage build --build-base /home/ubuntu/robot_ws/build/myfirstpackage/build install --prefix /home/ubuntu/robot_ws/install/myfirstpackage --record /home/ubuntu/robot_ws/build/myfirstpackage/install.log --single-version-externally-managed
[0.838s] running egg_info
[0.838s] writing ../../build/myfirstpackage/myfirstpackage.egg-info/PKG-INFO
[0.839s] writing dependency_links to ../../build/myfirstpackage/myfirstpackage.egg-info/dependency_links.txt
[0.840s] writing entry points to ../../build/myfirstpackage/myfirstpackage.egg-info/entry_points.txt
[0.841s] writing requirements to ../../build/myfirstpackage/myfirstpackage.egg-info/requires.txt
[0.841s] writing top-level names to ../../build/myfirstpackage/myfirstpackage.egg-info/top_level.txt
[0.882s] reading manifest file '../../build/myfirstpackage/myfirstpackage.egg-info/SOURCES.txt'
[0.883s] writing manifest file '../../build/myfirstpackage/myfirstpackage.egg-info/SOURCES.txt'
[0.884s] running build
[0.884s] running build_py
[0.885s] running install
[0.886s] running install_lib
[0.887s] running install_data
[0.887s] running install_egg_info
[0.889s] removing '/home/ubuntu/robot_ws/install/myfirstpackage/lib/python3.8/site-packages/myfirstpackage-0.0.0-py3.8.egg-info' (and everything under it)
[0.890s] Copying ../../build/myfirstpackage/myfirstpackage.egg-info to /home/ubuntu/robot_ws/install/myfirstpackage/lib/python3.8/site-packages/myfirstpackage-0.0.0-py3.8.egg-info
[0.891s] running install_scripts
[0.912s] Installing myfirstnode script to /home/ubuntu/robot_ws/install/myfirstpackage/lib/myfirstpackage
[0.913s] Installing param_node script to /home/ubuntu/robot_ws/install/myfirstpackage/lib/myfirstpackage
[0.913s] writing list of installed files to '/home/ubuntu/robot_ws/build/myfirstpackage/install.log'
[0.937s] Invoked command in '/home/ubuntu/robot_ws/src/myfirstpackage' returned '0': PYTHONPATH=/home/ubuntu/robot_ws/install/myfirstpackage/lib/python3.8/site-packages:${PYTHONPATH} /usr/bin/python3 setup.py egg_info --egg-base ../../build/myfirstpackage build --build-base /home/ubuntu/robot_ws/build/myfirstpackage/build install --prefix /home/ubuntu/robot_ws/install/myfirstpackage --record /home/ubuntu/robot_ws/build/myfirstpackage/install.log --single-version-externally-managed
