[1.454s] Invoking command in '/home/ubuntu/ROS2-Tutorials/robot_ws/src/myfirstpackage': PYTHONPATH=/home/ubuntu/ROS2-Tutorials/robot_ws/install/myfirstpackage/lib/python3.8/site-packages:${PYTHONPATH} /usr/bin/python3 setup.py egg_info --egg-base ../../build/myfirstpackage build --build-base /home/ubuntu/ROS2-Tutorials/robot_ws/build/myfirstpackage/build install --prefix /home/ubuntu/ROS2-Tutorials/robot_ws/install/myfirstpackage --record /home/ubuntu/ROS2-Tutorials/robot_ws/build/myfirstpackage/install.log --single-version-externally-managed
[1.741s] running egg_info
[1.742s] writing ../../build/myfirstpackage/myfirstpackage.egg-info/PKG-INFO
[1.743s] writing dependency_links to ../../build/myfirstpackage/myfirstpackage.egg-info/dependency_links.txt
[1.743s] writing entry points to ../../build/myfirstpackage/myfirstpackage.egg-info/entry_points.txt
[1.743s] writing requirements to ../../build/myfirstpackage/myfirstpackage.egg-info/requires.txt
[1.744s] writing top-level names to ../../build/myfirstpackage/myfirstpackage.egg-info/top_level.txt
[1.792s] reading manifest file '../../build/myfirstpackage/myfirstpackage.egg-info/SOURCES.txt'
[1.793s] writing manifest file '../../build/myfirstpackage/myfirstpackage.egg-info/SOURCES.txt'
[1.794s] running build
[1.795s] running build_py
[1.795s] running install
[1.797s] running install_lib
[1.798s] running install_data
[1.798s] running install_egg_info
[1.801s] removing '/home/ubuntu/ROS2-Tutorials/robot_ws/install/myfirstpackage/lib/python3.8/site-packages/myfirstpackage-0.0.0-py3.8.egg-info' (and everything under it)
[1.802s] Copying ../../build/myfirstpackage/myfirstpackage.egg-info to /home/ubuntu/ROS2-Tutorials/robot_ws/install/myfirstpackage/lib/python3.8/site-packages/myfirstpackage-0.0.0-py3.8.egg-info
[1.803s] running install_scripts
[1.847s] Installing myfirstnode script to /home/ubuntu/ROS2-Tutorials/robot_ws/install/myfirstpackage/lib/myfirstpackage
[1.847s] Installing param_node script to /home/ubuntu/ROS2-Tutorials/robot_ws/install/myfirstpackage/lib/myfirstpackage
[1.849s] writing list of installed files to '/home/ubuntu/ROS2-Tutorials/robot_ws/build/myfirstpackage/install.log'
