[0.531s] Invoking command in '/home/ubuntu/robot_ws/src/myfirstpackage': PYTHONPATH=/home/ubuntu/robot_ws/install/myfirstpackage/lib/python3.8/site-packages:${PYTHONPATH} /usr/bin/python3 setup.py egg_info --egg-base ../../build/myfirstpackage build --build-base /home/ubuntu/robot_ws/build/myfirstpackage/build install --prefix /home/ubuntu/robot_ws/install/myfirstpackage --record /home/ubuntu/robot_ws/build/myfirstpackage/install.log --single-version-externally-managed
[0.788s] running egg_info
[0.789s] writing ../../build/myfirstpackage/myfirstpackage.egg-info/PKG-INFO
[0.790s] writing dependency_links to ../../build/myfirstpackage/myfirstpackage.egg-info/dependency_links.txt
[0.791s] writing entry points to ../../build/myfirstpackage/myfirstpackage.egg-info/entry_points.txt
[0.791s] writing requirements to ../../build/myfirstpackage/myfirstpackage.egg-info/requires.txt
[0.792s] writing top-level names to ../../build/myfirstpackage/myfirstpackage.egg-info/top_level.txt
[0.843s] reading manifest file '../../build/myfirstpackage/myfirstpackage.egg-info/SOURCES.txt'
[0.845s] writing manifest file '../../build/myfirstpackage/myfirstpackage.egg-info/SOURCES.txt'
[0.845s] running build
[0.845s] running build_py
[0.845s] copying myfirstpackage/param_node.py -> /home/ubuntu/robot_ws/build/myfirstpackage/build/lib/myfirstpackage
[0.845s] running install
[0.846s] running install_lib
[0.847s] copying /home/ubuntu/robot_ws/build/myfirstpackage/build/lib/myfirstpackage/param_node.py -> /home/ubuntu/robot_ws/install/myfirstpackage/lib/python3.8/site-packages/myfirstpackage
[0.848s] byte-compiling /home/ubuntu/robot_ws/install/myfirstpackage/lib/python3.8/site-packages/myfirstpackage/param_node.py to param_node.cpython-38.pyc
[0.849s] running install_data
[0.850s] running install_egg_info
[0.852s] removing '/home/ubuntu/robot_ws/install/myfirstpackage/lib/python3.8/site-packages/myfirstpackage-0.0.0-py3.8.egg-info' (and everything under it)
[0.852s] Copying ../../build/myfirstpackage/myfirstpackage.egg-info to /home/ubuntu/robot_ws/install/myfirstpackage/lib/python3.8/site-packages/myfirstpackage-0.0.0-py3.8.egg-info
[0.853s] running install_scripts
[0.873s] Installing myfirstnode script to /home/ubuntu/robot_ws/install/myfirstpackage/lib/myfirstpackage
[0.873s] Installing param_node script to /home/ubuntu/robot_ws/install/myfirstpackage/lib/myfirstpackage
[0.874s] writing list of installed files to '/home/ubuntu/robot_ws/build/myfirstpackage/install.log'
[0.910s] Invoked command in '/home/ubuntu/robot_ws/src/myfirstpackage' returned '0': PYTHONPATH=/home/ubuntu/robot_ws/install/myfirstpackage/lib/python3.8/site-packages:${PYTHONPATH} /usr/bin/python3 setup.py egg_info --egg-base ../../build/myfirstpackage build --build-base /home/ubuntu/robot_ws/build/myfirstpackage/build install --prefix /home/ubuntu/robot_ws/install/myfirstpackage --record /home/ubuntu/robot_ws/build/myfirstpackage/install.log --single-version-externally-managed
