[1.520s] Invoking command in '/home/ubuntu/robot_ws/src/hello_world': PYTHONPATH=/home/ubuntu/robot_ws/install/hello_world/lib/python3.8/site-packages:${PYTHONPATH} /usr/bin/python3 setup.py egg_info --egg-base ../../build/hello_world build --build-base /home/ubuntu/robot_ws/build/hello_world/build install --prefix /home/ubuntu/robot_ws/install/hello_world --record /home/ubuntu/robot_ws/build/hello_world/install.log --single-version-externally-managed
[1.846s] running egg_info
[1.847s] writing ../../build/hello_world/hello_world.egg-info/PKG-INFO
[1.847s] writing dependency_links to ../../build/hello_world/hello_world.egg-info/dependency_links.txt
[1.848s] writing entry points to ../../build/hello_world/hello_world.egg-info/entry_points.txt
[1.848s] writing requirements to ../../build/hello_world/hello_world.egg-info/requires.txt
[1.848s] writing top-level names to ../../build/hello_world/hello_world.egg-info/top_level.txt
[1.901s] reading manifest file '../../build/hello_world/hello_world.egg-info/SOURCES.txt'
[1.903s] writing manifest file '../../build/hello_world/hello_world.egg-info/SOURCES.txt'
[1.903s] running build
[1.903s] running build_py
[1.905s] running install
[1.905s] running install_lib
[1.906s] running install_data
[1.907s] running install_egg_info
[1.909s] removing '/home/ubuntu/robot_ws/install/hello_world/lib/python3.8/site-packages/hello_world-0.0.0-py3.8.egg-info' (and everything under it)
[1.910s] Copying ../../build/hello_world/hello_world.egg-info to /home/ubuntu/robot_ws/install/hello_world/lib/python3.8/site-packages/hello_world-0.0.0-py3.8.egg-info
[1.911s] running install_scripts
[1.938s] Installing hello_world script to /home/ubuntu/robot_ws/install/hello_world/lib/hello_world
[1.939s] writing list of installed files to '/home/ubuntu/robot_ws/build/hello_world/install.log'
[1.991s] Invoked command in '/home/ubuntu/robot_ws/src/hello_world' returned '0': PYTHONPATH=/home/ubuntu/robot_ws/install/hello_world/lib/python3.8/site-packages:${PYTHONPATH} /usr/bin/python3 setup.py egg_info --egg-base ../../build/hello_world build --build-base /home/ubuntu/robot_ws/build/hello_world/build install --prefix /home/ubuntu/robot_ws/install/hello_world --record /home/ubuntu/robot_ws/build/hello_world/install.log --single-version-externally-managed
