[1.591s] Invoking command in '/home/ubuntu/ROS2-Tutorials/robot_ws/build/turtlesim': CMAKE_PREFIX_PATH=${CMAKE_PREFIX_PATH}:/home/ubuntu/ROS2-Tutorials/robot_ws/install/tb3_teleop:/home/ubuntu/ROS2-Tutorials/robot_ws/install/srv_examples:/home/ubuntu/ROS2-Tutorials/robot_ws/install/rqt_joy:/home/ubuntu/ROS2-Tutorials/robot_ws/install/pubsub:/home/ubuntu/ROS2-Tutorials/robot_ws/install/myfirstpackage:/home/ubuntu/ROS2-Tutorials/robot_ws/install/hello_world:/opt/ros/foxy /usr/bin/cmake --build /home/ubuntu/ROS2-Tutorials/robot_ws/build/turtlesim -- -j12 -l12
[1.655s] -- Found ament_cmake: 0.9.8 (/opt/ros/foxy/share/ament_cmake/cmake)
[1.698s] -- Found PythonInterp: /usr/bin/python3 (found suitable version "3.8.5", minimum required is "3") 
[1.698s] -- Using PYTHON_EXECUTABLE: /usr/bin/python3
[2.064s] -- Found ament_index_cpp: 1.0.2 (/opt/ros/foxy/share/ament_index_cpp/cmake)
[2.072s] -- Found geometry_msgs: 2.0.3 (/opt/ros/foxy/share/geometry_msgs/cmake)
[2.124s] -- Using all available rosidl_typesupport_c: rosidl_typesupport_fastrtps_c;rosidl_typesupport_introspection_c
[2.129s] -- Found rosidl_adapter: 1.2.0 (/opt/ros/foxy/share/rosidl_adapter/cmake)
[2.378s] -- Using all available rosidl_typesupport_cpp: rosidl_typesupport_fastrtps_cpp;rosidl_typesupport_introspection_cpp
[2.498s] -- Found rclcpp: 2.3.0 (/opt/ros/foxy/share/rclcpp/cmake)
[2.546s] -- Found rmw_implementation_cmake: 1.0.2 (/opt/ros/foxy/share/rmw_implementation_cmake/cmake)
[2.548s] -- Using RMW implementation 'rmw_fastrtps_cpp' as default
[2.706s] -- Found rclcpp_action: 2.3.0 (/opt/ros/foxy/share/rclcpp_action/cmake)
[2.793s] -- Found rosidl_default_generators: 1.0.0 (/opt/ros/foxy/share/rosidl_default_generators/cmake)
[2.805s] -- Found std_srvs: 2.0.3 (/opt/ros/foxy/share/std_srvs/cmake)
[2.844s] -- Found PythonInterp: /usr/bin/python3 (found version "3.8.5") 
[3.063s] -- Found ament_cmake_ros: 0.9.1 (/opt/ros/foxy/share/ament_cmake_ros/cmake)
[3.243s] -- Using all available rosidl_typesupport_c: rosidl_typesupport_fastrtps_c;rosidl_typesupport_introspection_c
[3.277s] -- Using all available rosidl_typesupport_cpp: rosidl_typesupport_fastrtps_cpp;rosidl_typesupport_introspection_cpp
[3.307s] -- Found PythonInterp: /usr/bin/python3 (found suitable version "3.8.5", minimum required is "3.5") 
[3.308s] -- Found python_cmake_module: 0.8.0 (/opt/ros/foxy/share/python_cmake_module/cmake)
[3.334s] -- Using PYTHON_EXECUTABLE: /usr/bin/python3
[3.335s] -- Using PYTHON_INCLUDE_DIRS: /usr/include/python3.8
[3.335s] -- Using PYTHON_LIBRARIES: /usr/lib/x86_64-linux-gnu/libpython3.8.so
[3.389s] -- Configuring done
[3.515s] -- Generating done
[3.522s] -- Build files have been written to: /home/ubuntu/ROS2-Tutorials/robot_ws/build/turtlesim
[3.560s] [35m[1mScanning dependencies of target turtlesim__rosidl_generator_c[0m
[3.577s] [  1%] Built target turtlesim__cpp
[3.586s] [  2%] [32mBuilding C object CMakeFiles/turtlesim__rosidl_generator_c.dir/rosidl_generator_c/turtlesim/msg/detail/color__functions.c.o[0m
[3.589s] [  3%] [32mBuilding C object CMakeFiles/turtlesim__rosidl_generator_c.dir/rosidl_generator_c/turtlesim/action/detail/rotate_absolute__functions.c.o[0m
[3.590s] [  5%] [32mBuilding C object CMakeFiles/turtlesim__rosidl_generator_c.dir/rosidl_generator_c/turtlesim/srv/detail/set_pen__functions.c.o[0m
[3.591s] [  5%] [32mBuilding C object CMakeFiles/turtlesim__rosidl_generator_c.dir/rosidl_generator_c/turtlesim/srv/detail/spawn__functions.c.o[0m
[3.591s] [  6%] [32mBuilding C object CMakeFiles/turtlesim__rosidl_generator_c.dir/rosidl_generator_c/turtlesim/msg/detail/pose__functions.c.o[0m
[3.596s] [  7%] [32mBuilding C object CMakeFiles/turtlesim__rosidl_generator_c.dir/rosidl_generator_c/turtlesim/srv/detail/kill__functions.c.o[0m
[3.597s] [  8%] [32mBuilding C object CMakeFiles/turtlesim__rosidl_generator_c.dir/rosidl_generator_c/turtlesim/srv/detail/teleport_relative__functions.c.o[0m
[3.604s] [  9%] [32mBuilding C object CMakeFiles/turtlesim__rosidl_generator_c.dir/rosidl_generator_c/turtlesim/srv/detail/teleport_absolute__functions.c.o[0m
[3.611s] [35m[1mScanning dependencies of target turtlesim__rosidl_typesupport_cpp[0m
[3.620s] [35m[1mScanning dependencies of target turtlesim__rosidl_typesupport_introspection_cpp[0m
[3.620s] [35m[1mScanning dependencies of target turtlesim__rosidl_typesupport_fastrtps_cpp[0m
[3.664s] [ 10%] [32mBuilding CXX object CMakeFiles/turtlesim__rosidl_typesupport_cpp.dir/rosidl_typesupport_cpp/turtlesim/action/rotate_absolute__type_support.cpp.o[0m
[3.664s] [ 11%] [32mBuilding CXX object CMakeFiles/turtlesim__rosidl_typesupport_cpp.dir/rosidl_typesupport_cpp/turtlesim/msg/color__type_support.cpp.o[0m
[3.682s] [ 12%] [32mBuilding CXX object CMakeFiles/turtlesim__rosidl_typesupport_introspection_cpp.dir/rosidl_typesupport_introspection_cpp/turtlesim/action/detail/rotate_absolute__type_support.cpp.o[0m
[3.699s] [ 13%] [32mBuilding CXX object CMakeFiles/turtlesim__rosidl_typesupport_fastrtps_cpp.dir/rosidl_typesupport_fastrtps_cpp/turtlesim/action/detail/dds_fastrtps/rotate_absolute__type_support.cpp.o[0m
[3.735s] [ 14%] [32mBuilding CXX object CMakeFiles/turtlesim__rosidl_typesupport_cpp.dir/rosidl_typesupport_cpp/turtlesim/msg/pose__type_support.cpp.o[0m
[3.737s] [ 15%] [32mBuilding CXX object CMakeFiles/turtlesim__rosidl_typesupport_fastrtps_cpp.dir/rosidl_typesupport_fastrtps_cpp/turtlesim/msg/detail/dds_fastrtps/color__type_support.cpp.o[0m
[3.739s] [ 16%] [32mBuilding CXX object CMakeFiles/turtlesim__rosidl_typesupport_cpp.dir/rosidl_typesupport_cpp/turtlesim/srv/spawn__type_support.cpp.o[0m
[3.750s] [ 17%] [32mBuilding CXX object CMakeFiles/turtlesim__rosidl_typesupport_introspection_cpp.dir/rosidl_typesupport_introspection_cpp/turtlesim/msg/detail/color__type_support.cpp.o[0m
[3.752s] [ 18%] [32mBuilding CXX object CMakeFiles/turtlesim__rosidl_typesupport_cpp.dir/rosidl_typesupport_cpp/turtlesim/srv/kill__type_support.cpp.o[0m
[3.756s] [ 19%] [32mBuilding CXX object CMakeFiles/turtlesim__rosidl_typesupport_cpp.dir/rosidl_typesupport_cpp/turtlesim/srv/set_pen__type_support.cpp.o[0m
[3.758s] [ 20%] [32mBuilding CXX object CMakeFiles/turtlesim__rosidl_typesupport_introspection_cpp.dir/rosidl_typesupport_introspection_cpp/turtlesim/msg/detail/pose__type_support.cpp.o[0m
[3.809s] [ 21%] [32m[1mLinking C shared library libturtlesim__rosidl_generator_c.so[0m
[3.898s] [ 22%] Built target turtlesim__rosidl_generator_c
[3.922s] [35m[1mScanning dependencies of target turtlesim__rosidl_typesupport_c[0m
[3.961s] [ 23%] [32mBuilding CXX object CMakeFiles/turtlesim__rosidl_typesupport_c.dir/rosidl_typesupport_c/turtlesim/action/rotate_absolute__type_support.cpp.o[0m
[4.090s] [ 24%] [32mBuilding CXX object CMakeFiles/turtlesim__rosidl_typesupport_c.dir/rosidl_typesupport_c/turtlesim/msg/color__type_support.cpp.o[0m
[4.158s] [ 25%] [32mBuilding CXX object CMakeFiles/turtlesim__rosidl_typesupport_c.dir/rosidl_typesupport_c/turtlesim/msg/pose__type_support.cpp.o[0m
[4.233s] [ 26%] [32mBuilding CXX object CMakeFiles/turtlesim__rosidl_typesupport_c.dir/rosidl_typesupport_c/turtlesim/srv/kill__type_support.cpp.o[0m
[4.311s] [ 27%] [32mBuilding CXX object CMakeFiles/turtlesim__rosidl_typesupport_c.dir/rosidl_typesupport_c/turtlesim/srv/set_pen__type_support.cpp.o[0m
[4.350s] [ 28%] [32mBuilding CXX object CMakeFiles/turtlesim__rosidl_typesupport_cpp.dir/rosidl_typesupport_cpp/turtlesim/srv/teleport_absolute__type_support.cpp.o[0m
[4.360s] [ 29%] [32mBuilding CXX object CMakeFiles/turtlesim__rosidl_typesupport_introspection_cpp.dir/rosidl_typesupport_introspection_cpp/turtlesim/srv/detail/kill__type_support.cpp.o[0m
[4.373s] [ 30%] [32mBuilding CXX object CMakeFiles/turtlesim__rosidl_typesupport_cpp.dir/rosidl_typesupport_cpp/turtlesim/srv/teleport_relative__type_support.cpp.o[0m
[4.394s] [ 31%] [32mBuilding CXX object CMakeFiles/turtlesim__rosidl_typesupport_c.dir/rosidl_typesupport_c/turtlesim/srv/spawn__type_support.cpp.o[0m
[4.411s] [ 32%] [32mBuilding CXX object CMakeFiles/turtlesim__rosidl_typesupport_introspection_cpp.dir/rosidl_typesupport_introspection_cpp/turtlesim/srv/detail/set_pen__type_support.cpp.o[0m
[4.429s] [35m[1mScanning dependencies of target turtlesim__rosidl_typesupport_introspection_c[0m
[4.445s] [ 33%] [32mBuilding CXX object CMakeFiles/turtlesim__rosidl_typesupport_introspection_cpp.dir/rosidl_typesupport_introspection_cpp/turtlesim/srv/detail/spawn__type_support.cpp.o[0m
[4.445s] [ 34%] [32mBuilding CXX object CMakeFiles/turtlesim__rosidl_typesupport_c.dir/rosidl_typesupport_c/turtlesim/srv/teleport_absolute__type_support.cpp.o[0m
[4.468s] [ 35%] [32mBuilding CXX object CMakeFiles/turtlesim__rosidl_typesupport_c.dir/rosidl_typesupport_c/turtlesim/srv/teleport_relative__type_support.cpp.o[0m
[4.474s] [ 36%] [32mBuilding C object CMakeFiles/turtlesim__rosidl_typesupport_introspection_c.dir/rosidl_typesupport_introspection_c/turtlesim/action/detail/rotate_absolute__type_support.c.o[0m
[4.483s] [ 37%] [32mBuilding CXX object CMakeFiles/turtlesim__rosidl_typesupport_introspection_cpp.dir/rosidl_typesupport_introspection_cpp/turtlesim/srv/detail/teleport_absolute__type_support.cpp.o[0m
[4.496s] [ 38%] [32mBuilding CXX object CMakeFiles/turtlesim__rosidl_typesupport_introspection_cpp.dir/rosidl_typesupport_introspection_cpp/turtlesim/srv/detail/teleport_relative__type_support.cpp.o[0m
[4.536s] [ 39%] [32mBuilding C object CMakeFiles/turtlesim__rosidl_typesupport_introspection_c.dir/rosidl_typesupport_introspection_c/turtlesim/msg/detail/color__type_support.c.o[0m
[4.583s] [ 40%] [32m[1mLinking CXX shared library libturtlesim__rosidl_typesupport_c.so[0m
[4.650s] [ 41%] [32mBuilding C object CMakeFiles/turtlesim__rosidl_typesupport_introspection_c.dir/rosidl_typesupport_introspection_c/turtlesim/msg/detail/pose__type_support.c.o[0m
[4.660s] [ 42%] [32mBuilding C object CMakeFiles/turtlesim__rosidl_typesupport_introspection_c.dir/rosidl_typesupport_introspection_c/turtlesim/srv/detail/kill__type_support.c.o[0m
[4.753s] [ 43%] [32mBuilding C object CMakeFiles/turtlesim__rosidl_typesupport_introspection_c.dir/rosidl_typesupport_introspection_c/turtlesim/srv/detail/set_pen__type_support.c.o[0m
[4.758s] [ 44%] Built target turtlesim__rosidl_typesupport_c
[4.778s] [ 45%] [32mBuilding CXX object CMakeFiles/turtlesim__rosidl_typesupport_fastrtps_cpp.dir/rosidl_typesupport_fastrtps_cpp/turtlesim/msg/detail/dds_fastrtps/pose__type_support.cpp.o[0m
[4.779s] [ 46%] [32mBuilding CXX object CMakeFiles/turtlesim__rosidl_typesupport_fastrtps_cpp.dir/rosidl_typesupport_fastrtps_cpp/turtlesim/srv/detail/dds_fastrtps/kill__type_support.cpp.o[0m
[4.780s] [ 47%] [32mBuilding CXX object CMakeFiles/turtlesim__rosidl_typesupport_fastrtps_cpp.dir/rosidl_typesupport_fastrtps_cpp/turtlesim/srv/detail/dds_fastrtps/set_pen__type_support.cpp.o[0m
[4.817s] [ 48%] [32mBuilding CXX object CMakeFiles/turtlesim__rosidl_typesupport_fastrtps_cpp.dir/rosidl_typesupport_fastrtps_cpp/turtlesim/srv/detail/dds_fastrtps/spawn__type_support.cpp.o[0m
[4.856s] [ 49%] [32mBuilding C object CMakeFiles/turtlesim__rosidl_typesupport_introspection_c.dir/rosidl_typesupport_introspection_c/turtlesim/srv/detail/spawn__type_support.c.o[0m
[4.949s] [ 50%] [32mBuilding C object CMakeFiles/turtlesim__rosidl_typesupport_introspection_c.dir/rosidl_typesupport_introspection_c/turtlesim/srv/detail/teleport_absolute__type_support.c.o[0m
[5.045s] [ 51%] [32mBuilding C object CMakeFiles/turtlesim__rosidl_typesupport_introspection_c.dir/rosidl_typesupport_introspection_c/turtlesim/srv/detail/teleport_relative__type_support.c.o[0m
[5.064s] [ 52%] [32m[1mLinking CXX shared library libturtlesim__rosidl_typesupport_cpp.so[0m
[5.066s] [ 53%] [32mBuilding CXX object CMakeFiles/turtlesim__rosidl_typesupport_fastrtps_cpp.dir/rosidl_typesupport_fastrtps_cpp/turtlesim/srv/detail/dds_fastrtps/teleport_absolute__type_support.cpp.o[0m
[5.076s] [ 54%] [32mBuilding CXX object CMakeFiles/turtlesim__rosidl_typesupport_fastrtps_cpp.dir/rosidl_typesupport_fastrtps_cpp/turtlesim/srv/detail/dds_fastrtps/teleport_relative__type_support.cpp.o[0m
[5.139s] [ 55%] [32m[1mLinking C shared library libturtlesim__rosidl_typesupport_introspection_c.so[0m
[5.173s] [ 56%] Built target turtlesim__rosidl_typesupport_cpp
[5.223s] [ 57%] Built target turtlesim__rosidl_typesupport_introspection_c
[5.243s] [ 58%] [32m[1mLinking CXX shared library libturtlesim__rosidl_typesupport_introspection_cpp.so[0m
[5.397s] [ 59%] Built target turtlesim__rosidl_typesupport_introspection_cpp
[5.838s] [ 60%] [32m[1mLinking CXX shared library libturtlesim__rosidl_typesupport_fastrtps_cpp.so[0m
[5.960s] [ 61%] Built target turtlesim__rosidl_typesupport_fastrtps_cpp
[5.977s] [35m[1mScanning dependencies of target turtlesim__rosidl_typesupport_fastrtps_c[0m
[6.022s] [ 62%] [32mBuilding CXX object CMakeFiles/turtlesim__rosidl_typesupport_fastrtps_c.dir/rosidl_typesupport_fastrtps_c/turtlesim/msg/detail/color__type_support_c.cpp.o[0m
[6.024s] [ 63%] [32mBuilding CXX object CMakeFiles/turtlesim__rosidl_typesupport_fastrtps_c.dir/rosidl_typesupport_fastrtps_c/turtlesim/msg/detail/pose__type_support_c.cpp.o[0m
[6.024s] [ 64%] [32mBuilding CXX object CMakeFiles/turtlesim__rosidl_typesupport_fastrtps_c.dir/rosidl_typesupport_fastrtps_c/turtlesim/srv/detail/teleport_relative__type_support_c.cpp.o[0m
[6.025s] [ 65%] [32mBuilding CXX object CMakeFiles/turtlesim__rosidl_typesupport_fastrtps_c.dir/rosidl_typesupport_fastrtps_c/turtlesim/srv/detail/set_pen__type_support_c.cpp.o[0m
[6.025s] [ 66%] [32mBuilding CXX object CMakeFiles/turtlesim__rosidl_typesupport_fastrtps_c.dir/rosidl_typesupport_fastrtps_c/turtlesim/action/detail/rotate_absolute__type_support_c.cpp.o[0m
[6.025s] [ 67%] [32mBuilding CXX object CMakeFiles/turtlesim__rosidl_typesupport_fastrtps_c.dir/rosidl_typesupport_fastrtps_c/turtlesim/srv/detail/kill__type_support_c.cpp.o[0m
[6.025s] [ 68%] [32mBuilding CXX object CMakeFiles/turtlesim__rosidl_typesupport_fastrtps_c.dir/rosidl_typesupport_fastrtps_c/turtlesim/srv/detail/teleport_absolute__type_support_c.cpp.o[0m
[6.032s] [ 69%] [32mBuilding CXX object CMakeFiles/turtlesim__rosidl_typesupport_fastrtps_c.dir/rosidl_typesupport_fastrtps_c/turtlesim/srv/detail/spawn__type_support_c.cpp.o[0m
[6.833s] [ 70%] [32m[1mLinking CXX shared library libturtlesim__rosidl_typesupport_fastrtps_c.so[0m
[6.952s] [ 71%] Built target turtlesim__rosidl_typesupport_fastrtps_c
[6.995s] [ 71%] Built target turtlesim
[7.023s] [35m[1mScanning dependencies of target draw_square[0m
[7.024s] [35m[1mScanning dependencies of target mimic[0m
[7.026s] [35m[1mScanning dependencies of target turtle_teleop_key[0m
[7.033s] [ 72%] [34m[1mGenerating include/turtlesim/moc_turtle_frame.cpp[0m
[7.041s] [ 73%] Built target turtlesim__py
[7.066s] [35m[1mScanning dependencies of target turtlesim__python[0m
[7.095s] [ 74%] [32mBuilding CXX object CMakeFiles/mimic.dir/tutorials/mimic.cpp.o[0m
[7.097s] [ 75%] [32mBuilding CXX object CMakeFiles/draw_square.dir/tutorials/draw_square.cpp.o[0m
[7.102s] [ 76%] [32mBuilding CXX object CMakeFiles/turtle_teleop_key.dir/tutorials/teleop_turtle_key.cpp.o[0m
[7.142s] [ 78%] [32mBuilding C object CMakeFiles/turtlesim__python.dir/rosidl_generator_py/turtlesim/srv/_kill_s.c.o[0m
[7.142s] [ 78%] [32mBuilding C object CMakeFiles/turtlesim__python.dir/rosidl_generator_py/turtlesim/srv/_set_pen_s.c.o[0m
[7.143s] [ 79%] [32mBuilding C object CMakeFiles/turtlesim__python.dir/rosidl_generator_py/turtlesim/srv/_teleport_relative_s.c.o[0m
[7.143s] [ 80%] [32mBuilding C object CMakeFiles/turtlesim__python.dir/rosidl_generator_py/turtlesim/srv/_spawn_s.c.o[0m
[7.144s] [ 81%] [32mBuilding C object CMakeFiles/turtlesim__python.dir/rosidl_generator_py/turtlesim/msg/_color_s.c.o[0m
[7.144s] [ 82%] [32mBuilding C object CMakeFiles/turtlesim__python.dir/rosidl_generator_py/turtlesim/msg/_pose_s.c.o[0m
[7.148s] [ 83%] [32mBuilding C object CMakeFiles/turtlesim__python.dir/rosidl_generator_py/turtlesim/action/_rotate_absolute_s.c.o[0m
[7.152s] [35m[1mScanning dependencies of target turtlesim_node[0m
[7.155s] [ 84%] [32mBuilding C object CMakeFiles/turtlesim__python.dir/rosidl_generator_py/turtlesim/srv/_teleport_absolute_s.c.o[0m
[7.342s] [ 85%] [32mBuilding CXX object CMakeFiles/turtlesim_node.dir/src/turtlesim.cpp.o[0m
[7.351s] [ 86%] [32mBuilding CXX object CMakeFiles/turtlesim_node.dir/src/turtle.cpp.o[0m
[7.382s] [ 87%] [32mBuilding CXX object CMakeFiles/turtlesim_node.dir/src/turtle_frame.cpp.o[0m
[7.397s] [ 88%] [32mBuilding CXX object CMakeFiles/turtlesim_node.dir/include/turtlesim/moc_turtle_frame.cpp.o[0m
[7.523s] [ 89%] [32m[1mLinking C shared library rosidl_generator_py/turtlesim/libturtlesim__python.so[0m
[7.634s] [ 89%] Built target turtlesim__python
[7.698s] [35m[1mScanning dependencies of target turtlesim__rosidl_typesupport_c__pyext[0m
[7.703s] [35m[1mScanning dependencies of target turtlesim__rosidl_typesupport_introspection_c__pyext[0m
[7.713s] [35m[1mScanning dependencies of target turtlesim__rosidl_typesupport_fastrtps_c__pyext[0m
[7.753s] [ 90%] [32mBuilding C object CMakeFiles/turtlesim__rosidl_typesupport_c__pyext.dir/rosidl_generator_py/turtlesim/_turtlesim_s.ep.rosidl_typesupport_c.c.o[0m
[7.800s] [ 91%] [32mBuilding C object CMakeFiles/turtlesim__rosidl_typesupport_introspection_c__pyext.dir/rosidl_generator_py/turtlesim/_turtlesim_s.ep.rosidl_typesupport_introspection_c.c.o[0m
[7.843s] [ 92%] [32mBuilding C object CMakeFiles/turtlesim__rosidl_typesupport_fastrtps_c__pyext.dir/rosidl_generator_py/turtlesim/_turtlesim_s.ep.rosidl_typesupport_fastrtps_c.c.o[0m
[8.231s] [ 93%] [32m[1mLinking C shared library rosidl_generator_py/turtlesim/turtlesim_s__rosidl_typesupport_introspection_c.cpython-38-x86_64-linux-gnu.so[0m
[8.261s] [ 94%] [32m[1mLinking C shared library rosidl_generator_py/turtlesim/turtlesim_s__rosidl_typesupport_c.cpython-38-x86_64-linux-gnu.so[0m
[8.318s] [ 95%] [32m[1mLinking CXX shared library rosidl_generator_py/turtlesim/turtlesim_s__rosidl_typesupport_fastrtps_c.cpython-38-x86_64-linux-gnu.so[0m
[8.332s] [ 95%] Built target turtlesim__rosidl_typesupport_introspection_c__pyext
[8.361s] [ 95%] Built target turtlesim__rosidl_typesupport_c__pyext
[8.464s] [ 95%] Built target turtlesim__rosidl_typesupport_fastrtps_c__pyext
[15.136s] [ 96%] [32m[1mLinking CXX executable turtle_teleop_key[0m
[15.519s] [ 96%] Built target turtle_teleop_key
[16.549s] [ 97%] [32m[1mLinking CXX executable mimic[0m
[16.962s] [ 97%] Built target mimic
[17.620s] [ 98%] [32m[1mLinking CXX executable draw_square[0m
[18.061s] [ 98%] Built target draw_square
[20.376s] [100%] [32m[1mLinking CXX executable turtlesim_node[0m
[22.503s] [100%] Built target turtlesim_node
[22.519s] Invoked command in '/home/ubuntu/ROS2-Tutorials/robot_ws/build/turtlesim' returned '0': CMAKE_PREFIX_PATH=${CMAKE_PREFIX_PATH}:/home/ubuntu/ROS2-Tutorials/robot_ws/install/tb3_teleop:/home/ubuntu/ROS2-Tutorials/robot_ws/install/srv_examples:/home/ubuntu/ROS2-Tutorials/robot_ws/install/rqt_joy:/home/ubuntu/ROS2-Tutorials/robot_ws/install/pubsub:/home/ubuntu/ROS2-Tutorials/robot_ws/install/myfirstpackage:/home/ubuntu/ROS2-Tutorials/robot_ws/install/hello_world:/opt/ros/foxy /usr/bin/cmake --build /home/ubuntu/ROS2-Tutorials/robot_ws/build/turtlesim -- -j12 -l12
[22.770s] Invoking command in '/home/ubuntu/ROS2-Tutorials/robot_ws/build/turtlesim': CMAKE_PREFIX_PATH=${CMAKE_PREFIX_PATH}:/home/ubuntu/ROS2-Tutorials/robot_ws/install/tb3_teleop:/home/ubuntu/ROS2-Tutorials/robot_ws/install/srv_examples:/home/ubuntu/ROS2-Tutorials/robot_ws/install/rqt_joy:/home/ubuntu/ROS2-Tutorials/robot_ws/install/pubsub:/home/ubuntu/ROS2-Tutorials/robot_ws/install/myfirstpackage:/home/ubuntu/ROS2-Tutorials/robot_ws/install/hello_world:/opt/ros/foxy /usr/bin/cmake --install /home/ubuntu/ROS2-Tutorials/robot_ws/build/turtlesim
[22.781s] -- Install configuration: ""
[22.782s] -- Up-to-date: /home/ubuntu/ROS2-Tutorials/robot_ws/install/turtlesim/share/ament_index/resource_index/rosidl_interfaces/turtlesim
[22.782s] -- Up-to-date: /home/ubuntu/ROS2-Tutorials/robot_ws/install/turtlesim/include/turtlesim
[22.783s] -- Up-to-date: /home/ubuntu/ROS2-Tutorials/robot_ws/install/turtlesim/include/turtlesim/srv
[22.783s] -- Up-to-date: /home/ubuntu/ROS2-Tutorials/robot_ws/install/turtlesim/include/turtlesim/srv/kill.h
[22.783s] -- Up-to-date: /home/ubuntu/ROS2-Tutorials/robot_ws/install/turtlesim/include/turtlesim/srv/teleport_absolute.h
[22.783s] -- Up-to-date: /home/ubuntu/ROS2-Tutorials/robot_ws/install/turtlesim/include/turtlesim/srv/spawn.h
[22.784s] -- Up-to-date: /home/ubuntu/ROS2-Tutorials/robot_ws/install/turtlesim/include/turtlesim/srv/set_pen.h
[22.784s] -- Up-to-date: /home/ubuntu/ROS2-Tutorials/robot_ws/install/turtlesim/include/turtlesim/srv/detail
[22.784s] -- Up-to-date: /home/ubuntu/ROS2-Tutorials/robot_ws/install/turtlesim/include/turtlesim/srv/detail/teleport_absolute__functions.h
[22.784s] -- Up-to-date: /home/ubuntu/ROS2-Tutorials/robot_ws/install/turtlesim/include/turtlesim/srv/detail/spawn__type_support.h
[22.785s] -- Up-to-date: /home/ubuntu/ROS2-Tutorials/robot_ws/install/turtlesim/include/turtlesim/srv/detail/teleport_relative__type_support.h
[22.785s] -- Up-to-date: /home/ubuntu/ROS2-Tutorials/robot_ws/install/turtlesim/include/turtlesim/srv/detail/teleport_absolute__type_support.h
[22.785s] -- Up-to-date: /home/ubuntu/ROS2-Tutorials/robot_ws/install/turtlesim/include/turtlesim/srv/detail/set_pen__struct.h
[22.785s] -- Up-to-date: /home/ubuntu/ROS2-Tutorials/robot_ws/install/turtlesim/include/turtlesim/srv/detail/kill__struct.h
[22.786s] -- Up-to-date: /home/ubuntu/ROS2-Tutorials/robot_ws/install/turtlesim/include/turtlesim/srv/detail/teleport_relative__functions.h
[22.786s] -- Up-to-date: /home/ubuntu/ROS2-Tutorials/robot_ws/install/turtlesim/include/turtlesim/srv/detail/teleport_absolute__functions.c
[22.786s] -- Up-to-date: /home/ubuntu/ROS2-Tutorials/robot_ws/install/turtlesim/include/turtlesim/srv/detail/teleport_absolute__struct.h
[22.786s] -- Up-to-date: /home/ubuntu/ROS2-Tutorials/robot_ws/install/turtlesim/include/turtlesim/srv/detail/spawn__functions.c
[22.786s] -- Up-to-date: /home/ubuntu/ROS2-Tutorials/robot_ws/install/turtlesim/include/turtlesim/srv/detail/teleport_relative__functions.c
[22.787s] -- Up-to-date: /home/ubuntu/ROS2-Tutorials/robot_ws/install/turtlesim/include/turtlesim/srv/detail/spawn__struct.h
[22.787s] -- Up-to-date: /home/ubuntu/ROS2-Tutorials/robot_ws/install/turtlesim/include/turtlesim/srv/detail/teleport_relative__struct.h
[22.787s] -- Up-to-date: /home/ubuntu/ROS2-Tutorials/robot_ws/install/turtlesim/include/turtlesim/srv/detail/kill__functions.h
[22.787s] -- Up-to-date: /home/ubuntu/ROS2-Tutorials/robot_ws/install/turtlesim/include/turtlesim/srv/detail/kill__type_support.h
[22.788s] -- Up-to-date: /home/ubuntu/ROS2-Tutorials/robot_ws/install/turtlesim/include/turtlesim/srv/detail/set_pen__functions.c
[22.788s] -- Up-to-date: /home/ubuntu/ROS2-Tutorials/robot_ws/install/turtlesim/include/turtlesim/srv/detail/set_pen__type_support.h
[22.788s] -- Up-to-date: /home/ubuntu/ROS2-Tutorials/robot_ws/install/turtlesim/include/turtlesim/srv/detail/set_pen__functions.h
[22.788s] -- Up-to-date: /home/ubuntu/ROS2-Tutorials/robot_ws/install/turtlesim/include/turtlesim/srv/detail/spawn__functions.h
[22.789s] -- Up-to-date: /home/ubuntu/ROS2-Tutorials/robot_ws/install/turtlesim/include/turtlesim/srv/detail/kill__functions.c
[22.789s] -- Up-to-date: /home/ubuntu/ROS2-Tutorials/robot_ws/install/turtlesim/include/turtlesim/srv/teleport_relative.h
[22.789s] -- Up-to-date: /home/ubuntu/ROS2-Tutorials/robot_ws/install/turtlesim/include/turtlesim/msg
[22.789s] -- Up-to-date: /home/ubuntu/ROS2-Tutorials/robot_ws/install/turtlesim/include/turtlesim/msg/pose.h
[22.790s] -- Up-to-date: /home/ubuntu/ROS2-Tutorials/robot_ws/install/turtlesim/include/turtlesim/msg/color.h
[22.790s] -- Up-to-date: /home/ubuntu/ROS2-Tutorials/robot_ws/install/turtlesim/include/turtlesim/msg/rosidl_generator_c__visibility_control.h
[22.790s] -- Up-to-date: /home/ubuntu/ROS2-Tutorials/robot_ws/install/turtlesim/include/turtlesim/msg/detail
[22.791s] -- Up-to-date: /home/ubuntu/ROS2-Tutorials/robot_ws/install/turtlesim/include/turtlesim/msg/detail/pose__functions.h
[22.791s] -- Up-to-date: /home/ubuntu/ROS2-Tutorials/robot_ws/install/turtlesim/include/turtlesim/msg/detail/pose__struct.h
[22.791s] -- Up-to-date: /home/ubuntu/ROS2-Tutorials/robot_ws/install/turtlesim/include/turtlesim/msg/detail/color__struct.h
[22.791s] -- Up-to-date: /home/ubuntu/ROS2-Tutorials/robot_ws/install/turtlesim/include/turtlesim/msg/detail/pose__functions.c
[22.791s] -- Up-to-date: /home/ubuntu/ROS2-Tutorials/robot_ws/install/turtlesim/include/turtlesim/msg/detail/color__functions.h
[22.791s] -- Up-to-date: /home/ubuntu/ROS2-Tutorials/robot_ws/install/turtlesim/include/turtlesim/msg/detail/color__functions.c
[22.791s] -- Up-to-date: /home/ubuntu/ROS2-Tutorials/robot_ws/install/turtlesim/include/turtlesim/msg/detail/color__type_support.h
[22.792s] -- Up-to-date: /home/ubuntu/ROS2-Tutorials/robot_ws/install/turtlesim/include/turtlesim/msg/detail/pose__type_support.h
[22.792s] -- Up-to-date: /home/ubuntu/ROS2-Tutorials/robot_ws/install/turtlesim/include/turtlesim/action
[22.792s] -- Up-to-date: /home/ubuntu/ROS2-Tutorials/robot_ws/install/turtlesim/include/turtlesim/action/rotate_absolute.h
[22.792s] -- Up-to-date: /home/ubuntu/ROS2-Tutorials/robot_ws/install/turtlesim/include/turtlesim/action/detail
[22.792s] -- Up-to-date: /home/ubuntu/ROS2-Tutorials/robot_ws/install/turtlesim/include/turtlesim/action/detail/rotate_absolute__functions.c
[22.793s] -- Up-to-date: /home/ubuntu/ROS2-Tutorials/robot_ws/install/turtlesim/include/turtlesim/action/detail/rotate_absolute__type_support.h
[22.793s] -- Up-to-date: /home/ubuntu/ROS2-Tutorials/robot_ws/install/turtlesim/include/turtlesim/action/detail/rotate_absolute__functions.h
[22.793s] -- Up-to-date: /home/ubuntu/ROS2-Tutorials/robot_ws/install/turtlesim/include/turtlesim/action/detail/rotate_absolute__struct.h
[22.793s] -- Installing: /home/ubuntu/ROS2-Tutorials/robot_ws/install/turtlesim/share/turtlesim/environment/library_path.sh
[22.794s] -- Installing: /home/ubuntu/ROS2-Tutorials/robot_ws/install/turtlesim/share/turtlesim/environment/library_path.dsv
[22.794s] -- Installing: /home/ubuntu/ROS2-Tutorials/robot_ws/install/turtlesim/lib/libturtlesim__rosidl_generator_c.so
[22.795s] -- Set runtime path of "/home/ubuntu/ROS2-Tutorials/robot_ws/install/turtlesim/lib/libturtlesim__rosidl_generator_c.so" to ""
[22.795s] -- Up-to-date: /home/ubuntu/ROS2-Tutorials/robot_ws/install/turtlesim/include/turtlesim
[22.796s] -- Up-to-date: /home/ubuntu/ROS2-Tutorials/robot_ws/install/turtlesim/include/turtlesim/srv
[22.796s] -- Up-to-date: /home/ubuntu/ROS2-Tutorials/robot_ws/install/turtlesim/include/turtlesim/srv/detail
[22.796s] -- Up-to-date: /home/ubuntu/ROS2-Tutorials/robot_ws/install/turtlesim/include/turtlesim/srv/detail/spawn__rosidl_typesupport_fastrtps_c.h
[22.796s] -- Up-to-date: /home/ubuntu/ROS2-Tutorials/robot_ws/install/turtlesim/include/turtlesim/srv/detail/teleport_relative__rosidl_typesupport_fastrtps_c.h
[22.797s] -- Up-to-date: /home/ubuntu/ROS2-Tutorials/robot_ws/install/turtlesim/include/turtlesim/srv/detail/kill__rosidl_typesupport_fastrtps_c.h
[22.797s] -- Up-to-date: /home/ubuntu/ROS2-Tutorials/robot_ws/install/turtlesim/include/turtlesim/srv/detail/teleport_absolute__rosidl_typesupport_fastrtps_c.h
[22.797s] -- Up-to-date: /home/ubuntu/ROS2-Tutorials/robot_ws/install/turtlesim/include/turtlesim/srv/detail/set_pen__rosidl_typesupport_fastrtps_c.h
[22.797s] -- Up-to-date: /home/ubuntu/ROS2-Tutorials/robot_ws/install/turtlesim/include/turtlesim/msg
[22.797s] -- Up-to-date: /home/ubuntu/ROS2-Tutorials/robot_ws/install/turtlesim/include/turtlesim/msg/rosidl_typesupport_fastrtps_c__visibility_control.h
[22.798s] -- Up-to-date: /home/ubuntu/ROS2-Tutorials/robot_ws/install/turtlesim/include/turtlesim/msg/detail
[22.798s] -- Up-to-date: /home/ubuntu/ROS2-Tutorials/robot_ws/install/turtlesim/include/turtlesim/msg/detail/color__rosidl_typesupport_fastrtps_c.h
[22.798s] -- Up-to-date: /home/ubuntu/ROS2-Tutorials/robot_ws/install/turtlesim/include/turtlesim/msg/detail/pose__rosidl_typesupport_fastrtps_c.h
[22.798s] -- Up-to-date: /home/ubuntu/ROS2-Tutorials/robot_ws/install/turtlesim/include/turtlesim/action
[22.799s] -- Up-to-date: /home/ubuntu/ROS2-Tutorials/robot_ws/install/turtlesim/include/turtlesim/action/detail
[22.799s] -- Up-to-date: /home/ubuntu/ROS2-Tutorials/robot_ws/install/turtlesim/include/turtlesim/action/detail/rotate_absolute__rosidl_typesupport_fastrtps_c.h
[22.799s] -- Installing: /home/ubuntu/ROS2-Tutorials/robot_ws/install/turtlesim/lib/libturtlesim__rosidl_typesupport_fastrtps_c.so
[22.799s] -- Set runtime path of "/home/ubuntu/ROS2-Tutorials/robot_ws/install/turtlesim/lib/libturtlesim__rosidl_typesupport_fastrtps_c.so" to ""
[22.799s] -- Up-to-date: /home/ubuntu/ROS2-Tutorials/robot_ws/install/turtlesim/include/turtlesim
[22.799s] -- Up-to-date: /home/ubuntu/ROS2-Tutorials/robot_ws/install/turtlesim/include/turtlesim/srv
[22.799s] -- Up-to-date: /home/ubuntu/ROS2-Tutorials/robot_ws/install/turtlesim/include/turtlesim/srv/detail
[22.799s] -- Up-to-date: /home/ubuntu/ROS2-Tutorials/robot_ws/install/turtlesim/include/turtlesim/srv/detail/spawn__rosidl_typesupport_fastrtps_cpp.hpp
[22.799s] -- Up-to-date: /home/ubuntu/ROS2-Tutorials/robot_ws/install/turtlesim/include/turtlesim/srv/detail/teleport_relative__rosidl_typesupport_fastrtps_cpp.hpp
[22.800s] -- Up-to-date: /home/ubuntu/ROS2-Tutorials/robot_ws/install/turtlesim/include/turtlesim/srv/detail/teleport_absolute__rosidl_typesupport_fastrtps_cpp.hpp
[22.800s] -- Up-to-date: /home/ubuntu/ROS2-Tutorials/robot_ws/install/turtlesim/include/turtlesim/srv/detail/dds_fastrtps
[22.800s] -- Up-to-date: /home/ubuntu/ROS2-Tutorials/robot_ws/install/turtlesim/include/turtlesim/srv/detail/set_pen__rosidl_typesupport_fastrtps_cpp.hpp
[22.800s] -- Up-to-date: /home/ubuntu/ROS2-Tutorials/robot_ws/install/turtlesim/include/turtlesim/srv/detail/kill__rosidl_typesupport_fastrtps_cpp.hpp
[22.800s] -- Up-to-date: /home/ubuntu/ROS2-Tutorials/robot_ws/install/turtlesim/include/turtlesim/msg
[22.800s] -- Up-to-date: /home/ubuntu/ROS2-Tutorials/robot_ws/install/turtlesim/include/turtlesim/msg/rosidl_typesupport_fastrtps_cpp__visibility_control.h
[22.800s] -- Up-to-date: /home/ubuntu/ROS2-Tutorials/robot_ws/install/turtlesim/include/turtlesim/msg/detail
[22.800s] -- Up-to-date: /home/ubuntu/ROS2-Tutorials/robot_ws/install/turtlesim/include/turtlesim/msg/detail/pose__rosidl_typesupport_fastrtps_cpp.hpp
[22.800s] -- Up-to-date: /home/ubuntu/ROS2-Tutorials/robot_ws/install/turtlesim/include/turtlesim/msg/detail/dds_fastrtps
[22.800s] -- Up-to-date: /home/ubuntu/ROS2-Tutorials/robot_ws/install/turtlesim/include/turtlesim/msg/detail/color__rosidl_typesupport_fastrtps_cpp.hpp
[22.800s] -- Up-to-date: /home/ubuntu/ROS2-Tutorials/robot_ws/install/turtlesim/include/turtlesim/action
[22.801s] -- Up-to-date: /home/ubuntu/ROS2-Tutorials/robot_ws/install/turtlesim/include/turtlesim/action/detail
[22.801s] -- Up-to-date: /home/ubuntu/ROS2-Tutorials/robot_ws/install/turtlesim/include/turtlesim/action/detail/rotate_absolute__rosidl_typesupport_fastrtps_cpp.hpp
[22.801s] -- Up-to-date: /home/ubuntu/ROS2-Tutorials/robot_ws/install/turtlesim/include/turtlesim/action/detail/dds_fastrtps
[22.801s] -- Installing: /home/ubuntu/ROS2-Tutorials/robot_ws/install/turtlesim/lib/libturtlesim__rosidl_typesupport_fastrtps_cpp.so
[22.801s] -- Set runtime path of "/home/ubuntu/ROS2-Tutorials/robot_ws/install/turtlesim/lib/libturtlesim__rosidl_typesupport_fastrtps_cpp.so" to ""
[22.801s] -- Up-to-date: /home/ubuntu/ROS2-Tutorials/robot_ws/install/turtlesim/include/turtlesim
[22.801s] -- Up-to-date: /home/ubuntu/ROS2-Tutorials/robot_ws/install/turtlesim/include/turtlesim/srv
[22.801s] -- Up-to-date: /home/ubuntu/ROS2-Tutorials/robot_ws/install/turtlesim/include/turtlesim/srv/detail
[22.801s] -- Up-to-date: /home/ubuntu/ROS2-Tutorials/robot_ws/install/turtlesim/include/turtlesim/srv/detail/set_pen__type_support.c
[22.801s] -- Up-to-date: /home/ubuntu/ROS2-Tutorials/robot_ws/install/turtlesim/include/turtlesim/srv/detail/kill__rosidl_typesupport_introspection_c.h
[22.801s] -- Up-to-date: /home/ubuntu/ROS2-Tutorials/robot_ws/install/turtlesim/include/turtlesim/srv/detail/teleport_absolute__rosidl_typesupport_introspection_c.h
[22.802s] -- Up-to-date: /home/ubuntu/ROS2-Tutorials/robot_ws/install/turtlesim/include/turtlesim/srv/detail/spawn__type_support.c
[22.802s] -- Up-to-date: /home/ubuntu/ROS2-Tutorials/robot_ws/install/turtlesim/include/turtlesim/srv/detail/set_pen__rosidl_typesupport_introspection_c.h
[22.802s] -- Up-to-date: /home/ubuntu/ROS2-Tutorials/robot_ws/install/turtlesim/include/turtlesim/srv/detail/teleport_absolute__type_support.c
[22.802s] -- Up-to-date: /home/ubuntu/ROS2-Tutorials/robot_ws/install/turtlesim/include/turtlesim/srv/detail/teleport_relative__type_support.c
[22.802s] -- Up-to-date: /home/ubuntu/ROS2-Tutorials/robot_ws/install/turtlesim/include/turtlesim/srv/detail/spawn__rosidl_typesupport_introspection_c.h
[22.802s] -- Up-to-date: /home/ubuntu/ROS2-Tutorials/robot_ws/install/turtlesim/include/turtlesim/srv/detail/teleport_relative__rosidl_typesupport_introspection_c.h
[22.802s] -- Up-to-date: /home/ubuntu/ROS2-Tutorials/robot_ws/install/turtlesim/include/turtlesim/srv/detail/kill__type_support.c
[22.802s] -- Up-to-date: /home/ubuntu/ROS2-Tutorials/robot_ws/install/turtlesim/include/turtlesim/msg
[22.802s] -- Up-to-date: /home/ubuntu/ROS2-Tutorials/robot_ws/install/turtlesim/include/turtlesim/msg/rosidl_typesupport_introspection_c__visibility_control.h
[22.802s] -- Up-to-date: /home/ubuntu/ROS2-Tutorials/robot_ws/install/turtlesim/include/turtlesim/msg/detail
[22.802s] -- Up-to-date: /home/ubuntu/ROS2-Tutorials/robot_ws/install/turtlesim/include/turtlesim/msg/detail/color__type_support.c
[22.802s] -- Up-to-date: /home/ubuntu/ROS2-Tutorials/robot_ws/install/turtlesim/include/turtlesim/msg/detail/pose__rosidl_typesupport_introspection_c.h
[22.803s] -- Up-to-date: /home/ubuntu/ROS2-Tutorials/robot_ws/install/turtlesim/include/turtlesim/msg/detail/color__rosidl_typesupport_introspection_c.h
[22.803s] -- Up-to-date: /home/ubuntu/ROS2-Tutorials/robot_ws/install/turtlesim/include/turtlesim/msg/detail/pose__type_support.c
[22.803s] -- Up-to-date: /home/ubuntu/ROS2-Tutorials/robot_ws/install/turtlesim/include/turtlesim/action
[22.803s] -- Up-to-date: /home/ubuntu/ROS2-Tutorials/robot_ws/install/turtlesim/include/turtlesim/action/detail
[22.803s] -- Up-to-date: /home/ubuntu/ROS2-Tutorials/robot_ws/install/turtlesim/include/turtlesim/action/detail/rotate_absolute__type_support.c
[22.803s] -- Up-to-date: /home/ubuntu/ROS2-Tutorials/robot_ws/install/turtlesim/include/turtlesim/action/detail/rotate_absolute__rosidl_typesupport_introspection_c.h
[22.803s] -- Installing: /home/ubuntu/ROS2-Tutorials/robot_ws/install/turtlesim/lib/libturtlesim__rosidl_typesupport_introspection_c.so
[22.803s] -- Set runtime path of "/home/ubuntu/ROS2-Tutorials/robot_ws/install/turtlesim/lib/libturtlesim__rosidl_typesupport_introspection_c.so" to ""
[22.803s] -- Installing: /home/ubuntu/ROS2-Tutorials/robot_ws/install/turtlesim/lib/libturtlesim__rosidl_typesupport_c.so
[22.803s] -- Set runtime path of "/home/ubuntu/ROS2-Tutorials/robot_ws/install/turtlesim/lib/libturtlesim__rosidl_typesupport_c.so" to ""
[22.803s] -- Up-to-date: /home/ubuntu/ROS2-Tutorials/robot_ws/install/turtlesim/include/turtlesim
[22.803s] -- Up-to-date: /home/ubuntu/ROS2-Tutorials/robot_ws/install/turtlesim/include/turtlesim/srv
[22.804s] -- Up-to-date: /home/ubuntu/ROS2-Tutorials/robot_ws/install/turtlesim/include/turtlesim/srv/teleport_relative.hpp
[22.804s] -- Up-to-date: /home/ubuntu/ROS2-Tutorials/robot_ws/install/turtlesim/include/turtlesim/srv/set_pen.hpp
[22.804s] -- Up-to-date: /home/ubuntu/ROS2-Tutorials/robot_ws/install/turtlesim/include/turtlesim/srv/teleport_absolute.hpp
[22.804s] -- Up-to-date: /home/ubuntu/ROS2-Tutorials/robot_ws/install/turtlesim/include/turtlesim/srv/spawn.hpp
[22.804s] -- Up-to-date: /home/ubuntu/ROS2-Tutorials/robot_ws/install/turtlesim/include/turtlesim/srv/kill.hpp
[22.804s] -- Up-to-date: /home/ubuntu/ROS2-Tutorials/robot_ws/install/turtlesim/include/turtlesim/srv/detail
[22.804s] -- Up-to-date: /home/ubuntu/ROS2-Tutorials/robot_ws/install/turtlesim/include/turtlesim/srv/detail/spawn__traits.hpp
[22.804s] -- Up-to-date: /home/ubuntu/ROS2-Tutorials/robot_ws/install/turtlesim/include/turtlesim/srv/detail/spawn__builder.hpp
[22.804s] -- Up-to-date: /home/ubuntu/ROS2-Tutorials/robot_ws/install/turtlesim/include/turtlesim/srv/detail/teleport_relative__struct.hpp
[22.804s] -- Up-to-date: /home/ubuntu/ROS2-Tutorials/robot_ws/install/turtlesim/include/turtlesim/srv/detail/kill__struct.hpp
[22.804s] -- Up-to-date: /home/ubuntu/ROS2-Tutorials/robot_ws/install/turtlesim/include/turtlesim/srv/detail/teleport_absolute__builder.hpp
[22.805s] -- Up-to-date: /home/ubuntu/ROS2-Tutorials/robot_ws/install/turtlesim/include/turtlesim/srv/detail/teleport_absolute__traits.hpp
[22.805s] -- Up-to-date: /home/ubuntu/ROS2-Tutorials/robot_ws/install/turtlesim/include/turtlesim/srv/detail/set_pen__struct.hpp
[22.805s] -- Up-to-date: /home/ubuntu/ROS2-Tutorials/robot_ws/install/turtlesim/include/turtlesim/srv/detail/kill__traits.hpp
[22.805s] -- Up-to-date: /home/ubuntu/ROS2-Tutorials/robot_ws/install/turtlesim/include/turtlesim/srv/detail/kill__builder.hpp
[22.805s] -- Up-to-date: /home/ubuntu/ROS2-Tutorials/robot_ws/install/turtlesim/include/turtlesim/srv/detail/spawn__struct.hpp
[22.805s] -- Up-to-date: /home/ubuntu/ROS2-Tutorials/robot_ws/install/turtlesim/include/turtlesim/srv/detail/set_pen__traits.hpp
[22.805s] -- Up-to-date: /home/ubuntu/ROS2-Tutorials/robot_ws/install/turtlesim/include/turtlesim/srv/detail/teleport_relative__traits.hpp
[22.805s] -- Up-to-date: /home/ubuntu/ROS2-Tutorials/robot_ws/install/turtlesim/include/turtlesim/srv/detail/teleport_relative__builder.hpp
[22.805s] -- Up-to-date: /home/ubuntu/ROS2-Tutorials/robot_ws/install/turtlesim/include/turtlesim/srv/detail/teleport_absolute__struct.hpp
[22.805s] -- Up-to-date: /home/ubuntu/ROS2-Tutorials/robot_ws/install/turtlesim/include/turtlesim/srv/detail/set_pen__builder.hpp
[22.805s] -- Up-to-date: /home/ubuntu/ROS2-Tutorials/robot_ws/install/turtlesim/include/turtlesim/msg
[22.806s] -- Up-to-date: /home/ubuntu/ROS2-Tutorials/robot_ws/install/turtlesim/include/turtlesim/msg/pose.hpp
[22.806s] -- Up-to-date: /home/ubuntu/ROS2-Tutorials/robot_ws/install/turtlesim/include/turtlesim/msg/detail
[22.806s] -- Up-to-date: /home/ubuntu/ROS2-Tutorials/robot_ws/install/turtlesim/include/turtlesim/msg/detail/pose__traits.hpp
[22.806s] -- Up-to-date: /home/ubuntu/ROS2-Tutorials/robot_ws/install/turtlesim/include/turtlesim/msg/detail/pose__builder.hpp
[22.806s] -- Up-to-date: /home/ubuntu/ROS2-Tutorials/robot_ws/install/turtlesim/include/turtlesim/msg/detail/color__struct.hpp
[22.806s] -- Up-to-date: /home/ubuntu/ROS2-Tutorials/robot_ws/install/turtlesim/include/turtlesim/msg/detail/color__traits.hpp
[22.806s] -- Up-to-date: /home/ubuntu/ROS2-Tutorials/robot_ws/install/turtlesim/include/turtlesim/msg/detail/pose__struct.hpp
[22.806s] -- Up-to-date: /home/ubuntu/ROS2-Tutorials/robot_ws/install/turtlesim/include/turtlesim/msg/detail/color__builder.hpp
[22.806s] -- Up-to-date: /home/ubuntu/ROS2-Tutorials/robot_ws/install/turtlesim/include/turtlesim/msg/color.hpp
[22.806s] -- Up-to-date: /home/ubuntu/ROS2-Tutorials/robot_ws/install/turtlesim/include/turtlesim/action
[22.806s] -- Up-to-date: /home/ubuntu/ROS2-Tutorials/robot_ws/install/turtlesim/include/turtlesim/action/rotate_absolute.hpp
[22.806s] -- Up-to-date: /home/ubuntu/ROS2-Tutorials/robot_ws/install/turtlesim/include/turtlesim/action/detail
[22.807s] -- Up-to-date: /home/ubuntu/ROS2-Tutorials/robot_ws/install/turtlesim/include/turtlesim/action/detail/rotate_absolute__traits.hpp
[22.807s] -- Up-to-date: /home/ubuntu/ROS2-Tutorials/robot_ws/install/turtlesim/include/turtlesim/action/detail/rotate_absolute__struct.hpp
[22.807s] -- Up-to-date: /home/ubuntu/ROS2-Tutorials/robot_ws/install/turtlesim/include/turtlesim/action/detail/rotate_absolute__builder.hpp
[22.807s] -- Up-to-date: /home/ubuntu/ROS2-Tutorials/robot_ws/install/turtlesim/include/turtlesim
[22.807s] -- Up-to-date: /home/ubuntu/ROS2-Tutorials/robot_ws/install/turtlesim/include/turtlesim/srv
[22.807s] -- Up-to-date: /home/ubuntu/ROS2-Tutorials/robot_ws/install/turtlesim/include/turtlesim/srv/detail
[22.807s] -- Up-to-date: /home/ubuntu/ROS2-Tutorials/robot_ws/install/turtlesim/include/turtlesim/srv/detail/kill__type_support.cpp
[22.807s] -- Up-to-date: /home/ubuntu/ROS2-Tutorials/robot_ws/install/turtlesim/include/turtlesim/srv/detail/set_pen__type_support.cpp
[22.807s] -- Up-to-date: /home/ubuntu/ROS2-Tutorials/robot_ws/install/turtlesim/include/turtlesim/srv/detail/spawn__type_support.cpp
[22.807s] -- Up-to-date: /home/ubuntu/ROS2-Tutorials/robot_ws/install/turtlesim/include/turtlesim/srv/detail/teleport_relative__type_support.cpp
[22.807s] -- Up-to-date: /home/ubuntu/ROS2-Tutorials/robot_ws/install/turtlesim/include/turtlesim/srv/detail/teleport_absolute__type_support.cpp
[22.808s] -- Up-to-date: /home/ubuntu/ROS2-Tutorials/robot_ws/install/turtlesim/include/turtlesim/srv/detail/teleport_absolute__rosidl_typesupport_introspection_cpp.hpp
[22.808s] -- Up-to-date: /home/ubuntu/ROS2-Tutorials/robot_ws/install/turtlesim/include/turtlesim/srv/detail/set_pen__rosidl_typesupport_introspection_cpp.hpp
[22.808s] -- Up-to-date: /home/ubuntu/ROS2-Tutorials/robot_ws/install/turtlesim/include/turtlesim/srv/detail/kill__rosidl_typesupport_introspection_cpp.hpp
[22.808s] -- Up-to-date: /home/ubuntu/ROS2-Tutorials/robot_ws/install/turtlesim/include/turtlesim/srv/detail/spawn__rosidl_typesupport_introspection_cpp.hpp
[22.808s] -- Up-to-date: /home/ubuntu/ROS2-Tutorials/robot_ws/install/turtlesim/include/turtlesim/srv/detail/teleport_relative__rosidl_typesupport_introspection_cpp.hpp
[22.808s] -- Up-to-date: /home/ubuntu/ROS2-Tutorials/robot_ws/install/turtlesim/include/turtlesim/msg
[22.808s] -- Up-to-date: /home/ubuntu/ROS2-Tutorials/robot_ws/install/turtlesim/include/turtlesim/msg/detail
[22.808s] -- Up-to-date: /home/ubuntu/ROS2-Tutorials/robot_ws/install/turtlesim/include/turtlesim/msg/detail/color__rosidl_typesupport_introspection_cpp.hpp
[22.808s] -- Up-to-date: /home/ubuntu/ROS2-Tutorials/robot_ws/install/turtlesim/include/turtlesim/msg/detail/pose__rosidl_typesupport_introspection_cpp.hpp
[22.808s] -- Up-to-date: /home/ubuntu/ROS2-Tutorials/robot_ws/install/turtlesim/include/turtlesim/msg/detail/color__type_support.cpp
[22.808s] -- Up-to-date: /home/ubuntu/ROS2-Tutorials/robot_ws/install/turtlesim/include/turtlesim/msg/detail/pose__type_support.cpp
[22.808s] -- Up-to-date: /home/ubuntu/ROS2-Tutorials/robot_ws/install/turtlesim/include/turtlesim/action
[22.809s] -- Up-to-date: /home/ubuntu/ROS2-Tutorials/robot_ws/install/turtlesim/include/turtlesim/action/detail
[22.809s] -- Up-to-date: /home/ubuntu/ROS2-Tutorials/robot_ws/install/turtlesim/include/turtlesim/action/detail/rotate_absolute__rosidl_typesupport_introspection_cpp.hpp
[22.809s] -- Up-to-date: /home/ubuntu/ROS2-Tutorials/robot_ws/install/turtlesim/include/turtlesim/action/detail/rotate_absolute__type_support.cpp
[22.809s] -- Installing: /home/ubuntu/ROS2-Tutorials/robot_ws/install/turtlesim/lib/libturtlesim__rosidl_typesupport_introspection_cpp.so
[22.809s] -- Set runtime path of "/home/ubuntu/ROS2-Tutorials/robot_ws/install/turtlesim/lib/libturtlesim__rosidl_typesupport_introspection_cpp.so" to ""
[22.809s] -- Installing: /home/ubuntu/ROS2-Tutorials/robot_ws/install/turtlesim/lib/libturtlesim__rosidl_typesupport_cpp.so
[22.809s] -- Set runtime path of "/home/ubuntu/ROS2-Tutorials/robot_ws/install/turtlesim/lib/libturtlesim__rosidl_typesupport_cpp.so" to ""
[22.809s] -- Up-to-date: /home/ubuntu/ROS2-Tutorials/robot_ws/install/turtlesim/share/turtlesim/environment/pythonpath.sh
[22.809s] -- Installing: /home/ubuntu/ROS2-Tutorials/robot_ws/install/turtlesim/share/turtlesim/environment/pythonpath.dsv
[22.809s] -- Installing: /home/ubuntu/ROS2-Tutorials/robot_ws/install/turtlesim/lib/python3.8/site-packages/turtlesim/__init__.py
[22.836s] Compiling '/home/ubuntu/ROS2-Tutorials/robot_ws/install/turtlesim/lib/python3.8/site-packages/turtlesim/__init__.py'...
[22.840s] -- Up-to-date: /home/ubuntu/ROS2-Tutorials/robot_ws/install/turtlesim/lib/python3.8/site-packages/turtlesim/action
[22.841s] -- Up-to-date: /home/ubuntu/ROS2-Tutorials/robot_ws/install/turtlesim/lib/python3.8/site-packages/turtlesim/action/_rotate_absolute.py
[22.841s] -- Up-to-date: /home/ubuntu/ROS2-Tutorials/robot_ws/install/turtlesim/lib/python3.8/site-packages/turtlesim/action/_rotate_absolute_s.c
[22.842s] -- Up-to-date: /home/ubuntu/ROS2-Tutorials/robot_ws/install/turtlesim/lib/python3.8/site-packages/turtlesim/action/__init__.py
[22.842s] -- Up-to-date: /home/ubuntu/ROS2-Tutorials/robot_ws/install/turtlesim/lib/python3.8/site-packages/turtlesim/msg
[22.842s] -- Up-to-date: /home/ubuntu/ROS2-Tutorials/robot_ws/install/turtlesim/lib/python3.8/site-packages/turtlesim/msg/_pose_s.c
[22.842s] -- Up-to-date: /home/ubuntu/ROS2-Tutorials/robot_ws/install/turtlesim/lib/python3.8/site-packages/turtlesim/msg/_color.py
[22.842s] -- Up-to-date: /home/ubuntu/ROS2-Tutorials/robot_ws/install/turtlesim/lib/python3.8/site-packages/turtlesim/msg/_pose.py
[22.843s] -- Up-to-date: /home/ubuntu/ROS2-Tutorials/robot_ws/install/turtlesim/lib/python3.8/site-packages/turtlesim/msg/_color_s.c
[22.843s] -- Up-to-date: /home/ubuntu/ROS2-Tutorials/robot_ws/install/turtlesim/lib/python3.8/site-packages/turtlesim/msg/__init__.py
[22.843s] -- Up-to-date: /home/ubuntu/ROS2-Tutorials/robot_ws/install/turtlesim/lib/python3.8/site-packages/turtlesim/srv
[22.843s] -- Up-to-date: /home/ubuntu/ROS2-Tutorials/robot_ws/install/turtlesim/lib/python3.8/site-packages/turtlesim/srv/_spawn.py
[22.843s] -- Up-to-date: /home/ubuntu/ROS2-Tutorials/robot_ws/install/turtlesim/lib/python3.8/site-packages/turtlesim/srv/_spawn_s.c
[22.843s] -- Up-to-date: /home/ubuntu/ROS2-Tutorials/robot_ws/install/turtlesim/lib/python3.8/site-packages/turtlesim/srv/_teleport_absolute_s.c
[22.844s] -- Up-to-date: /home/ubuntu/ROS2-Tutorials/robot_ws/install/turtlesim/lib/python3.8/site-packages/turtlesim/srv/_set_pen_s.c
[22.844s] -- Up-to-date: /home/ubuntu/ROS2-Tutorials/robot_ws/install/turtlesim/lib/python3.8/site-packages/turtlesim/srv/_teleport_relative.py
[22.844s] -- Up-to-date: /home/ubuntu/ROS2-Tutorials/robot_ws/install/turtlesim/lib/python3.8/site-packages/turtlesim/srv/_teleport_relative_s.c
[22.844s] -- Up-to-date: /home/ubuntu/ROS2-Tutorials/robot_ws/install/turtlesim/lib/python3.8/site-packages/turtlesim/srv/_kill_s.c
[22.844s] -- Up-to-date: /home/ubuntu/ROS2-Tutorials/robot_ws/install/turtlesim/lib/python3.8/site-packages/turtlesim/srv/_kill.py
[22.844s] -- Up-to-date: /home/ubuntu/ROS2-Tutorials/robot_ws/install/turtlesim/lib/python3.8/site-packages/turtlesim/srv/_set_pen.py
[22.845s] -- Up-to-date: /home/ubuntu/ROS2-Tutorials/robot_ws/install/turtlesim/lib/python3.8/site-packages/turtlesim/srv/_teleport_absolute.py
[22.845s] -- Up-to-date: /home/ubuntu/ROS2-Tutorials/robot_ws/install/turtlesim/lib/python3.8/site-packages/turtlesim/srv/__init__.py
[22.845s] -- Installing: /home/ubuntu/ROS2-Tutorials/robot_ws/install/turtlesim/lib/python3.8/site-packages/turtlesim/turtlesim_s__rosidl_typesupport_fastrtps_c.cpython-38-x86_64-linux-gnu.so
[22.845s] -- Set runtime path of "/home/ubuntu/ROS2-Tutorials/robot_ws/install/turtlesim/lib/python3.8/site-packages/turtlesim/turtlesim_s__rosidl_typesupport_fastrtps_c.cpython-38-x86_64-linux-gnu.so" to ""
[22.845s] -- Installing: /home/ubuntu/ROS2-Tutorials/robot_ws/install/turtlesim/lib/python3.8/site-packages/turtlesim/turtlesim_s__rosidl_typesupport_introspection_c.cpython-38-x86_64-linux-gnu.so
[22.845s] -- Set runtime path of "/home/ubuntu/ROS2-Tutorials/robot_ws/install/turtlesim/lib/python3.8/site-packages/turtlesim/turtlesim_s__rosidl_typesupport_introspection_c.cpython-38-x86_64-linux-gnu.so" to ""
[22.846s] -- Installing: /home/ubuntu/ROS2-Tutorials/robot_ws/install/turtlesim/lib/python3.8/site-packages/turtlesim/turtlesim_s__rosidl_typesupport_c.cpython-38-x86_64-linux-gnu.so
[22.846s] -- Set runtime path of "/home/ubuntu/ROS2-Tutorials/robot_ws/install/turtlesim/lib/python3.8/site-packages/turtlesim/turtlesim_s__rosidl_typesupport_c.cpython-38-x86_64-linux-gnu.so" to ""
[22.846s] -- Installing: /home/ubuntu/ROS2-Tutorials/robot_ws/install/turtlesim/lib/libturtlesim__python.so
[22.847s] -- Set runtime path of "/home/ubuntu/ROS2-Tutorials/robot_ws/install/turtlesim/lib/libturtlesim__python.so" to ""
[22.847s] -- Up-to-date: /home/ubuntu/ROS2-Tutorials/robot_ws/install/turtlesim/share/turtlesim/action/RotateAbsolute.idl
[22.847s] -- Up-to-date: /home/ubuntu/ROS2-Tutorials/robot_ws/install/turtlesim/share/turtlesim/msg/Color.idl
[22.847s] -- Up-to-date: /home/ubuntu/ROS2-Tutorials/robot_ws/install/turtlesim/share/turtlesim/msg/Pose.idl
[22.848s] -- Up-to-date: /home/ubuntu/ROS2-Tutorials/robot_ws/install/turtlesim/share/turtlesim/srv/Kill.idl
[22.848s] -- Up-to-date: /home/ubuntu/ROS2-Tutorials/robot_ws/install/turtlesim/share/turtlesim/srv/SetPen.idl
[22.848s] -- Up-to-date: /home/ubuntu/ROS2-Tutorials/robot_ws/install/turtlesim/share/turtlesim/srv/Spawn.idl
[22.848s] -- Up-to-date: /home/ubuntu/ROS2-Tutorials/robot_ws/install/turtlesim/share/turtlesim/srv/TeleportAbsolute.idl
[22.848s] -- Up-to-date: /home/ubuntu/ROS2-Tutorials/robot_ws/install/turtlesim/share/turtlesim/srv/TeleportRelative.idl
[22.849s] -- Installing: /home/ubuntu/ROS2-Tutorials/robot_ws/install/turtlesim/share/turtlesim/action/RotateAbsolute.action
[22.849s] -- Installing: /home/ubuntu/ROS2-Tutorials/robot_ws/install/turtlesim/share/turtlesim/msg/Color.msg
[22.850s] -- Installing: /home/ubuntu/ROS2-Tutorials/robot_ws/install/turtlesim/share/turtlesim/msg/Pose.msg
[22.850s] -- Installing: /home/ubuntu/ROS2-Tutorials/robot_ws/install/turtlesim/share/turtlesim/srv/Kill.srv
[22.850s] -- Up-to-date: /home/ubuntu/ROS2-Tutorials/robot_ws/install/turtlesim/share/turtlesim/srv/Kill_Request.msg
[22.850s] -- Up-to-date: /home/ubuntu/ROS2-Tutorials/robot_ws/install/turtlesim/share/turtlesim/srv/Kill_Response.msg
[22.850s] -- Installing: /home/ubuntu/ROS2-Tutorials/robot_ws/install/turtlesim/share/turtlesim/srv/SetPen.srv
[22.851s] -- Up-to-date: /home/ubuntu/ROS2-Tutorials/robot_ws/install/turtlesim/share/turtlesim/srv/SetPen_Request.msg
[22.851s] -- Up-to-date: /home/ubuntu/ROS2-Tutorials/robot_ws/install/turtlesim/share/turtlesim/srv/SetPen_Response.msg
[22.851s] -- Installing: /home/ubuntu/ROS2-Tutorials/robot_ws/install/turtlesim/share/turtlesim/srv/Spawn.srv
[22.851s] -- Up-to-date: /home/ubuntu/ROS2-Tutorials/robot_ws/install/turtlesim/share/turtlesim/srv/Spawn_Request.msg
[22.851s] -- Up-to-date: /home/ubuntu/ROS2-Tutorials/robot_ws/install/turtlesim/share/turtlesim/srv/Spawn_Response.msg
[22.851s] -- Installing: /home/ubuntu/ROS2-Tutorials/robot_ws/install/turtlesim/share/turtlesim/srv/TeleportAbsolute.srv
[22.851s] -- Up-to-date: /home/ubuntu/ROS2-Tutorials/robot_ws/install/turtlesim/share/turtlesim/srv/TeleportAbsolute_Request.msg
[22.851s] -- Up-to-date: /home/ubuntu/ROS2-Tutorials/robot_ws/install/turtlesim/share/turtlesim/srv/TeleportAbsolute_Response.msg
[22.851s] -- Installing: /home/ubuntu/ROS2-Tutorials/robot_ws/install/turtlesim/share/turtlesim/srv/TeleportRelative.srv
[22.851s] -- Up-to-date: /home/ubuntu/ROS2-Tutorials/robot_ws/install/turtlesim/share/turtlesim/srv/TeleportRelative_Request.msg
[22.851s] -- Up-to-date: /home/ubuntu/ROS2-Tutorials/robot_ws/install/turtlesim/share/turtlesim/srv/TeleportRelative_Response.msg
[22.852s] -- Installing: /home/ubuntu/ROS2-Tutorials/robot_ws/install/turtlesim/lib/turtlesim/turtlesim_node
[22.856s] -- Set runtime path of "/home/ubuntu/ROS2-Tutorials/robot_ws/install/turtlesim/lib/turtlesim/turtlesim_node" to ""
[22.856s] -- Installing: /home/ubuntu/ROS2-Tutorials/robot_ws/install/turtlesim/lib/turtlesim/turtle_teleop_key
[22.858s] -- Set runtime path of "/home/ubuntu/ROS2-Tutorials/robot_ws/install/turtlesim/lib/turtlesim/turtle_teleop_key" to ""
[22.858s] -- Installing: /home/ubuntu/ROS2-Tutorials/robot_ws/install/turtlesim/lib/turtlesim/draw_square
[22.862s] -- Set runtime path of "/home/ubuntu/ROS2-Tutorials/robot_ws/install/turtlesim/lib/turtlesim/draw_square" to ""
[22.862s] -- Installing: /home/ubuntu/ROS2-Tutorials/robot_ws/install/turtlesim/lib/turtlesim/mimic
[22.865s] -- Set runtime path of "/home/ubuntu/ROS2-Tutorials/robot_ws/install/turtlesim/lib/turtlesim/mimic" to ""
[22.866s] -- Up-to-date: /home/ubuntu/ROS2-Tutorials/robot_ws/install/turtlesim/share/turtlesim/images
[22.866s] -- Installing: /home/ubuntu/ROS2-Tutorials/robot_ws/install/turtlesim/share/turtlesim/images/bouncy.png
[22.866s] -- Installing: /home/ubuntu/ROS2-Tutorials/robot_ws/install/turtlesim/share/turtlesim/images/dashing.png
[22.866s] -- Installing: /home/ubuntu/ROS2-Tutorials/robot_ws/install/turtlesim/share/turtlesim/images/ardent.png
[22.866s] -- Installing: /home/ubuntu/ROS2-Tutorials/robot_ws/install/turtlesim/share/turtlesim/images/foxy.png
[22.867s] -- Installing: /home/ubuntu/ROS2-Tutorials/robot_ws/install/turtlesim/share/turtlesim/images/crystal.png
[22.867s] -- Installing: /home/ubuntu/ROS2-Tutorials/robot_ws/install/turtlesim/share/turtlesim/images/eloquent.png
[22.867s] -- Up-to-date: /home/ubuntu/ROS2-Tutorials/robot_ws/install/turtlesim/share/turtlesim/launch
[22.867s] -- Installing: /home/ubuntu/ROS2-Tutorials/robot_ws/install/turtlesim/share/turtlesim/launch/multisim.launch.py
[22.868s] -- Up-to-date: /home/ubuntu/ROS2-Tutorials/robot_ws/install/turtlesim/share/ament_index/resource_index/package_run_dependencies/turtlesim
[22.868s] -- Installing: /home/ubuntu/ROS2-Tutorials/robot_ws/install/turtlesim/share/ament_index/resource_index/parent_prefix_path/turtlesim
[22.868s] -- Installing: /home/ubuntu/ROS2-Tutorials/robot_ws/install/turtlesim/share/turtlesim/environment/ament_prefix_path.sh
[22.868s] -- Installing: /home/ubuntu/ROS2-Tutorials/robot_ws/install/turtlesim/share/turtlesim/environment/ament_prefix_path.dsv
[22.868s] -- Installing: /home/ubuntu/ROS2-Tutorials/robot_ws/install/turtlesim/share/turtlesim/environment/path.sh
[22.869s] -- Installing: /home/ubuntu/ROS2-Tutorials/robot_ws/install/turtlesim/share/turtlesim/environment/path.dsv
[22.869s] -- Up-to-date: /home/ubuntu/ROS2-Tutorials/robot_ws/install/turtlesim/share/turtlesim/local_setup.bash
[22.869s] -- Up-to-date: /home/ubuntu/ROS2-Tutorials/robot_ws/install/turtlesim/share/turtlesim/local_setup.sh
[22.869s] -- Up-to-date: /home/ubuntu/ROS2-Tutorials/robot_ws/install/turtlesim/share/turtlesim/local_setup.zsh
[22.870s] -- Installing: /home/ubuntu/ROS2-Tutorials/robot_ws/install/turtlesim/share/turtlesim/local_setup.dsv
[22.870s] -- Installing: /home/ubuntu/ROS2-Tutorials/robot_ws/install/turtlesim/share/turtlesim/package.dsv
[22.870s] -- Up-to-date: /home/ubuntu/ROS2-Tutorials/robot_ws/install/turtlesim/share/ament_index/resource_index/packages/turtlesim
[22.870s] -- Up-to-date: /home/ubuntu/ROS2-Tutorials/robot_ws/install/turtlesim/share/turtlesim/cmake/turtlesim__rosidl_generator_cExport.cmake
[22.871s] -- Installing: /home/ubuntu/ROS2-Tutorials/robot_ws/install/turtlesim/share/turtlesim/cmake/turtlesim__rosidl_generator_cExport-noconfig.cmake
[22.871s] -- Up-to-date: /home/ubuntu/ROS2-Tutorials/robot_ws/install/turtlesim/share/turtlesim/cmake/turtlesim__rosidl_typesupport_introspection_cExport.cmake
[22.871s] -- Installing: /home/ubuntu/ROS2-Tutorials/robot_ws/install/turtlesim/share/turtlesim/cmake/turtlesim__rosidl_typesupport_introspection_cExport-noconfig.cmake
[22.871s] -- Up-to-date: /home/ubuntu/ROS2-Tutorials/robot_ws/install/turtlesim/share/turtlesim/cmake/turtlesim__rosidl_typesupport_cExport.cmake
[22.871s] -- Installing: /home/ubuntu/ROS2-Tutorials/robot_ws/install/turtlesim/share/turtlesim/cmake/turtlesim__rosidl_typesupport_cExport-noconfig.cmake
[22.871s] -- Up-to-date: /home/ubuntu/ROS2-Tutorials/robot_ws/install/turtlesim/share/turtlesim/cmake/turtlesim__rosidl_generator_cppExport.cmake
[22.872s] -- Up-to-date: /home/ubuntu/ROS2-Tutorials/robot_ws/install/turtlesim/share/turtlesim/cmake/turtlesim__rosidl_typesupport_introspection_cppExport.cmake
[22.872s] -- Installing: /home/ubuntu/ROS2-Tutorials/robot_ws/install/turtlesim/share/turtlesim/cmake/turtlesim__rosidl_typesupport_introspection_cppExport-noconfig.cmake
[22.872s] -- Up-to-date: /home/ubuntu/ROS2-Tutorials/robot_ws/install/turtlesim/share/turtlesim/cmake/turtlesim__rosidl_typesupport_cppExport.cmake
[22.872s] -- Installing: /home/ubuntu/ROS2-Tutorials/robot_ws/install/turtlesim/share/turtlesim/cmake/turtlesim__rosidl_typesupport_cppExport-noconfig.cmake
[22.873s] -- Up-to-date: /home/ubuntu/ROS2-Tutorials/robot_ws/install/turtlesim/share/turtlesim/cmake/rosidl_cmake-extras.cmake
[22.873s] -- Up-to-date: /home/ubuntu/ROS2-Tutorials/robot_ws/install/turtlesim/share/turtlesim/cmake/ament_cmake_export_dependencies-extras.cmake
[22.873s] -- Up-to-date: /home/ubuntu/ROS2-Tutorials/robot_ws/install/turtlesim/share/turtlesim/cmake/ament_cmake_export_libraries-extras.cmake
[22.873s] -- Up-to-date: /home/ubuntu/ROS2-Tutorials/robot_ws/install/turtlesim/share/turtlesim/cmake/ament_cmake_export_targets-extras.cmake
[22.873s] -- Up-to-date: /home/ubuntu/ROS2-Tutorials/robot_ws/install/turtlesim/share/turtlesim/cmake/ament_cmake_export_include_directories-extras.cmake
[22.873s] -- Up-to-date: /home/ubuntu/ROS2-Tutorials/robot_ws/install/turtlesim/share/turtlesim/cmake/rosidl_cmake_export_typesupport_libraries-extras.cmake
[22.873s] -- Up-to-date: /home/ubuntu/ROS2-Tutorials/robot_ws/install/turtlesim/share/turtlesim/cmake/rosidl_cmake_export_typesupport_targets-extras.cmake
[22.873s] -- Up-to-date: /home/ubuntu/ROS2-Tutorials/robot_ws/install/turtlesim/share/turtlesim/cmake/turtlesimConfig.cmake
[22.873s] -- Up-to-date: /home/ubuntu/ROS2-Tutorials/robot_ws/install/turtlesim/share/turtlesim/cmake/turtlesimConfig-version.cmake
[22.874s] -- Installing: /home/ubuntu/ROS2-Tutorials/robot_ws/install/turtlesim/share/turtlesim/package.xml
[22.875s] Invoked command in '/home/ubuntu/ROS2-Tutorials/robot_ws/build/turtlesim' returned '0': CMAKE_PREFIX_PATH=${CMAKE_PREFIX_PATH}:/home/ubuntu/ROS2-Tutorials/robot_ws/install/tb3_teleop:/home/ubuntu/ROS2-Tutorials/robot_ws/install/srv_examples:/home/ubuntu/ROS2-Tutorials/robot_ws/install/rqt_joy:/home/ubuntu/ROS2-Tutorials/robot_ws/install/pubsub:/home/ubuntu/ROS2-Tutorials/robot_ws/install/myfirstpackage:/home/ubuntu/ROS2-Tutorials/robot_ws/install/hello_world:/opt/ros/foxy /usr/bin/cmake --install /home/ubuntu/ROS2-Tutorials/robot_ws/build/turtlesim
