[0.288s] Invoking command in '/home/ubuntu/robot_ws/src/myfirstpackage': PYTHONPATH=/home/ubuntu/robot_ws/install/myfirstpackage/lib/python3.8/site-packages:${PYTHONPATH} /usr/bin/python3 setup.py egg_info --egg-base ../../build/myfirstpackage build --build-base /home/ubuntu/robot_ws/build/myfirstpackage/build install --prefix /home/ubuntu/robot_ws/install/myfirstpackage --record /home/ubuntu/robot_ws/build/myfirstpackage/install.log --single-version-externally-managed
[0.570s] running egg_info
[0.571s] creating ../../build/myfirstpackage/myfirstpackage.egg-info
[0.571s] writing ../../build/myfirstpackage/myfirstpackage.egg-info/PKG-INFO
[0.571s] writing dependency_links to ../../build/myfirstpackage/myfirstpackage.egg-info/dependency_links.txt
[0.572s] writing entry points to ../../build/myfirstpackage/myfirstpackage.egg-info/entry_points.txt
[0.572s] writing requirements to ../../build/myfirstpackage/myfirstpackage.egg-info/requires.txt
[0.572s] writing top-level names to ../../build/myfirstpackage/myfirstpackage.egg-info/top_level.txt
[0.576s] writing manifest file '../../build/myfirstpackage/myfirstpackage.egg-info/SOURCES.txt'
[0.623s] reading manifest file '../../build/myfirstpackage/myfirstpackage.egg-info/SOURCES.txt'
[0.624s] writing manifest file '../../build/myfirstpackage/myfirstpackage.egg-info/SOURCES.txt'
[0.625s] running build
[0.625s] running build_py
[0.625s] creating /home/ubuntu/robot_ws/build/myfirstpackage/build
[0.625s] creating /home/ubuntu/robot_ws/build/myfirstpackage/build/lib
[0.625s] creating /home/ubuntu/robot_ws/build/myfirstpackage/build/lib/myfirstpackage
[0.626s] copying myfirstpackage/__init__.py -> /home/ubuntu/robot_ws/build/myfirstpackage/build/lib/myfirstpackage
[0.626s] running install
[0.627s] running install_lib
[0.627s] creating /home/ubuntu/robot_ws/install/myfirstpackage/lib/python3.8/site-packages/myfirstpackage
[0.628s] copying /home/ubuntu/robot_ws/build/myfirstpackage/build/lib/myfirstpackage/__init__.py -> /home/ubuntu/robot_ws/install/myfirstpackage/lib/python3.8/site-packages/myfirstpackage
[0.628s] byte-compiling /home/ubuntu/robot_ws/install/myfirstpackage/lib/python3.8/site-packages/myfirstpackage/__init__.py to __init__.cpython-38.pyc
[0.629s] running install_data
[0.630s] creating /home/ubuntu/robot_ws/install/myfirstpackage/share/ament_index
[0.630s] creating /home/ubuntu/robot_ws/install/myfirstpackage/share/ament_index/resource_index
[0.631s] creating /home/ubuntu/robot_ws/install/myfirstpackage/share/ament_index/resource_index/packages
[0.631s] copying resource/myfirstpackage -> /home/ubuntu/robot_ws/install/myfirstpackage/share/ament_index/resource_index/packages
[0.631s] copying package.xml -> /home/ubuntu/robot_ws/install/myfirstpackage/share/myfirstpackage
[0.631s] running install_egg_info
[0.634s] Copying ../../build/myfirstpackage/myfirstpackage.egg-info to /home/ubuntu/robot_ws/install/myfirstpackage/lib/python3.8/site-packages/myfirstpackage-0.0.0-py3.8.egg-info
[0.636s] running install_scripts
[0.661s] writing list of installed files to '/home/ubuntu/robot_ws/build/myfirstpackage/install.log'
[0.695s] Invoked command in '/home/ubuntu/robot_ws/src/myfirstpackage' returned '0': PYTHONPATH=/home/ubuntu/robot_ws/install/myfirstpackage/lib/python3.8/site-packages:${PYTHONPATH} /usr/bin/python3 setup.py egg_info --egg-base ../../build/myfirstpackage build --build-base /home/ubuntu/robot_ws/build/myfirstpackage/build install --prefix /home/ubuntu/robot_ws/install/myfirstpackage --record /home/ubuntu/robot_ws/build/myfirstpackage/install.log --single-version-externally-managed
