[1.543s] Invoking command in '/home/ubuntu/robot_ws/src/pubsub': PYTHONPATH=/home/ubuntu/robot_ws/install/pubsub/lib/python3.8/site-packages:${PYTHONPATH} /usr/bin/python3 setup.py egg_info --egg-base ../../build/pubsub build --build-base /home/ubuntu/robot_ws/build/pubsub/build install --prefix /home/ubuntu/robot_ws/install/pubsub --record /home/ubuntu/robot_ws/build/pubsub/install.log --single-version-externally-managed
[1.872s] running egg_info
[1.873s] writing ../../build/pubsub/pubsub.egg-info/PKG-INFO
[1.874s] writing dependency_links to ../../build/pubsub/pubsub.egg-info/dependency_links.txt
[1.874s] writing entry points to ../../build/pubsub/pubsub.egg-info/entry_points.txt
[1.875s] writing requirements to ../../build/pubsub/pubsub.egg-info/requires.txt
[1.875s] writing top-level names to ../../build/pubsub/pubsub.egg-info/top_level.txt
[1.926s] reading manifest file '../../build/pubsub/pubsub.egg-info/SOURCES.txt'
[1.927s] writing manifest file '../../build/pubsub/pubsub.egg-info/SOURCES.txt'
[1.927s] running build
[1.927s] running build_py
[1.929s] running install
[1.930s] running install_lib
[1.931s] running install_data
[1.932s] running install_egg_info
[1.934s] removing '/home/ubuntu/robot_ws/install/pubsub/lib/python3.8/site-packages/pubsub-0.0.0-py3.8.egg-info' (and everything under it)
[1.936s] Copying ../../build/pubsub/pubsub.egg-info to /home/ubuntu/robot_ws/install/pubsub/lib/python3.8/site-packages/pubsub-0.0.0-py3.8.egg-info
[1.936s] running install_scripts
[1.962s] Installing myfirstpublisher script to /home/ubuntu/robot_ws/install/pubsub/lib/pubsub
[1.962s] Installing myfirstsubscriber script to /home/ubuntu/robot_ws/install/pubsub/lib/pubsub
[1.963s] writing list of installed files to '/home/ubuntu/robot_ws/build/pubsub/install.log'
[2.052s] Invoked command in '/home/ubuntu/robot_ws/src/pubsub' returned '0': PYTHONPATH=/home/ubuntu/robot_ws/install/pubsub/lib/python3.8/site-packages:${PYTHONPATH} /usr/bin/python3 setup.py egg_info --egg-base ../../build/pubsub build --build-base /home/ubuntu/robot_ws/build/pubsub/build install --prefix /home/ubuntu/robot_ws/install/pubsub --record /home/ubuntu/robot_ws/build/pubsub/install.log --single-version-externally-managed
