[0.013s] Invoking command in '/home/ubuntu/robot_ws/build/turtlesim': CMAKE_PREFIX_PATH=/opt/ros/foxy /usr/bin/cmake /home/ubuntu/robot_ws/src/ros_tutorials/turtlesim -DCMAKE_INSTALL_PREFIX=/home/ubuntu/robot_ws/install/turtlesim
[0.209s] -- The C compiler identification is GNU 9.3.0
[0.350s] -- The CXX compiler identification is GNU 9.3.0
[0.364s] -- Check for working C compiler: /usr/bin/cc
[0.444s] -- Check for working C compiler: /usr/bin/cc -- works
[0.447s] -- Detecting C compiler ABI info
[0.519s] -- Detecting C compiler ABI info - done
[0.535s] -- Detecting C compile features
[0.536s] -- Detecting C compile features - done
[0.541s] -- Check for working CXX compiler: /usr/bin/c++
[0.628s] -- Check for working CXX compiler: /usr/bin/c++ -- works
[0.630s] -- Detecting CXX compiler ABI info
[0.718s] -- Detecting CXX compiler ABI info - done
[0.731s] -- Detecting CXX compile features
[0.732s] -- Detecting CXX compile features - done
[0.738s] -- Found ament_cmake: 0.9.8 (/opt/ros/foxy/share/ament_cmake/cmake)
[0.769s] -- Found PythonInterp: /usr/bin/python3 (found suitable version "3.8.5", minimum required is "3") 
[0.769s] -- Using PYTHON_EXECUTABLE: /usr/bin/python3
[1.050s] -- Found ament_index_cpp: 1.0.2 (/opt/ros/foxy/share/ament_index_cpp/cmake)
[1.056s] -- Found geometry_msgs: 2.0.3 (/opt/ros/foxy/share/geometry_msgs/cmake)
[1.111s] -- Using all available rosidl_typesupport_c: rosidl_typesupport_fastrtps_c;rosidl_typesupport_introspection_c
[1.123s] -- Found rosidl_adapter: 1.2.0 (/opt/ros/foxy/share/rosidl_adapter/cmake)
[1.257s] -- Found OpenSSL: /usr/lib/x86_64-linux-gnu/libcrypto.so (found version "1.1.1f")  
[1.300s] -- Found FastRTPS: /opt/ros/foxy/include  
[1.422s] -- Using all available rosidl_typesupport_cpp: rosidl_typesupport_fastrtps_cpp;rosidl_typesupport_introspection_cpp
[1.583s] -- Found rclcpp: 2.3.0 (/opt/ros/foxy/share/rclcpp/cmake)
[1.654s] -- Found rmw_implementation_cmake: 1.0.2 (/opt/ros/foxy/share/rmw_implementation_cmake/cmake)
[1.657s] -- Using RMW implementation 'rmw_fastrtps_cpp' as default
[1.660s] -- Looking for pthread.h
[1.743s] -- Looking for pthread.h - found
[1.743s] -- Performing Test CMAKE_HAVE_LIBC_PTHREAD
[1.819s] -- Performing Test CMAKE_HAVE_LIBC_PTHREAD - Failed
[1.819s] -- Looking for pthread_create in pthreads
[1.884s] -- Looking for pthread_create in pthreads - not found
[1.884s] -- Looking for pthread_create in pthread
[1.955s] -- Looking for pthread_create in pthread - found
[1.956s] -- Found Threads: TRUE  
[2.160s] -- Found rclcpp_action: 2.3.0 (/opt/ros/foxy/share/rclcpp_action/cmake)
[2.272s] -- Found rosidl_default_generators: 1.0.0 (/opt/ros/foxy/share/rosidl_default_generators/cmake)
[2.289s] -- Found std_srvs: 2.0.3 (/opt/ros/foxy/share/std_srvs/cmake)
[2.328s] -- Found PythonInterp: /usr/bin/python3 (found version "3.8.5") 
[2.581s] -- Found ament_cmake_ros: 0.9.1 (/opt/ros/foxy/share/ament_cmake_ros/cmake)
[2.783s] -- Using all available rosidl_typesupport_c: rosidl_typesupport_fastrtps_c;rosidl_typesupport_introspection_c
[2.822s] -- Using all available rosidl_typesupport_cpp: rosidl_typesupport_fastrtps_cpp;rosidl_typesupport_introspection_cpp
[2.854s] -- Found PythonInterp: /usr/bin/python3 (found suitable version "3.8.5", minimum required is "3.5") 
[2.856s] -- Found python_cmake_module: 0.8.0 (/opt/ros/foxy/share/python_cmake_module/cmake)
[2.892s] -- Found PythonLibs: /usr/lib/x86_64-linux-gnu/libpython3.8.so (found suitable version "3.8.5", minimum required is "3.5") 
[2.892s] -- Using PYTHON_EXECUTABLE: /usr/bin/python3
[2.892s] -- Using PYTHON_INCLUDE_DIRS: /usr/include/python3.8
[2.892s] -- Using PYTHON_LIBRARIES: /usr/lib/x86_64-linux-gnu/libpython3.8.so
[2.915s] -- Found PythonExtra: .so  
[3.012s] -- Configuring done
[3.141s] -- Generating done
[3.147s] -- Build files have been written to: /home/ubuntu/robot_ws/build/turtlesim
[3.158s] Invoked command in '/home/ubuntu/robot_ws/build/turtlesim' returned '0': CMAKE_PREFIX_PATH=/opt/ros/foxy /usr/bin/cmake /home/ubuntu/robot_ws/src/ros_tutorials/turtlesim -DCMAKE_INSTALL_PREFIX=/home/ubuntu/robot_ws/install/turtlesim
[3.161s] Invoking command in '/home/ubuntu/robot_ws/build/turtlesim': CMAKE_PREFIX_PATH=/opt/ros/foxy /usr/bin/cmake --build /home/ubuntu/robot_ws/build/turtlesim -- -j12 -l12
[3.208s] [35m[1mScanning dependencies of target turtlesim__cpp[0m
[3.209s] [  1%] [34m[1mGenerating C code for ROS interfaces[0m
[3.220s] [  2%] [34m[1mGenerating C++ code for ROS interfaces[0m
[4.367s] [  2%] Built target turtlesim__cpp
[4.386s] [  3%] [34m[1mGenerating C++ type support dispatch for ROS interfaces[0m
[4.406s] [  4%] [34m[1mGenerating C++ introspection for ROS interfaces[0m
[4.415s] [  5%] [34m[1mGenerating C++ type support for eProsima Fast-RTPS[0m
[4.432s] [35m[1mScanning dependencies of target turtlesim__rosidl_generator_c[0m
[4.473s] [  7%] [32mBuilding C object CMakeFiles/turtlesim__rosidl_generator_c.dir/rosidl_generator_c/turtlesim/action/detail/rotate_absolute__functions.c.o[0m
[4.474s] [  7%] [32mBuilding C object CMakeFiles/turtlesim__rosidl_generator_c.dir/rosidl_generator_c/turtlesim/srv/detail/set_pen__functions.c.o[0m
[4.474s] [  8%] [32mBuilding C object CMakeFiles/turtlesim__rosidl_generator_c.dir/rosidl_generator_c/turtlesim/srv/detail/kill__functions.c.o[0m
[4.475s] [  9%] [32mBuilding C object CMakeFiles/turtlesim__rosidl_generator_c.dir/rosidl_generator_c/turtlesim/msg/detail/pose__functions.c.o[0m
[4.475s] [ 10%] [32mBuilding C object CMakeFiles/turtlesim__rosidl_generator_c.dir/rosidl_generator_c/turtlesim/msg/detail/color__functions.c.o[0m
[4.477s] [ 11%] [32mBuilding C object CMakeFiles/turtlesim__rosidl_generator_c.dir/rosidl_generator_c/turtlesim/srv/detail/teleport_relative__functions.c.o[0m
[4.477s] [ 12%] [32mBuilding C object CMakeFiles/turtlesim__rosidl_generator_c.dir/rosidl_generator_c/turtlesim/srv/detail/spawn__functions.c.o[0m
[4.479s] [ 13%] [32mBuilding C object CMakeFiles/turtlesim__rosidl_generator_c.dir/rosidl_generator_c/turtlesim/srv/detail/teleport_absolute__functions.c.o[0m
[4.629s] [ 14%] [32m[1mLinking C shared library libturtlesim__rosidl_generator_c.so[0m
[4.681s] [ 14%] Built target turtlesim__rosidl_generator_c
[4.692s] [ 15%] [34m[1mGenerating C type support dispatch for ROS interfaces[0m
[4.695s] [ 16%] [34m[1mGenerating C introspection for ROS interfaces[0m
[5.281s] [35m[1mScanning dependencies of target turtlesim__rosidl_typesupport_cpp[0m
[5.321s] [ 18%] [32mBuilding CXX object CMakeFiles/turtlesim__rosidl_typesupport_cpp.dir/rosidl_typesupport_cpp/turtlesim/action/rotate_absolute__type_support.cpp.o[0m
[5.322s] [ 18%] [32mBuilding CXX object CMakeFiles/turtlesim__rosidl_typesupport_cpp.dir/rosidl_typesupport_cpp/turtlesim/msg/pose__type_support.cpp.o[0m
[5.322s] [ 19%] [32mBuilding CXX object CMakeFiles/turtlesim__rosidl_typesupport_cpp.dir/rosidl_typesupport_cpp/turtlesim/srv/spawn__type_support.cpp.o[0m
[5.324s] [ 20%] [32mBuilding CXX object CMakeFiles/turtlesim__rosidl_typesupport_cpp.dir/rosidl_typesupport_cpp/turtlesim/msg/color__type_support.cpp.o[0m
[5.324s] [ 21%] [32mBuilding CXX object CMakeFiles/turtlesim__rosidl_typesupport_cpp.dir/rosidl_typesupport_cpp/turtlesim/srv/kill__type_support.cpp.o[0m
[5.328s] [ 22%] [32mBuilding CXX object CMakeFiles/turtlesim__rosidl_typesupport_cpp.dir/rosidl_typesupport_cpp/turtlesim/srv/teleport_absolute__type_support.cpp.o[0m
[5.329s] [ 23%] [32mBuilding CXX object CMakeFiles/turtlesim__rosidl_typesupport_cpp.dir/rosidl_typesupport_cpp/turtlesim/srv/teleport_relative__type_support.cpp.o[0m
[5.332s] [ 24%] [32mBuilding CXX object CMakeFiles/turtlesim__rosidl_typesupport_cpp.dir/rosidl_typesupport_cpp/turtlesim/srv/set_pen__type_support.cpp.o[0m
[5.703s] [35m[1mScanning dependencies of target turtlesim__rosidl_typesupport_c[0m
[5.720s] [35m[1mScanning dependencies of target turtlesim__rosidl_typesupport_introspection_cpp[0m
[5.765s] [ 25%] [32mBuilding CXX object CMakeFiles/turtlesim__rosidl_typesupport_c.dir/rosidl_typesupport_c/turtlesim/action/rotate_absolute__type_support.cpp.o[0m
[5.790s] [ 26%] [32mBuilding CXX object CMakeFiles/turtlesim__rosidl_typesupport_introspection_cpp.dir/rosidl_typesupport_introspection_cpp/turtlesim/action/detail/rotate_absolute__type_support.cpp.o[0m
[5.901s] [ 27%] [32mBuilding CXX object CMakeFiles/turtlesim__rosidl_typesupport_c.dir/rosidl_typesupport_c/turtlesim/msg/color__type_support.cpp.o[0m
[5.968s] [ 28%] [32mBuilding CXX object CMakeFiles/turtlesim__rosidl_typesupport_c.dir/rosidl_typesupport_c/turtlesim/msg/pose__type_support.cpp.o[0m
[6.031s] [ 29%] [32mBuilding CXX object CMakeFiles/turtlesim__rosidl_typesupport_c.dir/rosidl_typesupport_c/turtlesim/srv/kill__type_support.cpp.o[0m
[6.072s] [ 30%] [32mBuilding CXX object CMakeFiles/turtlesim__rosidl_typesupport_introspection_cpp.dir/rosidl_typesupport_introspection_cpp/turtlesim/msg/detail/color__type_support.cpp.o[0m
[6.072s] [ 31%] [32mBuilding CXX object CMakeFiles/turtlesim__rosidl_typesupport_c.dir/rosidl_typesupport_c/turtlesim/srv/set_pen__type_support.cpp.o[0m
[6.080s] [ 32%] [32mBuilding CXX object CMakeFiles/turtlesim__rosidl_typesupport_introspection_cpp.dir/rosidl_typesupport_introspection_cpp/turtlesim/msg/detail/pose__type_support.cpp.o[0m
[6.082s] [ 33%] [32mBuilding CXX object CMakeFiles/turtlesim__rosidl_typesupport_c.dir/rosidl_typesupport_c/turtlesim/srv/spawn__type_support.cpp.o[0m
[6.089s] [ 34%] [32mBuilding CXX object CMakeFiles/turtlesim__rosidl_typesupport_c.dir/rosidl_typesupport_c/turtlesim/srv/teleport_absolute__type_support.cpp.o[0m
[6.092s] [ 36%] [32mBuilding CXX object CMakeFiles/turtlesim__rosidl_typesupport_c.dir/rosidl_typesupport_c/turtlesim/srv/teleport_relative__type_support.cpp.o[0m
[6.092s] [ 36%] [32mBuilding CXX object CMakeFiles/turtlesim__rosidl_typesupport_introspection_cpp.dir/rosidl_typesupport_introspection_cpp/turtlesim/srv/detail/kill__type_support.cpp.o[0m
[6.095s] [ 37%] [32mBuilding CXX object CMakeFiles/turtlesim__rosidl_typesupport_introspection_cpp.dir/rosidl_typesupport_introspection_cpp/turtlesim/srv/detail/set_pen__type_support.cpp.o[0m
[6.101s] [35m[1mScanning dependencies of target turtlesim__rosidl_typesupport_fastrtps_cpp[0m
[6.149s] [ 38%] [32mBuilding CXX object CMakeFiles/turtlesim__rosidl_typesupport_introspection_cpp.dir/rosidl_typesupport_introspection_cpp/turtlesim/srv/detail/spawn__type_support.cpp.o[0m
[6.155s] [ 39%] [32m[1mLinking CXX shared library libturtlesim__rosidl_typesupport_c.so[0m
[6.157s] [ 40%] [32mBuilding CXX object CMakeFiles/turtlesim__rosidl_typesupport_introspection_cpp.dir/rosidl_typesupport_introspection_cpp/turtlesim/srv/detail/teleport_absolute__type_support.cpp.o[0m
[6.161s] [ 41%] [32mBuilding CXX object CMakeFiles/turtlesim__rosidl_typesupport_introspection_cpp.dir/rosidl_typesupport_introspection_cpp/turtlesim/srv/detail/teleport_relative__type_support.cpp.o[0m
[6.165s] [ 42%] [32m[1mLinking CXX shared library libturtlesim__rosidl_typesupport_cpp.so[0m
[6.171s] [35m[1mScanning dependencies of target turtlesim__rosidl_typesupport_introspection_c[0m
[6.239s] [ 43%] [32mBuilding C object CMakeFiles/turtlesim__rosidl_typesupport_introspection_c.dir/rosidl_typesupport_introspection_c/turtlesim/action/detail/rotate_absolute__type_support.c.o[0m
[6.245s] [ 43%] Built target turtlesim__rosidl_typesupport_c
[6.247s] [ 44%] [32mBuilding CXX object CMakeFiles/turtlesim__rosidl_typesupport_fastrtps_cpp.dir/rosidl_typesupport_fastrtps_cpp/turtlesim/action/detail/dds_fastrtps/rotate_absolute__type_support.cpp.o[0m
[6.248s] [ 44%] Built target turtlesim__rosidl_typesupport_cpp
[6.262s] [ 45%] [32mBuilding C object CMakeFiles/turtlesim__rosidl_typesupport_introspection_c.dir/rosidl_typesupport_introspection_c/turtlesim/msg/detail/color__type_support.c.o[0m
[6.262s] [ 46%] [32mBuilding CXX object CMakeFiles/turtlesim__rosidl_typesupport_fastrtps_cpp.dir/rosidl_typesupport_fastrtps_cpp/turtlesim/msg/detail/dds_fastrtps/color__type_support.cpp.o[0m
[6.332s] [ 47%] [32mBuilding C object CMakeFiles/turtlesim__rosidl_typesupport_introspection_c.dir/rosidl_typesupport_introspection_c/turtlesim/msg/detail/pose__type_support.c.o[0m
[6.342s] [ 48%] [32mBuilding C object CMakeFiles/turtlesim__rosidl_typesupport_introspection_c.dir/rosidl_typesupport_introspection_c/turtlesim/srv/detail/kill__type_support.c.o[0m
[6.395s] [ 49%] [32mBuilding C object CMakeFiles/turtlesim__rosidl_typesupport_introspection_c.dir/rosidl_typesupport_introspection_c/turtlesim/srv/detail/set_pen__type_support.c.o[0m
[6.414s] [ 50%] [32mBuilding C object CMakeFiles/turtlesim__rosidl_typesupport_introspection_c.dir/rosidl_typesupport_introspection_c/turtlesim/srv/detail/spawn__type_support.c.o[0m
[6.468s] [ 51%] [32mBuilding C object CMakeFiles/turtlesim__rosidl_typesupport_introspection_c.dir/rosidl_typesupport_introspection_c/turtlesim/srv/detail/teleport_absolute__type_support.c.o[0m
[6.485s] [ 52%] [32mBuilding C object CMakeFiles/turtlesim__rosidl_typesupport_introspection_c.dir/rosidl_typesupport_introspection_c/turtlesim/srv/detail/teleport_relative__type_support.c.o[0m
[6.541s] [ 53%] [32mBuilding CXX object CMakeFiles/turtlesim__rosidl_typesupport_fastrtps_cpp.dir/rosidl_typesupport_fastrtps_cpp/turtlesim/msg/detail/dds_fastrtps/pose__type_support.cpp.o[0m
[6.563s] [ 54%] [32mBuilding CXX object CMakeFiles/turtlesim__rosidl_typesupport_fastrtps_cpp.dir/rosidl_typesupport_fastrtps_cpp/turtlesim/srv/detail/dds_fastrtps/kill__type_support.cpp.o[0m
[6.570s] [ 55%] [32m[1mLinking C shared library libturtlesim__rosidl_typesupport_introspection_c.so[0m
[6.643s] [ 55%] Built target turtlesim__rosidl_typesupport_introspection_c
[6.660s] [ 56%] [32mBuilding CXX object CMakeFiles/turtlesim__rosidl_typesupport_fastrtps_cpp.dir/rosidl_typesupport_fastrtps_cpp/turtlesim/srv/detail/dds_fastrtps/set_pen__type_support.cpp.o[0m
[6.697s] [ 57%] [32mBuilding CXX object CMakeFiles/turtlesim__rosidl_typesupport_fastrtps_cpp.dir/rosidl_typesupport_fastrtps_cpp/turtlesim/srv/detail/dds_fastrtps/spawn__type_support.cpp.o[0m
[6.699s] [ 58%] [32mBuilding CXX object CMakeFiles/turtlesim__rosidl_typesupport_fastrtps_cpp.dir/rosidl_typesupport_fastrtps_cpp/turtlesim/srv/detail/dds_fastrtps/teleport_absolute__type_support.cpp.o[0m
[6.718s] [ 59%] [32mBuilding CXX object CMakeFiles/turtlesim__rosidl_typesupport_fastrtps_cpp.dir/rosidl_typesupport_fastrtps_cpp/turtlesim/srv/detail/dds_fastrtps/teleport_relative__type_support.cpp.o[0m
[6.789s] [ 60%] [32m[1mLinking CXX shared library libturtlesim__rosidl_typesupport_introspection_cpp.so[0m
[6.936s] [ 60%] Built target turtlesim__rosidl_typesupport_introspection_cpp
[7.448s] [ 61%] [32m[1mLinking CXX shared library libturtlesim__rosidl_typesupport_fastrtps_cpp.so[0m
[7.555s] [ 61%] Built target turtlesim__rosidl_typesupport_fastrtps_cpp
[7.566s] [ 62%] [34m[1mGenerating C type support for eProsima Fast-RTPS[0m
[8.529s] [35m[1mScanning dependencies of target turtlesim__rosidl_typesupport_fastrtps_c[0m
[8.573s] [ 63%] [32mBuilding CXX object CMakeFiles/turtlesim__rosidl_typesupport_fastrtps_c.dir/rosidl_typesupport_fastrtps_c/turtlesim/msg/detail/color__type_support_c.cpp.o[0m
[8.574s] [ 66%] [32mBuilding CXX object CMakeFiles/turtlesim__rosidl_typesupport_fastrtps_c.dir/rosidl_typesupport_fastrtps_c/turtlesim/srv/detail/spawn__type_support_c.cpp.o[0m
[8.574s] [ 66%] [32mBuilding CXX object CMakeFiles/turtlesim__rosidl_typesupport_fastrtps_c.dir/rosidl_typesupport_fastrtps_c/turtlesim/msg/detail/pose__type_support_c.cpp.o[0m
[8.574s] [ 66%] [32mBuilding CXX object CMakeFiles/turtlesim__rosidl_typesupport_fastrtps_c.dir/rosidl_typesupport_fastrtps_c/turtlesim/action/detail/rotate_absolute__type_support_c.cpp.o[0m
[8.575s] [ 67%] [32mBuilding CXX object CMakeFiles/turtlesim__rosidl_typesupport_fastrtps_c.dir/rosidl_typesupport_fastrtps_c/turtlesim/srv/detail/teleport_relative__type_support_c.cpp.o[0m
[8.575s] [ 68%] [32mBuilding CXX object CMakeFiles/turtlesim__rosidl_typesupport_fastrtps_c.dir/rosidl_typesupport_fastrtps_c/turtlesim/srv/detail/kill__type_support_c.cpp.o[0m
[8.575s] [ 69%] [32mBuilding CXX object CMakeFiles/turtlesim__rosidl_typesupport_fastrtps_c.dir/rosidl_typesupport_fastrtps_c/turtlesim/srv/detail/set_pen__type_support_c.cpp.o[0m
[8.577s] [ 70%] [32mBuilding CXX object CMakeFiles/turtlesim__rosidl_typesupport_fastrtps_c.dir/rosidl_typesupport_fastrtps_c/turtlesim/srv/detail/teleport_absolute__type_support_c.cpp.o[0m
[9.256s] [ 71%] [32m[1mLinking CXX shared library libturtlesim__rosidl_typesupport_fastrtps_c.so[0m
[9.362s] [ 71%] Built target turtlesim__rosidl_typesupport_fastrtps_c
[9.372s] [35m[1mScanning dependencies of target turtlesim[0m
[9.383s] [ 71%] Built target turtlesim
[9.397s] [35m[1mScanning dependencies of target turtlesim__py[0m
[9.397s] [35m[1mScanning dependencies of target draw_square[0m
[9.398s] [35m[1mScanning dependencies of target mimic[0m
[9.398s] [ 72%] [34m[1mGenerating include/turtlesim/moc_turtle_frame.cpp[0m
[9.398s] [35m[1mScanning dependencies of target turtle_teleop_key[0m
[9.411s] [ 73%] [34m[1mGenerating Python code for ROS interfaces[0m
[9.506s] [35m[1mScanning dependencies of target turtlesim_node[0m
[9.553s] [ 75%] [32mBuilding CXX object CMakeFiles/mimic.dir/tutorials/mimic.cpp.o[0m
[9.553s] [ 75%] [32mBuilding CXX object CMakeFiles/draw_square.dir/tutorials/draw_square.cpp.o[0m
[9.556s] [ 76%] [32mBuilding CXX object CMakeFiles/turtle_teleop_key.dir/tutorials/teleop_turtle_key.cpp.o[0m
[9.634s] [ 77%] [32mBuilding CXX object CMakeFiles/turtlesim_node.dir/src/turtle.cpp.o[0m
[9.635s] [ 78%] [32mBuilding CXX object CMakeFiles/turtlesim_node.dir/src/turtlesim.cpp.o[0m
[9.635s] [ 79%] [32mBuilding CXX object CMakeFiles/turtlesim_node.dir/src/turtle_frame.cpp.o[0m
[9.636s] [ 80%] [32mBuilding CXX object CMakeFiles/turtlesim_node.dir/include/turtlesim/moc_turtle_frame.cpp.o[0m
[12.949s] [ 80%] Built target turtlesim__py
[12.964s] [35m[1mScanning dependencies of target turtlesim__python[0m
[13.073s] [ 81%] [32mBuilding C object CMakeFiles/turtlesim__python.dir/rosidl_generator_py/turtlesim/msg/_color_s.c.o[0m
[13.074s] [ 82%] [32mBuilding C object CMakeFiles/turtlesim__python.dir/rosidl_generator_py/turtlesim/msg/_pose_s.c.o[0m
[13.074s] [ 83%] [32mBuilding C object CMakeFiles/turtlesim__python.dir/rosidl_generator_py/turtlesim/action/_rotate_absolute_s.c.o[0m
[13.076s] [ 85%] [32mBuilding C object CMakeFiles/turtlesim__python.dir/rosidl_generator_py/turtlesim/srv/_set_pen_s.c.o[0m
[13.076s] [ 85%] [32mBuilding C object CMakeFiles/turtlesim__python.dir/rosidl_generator_py/turtlesim/srv/_kill_s.c.o[0m
[13.313s] [ 86%] [32mBuilding C object CMakeFiles/turtlesim__python.dir/rosidl_generator_py/turtlesim/srv/_spawn_s.c.o[0m
[13.325s] [ 87%] [32mBuilding C object CMakeFiles/turtlesim__python.dir/rosidl_generator_py/turtlesim/srv/_teleport_absolute_s.c.o[0m
[13.335s] [ 88%] [32mBuilding C object CMakeFiles/turtlesim__python.dir/rosidl_generator_py/turtlesim/srv/_teleport_relative_s.c.o[0m
[13.549s] [ 89%] [32m[1mLinking C shared library rosidl_generator_py/turtlesim/libturtlesim__python.so[0m
[13.644s] [ 89%] Built target turtlesim__python
[13.661s] [35m[1mScanning dependencies of target turtlesim__rosidl_typesupport_introspection_c__pyext[0m
[13.662s] [35m[1mScanning dependencies of target turtlesim__rosidl_typesupport_c__pyext[0m
[13.666s] [35m[1mScanning dependencies of target turtlesim__rosidl_typesupport_fastrtps_c__pyext[0m
[13.714s] [ 90%] [32mBuilding C object CMakeFiles/turtlesim__rosidl_typesupport_c__pyext.dir/rosidl_generator_py/turtlesim/_turtlesim_s.ep.rosidl_typesupport_c.c.o[0m
[13.715s] [ 91%] [32mBuilding C object CMakeFiles/turtlesim__rosidl_typesupport_introspection_c__pyext.dir/rosidl_generator_py/turtlesim/_turtlesim_s.ep.rosidl_typesupport_introspection_c.c.o[0m
[13.722s] [ 92%] [32mBuilding C object CMakeFiles/turtlesim__rosidl_typesupport_fastrtps_c__pyext.dir/rosidl_generator_py/turtlesim/_turtlesim_s.ep.rosidl_typesupport_fastrtps_c.c.o[0m
[14.031s] [ 93%] [32m[1mLinking C shared library rosidl_generator_py/turtlesim/turtlesim_s__rosidl_typesupport_introspection_c.cpython-38-x86_64-linux-gnu.so[0m
[14.032s] [ 94%] [32m[1mLinking C shared library rosidl_generator_py/turtlesim/turtlesim_s__rosidl_typesupport_c.cpython-38-x86_64-linux-gnu.so[0m
[14.047s] [ 95%] [32m[1mLinking CXX shared library rosidl_generator_py/turtlesim/turtlesim_s__rosidl_typesupport_fastrtps_c.cpython-38-x86_64-linux-gnu.so[0m
[14.104s] [ 95%] Built target turtlesim__rosidl_typesupport_introspection_c__pyext
[14.114s] [ 95%] Built target turtlesim__rosidl_typesupport_c__pyext
[14.180s] [ 95%] Built target turtlesim__rosidl_typesupport_fastrtps_c__pyext
[17.095s] [ 96%] [32m[1mLinking CXX executable turtle_teleop_key[0m
[17.513s] [ 96%] Built target turtle_teleop_key
[18.403s] [ 97%] [32m[1mLinking CXX executable mimic[0m
[18.767s] [ 97%] Built target mimic
[19.476s] [ 98%] [32m[1mLinking CXX executable draw_square[0m
[19.882s] [ 98%] Built target draw_square
[22.292s] [100%] [32m[1mLinking CXX executable turtlesim_node[0m
[24.243s] [100%] Built target turtlesim_node
[24.257s] Invoked command in '/home/ubuntu/robot_ws/build/turtlesim' returned '0': CMAKE_PREFIX_PATH=/opt/ros/foxy /usr/bin/cmake --build /home/ubuntu/robot_ws/build/turtlesim -- -j12 -l12
[24.471s] Invoking command in '/home/ubuntu/robot_ws/build/turtlesim': CMAKE_PREFIX_PATH=/opt/ros/foxy /usr/bin/cmake --install /home/ubuntu/robot_ws/build/turtlesim
[24.479s] -- Install configuration: ""
[24.480s] -- Installing: /home/ubuntu/robot_ws/install/turtlesim/share/ament_index/resource_index/rosidl_interfaces/turtlesim
[24.480s] -- Installing: /home/ubuntu/robot_ws/install/turtlesim/include/turtlesim
[24.480s] -- Installing: /home/ubuntu/robot_ws/install/turtlesim/include/turtlesim/srv
[24.481s] -- Installing: /home/ubuntu/robot_ws/install/turtlesim/include/turtlesim/srv/kill.h
[24.481s] -- Installing: /home/ubuntu/robot_ws/install/turtlesim/include/turtlesim/srv/teleport_absolute.h
[24.481s] -- Installing: /home/ubuntu/robot_ws/install/turtlesim/include/turtlesim/srv/spawn.h
[24.482s] -- Installing: /home/ubuntu/robot_ws/install/turtlesim/include/turtlesim/srv/set_pen.h
[24.482s] -- Installing: /home/ubuntu/robot_ws/install/turtlesim/include/turtlesim/srv/detail
[24.482s] -- Installing: /home/ubuntu/robot_ws/install/turtlesim/include/turtlesim/srv/detail/teleport_absolute__functions.h
[24.482s] -- Installing: /home/ubuntu/robot_ws/install/turtlesim/include/turtlesim/srv/detail/spawn__type_support.h
[24.483s] -- Installing: /home/ubuntu/robot_ws/install/turtlesim/include/turtlesim/srv/detail/teleport_relative__type_support.h
[24.483s] -- Installing: /home/ubuntu/robot_ws/install/turtlesim/include/turtlesim/srv/detail/teleport_absolute__type_support.h
[24.483s] -- Installing: /home/ubuntu/robot_ws/install/turtlesim/include/turtlesim/srv/detail/set_pen__struct.h
[24.483s] -- Installing: /home/ubuntu/robot_ws/install/turtlesim/include/turtlesim/srv/detail/kill__struct.h
[24.484s] -- Installing: /home/ubuntu/robot_ws/install/turtlesim/include/turtlesim/srv/detail/teleport_relative__functions.h
[24.484s] -- Installing: /home/ubuntu/robot_ws/install/turtlesim/include/turtlesim/srv/detail/teleport_absolute__functions.c
[24.484s] -- Installing: /home/ubuntu/robot_ws/install/turtlesim/include/turtlesim/srv/detail/teleport_absolute__struct.h
[24.484s] -- Installing: /home/ubuntu/robot_ws/install/turtlesim/include/turtlesim/srv/detail/spawn__functions.c
[24.485s] -- Installing: /home/ubuntu/robot_ws/install/turtlesim/include/turtlesim/srv/detail/teleport_relative__functions.c
[24.485s] -- Installing: /home/ubuntu/robot_ws/install/turtlesim/include/turtlesim/srv/detail/spawn__struct.h
[24.485s] -- Installing: /home/ubuntu/robot_ws/install/turtlesim/include/turtlesim/srv/detail/teleport_relative__struct.h
[24.485s] -- Installing: /home/ubuntu/robot_ws/install/turtlesim/include/turtlesim/srv/detail/kill__functions.h
[24.486s] -- Installing: /home/ubuntu/robot_ws/install/turtlesim/include/turtlesim/srv/detail/kill__type_support.h
[24.486s] -- Installing: /home/ubuntu/robot_ws/install/turtlesim/include/turtlesim/srv/detail/set_pen__functions.c
[24.486s] -- Installing: /home/ubuntu/robot_ws/install/turtlesim/include/turtlesim/srv/detail/set_pen__type_support.h
[24.486s] -- Installing: /home/ubuntu/robot_ws/install/turtlesim/include/turtlesim/srv/detail/set_pen__functions.h
[24.486s] -- Installing: /home/ubuntu/robot_ws/install/turtlesim/include/turtlesim/srv/detail/spawn__functions.h
[24.487s] -- Installing: /home/ubuntu/robot_ws/install/turtlesim/include/turtlesim/srv/detail/kill__functions.c
[24.487s] -- Installing: /home/ubuntu/robot_ws/install/turtlesim/include/turtlesim/srv/teleport_relative.h
[24.487s] -- Installing: /home/ubuntu/robot_ws/install/turtlesim/include/turtlesim/msg
[24.487s] -- Installing: /home/ubuntu/robot_ws/install/turtlesim/include/turtlesim/msg/pose.h
[24.488s] -- Installing: /home/ubuntu/robot_ws/install/turtlesim/include/turtlesim/msg/color.h
[24.488s] -- Installing: /home/ubuntu/robot_ws/install/turtlesim/include/turtlesim/msg/rosidl_generator_c__visibility_control.h
[24.488s] -- Installing: /home/ubuntu/robot_ws/install/turtlesim/include/turtlesim/msg/detail
[24.488s] -- Installing: /home/ubuntu/robot_ws/install/turtlesim/include/turtlesim/msg/detail/pose__functions.h
[24.489s] -- Installing: /home/ubuntu/robot_ws/install/turtlesim/include/turtlesim/msg/detail/pose__struct.h
[24.489s] -- Installing: /home/ubuntu/robot_ws/install/turtlesim/include/turtlesim/msg/detail/color__struct.h
[24.489s] -- Installing: /home/ubuntu/robot_ws/install/turtlesim/include/turtlesim/msg/detail/pose__functions.c
[24.489s] -- Installing: /home/ubuntu/robot_ws/install/turtlesim/include/turtlesim/msg/detail/color__functions.h
[24.489s] -- Installing: /home/ubuntu/robot_ws/install/turtlesim/include/turtlesim/msg/detail/color__functions.c
[24.490s] -- Installing: /home/ubuntu/robot_ws/install/turtlesim/include/turtlesim/msg/detail/color__type_support.h
[24.490s] -- Installing: /home/ubuntu/robot_ws/install/turtlesim/include/turtlesim/msg/detail/pose__type_support.h
[24.490s] -- Installing: /home/ubuntu/robot_ws/install/turtlesim/include/turtlesim/action
[24.490s] -- Installing: /home/ubuntu/robot_ws/install/turtlesim/include/turtlesim/action/rotate_absolute.h
[24.490s] -- Installing: /home/ubuntu/robot_ws/install/turtlesim/include/turtlesim/action/detail
[24.491s] -- Installing: /home/ubuntu/robot_ws/install/turtlesim/include/turtlesim/action/detail/rotate_absolute__functions.c
[24.491s] -- Installing: /home/ubuntu/robot_ws/install/turtlesim/include/turtlesim/action/detail/rotate_absolute__type_support.h
[24.491s] -- Installing: /home/ubuntu/robot_ws/install/turtlesim/include/turtlesim/action/detail/rotate_absolute__functions.h
[24.491s] -- Installing: /home/ubuntu/robot_ws/install/turtlesim/include/turtlesim/action/detail/rotate_absolute__struct.h
[24.491s] -- Installing: /home/ubuntu/robot_ws/install/turtlesim/share/turtlesim/environment/library_path.sh
[24.492s] -- Installing: /home/ubuntu/robot_ws/install/turtlesim/share/turtlesim/environment/library_path.dsv
[24.492s] -- Installing: /home/ubuntu/robot_ws/install/turtlesim/lib/libturtlesim__rosidl_generator_c.so
[24.492s] -- Set runtime path of "/home/ubuntu/robot_ws/install/turtlesim/lib/libturtlesim__rosidl_generator_c.so" to ""
[24.492s] -- Up-to-date: /home/ubuntu/robot_ws/install/turtlesim/include/turtlesim
[24.493s] -- Up-to-date: /home/ubuntu/robot_ws/install/turtlesim/include/turtlesim/srv
[24.493s] -- Up-to-date: /home/ubuntu/robot_ws/install/turtlesim/include/turtlesim/srv/detail
[24.493s] -- Installing: /home/ubuntu/robot_ws/install/turtlesim/include/turtlesim/srv/detail/spawn__rosidl_typesupport_fastrtps_c.h
[24.494s] -- Installing: /home/ubuntu/robot_ws/install/turtlesim/include/turtlesim/srv/detail/teleport_relative__rosidl_typesupport_fastrtps_c.h
[24.494s] -- Installing: /home/ubuntu/robot_ws/install/turtlesim/include/turtlesim/srv/detail/kill__rosidl_typesupport_fastrtps_c.h
[24.494s] -- Installing: /home/ubuntu/robot_ws/install/turtlesim/include/turtlesim/srv/detail/teleport_absolute__rosidl_typesupport_fastrtps_c.h
[24.494s] -- Installing: /home/ubuntu/robot_ws/install/turtlesim/include/turtlesim/srv/detail/set_pen__rosidl_typesupport_fastrtps_c.h
[24.495s] -- Up-to-date: /home/ubuntu/robot_ws/install/turtlesim/include/turtlesim/msg
[24.495s] -- Installing: /home/ubuntu/robot_ws/install/turtlesim/include/turtlesim/msg/rosidl_typesupport_fastrtps_c__visibility_control.h
[24.495s] -- Up-to-date: /home/ubuntu/robot_ws/install/turtlesim/include/turtlesim/msg/detail
[24.496s] -- Installing: /home/ubuntu/robot_ws/install/turtlesim/include/turtlesim/msg/detail/color__rosidl_typesupport_fastrtps_c.h
[24.496s] -- Installing: /home/ubuntu/robot_ws/install/turtlesim/include/turtlesim/msg/detail/pose__rosidl_typesupport_fastrtps_c.h
[24.496s] -- Up-to-date: /home/ubuntu/robot_ws/install/turtlesim/include/turtlesim/action
[24.496s] -- Up-to-date: /home/ubuntu/robot_ws/install/turtlesim/include/turtlesim/action/detail
[24.496s] -- Installing: /home/ubuntu/robot_ws/install/turtlesim/include/turtlesim/action/detail/rotate_absolute__rosidl_typesupport_fastrtps_c.h
[24.497s] -- Installing: /home/ubuntu/robot_ws/install/turtlesim/lib/libturtlesim__rosidl_typesupport_fastrtps_c.so
[24.497s] -- Set runtime path of "/home/ubuntu/robot_ws/install/turtlesim/lib/libturtlesim__rosidl_typesupport_fastrtps_c.so" to ""
[24.497s] -- Up-to-date: /home/ubuntu/robot_ws/install/turtlesim/include/turtlesim
[24.498s] -- Up-to-date: /home/ubuntu/robot_ws/install/turtlesim/include/turtlesim/srv
[24.498s] -- Up-to-date: /home/ubuntu/robot_ws/install/turtlesim/include/turtlesim/srv/detail
[24.498s] -- Installing: /home/ubuntu/robot_ws/install/turtlesim/include/turtlesim/srv/detail/spawn__rosidl_typesupport_fastrtps_cpp.hpp
[24.498s] -- Installing: /home/ubuntu/robot_ws/install/turtlesim/include/turtlesim/srv/detail/teleport_relative__rosidl_typesupport_fastrtps_cpp.hpp
[24.499s] -- Installing: /home/ubuntu/robot_ws/install/turtlesim/include/turtlesim/srv/detail/teleport_absolute__rosidl_typesupport_fastrtps_cpp.hpp
[24.499s] -- Installing: /home/ubuntu/robot_ws/install/turtlesim/include/turtlesim/srv/detail/dds_fastrtps
[24.499s] -- Installing: /home/ubuntu/robot_ws/install/turtlesim/include/turtlesim/srv/detail/set_pen__rosidl_typesupport_fastrtps_cpp.hpp
[24.499s] -- Installing: /home/ubuntu/robot_ws/install/turtlesim/include/turtlesim/srv/detail/kill__rosidl_typesupport_fastrtps_cpp.hpp
[24.500s] -- Up-to-date: /home/ubuntu/robot_ws/install/turtlesim/include/turtlesim/msg
[24.500s] -- Installing: /home/ubuntu/robot_ws/install/turtlesim/include/turtlesim/msg/rosidl_typesupport_fastrtps_cpp__visibility_control.h
[24.500s] -- Up-to-date: /home/ubuntu/robot_ws/install/turtlesim/include/turtlesim/msg/detail
[24.500s] -- Installing: /home/ubuntu/robot_ws/install/turtlesim/include/turtlesim/msg/detail/pose__rosidl_typesupport_fastrtps_cpp.hpp
[24.501s] -- Installing: /home/ubuntu/robot_ws/install/turtlesim/include/turtlesim/msg/detail/dds_fastrtps
[24.501s] -- Installing: /home/ubuntu/robot_ws/install/turtlesim/include/turtlesim/msg/detail/color__rosidl_typesupport_fastrtps_cpp.hpp
[24.501s] -- Up-to-date: /home/ubuntu/robot_ws/install/turtlesim/include/turtlesim/action
[24.501s] -- Up-to-date: /home/ubuntu/robot_ws/install/turtlesim/include/turtlesim/action/detail
[24.501s] -- Installing: /home/ubuntu/robot_ws/install/turtlesim/include/turtlesim/action/detail/rotate_absolute__rosidl_typesupport_fastrtps_cpp.hpp
[24.502s] -- Installing: /home/ubuntu/robot_ws/install/turtlesim/include/turtlesim/action/detail/dds_fastrtps
[24.502s] -- Installing: /home/ubuntu/robot_ws/install/turtlesim/lib/libturtlesim__rosidl_typesupport_fastrtps_cpp.so
[24.502s] -- Set runtime path of "/home/ubuntu/robot_ws/install/turtlesim/lib/libturtlesim__rosidl_typesupport_fastrtps_cpp.so" to ""
[24.503s] -- Up-to-date: /home/ubuntu/robot_ws/install/turtlesim/include/turtlesim
[24.503s] -- Up-to-date: /home/ubuntu/robot_ws/install/turtlesim/include/turtlesim/srv
[24.503s] -- Up-to-date: /home/ubuntu/robot_ws/install/turtlesim/include/turtlesim/srv/detail
[24.503s] -- Installing: /home/ubuntu/robot_ws/install/turtlesim/include/turtlesim/srv/detail/set_pen__type_support.c
[24.503s] -- Installing: /home/ubuntu/robot_ws/install/turtlesim/include/turtlesim/srv/detail/kill__rosidl_typesupport_introspection_c.h
[24.504s] -- Installing: /home/ubuntu/robot_ws/install/turtlesim/include/turtlesim/srv/detail/teleport_absolute__rosidl_typesupport_introspection_c.h
[24.504s] -- Installing: /home/ubuntu/robot_ws/install/turtlesim/include/turtlesim/srv/detail/spawn__type_support.c
[24.504s] -- Installing: /home/ubuntu/robot_ws/install/turtlesim/include/turtlesim/srv/detail/set_pen__rosidl_typesupport_introspection_c.h
[24.504s] -- Installing: /home/ubuntu/robot_ws/install/turtlesim/include/turtlesim/srv/detail/teleport_absolute__type_support.c
[24.505s] -- Installing: /home/ubuntu/robot_ws/install/turtlesim/include/turtlesim/srv/detail/teleport_relative__type_support.c
[24.505s] -- Installing: /home/ubuntu/robot_ws/install/turtlesim/include/turtlesim/srv/detail/spawn__rosidl_typesupport_introspection_c.h
[24.505s] -- Installing: /home/ubuntu/robot_ws/install/turtlesim/include/turtlesim/srv/detail/teleport_relative__rosidl_typesupport_introspection_c.h
[24.505s] -- Installing: /home/ubuntu/robot_ws/install/turtlesim/include/turtlesim/srv/detail/kill__type_support.c
[24.505s] -- Up-to-date: /home/ubuntu/robot_ws/install/turtlesim/include/turtlesim/msg
[24.506s] -- Installing: /home/ubuntu/robot_ws/install/turtlesim/include/turtlesim/msg/rosidl_typesupport_introspection_c__visibility_control.h
[24.506s] -- Up-to-date: /home/ubuntu/robot_ws/install/turtlesim/include/turtlesim/msg/detail
[24.506s] -- Installing: /home/ubuntu/robot_ws/install/turtlesim/include/turtlesim/msg/detail/color__type_support.c
[24.506s] -- Installing: /home/ubuntu/robot_ws/install/turtlesim/include/turtlesim/msg/detail/pose__rosidl_typesupport_introspection_c.h
[24.507s] -- Installing: /home/ubuntu/robot_ws/install/turtlesim/include/turtlesim/msg/detail/color__rosidl_typesupport_introspection_c.h
[24.507s] -- Installing: /home/ubuntu/robot_ws/install/turtlesim/include/turtlesim/msg/detail/pose__type_support.c
[24.507s] -- Up-to-date: /home/ubuntu/robot_ws/install/turtlesim/include/turtlesim/action
[24.507s] -- Up-to-date: /home/ubuntu/robot_ws/install/turtlesim/include/turtlesim/action/detail
[24.507s] -- Installing: /home/ubuntu/robot_ws/install/turtlesim/include/turtlesim/action/detail/rotate_absolute__type_support.c
[24.508s] -- Installing: /home/ubuntu/robot_ws/install/turtlesim/include/turtlesim/action/detail/rotate_absolute__rosidl_typesupport_introspection_c.h
[24.508s] -- Installing: /home/ubuntu/robot_ws/install/turtlesim/lib/libturtlesim__rosidl_typesupport_introspection_c.so
[24.508s] -- Set runtime path of "/home/ubuntu/robot_ws/install/turtlesim/lib/libturtlesim__rosidl_typesupport_introspection_c.so" to ""
[24.508s] -- Installing: /home/ubuntu/robot_ws/install/turtlesim/lib/libturtlesim__rosidl_typesupport_c.so
[24.509s] -- Set runtime path of "/home/ubuntu/robot_ws/install/turtlesim/lib/libturtlesim__rosidl_typesupport_c.so" to ""
[24.509s] -- Up-to-date: /home/ubuntu/robot_ws/install/turtlesim/include/turtlesim
[24.509s] -- Up-to-date: /home/ubuntu/robot_ws/install/turtlesim/include/turtlesim/srv
[24.509s] -- Installing: /home/ubuntu/robot_ws/install/turtlesim/include/turtlesim/srv/teleport_relative.hpp
[24.510s] -- Installing: /home/ubuntu/robot_ws/install/turtlesim/include/turtlesim/srv/set_pen.hpp
[24.510s] -- Installing: /home/ubuntu/robot_ws/install/turtlesim/include/turtlesim/srv/teleport_absolute.hpp
[24.510s] -- Installing: /home/ubuntu/robot_ws/install/turtlesim/include/turtlesim/srv/spawn.hpp
[24.510s] -- Installing: /home/ubuntu/robot_ws/install/turtlesim/include/turtlesim/srv/kill.hpp
[24.510s] -- Up-to-date: /home/ubuntu/robot_ws/install/turtlesim/include/turtlesim/srv/detail
[24.511s] -- Installing: /home/ubuntu/robot_ws/install/turtlesim/include/turtlesim/srv/detail/spawn__traits.hpp
[24.511s] -- Installing: /home/ubuntu/robot_ws/install/turtlesim/include/turtlesim/srv/detail/spawn__builder.hpp
[24.511s] -- Installing: /home/ubuntu/robot_ws/install/turtlesim/include/turtlesim/srv/detail/teleport_relative__struct.hpp
[24.511s] -- Installing: /home/ubuntu/robot_ws/install/turtlesim/include/turtlesim/srv/detail/kill__struct.hpp
[24.511s] -- Installing: /home/ubuntu/robot_ws/install/turtlesim/include/turtlesim/srv/detail/teleport_absolute__builder.hpp
[24.511s] -- Installing: /home/ubuntu/robot_ws/install/turtlesim/include/turtlesim/srv/detail/teleport_absolute__traits.hpp
[24.511s] -- Installing: /home/ubuntu/robot_ws/install/turtlesim/include/turtlesim/srv/detail/set_pen__struct.hpp
[24.511s] -- Installing: /home/ubuntu/robot_ws/install/turtlesim/include/turtlesim/srv/detail/kill__traits.hpp
[24.511s] -- Installing: /home/ubuntu/robot_ws/install/turtlesim/include/turtlesim/srv/detail/kill__builder.hpp
[24.511s] -- Installing: /home/ubuntu/robot_ws/install/turtlesim/include/turtlesim/srv/detail/spawn__struct.hpp
[24.511s] -- Installing: /home/ubuntu/robot_ws/install/turtlesim/include/turtlesim/srv/detail/set_pen__traits.hpp
[24.512s] -- Installing: /home/ubuntu/robot_ws/install/turtlesim/include/turtlesim/srv/detail/teleport_relative__traits.hpp
[24.512s] -- Installing: /home/ubuntu/robot_ws/install/turtlesim/include/turtlesim/srv/detail/teleport_relative__builder.hpp
[24.512s] -- Installing: /home/ubuntu/robot_ws/install/turtlesim/include/turtlesim/srv/detail/teleport_absolute__struct.hpp
[24.512s] -- Installing: /home/ubuntu/robot_ws/install/turtlesim/include/turtlesim/srv/detail/set_pen__builder.hpp
[24.512s] -- Up-to-date: /home/ubuntu/robot_ws/install/turtlesim/include/turtlesim/msg
[24.512s] -- Installing: /home/ubuntu/robot_ws/install/turtlesim/include/turtlesim/msg/pose.hpp
[24.512s] -- Up-to-date: /home/ubuntu/robot_ws/install/turtlesim/include/turtlesim/msg/detail
[24.512s] -- Installing: /home/ubuntu/robot_ws/install/turtlesim/include/turtlesim/msg/detail/pose__traits.hpp
[24.512s] -- Installing: /home/ubuntu/robot_ws/install/turtlesim/include/turtlesim/msg/detail/pose__builder.hpp
[24.512s] -- Installing: /home/ubuntu/robot_ws/install/turtlesim/include/turtlesim/msg/detail/color__struct.hpp
[24.512s] -- Installing: /home/ubuntu/robot_ws/install/turtlesim/include/turtlesim/msg/detail/color__traits.hpp
[24.512s] -- Installing: /home/ubuntu/robot_ws/install/turtlesim/include/turtlesim/msg/detail/pose__struct.hpp
[24.512s] -- Installing: /home/ubuntu/robot_ws/install/turtlesim/include/turtlesim/msg/detail/color__builder.hpp
[24.513s] -- Installing: /home/ubuntu/robot_ws/install/turtlesim/include/turtlesim/msg/color.hpp
[24.513s] -- Up-to-date: /home/ubuntu/robot_ws/install/turtlesim/include/turtlesim/action
[24.513s] -- Installing: /home/ubuntu/robot_ws/install/turtlesim/include/turtlesim/action/rotate_absolute.hpp
[24.513s] -- Up-to-date: /home/ubuntu/robot_ws/install/turtlesim/include/turtlesim/action/detail
[24.513s] -- Installing: /home/ubuntu/robot_ws/install/turtlesim/include/turtlesim/action/detail/rotate_absolute__traits.hpp
[24.513s] -- Installing: /home/ubuntu/robot_ws/install/turtlesim/include/turtlesim/action/detail/rotate_absolute__struct.hpp
[24.513s] -- Installing: /home/ubuntu/robot_ws/install/turtlesim/include/turtlesim/action/detail/rotate_absolute__builder.hpp
[24.513s] -- Up-to-date: /home/ubuntu/robot_ws/install/turtlesim/include/turtlesim
[24.513s] -- Up-to-date: /home/ubuntu/robot_ws/install/turtlesim/include/turtlesim/srv
[24.513s] -- Up-to-date: /home/ubuntu/robot_ws/install/turtlesim/include/turtlesim/srv/detail
[24.514s] -- Installing: /home/ubuntu/robot_ws/install/turtlesim/include/turtlesim/srv/detail/kill__type_support.cpp
[24.514s] -- Installing: /home/ubuntu/robot_ws/install/turtlesim/include/turtlesim/srv/detail/set_pen__type_support.cpp
[24.514s] -- Installing: /home/ubuntu/robot_ws/install/turtlesim/include/turtlesim/srv/detail/spawn__type_support.cpp
[24.514s] -- Installing: /home/ubuntu/robot_ws/install/turtlesim/include/turtlesim/srv/detail/teleport_relative__type_support.cpp
[24.514s] -- Installing: /home/ubuntu/robot_ws/install/turtlesim/include/turtlesim/srv/detail/teleport_absolute__type_support.cpp
[24.514s] -- Installing: /home/ubuntu/robot_ws/install/turtlesim/include/turtlesim/srv/detail/teleport_absolute__rosidl_typesupport_introspection_cpp.hpp
[24.514s] -- Installing: /home/ubuntu/robot_ws/install/turtlesim/include/turtlesim/srv/detail/set_pen__rosidl_typesupport_introspection_cpp.hpp
[24.514s] -- Installing: /home/ubuntu/robot_ws/install/turtlesim/include/turtlesim/srv/detail/kill__rosidl_typesupport_introspection_cpp.hpp
[24.514s] -- Installing: /home/ubuntu/robot_ws/install/turtlesim/include/turtlesim/srv/detail/spawn__rosidl_typesupport_introspection_cpp.hpp
[24.514s] -- Installing: /home/ubuntu/robot_ws/install/turtlesim/include/turtlesim/srv/detail/teleport_relative__rosidl_typesupport_introspection_cpp.hpp
[24.514s] -- Up-to-date: /home/ubuntu/robot_ws/install/turtlesim/include/turtlesim/msg
[24.514s] -- Up-to-date: /home/ubuntu/robot_ws/install/turtlesim/include/turtlesim/msg/detail
[24.515s] -- Installing: /home/ubuntu/robot_ws/install/turtlesim/include/turtlesim/msg/detail/color__rosidl_typesupport_introspection_cpp.hpp
[24.515s] -- Installing: /home/ubuntu/robot_ws/install/turtlesim/include/turtlesim/msg/detail/pose__rosidl_typesupport_introspection_cpp.hpp
[24.515s] -- Installing: /home/ubuntu/robot_ws/install/turtlesim/include/turtlesim/msg/detail/color__type_support.cpp
[24.515s] -- Installing: /home/ubuntu/robot_ws/install/turtlesim/include/turtlesim/msg/detail/pose__type_support.cpp
[24.515s] -- Up-to-date: /home/ubuntu/robot_ws/install/turtlesim/include/turtlesim/action
[24.515s] -- Up-to-date: /home/ubuntu/robot_ws/install/turtlesim/include/turtlesim/action/detail
[24.515s] -- Installing: /home/ubuntu/robot_ws/install/turtlesim/include/turtlesim/action/detail/rotate_absolute__rosidl_typesupport_introspection_cpp.hpp
[24.515s] -- Installing: /home/ubuntu/robot_ws/install/turtlesim/include/turtlesim/action/detail/rotate_absolute__type_support.cpp
[24.515s] -- Installing: /home/ubuntu/robot_ws/install/turtlesim/lib/libturtlesim__rosidl_typesupport_introspection_cpp.so
[24.515s] -- Set runtime path of "/home/ubuntu/robot_ws/install/turtlesim/lib/libturtlesim__rosidl_typesupport_introspection_cpp.so" to ""
[24.515s] -- Installing: /home/ubuntu/robot_ws/install/turtlesim/lib/libturtlesim__rosidl_typesupport_cpp.so
[24.515s] -- Set runtime path of "/home/ubuntu/robot_ws/install/turtlesim/lib/libturtlesim__rosidl_typesupport_cpp.so" to ""
[24.516s] -- Installing: /home/ubuntu/robot_ws/install/turtlesim/share/turtlesim/environment/pythonpath.sh
[24.516s] -- Installing: /home/ubuntu/robot_ws/install/turtlesim/share/turtlesim/environment/pythonpath.dsv
[24.516s] -- Installing: /home/ubuntu/robot_ws/install/turtlesim/lib/python3.8/site-packages/turtlesim/__init__.py
[24.542s] Compiling '/home/ubuntu/robot_ws/install/turtlesim/lib/python3.8/site-packages/turtlesim/__init__.py'...
[24.547s] -- Installing: /home/ubuntu/robot_ws/install/turtlesim/lib/python3.8/site-packages/turtlesim/action
[24.547s] -- Installing: /home/ubuntu/robot_ws/install/turtlesim/lib/python3.8/site-packages/turtlesim/action/_rotate_absolute.py
[24.547s] -- Installing: /home/ubuntu/robot_ws/install/turtlesim/lib/python3.8/site-packages/turtlesim/action/_rotate_absolute_s.c
[24.547s] -- Installing: /home/ubuntu/robot_ws/install/turtlesim/lib/python3.8/site-packages/turtlesim/action/__init__.py
[24.548s] -- Installing: /home/ubuntu/robot_ws/install/turtlesim/lib/python3.8/site-packages/turtlesim/msg
[24.548s] -- Installing: /home/ubuntu/robot_ws/install/turtlesim/lib/python3.8/site-packages/turtlesim/msg/_pose_s.c
[24.548s] -- Installing: /home/ubuntu/robot_ws/install/turtlesim/lib/python3.8/site-packages/turtlesim/msg/_color.py
[24.549s] -- Installing: /home/ubuntu/robot_ws/install/turtlesim/lib/python3.8/site-packages/turtlesim/msg/_pose.py
[24.549s] -- Installing: /home/ubuntu/robot_ws/install/turtlesim/lib/python3.8/site-packages/turtlesim/msg/_color_s.c
[24.549s] -- Installing: /home/ubuntu/robot_ws/install/turtlesim/lib/python3.8/site-packages/turtlesim/msg/__init__.py
[24.549s] -- Installing: /home/ubuntu/robot_ws/install/turtlesim/lib/python3.8/site-packages/turtlesim/srv
[24.550s] -- Installing: /home/ubuntu/robot_ws/install/turtlesim/lib/python3.8/site-packages/turtlesim/srv/_spawn.py
[24.550s] -- Installing: /home/ubuntu/robot_ws/install/turtlesim/lib/python3.8/site-packages/turtlesim/srv/_spawn_s.c
[24.550s] -- Installing: /home/ubuntu/robot_ws/install/turtlesim/lib/python3.8/site-packages/turtlesim/srv/_teleport_absolute_s.c
[24.551s] -- Installing: /home/ubuntu/robot_ws/install/turtlesim/lib/python3.8/site-packages/turtlesim/srv/_set_pen_s.c
[24.551s] -- Installing: /home/ubuntu/robot_ws/install/turtlesim/lib/python3.8/site-packages/turtlesim/srv/_teleport_relative.py
[24.551s] -- Installing: /home/ubuntu/robot_ws/install/turtlesim/lib/python3.8/site-packages/turtlesim/srv/_teleport_relative_s.c
[24.551s] -- Installing: /home/ubuntu/robot_ws/install/turtlesim/lib/python3.8/site-packages/turtlesim/srv/_kill_s.c
[24.551s] -- Installing: /home/ubuntu/robot_ws/install/turtlesim/lib/python3.8/site-packages/turtlesim/srv/_kill.py
[24.551s] -- Installing: /home/ubuntu/robot_ws/install/turtlesim/lib/python3.8/site-packages/turtlesim/srv/_set_pen.py
[24.552s] -- Installing: /home/ubuntu/robot_ws/install/turtlesim/lib/python3.8/site-packages/turtlesim/srv/_teleport_absolute.py
[24.552s] -- Installing: /home/ubuntu/robot_ws/install/turtlesim/lib/python3.8/site-packages/turtlesim/srv/__init__.py
[24.552s] -- Installing: /home/ubuntu/robot_ws/install/turtlesim/lib/python3.8/site-packages/turtlesim/turtlesim_s__rosidl_typesupport_fastrtps_c.cpython-38-x86_64-linux-gnu.so
[24.552s] -- Set runtime path of "/home/ubuntu/robot_ws/install/turtlesim/lib/python3.8/site-packages/turtlesim/turtlesim_s__rosidl_typesupport_fastrtps_c.cpython-38-x86_64-linux-gnu.so" to ""
[24.552s] -- Installing: /home/ubuntu/robot_ws/install/turtlesim/lib/python3.8/site-packages/turtlesim/turtlesim_s__rosidl_typesupport_introspection_c.cpython-38-x86_64-linux-gnu.so
[24.553s] -- Set runtime path of "/home/ubuntu/robot_ws/install/turtlesim/lib/python3.8/site-packages/turtlesim/turtlesim_s__rosidl_typesupport_introspection_c.cpython-38-x86_64-linux-gnu.so" to ""
[24.553s] -- Installing: /home/ubuntu/robot_ws/install/turtlesim/lib/python3.8/site-packages/turtlesim/turtlesim_s__rosidl_typesupport_c.cpython-38-x86_64-linux-gnu.so
[24.554s] -- Set runtime path of "/home/ubuntu/robot_ws/install/turtlesim/lib/python3.8/site-packages/turtlesim/turtlesim_s__rosidl_typesupport_c.cpython-38-x86_64-linux-gnu.so" to ""
[24.554s] -- Installing: /home/ubuntu/robot_ws/install/turtlesim/lib/libturtlesim__python.so
[24.555s] -- Set runtime path of "/home/ubuntu/robot_ws/install/turtlesim/lib/libturtlesim__python.so" to ""
[24.555s] -- Installing: /home/ubuntu/robot_ws/install/turtlesim/share/turtlesim/action/RotateAbsolute.idl
[24.555s] -- Installing: /home/ubuntu/robot_ws/install/turtlesim/share/turtlesim/msg/Color.idl
[24.555s] -- Installing: /home/ubuntu/robot_ws/install/turtlesim/share/turtlesim/msg/Pose.idl
[24.556s] -- Installing: /home/ubuntu/robot_ws/install/turtlesim/share/turtlesim/srv/Kill.idl
[24.556s] -- Installing: /home/ubuntu/robot_ws/install/turtlesim/share/turtlesim/srv/SetPen.idl
[24.556s] -- Installing: /home/ubuntu/robot_ws/install/turtlesim/share/turtlesim/srv/Spawn.idl
[24.556s] -- Installing: /home/ubuntu/robot_ws/install/turtlesim/share/turtlesim/srv/TeleportAbsolute.idl
[24.556s] -- Installing: /home/ubuntu/robot_ws/install/turtlesim/share/turtlesim/srv/TeleportRelative.idl
[24.557s] -- Installing: /home/ubuntu/robot_ws/install/turtlesim/share/turtlesim/action/RotateAbsolute.action
[24.557s] -- Installing: /home/ubuntu/robot_ws/install/turtlesim/share/turtlesim/msg/Color.msg
[24.557s] -- Installing: /home/ubuntu/robot_ws/install/turtlesim/share/turtlesim/msg/Pose.msg
[24.557s] -- Installing: /home/ubuntu/robot_ws/install/turtlesim/share/turtlesim/srv/Kill.srv
[24.558s] -- Installing: /home/ubuntu/robot_ws/install/turtlesim/share/turtlesim/srv/Kill_Request.msg
[24.558s] -- Installing: /home/ubuntu/robot_ws/install/turtlesim/share/turtlesim/srv/Kill_Response.msg
[24.558s] -- Installing: /home/ubuntu/robot_ws/install/turtlesim/share/turtlesim/srv/SetPen.srv
[24.558s] -- Installing: /home/ubuntu/robot_ws/install/turtlesim/share/turtlesim/srv/SetPen_Request.msg
[24.558s] -- Installing: /home/ubuntu/robot_ws/install/turtlesim/share/turtlesim/srv/SetPen_Response.msg
[24.559s] -- Installing: /home/ubuntu/robot_ws/install/turtlesim/share/turtlesim/srv/Spawn.srv
[24.559s] -- Installing: /home/ubuntu/robot_ws/install/turtlesim/share/turtlesim/srv/Spawn_Request.msg
[24.559s] -- Installing: /home/ubuntu/robot_ws/install/turtlesim/share/turtlesim/srv/Spawn_Response.msg
[24.559s] -- Installing: /home/ubuntu/robot_ws/install/turtlesim/share/turtlesim/srv/TeleportAbsolute.srv
[24.560s] -- Installing: /home/ubuntu/robot_ws/install/turtlesim/share/turtlesim/srv/TeleportAbsolute_Request.msg
[24.560s] -- Installing: /home/ubuntu/robot_ws/install/turtlesim/share/turtlesim/srv/TeleportAbsolute_Response.msg
[24.560s] -- Installing: /home/ubuntu/robot_ws/install/turtlesim/share/turtlesim/srv/TeleportRelative.srv
[24.560s] -- Installing: /home/ubuntu/robot_ws/install/turtlesim/share/turtlesim/srv/TeleportRelative_Request.msg
[24.560s] -- Installing: /home/ubuntu/robot_ws/install/turtlesim/share/turtlesim/srv/TeleportRelative_Response.msg
[24.561s] -- Installing: /home/ubuntu/robot_ws/install/turtlesim/lib/turtlesim/turtlesim_node
[24.565s] -- Set runtime path of "/home/ubuntu/robot_ws/install/turtlesim/lib/turtlesim/turtlesim_node" to ""
[24.565s] -- Installing: /home/ubuntu/robot_ws/install/turtlesim/lib/turtlesim/turtle_teleop_key
[24.567s] -- Set runtime path of "/home/ubuntu/robot_ws/install/turtlesim/lib/turtlesim/turtle_teleop_key" to ""
[24.567s] -- Installing: /home/ubuntu/robot_ws/install/turtlesim/lib/turtlesim/draw_square
[24.570s] -- Set runtime path of "/home/ubuntu/robot_ws/install/turtlesim/lib/turtlesim/draw_square" to ""
[24.570s] -- Installing: /home/ubuntu/robot_ws/install/turtlesim/lib/turtlesim/mimic
[24.572s] -- Set runtime path of "/home/ubuntu/robot_ws/install/turtlesim/lib/turtlesim/mimic" to ""
[24.572s] -- Installing: /home/ubuntu/robot_ws/install/turtlesim/share/turtlesim/images
[24.572s] -- Installing: /home/ubuntu/robot_ws/install/turtlesim/share/turtlesim/images/bouncy.png
[24.573s] -- Installing: /home/ubuntu/robot_ws/install/turtlesim/share/turtlesim/images/dashing.png
[24.573s] -- Installing: /home/ubuntu/robot_ws/install/turtlesim/share/turtlesim/images/ardent.png
[24.573s] -- Installing: /home/ubuntu/robot_ws/install/turtlesim/share/turtlesim/images/foxy.png
[24.574s] -- Installing: /home/ubuntu/robot_ws/install/turtlesim/share/turtlesim/images/crystal.png
[24.574s] -- Installing: /home/ubuntu/robot_ws/install/turtlesim/share/turtlesim/images/eloquent.png
[24.574s] -- Installing: /home/ubuntu/robot_ws/install/turtlesim/share/turtlesim/launch
[24.574s] -- Installing: /home/ubuntu/robot_ws/install/turtlesim/share/turtlesim/launch/multisim.launch.py
[24.574s] -- Installing: /home/ubuntu/robot_ws/install/turtlesim/share/ament_index/resource_index/package_run_dependencies/turtlesim
[24.574s] -- Installing: /home/ubuntu/robot_ws/install/turtlesim/share/ament_index/resource_index/parent_prefix_path/turtlesim
[24.574s] -- Installing: /home/ubuntu/robot_ws/install/turtlesim/share/turtlesim/environment/ament_prefix_path.sh
[24.575s] -- Installing: /home/ubuntu/robot_ws/install/turtlesim/share/turtlesim/environment/ament_prefix_path.dsv
[24.575s] -- Installing: /home/ubuntu/robot_ws/install/turtlesim/share/turtlesim/environment/path.sh
[24.575s] -- Installing: /home/ubuntu/robot_ws/install/turtlesim/share/turtlesim/environment/path.dsv
[24.575s] -- Installing: /home/ubuntu/robot_ws/install/turtlesim/share/turtlesim/local_setup.bash
[24.575s] -- Installing: /home/ubuntu/robot_ws/install/turtlesim/share/turtlesim/local_setup.sh
[24.576s] -- Installing: /home/ubuntu/robot_ws/install/turtlesim/share/turtlesim/local_setup.zsh
[24.576s] -- Installing: /home/ubuntu/robot_ws/install/turtlesim/share/turtlesim/local_setup.dsv
[24.576s] -- Installing: /home/ubuntu/robot_ws/install/turtlesim/share/turtlesim/package.dsv
[24.576s] -- Installing: /home/ubuntu/robot_ws/install/turtlesim/share/ament_index/resource_index/packages/turtlesim
[24.577s] -- Installing: /home/ubuntu/robot_ws/install/turtlesim/share/turtlesim/cmake/turtlesim__rosidl_generator_cExport.cmake
[24.577s] -- Installing: /home/ubuntu/robot_ws/install/turtlesim/share/turtlesim/cmake/turtlesim__rosidl_generator_cExport-noconfig.cmake
[24.577s] -- Installing: /home/ubuntu/robot_ws/install/turtlesim/share/turtlesim/cmake/turtlesim__rosidl_typesupport_introspection_cExport.cmake
[24.577s] -- Installing: /home/ubuntu/robot_ws/install/turtlesim/share/turtlesim/cmake/turtlesim__rosidl_typesupport_introspection_cExport-noconfig.cmake
[24.577s] -- Installing: /home/ubuntu/robot_ws/install/turtlesim/share/turtlesim/cmake/turtlesim__rosidl_typesupport_cExport.cmake
[24.577s] -- Installing: /home/ubuntu/robot_ws/install/turtlesim/share/turtlesim/cmake/turtlesim__rosidl_typesupport_cExport-noconfig.cmake
[24.578s] -- Installing: /home/ubuntu/robot_ws/install/turtlesim/share/turtlesim/cmake/turtlesim__rosidl_generator_cppExport.cmake
[24.578s] -- Installing: /home/ubuntu/robot_ws/install/turtlesim/share/turtlesim/cmake/turtlesim__rosidl_typesupport_introspection_cppExport.cmake
[24.578s] -- Installing: /home/ubuntu/robot_ws/install/turtlesim/share/turtlesim/cmake/turtlesim__rosidl_typesupport_introspection_cppExport-noconfig.cmake
[24.578s] -- Installing: /home/ubuntu/robot_ws/install/turtlesim/share/turtlesim/cmake/turtlesim__rosidl_typesupport_cppExport.cmake
[24.579s] -- Installing: /home/ubuntu/robot_ws/install/turtlesim/share/turtlesim/cmake/turtlesim__rosidl_typesupport_cppExport-noconfig.cmake
[24.579s] -- Installing: /home/ubuntu/robot_ws/install/turtlesim/share/turtlesim/cmake/rosidl_cmake-extras.cmake
[24.579s] -- Installing: /home/ubuntu/robot_ws/install/turtlesim/share/turtlesim/cmake/ament_cmake_export_dependencies-extras.cmake
[24.579s] -- Installing: /home/ubuntu/robot_ws/install/turtlesim/share/turtlesim/cmake/ament_cmake_export_libraries-extras.cmake
[24.579s] -- Installing: /home/ubuntu/robot_ws/install/turtlesim/share/turtlesim/cmake/ament_cmake_export_targets-extras.cmake
[24.580s] -- Installing: /home/ubuntu/robot_ws/install/turtlesim/share/turtlesim/cmake/ament_cmake_export_include_directories-extras.cmake
[24.580s] -- Installing: /home/ubuntu/robot_ws/install/turtlesim/share/turtlesim/cmake/rosidl_cmake_export_typesupport_libraries-extras.cmake
[24.580s] -- Installing: /home/ubuntu/robot_ws/install/turtlesim/share/turtlesim/cmake/rosidl_cmake_export_typesupport_targets-extras.cmake
[24.580s] -- Installing: /home/ubuntu/robot_ws/install/turtlesim/share/turtlesim/cmake/turtlesimConfig.cmake
[24.581s] -- Installing: /home/ubuntu/robot_ws/install/turtlesim/share/turtlesim/cmake/turtlesimConfig-version.cmake
[24.581s] -- Installing: /home/ubuntu/robot_ws/install/turtlesim/share/turtlesim/package.xml
[24.584s] Invoked command in '/home/ubuntu/robot_ws/build/turtlesim' returned '0': CMAKE_PREFIX_PATH=/opt/ros/foxy /usr/bin/cmake --install /home/ubuntu/robot_ws/build/turtlesim
