[1.798s] Invoking command in '/home/ubuntu/ROS2-Tutorials/robot_ws/src/pubsub': PYTHONPATH=/home/ubuntu/ROS2-Tutorials/robot_ws/install/pubsub/lib/python3.8/site-packages:${PYTHONPATH} /usr/bin/python3 setup.py egg_info --egg-base ../../build/pubsub build --build-base /home/ubuntu/ROS2-Tutorials/robot_ws/build/pubsub/build install --prefix /home/ubuntu/ROS2-Tutorials/robot_ws/install/pubsub --record /home/ubuntu/ROS2-Tutorials/robot_ws/build/pubsub/install.log --single-version-externally-managed
[2.171s] running egg_info
[2.172s] writing ../../build/pubsub/pubsub.egg-info/PKG-INFO
[2.173s] writing dependency_links to ../../build/pubsub/pubsub.egg-info/dependency_links.txt
[2.173s] writing entry points to ../../build/pubsub/pubsub.egg-info/entry_points.txt
[2.174s] writing requirements to ../../build/pubsub/pubsub.egg-info/requires.txt
[2.174s] writing top-level names to ../../build/pubsub/pubsub.egg-info/top_level.txt
[2.238s] reading manifest file '../../build/pubsub/pubsub.egg-info/SOURCES.txt'
[2.240s] writing manifest file '../../build/pubsub/pubsub.egg-info/SOURCES.txt'
[2.240s] running build
[2.240s] running build_py
[2.241s] running install
[2.242s] running install_lib
[2.245s] running install_data
[2.246s] running install_egg_info
[2.249s] removing '/home/ubuntu/ROS2-Tutorials/robot_ws/install/pubsub/lib/python3.8/site-packages/pubsub-0.0.0-py3.8.egg-info' (and everything under it)
[2.251s] Copying ../../build/pubsub/pubsub.egg-info to /home/ubuntu/ROS2-Tutorials/robot_ws/install/pubsub/lib/python3.8/site-packages/pubsub-0.0.0-py3.8.egg-info
[2.253s] running install_scripts
[2.282s] Installing myfirstpublisher script to /home/ubuntu/ROS2-Tutorials/robot_ws/install/pubsub/lib/pubsub
[2.283s] Installing myfirstsubscriber script to /home/ubuntu/ROS2-Tutorials/robot_ws/install/pubsub/lib/pubsub
[2.283s] writing list of installed files to '/home/ubuntu/ROS2-Tutorials/robot_ws/build/pubsub/install.log'
[2.338s] Invoked command in '/home/ubuntu/ROS2-Tutorials/robot_ws/src/pubsub' returned '0': PYTHONPATH=/home/ubuntu/ROS2-Tutorials/robot_ws/install/pubsub/lib/python3.8/site-packages:${PYTHONPATH} /usr/bin/python3 setup.py egg_info --egg-base ../../build/pubsub build --build-base /home/ubuntu/ROS2-Tutorials/robot_ws/build/pubsub/build install --prefix /home/ubuntu/ROS2-Tutorials/robot_ws/install/pubsub --record /home/ubuntu/ROS2-Tutorials/robot_ws/build/pubsub/install.log --single-version-externally-managed
