[1.494s] Invoking command in '/home/ubuntu/ROS2-Tutorials/robot_ws/src/rqt_joy': PYTHONPATH=/home/ubuntu/ROS2-Tutorials/robot_ws/install/rqt_joy/lib/python3.8/site-packages:${PYTHONPATH} /usr/bin/python3 setup.py egg_info --egg-base ../../build/rqt_joy build --build-base /home/ubuntu/ROS2-Tutorials/robot_ws/build/rqt_joy/build install --prefix /home/ubuntu/ROS2-Tutorials/robot_ws/install/rqt_joy --record /home/ubuntu/ROS2-Tutorials/robot_ws/build/rqt_joy/install.log --single-version-externally-managed
[1.795s] running egg_info
[1.796s] creating ../../build/rqt_joy/rqt_joy.egg-info
[1.796s] writing ../../build/rqt_joy/rqt_joy.egg-info/PKG-INFO
[1.797s] writing dependency_links to ../../build/rqt_joy/rqt_joy.egg-info/dependency_links.txt
[1.798s] writing requirements to ../../build/rqt_joy/rqt_joy.egg-info/requires.txt
[1.798s] writing top-level names to ../../build/rqt_joy/rqt_joy.egg-info/top_level.txt
[1.799s] writing manifest file '../../build/rqt_joy/rqt_joy.egg-info/SOURCES.txt'
[1.859s] reading manifest file '../../build/rqt_joy/rqt_joy.egg-info/SOURCES.txt'
[1.859s] writing manifest file '../../build/rqt_joy/rqt_joy.egg-info/SOURCES.txt'
[1.859s] running build
[1.860s] running build_py
[1.860s] creating /home/ubuntu/ROS2-Tutorials/robot_ws/build/rqt_joy/build
[1.860s] creating /home/ubuntu/ROS2-Tutorials/robot_ws/build/rqt_joy/build/lib
[1.860s] creating /home/ubuntu/ROS2-Tutorials/robot_ws/build/rqt_joy/build/lib/rqt_joy
[1.861s] copying src/rqt_joy/joy.py -> /home/ubuntu/ROS2-Tutorials/robot_ws/build/rqt_joy/build/lib/rqt_joy
[1.861s] copying src/rqt_joy/__init__.py -> /home/ubuntu/ROS2-Tutorials/robot_ws/build/rqt_joy/build/lib/rqt_joy
[1.861s] running build_scripts
[1.861s] creating /home/ubuntu/ROS2-Tutorials/robot_ws/build/rqt_joy/build/scripts-3.8
[1.862s] copying and adjusting scripts/rqt_joy -> /home/ubuntu/ROS2-Tutorials/robot_ws/build/rqt_joy/build/scripts-3.8
[1.862s] changing mode of /home/ubuntu/ROS2-Tutorials/robot_ws/build/rqt_joy/build/scripts-3.8/rqt_joy from 644 to 755
[1.863s] running install
[1.865s] running install_lib
[1.866s] creating /home/ubuntu/ROS2-Tutorials/robot_ws/install/rqt_joy/lib/python3.8/site-packages/rqt_joy
[1.866s] copying /home/ubuntu/ROS2-Tutorials/robot_ws/build/rqt_joy/build/lib/rqt_joy/joy.py -> /home/ubuntu/ROS2-Tutorials/robot_ws/install/rqt_joy/lib/python3.8/site-packages/rqt_joy
[1.866s] copying /home/ubuntu/ROS2-Tutorials/robot_ws/build/rqt_joy/build/lib/rqt_joy/__init__.py -> /home/ubuntu/ROS2-Tutorials/robot_ws/install/rqt_joy/lib/python3.8/site-packages/rqt_joy
[1.867s] byte-compiling /home/ubuntu/ROS2-Tutorials/robot_ws/install/rqt_joy/lib/python3.8/site-packages/rqt_joy/joy.py to joy.cpython-38.pyc
[1.870s] byte-compiling /home/ubuntu/ROS2-Tutorials/robot_ws/install/rqt_joy/lib/python3.8/site-packages/rqt_joy/__init__.py to __init__.cpython-38.pyc
[1.870s] running install_data
[1.870s] creating /home/ubuntu/ROS2-Tutorials/robot_ws/install/rqt_joy/share/ament_index
[1.870s] creating /home/ubuntu/ROS2-Tutorials/robot_ws/install/rqt_joy/share/ament_index/resource_index
[1.870s] creating /home/ubuntu/ROS2-Tutorials/robot_ws/install/rqt_joy/share/ament_index/resource_index/packages
[1.870s] copying resource/rqt_joy -> /home/ubuntu/ROS2-Tutorials/robot_ws/install/rqt_joy/share/ament_index/resource_index/packages
[1.871s] creating /home/ubuntu/ROS2-Tutorials/robot_ws/install/rqt_joy/share/rqt_joy/resource
[1.871s] copying resource/VirtualJoy.ui -> /home/ubuntu/ROS2-Tutorials/robot_ws/install/rqt_joy/share/rqt_joy/resource
[1.871s] copying package.xml -> /home/ubuntu/ROS2-Tutorials/robot_ws/install/rqt_joy/share/rqt_joy
[1.871s] copying plugin.xml -> /home/ubuntu/ROS2-Tutorials/robot_ws/install/rqt_joy/share/rqt_joy
[1.871s] creating /home/ubuntu/ROS2-Tutorials/robot_ws/install/rqt_joy/lib/rqt_joy
[1.871s] copying scripts/rqt_joy -> /home/ubuntu/ROS2-Tutorials/robot_ws/install/rqt_joy/lib/rqt_joy
[1.871s] running install_egg_info
[1.871s] Copying ../../build/rqt_joy/rqt_joy.egg-info to /home/ubuntu/ROS2-Tutorials/robot_ws/install/rqt_joy/lib/python3.8/site-packages/rqt_joy-1.0.0-py3.8.egg-info
[1.872s] running install_scripts
[1.890s] creating /home/ubuntu/ROS2-Tutorials/robot_ws/install/rqt_joy/bin
[1.891s] copying /home/ubuntu/ROS2-Tutorials/robot_ws/build/rqt_joy/build/scripts-3.8/rqt_joy -> /home/ubuntu/ROS2-Tutorials/robot_ws/install/rqt_joy/bin
[1.891s] changing mode of /home/ubuntu/ROS2-Tutorials/robot_ws/install/rqt_joy/bin/rqt_joy to 755
[1.893s] writing list of installed files to '/home/ubuntu/ROS2-Tutorials/robot_ws/build/rqt_joy/install.log'
