[1.460s] Invoking command in '/home/ubuntu/ROS2-Tutorials/robot_ws/src/myfirstpackage': PYTHONPATH=/home/ubuntu/ROS2-Tutorials/robot_ws/install/myfirstpackage/lib/python3.8/site-packages:${PYTHONPATH} /usr/bin/python3 setup.py egg_info --egg-base ../../build/myfirstpackage build --build-base /home/ubuntu/ROS2-Tutorials/robot_ws/build/myfirstpackage/build install --prefix /home/ubuntu/ROS2-Tutorials/robot_ws/install/myfirstpackage --record /home/ubuntu/ROS2-Tutorials/robot_ws/build/myfirstpackage/install.log --single-version-externally-managed
[1.738s] running egg_info
[1.739s] writing ../../build/myfirstpackage/myfirstpackage.egg-info/PKG-INFO
[1.739s] writing dependency_links to ../../build/myfirstpackage/myfirstpackage.egg-info/dependency_links.txt
[1.740s] writing entry points to ../../build/myfirstpackage/myfirstpackage.egg-info/entry_points.txt
[1.740s] writing requirements to ../../build/myfirstpackage/myfirstpackage.egg-info/requires.txt
[1.740s] writing top-level names to ../../build/myfirstpackage/myfirstpackage.egg-info/top_level.txt
[1.797s] reading manifest file '../../build/myfirstpackage/myfirstpackage.egg-info/SOURCES.txt'
[1.798s] writing manifest file '../../build/myfirstpackage/myfirstpackage.egg-info/SOURCES.txt'
[1.799s] running build
[1.800s] running build_py
[1.800s] running install
[1.801s] running install_lib
[1.803s] creating /home/ubuntu/ROS2-Tutorials/robot_ws/install/myfirstpackage/lib/python3.8/site-packages/myfirstpackage
[1.804s] copying /home/ubuntu/ROS2-Tutorials/robot_ws/build/myfirstpackage/build/lib/myfirstpackage/param_node.py -> /home/ubuntu/ROS2-Tutorials/robot_ws/install/myfirstpackage/lib/python3.8/site-packages/myfirstpackage
[1.805s] copying /home/ubuntu/ROS2-Tutorials/robot_ws/build/myfirstpackage/build/lib/myfirstpackage/myfirstnode.py -> /home/ubuntu/ROS2-Tutorials/robot_ws/install/myfirstpackage/lib/python3.8/site-packages/myfirstpackage
[1.805s] copying /home/ubuntu/ROS2-Tutorials/robot_ws/build/myfirstpackage/build/lib/myfirstpackage/__init__.py -> /home/ubuntu/ROS2-Tutorials/robot_ws/install/myfirstpackage/lib/python3.8/site-packages/myfirstpackage
[1.808s] byte-compiling /home/ubuntu/ROS2-Tutorials/robot_ws/install/myfirstpackage/lib/python3.8/site-packages/myfirstpackage/param_node.py to param_node.cpython-38.pyc
[1.813s] byte-compiling /home/ubuntu/ROS2-Tutorials/robot_ws/install/myfirstpackage/lib/python3.8/site-packages/myfirstpackage/myfirstnode.py to myfirstnode.cpython-38.pyc
[1.814s] byte-compiling /home/ubuntu/ROS2-Tutorials/robot_ws/install/myfirstpackage/lib/python3.8/site-packages/myfirstpackage/__init__.py to __init__.cpython-38.pyc
[1.814s] running install_data
[1.815s] creating /home/ubuntu/ROS2-Tutorials/robot_ws/install/myfirstpackage/share/ament_index
[1.815s] creating /home/ubuntu/ROS2-Tutorials/robot_ws/install/myfirstpackage/share/ament_index/resource_index
[1.816s] creating /home/ubuntu/ROS2-Tutorials/robot_ws/install/myfirstpackage/share/ament_index/resource_index/packages
[1.817s] copying resource/myfirstpackage -> /home/ubuntu/ROS2-Tutorials/robot_ws/install/myfirstpackage/share/ament_index/resource_index/packages
[1.817s] copying package.xml -> /home/ubuntu/ROS2-Tutorials/robot_ws/install/myfirstpackage/share/myfirstpackage
[1.818s] copying launch/multi_turtle.launch.py -> /home/ubuntu/ROS2-Tutorials/robot_ws/install/myfirstpackage/share/myfirstpackage
[1.819s] copying launch/turtle2.launch.py -> /home/ubuntu/ROS2-Tutorials/robot_ws/install/myfirstpackage/share/myfirstpackage
[1.820s] copying launch/turtle.launch.py -> /home/ubuntu/ROS2-Tutorials/robot_ws/install/myfirstpackage/share/myfirstpackage
[1.821s] copying config/turtlesim_random.yaml -> /home/ubuntu/ROS2-Tutorials/robot_ws/install/myfirstpackage/share/myfirstpackage
[1.821s] copying config/turtlesim_fh.yaml -> /home/ubuntu/ROS2-Tutorials/robot_ws/install/myfirstpackage/share/myfirstpackage
[1.821s] copying config/turtlesim.yaml -> /home/ubuntu/ROS2-Tutorials/robot_ws/install/myfirstpackage/share/myfirstpackage
[1.821s] running install_egg_info
[1.823s] Copying ../../build/myfirstpackage/myfirstpackage.egg-info to /home/ubuntu/ROS2-Tutorials/robot_ws/install/myfirstpackage/lib/python3.8/site-packages/myfirstpackage-0.0.0-py3.8.egg-info
[1.825s] running install_scripts
[1.859s] Installing myfirstnode script to /home/ubuntu/ROS2-Tutorials/robot_ws/install/myfirstpackage/lib/myfirstpackage
[1.860s] Installing param_node script to /home/ubuntu/ROS2-Tutorials/robot_ws/install/myfirstpackage/lib/myfirstpackage
[1.860s] writing list of installed files to '/home/ubuntu/ROS2-Tutorials/robot_ws/build/myfirstpackage/install.log'
