running egg_info
writing ../../build/hello_world/hello_world.egg-info/PKG-INFO
writing dependency_links to ../../build/hello_world/hello_world.egg-info/dependency_links.txt
writing entry points to ../../build/hello_world/hello_world.egg-info/entry_points.txt
writing requirements to ../../build/hello_world/hello_world.egg-info/requires.txt
writing top-level names to ../../build/hello_world/hello_world.egg-info/top_level.txt
reading manifest file '../../build/hello_world/hello_world.egg-info/SOURCES.txt'
writing manifest file '../../build/hello_world/hello_world.egg-info/SOURCES.txt'
running build
running build_py
copying hello_world/hello_world.py -> /home/ubuntu/ROS2-Tutorials/robot_ws/build/hello_world/build/lib/hello_world
copying hello_world/__init__.py -> /home/ubuntu/ROS2-Tutorials/robot_ws/build/hello_world/build/lib/hello_world
running install
running install_lib
copying /home/ubuntu/ROS2-Tutorials/robot_ws/build/hello_world/build/lib/hello_world/hello_world.py -> /home/ubuntu/ROS2-Tutorials/robot_ws/install/hello_world/lib/python3.8/site-packages/hello_world
copying /home/ubuntu/ROS2-Tutorials/robot_ws/build/hello_world/build/lib/hello_world/__init__.py -> /home/ubuntu/ROS2-Tutorials/robot_ws/install/hello_world/lib/python3.8/site-packages/hello_world
byte-compiling /home/ubuntu/ROS2-Tutorials/robot_ws/install/hello_world/lib/python3.8/site-packages/hello_world/hello_world.py to hello_world.cpython-38.pyc
byte-compiling /home/ubuntu/ROS2-Tutorials/robot_ws/install/hello_world/lib/python3.8/site-packages/hello_world/__init__.py to __init__.cpython-38.pyc
running install_data
copying resource/hello_world -> /home/ubuntu/ROS2-Tutorials/robot_ws/install/hello_world/share/ament_index/resource_index/packages
copying package.xml -> /home/ubuntu/ROS2-Tutorials/robot_ws/install/hello_world/share/hello_world
copying launch/hello.launch.py -> /home/ubuntu/ROS2-Tutorials/robot_ws/install/hello_world/share/hello_world
copying config/hello.yaml -> /home/ubuntu/ROS2-Tutorials/robot_ws/install/hello_world/share/hello_world
running install_egg_info
removing '/home/ubuntu/ROS2-Tutorials/robot_ws/install/hello_world/lib/python3.8/site-packages/hello_world-0.0.0-py3.8.egg-info' (and everything under it)
Copying ../../build/hello_world/hello_world.egg-info to /home/ubuntu/ROS2-Tutorials/robot_ws/install/hello_world/lib/python3.8/site-packages/hello_world-0.0.0-py3.8.egg-info
running install_scripts
Installing hello_world script to /home/ubuntu/ROS2-Tutorials/robot_ws/install/hello_world/lib/hello_world
writing list of installed files to '/home/ubuntu/ROS2-Tutorials/robot_ws/build/hello_world/install.log'
