[1.666s] Invoking command in '/home/ubuntu/ROS2-Tutorials/robot_ws/src/hello_world': PYTHONPATH=/home/ubuntu/ROS2-Tutorials/robot_ws/install/hello_world/lib/python3.8/site-packages:${PYTHONPATH} /usr/bin/python3 setup.py egg_info --egg-base ../../build/hello_world build --build-base /home/ubuntu/ROS2-Tutorials/robot_ws/build/hello_world/build install --prefix /home/ubuntu/ROS2-Tutorials/robot_ws/install/hello_world --record /home/ubuntu/ROS2-Tutorials/robot_ws/build/hello_world/install.log --single-version-externally-managed
[2.047s] running egg_info
[2.048s] writing ../../build/hello_world/hello_world.egg-info/PKG-INFO
[2.049s] writing dependency_links to ../../build/hello_world/hello_world.egg-info/dependency_links.txt
[2.050s] writing entry points to ../../build/hello_world/hello_world.egg-info/entry_points.txt
[2.050s] writing requirements to ../../build/hello_world/hello_world.egg-info/requires.txt
[2.050s] writing top-level names to ../../build/hello_world/hello_world.egg-info/top_level.txt
[2.126s] reading manifest file '../../build/hello_world/hello_world.egg-info/SOURCES.txt'
[2.128s] writing manifest file '../../build/hello_world/hello_world.egg-info/SOURCES.txt'
[2.129s] running build
[2.129s] running build_py
[2.129s] copying hello_world/hello_world.py -> /home/ubuntu/ROS2-Tutorials/robot_ws/build/hello_world/build/lib/hello_world
[2.130s] copying hello_world/__init__.py -> /home/ubuntu/ROS2-Tutorials/robot_ws/build/hello_world/build/lib/hello_world
[2.132s] running install
[2.134s] running install_lib
[2.136s] copying /home/ubuntu/ROS2-Tutorials/robot_ws/build/hello_world/build/lib/hello_world/hello_world.py -> /home/ubuntu/ROS2-Tutorials/robot_ws/install/hello_world/lib/python3.8/site-packages/hello_world
[2.136s] copying /home/ubuntu/ROS2-Tutorials/robot_ws/build/hello_world/build/lib/hello_world/__init__.py -> /home/ubuntu/ROS2-Tutorials/robot_ws/install/hello_world/lib/python3.8/site-packages/hello_world
[2.142s] byte-compiling /home/ubuntu/ROS2-Tutorials/robot_ws/install/hello_world/lib/python3.8/site-packages/hello_world/hello_world.py to hello_world.cpython-38.pyc
[2.143s] byte-compiling /home/ubuntu/ROS2-Tutorials/robot_ws/install/hello_world/lib/python3.8/site-packages/hello_world/__init__.py to __init__.cpython-38.pyc
[2.143s] running install_data
[2.144s] copying resource/hello_world -> /home/ubuntu/ROS2-Tutorials/robot_ws/install/hello_world/share/ament_index/resource_index/packages
[2.144s] copying package.xml -> /home/ubuntu/ROS2-Tutorials/robot_ws/install/hello_world/share/hello_world
[2.145s] copying launch/hello.launch.py -> /home/ubuntu/ROS2-Tutorials/robot_ws/install/hello_world/share/hello_world
[2.145s] copying config/hello.yaml -> /home/ubuntu/ROS2-Tutorials/robot_ws/install/hello_world/share/hello_world
[2.146s] running install_egg_info
[2.149s] removing '/home/ubuntu/ROS2-Tutorials/robot_ws/install/hello_world/lib/python3.8/site-packages/hello_world-0.0.0-py3.8.egg-info' (and everything under it)
[2.149s] Copying ../../build/hello_world/hello_world.egg-info to /home/ubuntu/ROS2-Tutorials/robot_ws/install/hello_world/lib/python3.8/site-packages/hello_world-0.0.0-py3.8.egg-info
[2.150s] running install_scripts
[2.187s] Installing hello_world script to /home/ubuntu/ROS2-Tutorials/robot_ws/install/hello_world/lib/hello_world
[2.188s] writing list of installed files to '/home/ubuntu/ROS2-Tutorials/robot_ws/build/hello_world/install.log'
[2.258s] Invoked command in '/home/ubuntu/ROS2-Tutorials/robot_ws/src/hello_world' returned '0': PYTHONPATH=/home/ubuntu/ROS2-Tutorials/robot_ws/install/hello_world/lib/python3.8/site-packages:${PYTHONPATH} /usr/bin/python3 setup.py egg_info --egg-base ../../build/hello_world build --build-base /home/ubuntu/ROS2-Tutorials/robot_ws/build/hello_world/build install --prefix /home/ubuntu/ROS2-Tutorials/robot_ws/install/hello_world --record /home/ubuntu/ROS2-Tutorials/robot_ws/build/hello_world/install.log --single-version-externally-managed
