[1.462s] Invoking command in '/home/ubuntu/ROS2-Tutorials/robot_ws/src/srv_examples': PYTHONPATH=/home/ubuntu/ROS2-Tutorials/robot_ws/install/srv_examples/lib/python3.8/site-packages:${PYTHONPATH} /usr/bin/python3 setup.py egg_info --egg-base ../../build/srv_examples build --build-base /home/ubuntu/ROS2-Tutorials/robot_ws/build/srv_examples/build install --prefix /home/ubuntu/ROS2-Tutorials/robot_ws/install/srv_examples --record /home/ubuntu/ROS2-Tutorials/robot_ws/build/srv_examples/install.log --single-version-externally-managed
[1.768s] running egg_info
[1.768s] writing ../../build/srv_examples/srv_examples.egg-info/PKG-INFO
[1.769s] writing dependency_links to ../../build/srv_examples/srv_examples.egg-info/dependency_links.txt
[1.769s] writing entry points to ../../build/srv_examples/srv_examples.egg-info/entry_points.txt
[1.769s] writing requirements to ../../build/srv_examples/srv_examples.egg-info/requires.txt
[1.769s] writing top-level names to ../../build/srv_examples/srv_examples.egg-info/top_level.txt
[1.829s] reading manifest file '../../build/srv_examples/srv_examples.egg-info/SOURCES.txt'
[1.830s] writing manifest file '../../build/srv_examples/srv_examples.egg-info/SOURCES.txt'
[1.831s] running build
[1.831s] running build_py
[1.831s] running install
[1.833s] running install_lib
[1.837s] running install_data
[1.839s] running install_egg_info
[1.840s] removing '/home/ubuntu/ROS2-Tutorials/robot_ws/install/srv_examples/lib/python3.8/site-packages/srv_examples-0.0.0-py3.8.egg-info' (and everything under it)
[1.842s] Copying ../../build/srv_examples/srv_examples.egg-info to /home/ubuntu/ROS2-Tutorials/robot_ws/install/srv_examples/lib/python3.8/site-packages/srv_examples-0.0.0-py3.8.egg-info
[1.844s] running install_scripts
[1.867s] Installing invert_gripper_service_client script to /home/ubuntu/ROS2-Tutorials/robot_ws/install/srv_examples/lib/srv_examples
[1.868s] Installing open_gripper_service_server script to /home/ubuntu/ROS2-Tutorials/robot_ws/install/srv_examples/lib/srv_examples
[1.868s] Installing turtlesim_geofence_reset_srv script to /home/ubuntu/ROS2-Tutorials/robot_ws/install/srv_examples/lib/srv_examples
[1.869s] writing list of installed files to '/home/ubuntu/ROS2-Tutorials/robot_ws/build/srv_examples/install.log'
[1.923s] Invoked command in '/home/ubuntu/ROS2-Tutorials/robot_ws/src/srv_examples' returned '0': PYTHONPATH=/home/ubuntu/ROS2-Tutorials/robot_ws/install/srv_examples/lib/python3.8/site-packages:${PYTHONPATH} /usr/bin/python3 setup.py egg_info --egg-base ../../build/srv_examples build --build-base /home/ubuntu/ROS2-Tutorials/robot_ws/build/srv_examples/build install --prefix /home/ubuntu/ROS2-Tutorials/robot_ws/install/srv_examples --record /home/ubuntu/ROS2-Tutorials/robot_ws/build/srv_examples/install.log --single-version-externally-managed
