[1.429s] Invoking command in '/home/ubuntu/ROS2-Tutorials/robot_ws/build/turtlesim': CMAKE_PREFIX_PATH=${CMAKE_PREFIX_PATH}:/home/ubuntu/robot_ws/install/tb3_teleop:/home/ubuntu/robot_ws/install/srv_examples:/home/ubuntu/robot_ws/install/rqt_joy:/home/ubuntu/robot_ws/install/pubsub:/home/ubuntu/robot_ws/install/myfirstpackage:/opt/ros/foxy /usr/bin/cmake /home/ubuntu/ROS2-Tutorials/robot_ws/src/ros_tutorials/turtlesim -DCMAKE_INSTALL_PREFIX=/home/ubuntu/ROS2-Tutorials/robot_ws/install/turtlesim
[1.619s] -- The C compiler identification is GNU 9.3.0
[1.772s] -- The CXX compiler identification is GNU 9.3.0
[1.786s] -- Check for working C compiler: /usr/bin/cc
[1.907s] -- Check for working C compiler: /usr/bin/cc -- works
[1.908s] -- Detecting C compiler ABI info
[1.987s] -- Detecting C compiler ABI info - done
[2.002s] -- Detecting C compile features
[2.002s] -- Detecting C compile features - done
[2.006s] -- Check for working CXX compiler: /usr/bin/c++
[2.088s] -- Check for working CXX compiler: /usr/bin/c++ -- works
[2.089s] -- Detecting CXX compiler ABI info
[2.173s] -- Detecting CXX compiler ABI info - done
[2.187s] -- Detecting CXX compile features
[2.188s] -- Detecting CXX compile features - done
[2.199s] -- Found ament_cmake: 0.9.8 (/opt/ros/foxy/share/ament_cmake/cmake)
[2.234s] -- Found PythonInterp: /usr/bin/python3 (found suitable version "3.8.5", minimum required is "3") 
[2.234s] -- Using PYTHON_EXECUTABLE: /usr/bin/python3
[2.483s] -- Found ament_index_cpp: 1.0.2 (/opt/ros/foxy/share/ament_index_cpp/cmake)
[2.491s] -- Found geometry_msgs: 2.0.3 (/opt/ros/foxy/share/geometry_msgs/cmake)
[2.551s] -- Using all available rosidl_typesupport_c: rosidl_typesupport_fastrtps_c;rosidl_typesupport_introspection_c
[2.566s] -- Found rosidl_adapter: 1.2.0 (/opt/ros/foxy/share/rosidl_adapter/cmake)
[2.698s] -- Found OpenSSL: /usr/lib/x86_64-linux-gnu/libcrypto.so (found version "1.1.1f")  
[2.741s] -- Found FastRTPS: /opt/ros/foxy/include  
[2.863s] -- Using all available rosidl_typesupport_cpp: rosidl_typesupport_fastrtps_cpp;rosidl_typesupport_introspection_cpp
[3.014s] -- Found rclcpp: 2.3.0 (/opt/ros/foxy/share/rclcpp/cmake)
[3.091s] -- Found rmw_implementation_cmake: 1.0.2 (/opt/ros/foxy/share/rmw_implementation_cmake/cmake)
[3.094s] -- Using RMW implementation 'rmw_fastrtps_cpp' as default
[3.097s] -- Looking for pthread.h
[3.183s] -- Looking for pthread.h - found
[3.183s] -- Performing Test CMAKE_HAVE_LIBC_PTHREAD
[3.259s] -- Performing Test CMAKE_HAVE_LIBC_PTHREAD - Failed
[3.259s] -- Looking for pthread_create in pthreads
[3.321s] -- Looking for pthread_create in pthreads - not found
[3.321s] -- Looking for pthread_create in pthread
[3.392s] -- Looking for pthread_create in pthread - found
[3.393s] -- Found Threads: TRUE  
[3.584s] -- Found rclcpp_action: 2.3.0 (/opt/ros/foxy/share/rclcpp_action/cmake)
[3.693s] -- Found rosidl_default_generators: 1.0.0 (/opt/ros/foxy/share/rosidl_default_generators/cmake)
[3.712s] -- Found std_srvs: 2.0.3 (/opt/ros/foxy/share/std_srvs/cmake)
[3.751s] -- Found PythonInterp: /usr/bin/python3 (found version "3.8.5") 
[3.967s] -- Found ament_cmake_ros: 0.9.1 (/opt/ros/foxy/share/ament_cmake_ros/cmake)
[4.154s] -- Using all available rosidl_typesupport_c: rosidl_typesupport_fastrtps_c;rosidl_typesupport_introspection_c
[4.188s] -- Using all available rosidl_typesupport_cpp: rosidl_typesupport_fastrtps_cpp;rosidl_typesupport_introspection_cpp
[4.215s] -- Found PythonInterp: /usr/bin/python3 (found suitable version "3.8.5", minimum required is "3.5") 
[4.218s] -- Found python_cmake_module: 0.8.0 (/opt/ros/foxy/share/python_cmake_module/cmake)
[4.249s] -- Found PythonLibs: /usr/lib/x86_64-linux-gnu/libpython3.8.so (found suitable version "3.8.5", minimum required is "3.5") 
[4.249s] -- Using PYTHON_EXECUTABLE: /usr/bin/python3
[4.249s] -- Using PYTHON_INCLUDE_DIRS: /usr/include/python3.8
[4.249s] -- Using PYTHON_LIBRARIES: /usr/lib/x86_64-linux-gnu/libpython3.8.so
[4.269s] -- Found PythonExtra: .so  
[4.358s] -- Configuring done
[4.478s] -- Generating done
[4.482s] -- Build files have been written to: /home/ubuntu/ROS2-Tutorials/robot_ws/build/turtlesim
[4.492s] Invoked command in '/home/ubuntu/ROS2-Tutorials/robot_ws/build/turtlesim' returned '0': CMAKE_PREFIX_PATH=${CMAKE_PREFIX_PATH}:/home/ubuntu/robot_ws/install/tb3_teleop:/home/ubuntu/robot_ws/install/srv_examples:/home/ubuntu/robot_ws/install/rqt_joy:/home/ubuntu/robot_ws/install/pubsub:/home/ubuntu/robot_ws/install/myfirstpackage:/opt/ros/foxy /usr/bin/cmake /home/ubuntu/ROS2-Tutorials/robot_ws/src/ros_tutorials/turtlesim -DCMAKE_INSTALL_PREFIX=/home/ubuntu/ROS2-Tutorials/robot_ws/install/turtlesim
[4.496s] Invoking command in '/home/ubuntu/ROS2-Tutorials/robot_ws/build/turtlesim': CMAKE_PREFIX_PATH=${CMAKE_PREFIX_PATH}:/home/ubuntu/robot_ws/install/tb3_teleop:/home/ubuntu/robot_ws/install/srv_examples:/home/ubuntu/robot_ws/install/rqt_joy:/home/ubuntu/robot_ws/install/pubsub:/home/ubuntu/robot_ws/install/myfirstpackage:/opt/ros/foxy /usr/bin/cmake --build /home/ubuntu/ROS2-Tutorials/robot_ws/build/turtlesim -- -j12 -l12
[4.546s] [35m[1mScanning dependencies of target turtlesim__cpp[0m
[4.546s] [  1%] [34m[1mGenerating C code for ROS interfaces[0m
[4.558s] [  2%] [34m[1mGenerating C++ code for ROS interfaces[0m
[5.556s] [  2%] Built target turtlesim__cpp
[5.577s] [  3%] [34m[1mGenerating C++ type support dispatch for ROS interfaces[0m
[5.583s] [  4%] [34m[1mGenerating C++ introspection for ROS interfaces[0m
[5.585s] [  5%] [34m[1mGenerating C++ type support for eProsima Fast-RTPS[0m
[5.594s] [35m[1mScanning dependencies of target turtlesim__rosidl_generator_c[0m
[5.623s] [  7%] [32mBuilding C object CMakeFiles/turtlesim__rosidl_generator_c.dir/rosidl_generator_c/turtlesim/action/detail/rotate_absolute__functions.c.o[0m
[5.623s] [  7%] [32mBuilding C object CMakeFiles/turtlesim__rosidl_generator_c.dir/rosidl_generator_c/turtlesim/msg/detail/color__functions.c.o[0m
[5.624s] [  8%] [32mBuilding C object CMakeFiles/turtlesim__rosidl_generator_c.dir/rosidl_generator_c/turtlesim/srv/detail/kill__functions.c.o[0m
[5.625s] [ 10%] [32mBuilding C object CMakeFiles/turtlesim__rosidl_generator_c.dir/rosidl_generator_c/turtlesim/msg/detail/pose__functions.c.o[0m
[5.625s] [ 10%] [32mBuilding C object CMakeFiles/turtlesim__rosidl_generator_c.dir/rosidl_generator_c/turtlesim/srv/detail/spawn__functions.c.o[0m
[5.626s] [ 11%] [32mBuilding C object CMakeFiles/turtlesim__rosidl_generator_c.dir/rosidl_generator_c/turtlesim/srv/detail/teleport_absolute__functions.c.o[0m
[5.627s] [ 12%] [32mBuilding C object CMakeFiles/turtlesim__rosidl_generator_c.dir/rosidl_generator_c/turtlesim/srv/detail/set_pen__functions.c.o[0m
[5.627s] [ 13%] [32mBuilding C object CMakeFiles/turtlesim__rosidl_generator_c.dir/rosidl_generator_c/turtlesim/srv/detail/teleport_relative__functions.c.o[0m
[5.772s] [ 14%] [32m[1mLinking C shared library libturtlesim__rosidl_generator_c.so[0m
[5.826s] [ 14%] Built target turtlesim__rosidl_generator_c
[5.840s] [ 15%] [34m[1mGenerating C introspection for ROS interfaces[0m
[5.841s] [ 16%] [34m[1mGenerating C type support dispatch for ROS interfaces[0m
[6.281s] [35m[1mScanning dependencies of target turtlesim__rosidl_typesupport_cpp[0m
[6.316s] [ 18%] [32mBuilding CXX object CMakeFiles/turtlesim__rosidl_typesupport_cpp.dir/rosidl_typesupport_cpp/turtlesim/action/rotate_absolute__type_support.cpp.o[0m
[6.317s] [ 19%] [32mBuilding CXX object CMakeFiles/turtlesim__rosidl_typesupport_cpp.dir/rosidl_typesupport_cpp/turtlesim/msg/pose__type_support.cpp.o[0m
[6.317s] [ 19%] [32mBuilding CXX object CMakeFiles/turtlesim__rosidl_typesupport_cpp.dir/rosidl_typesupport_cpp/turtlesim/msg/color__type_support.cpp.o[0m
[6.318s] [ 21%] [32mBuilding CXX object CMakeFiles/turtlesim__rosidl_typesupport_cpp.dir/rosidl_typesupport_cpp/turtlesim/srv/kill__type_support.cpp.o[0m
[6.318s] [ 21%] [32mBuilding CXX object CMakeFiles/turtlesim__rosidl_typesupport_cpp.dir/rosidl_typesupport_cpp/turtlesim/srv/spawn__type_support.cpp.o[0m
[6.319s] [ 22%] [32mBuilding CXX object CMakeFiles/turtlesim__rosidl_typesupport_cpp.dir/rosidl_typesupport_cpp/turtlesim/srv/set_pen__type_support.cpp.o[0m
[6.319s] [ 24%] [32mBuilding CXX object CMakeFiles/turtlesim__rosidl_typesupport_cpp.dir/rosidl_typesupport_cpp/turtlesim/srv/teleport_relative__type_support.cpp.o[0m
[6.319s] [ 24%] [32mBuilding CXX object CMakeFiles/turtlesim__rosidl_typesupport_cpp.dir/rosidl_typesupport_cpp/turtlesim/srv/teleport_absolute__type_support.cpp.o[0m
[6.675s] [35m[1mScanning dependencies of target turtlesim__rosidl_typesupport_c[0m
[6.721s] [ 25%] [32mBuilding CXX object CMakeFiles/turtlesim__rosidl_typesupport_c.dir/rosidl_typesupport_c/turtlesim/action/rotate_absolute__type_support.cpp.o[0m
[6.772s] [35m[1mScanning dependencies of target turtlesim__rosidl_typesupport_introspection_cpp[0m
[6.825s] [ 26%] [32mBuilding CXX object CMakeFiles/turtlesim__rosidl_typesupport_c.dir/rosidl_typesupport_c/turtlesim/msg/color__type_support.cpp.o[0m
[6.825s] [ 27%] [32mBuilding CXX object CMakeFiles/turtlesim__rosidl_typesupport_introspection_cpp.dir/rosidl_typesupport_introspection_cpp/turtlesim/action/detail/rotate_absolute__type_support.cpp.o[0m
[6.884s] [ 28%] [32mBuilding CXX object CMakeFiles/turtlesim__rosidl_typesupport_c.dir/rosidl_typesupport_c/turtlesim/msg/pose__type_support.cpp.o[0m
[6.938s] [ 29%] [32mBuilding CXX object CMakeFiles/turtlesim__rosidl_typesupport_c.dir/rosidl_typesupport_c/turtlesim/srv/kill__type_support.cpp.o[0m
[6.955s] [ 30%] [32mBuilding CXX object CMakeFiles/turtlesim__rosidl_typesupport_c.dir/rosidl_typesupport_c/turtlesim/srv/set_pen__type_support.cpp.o[0m
[6.958s] [ 31%] [32mBuilding CXX object CMakeFiles/turtlesim__rosidl_typesupport_c.dir/rosidl_typesupport_c/turtlesim/srv/spawn__type_support.cpp.o[0m
[6.963s] [ 32%] [32mBuilding CXX object CMakeFiles/turtlesim__rosidl_typesupport_c.dir/rosidl_typesupport_c/turtlesim/srv/teleport_absolute__type_support.cpp.o[0m
[6.972s] [ 33%] [32mBuilding CXX object CMakeFiles/turtlesim__rosidl_typesupport_introspection_cpp.dir/rosidl_typesupport_introspection_cpp/turtlesim/msg/detail/color__type_support.cpp.o[0m
[6.979s] [ 34%] [32mBuilding CXX object CMakeFiles/turtlesim__rosidl_typesupport_c.dir/rosidl_typesupport_c/turtlesim/srv/teleport_relative__type_support.cpp.o[0m
[7.012s] [ 35%] [32mBuilding CXX object CMakeFiles/turtlesim__rosidl_typesupport_introspection_cpp.dir/rosidl_typesupport_introspection_cpp/turtlesim/msg/detail/pose__type_support.cpp.o[0m
[7.012s] [ 36%] [32mBuilding CXX object CMakeFiles/turtlesim__rosidl_typesupport_introspection_cpp.dir/rosidl_typesupport_introspection_cpp/turtlesim/srv/detail/kill__type_support.cpp.o[0m
[7.022s] [ 37%] [32mBuilding CXX object CMakeFiles/turtlesim__rosidl_typesupport_introspection_cpp.dir/rosidl_typesupport_introspection_cpp/turtlesim/srv/detail/set_pen__type_support.cpp.o[0m
[7.024s] [ 38%] [32mBuilding CXX object CMakeFiles/turtlesim__rosidl_typesupport_introspection_cpp.dir/rosidl_typesupport_introspection_cpp/turtlesim/srv/detail/spawn__type_support.cpp.o[0m
[7.042s] [ 39%] [32m[1mLinking CXX shared library libturtlesim__rosidl_typesupport_c.so[0m
[7.047s] [ 40%] [32mBuilding CXX object CMakeFiles/turtlesim__rosidl_typesupport_introspection_cpp.dir/rosidl_typesupport_introspection_cpp/turtlesim/srv/detail/teleport_absolute__type_support.cpp.o[0m
[7.047s] [ 41%] [32mBuilding CXX object CMakeFiles/turtlesim__rosidl_typesupport_introspection_cpp.dir/rosidl_typesupport_introspection_cpp/turtlesim/srv/detail/teleport_relative__type_support.cpp.o[0m
[7.048s] [35m[1mScanning dependencies of target turtlesim__rosidl_typesupport_fastrtps_cpp[0m
[7.052s] [35m[1mScanning dependencies of target turtlesim__rosidl_typesupport_introspection_c[0m
[7.068s] [ 42%] [32m[1mLinking CXX shared library libturtlesim__rosidl_typesupport_cpp.so[0m
[7.100s] [ 43%] [32mBuilding C object CMakeFiles/turtlesim__rosidl_typesupport_introspection_c.dir/rosidl_typesupport_introspection_c/turtlesim/action/detail/rotate_absolute__type_support.c.o[0m
[7.119s] [ 43%] Built target turtlesim__rosidl_typesupport_c
[7.131s] [ 44%] [32mBuilding CXX object CMakeFiles/turtlesim__rosidl_typesupport_fastrtps_cpp.dir/rosidl_typesupport_fastrtps_cpp/turtlesim/action/detail/dds_fastrtps/rotate_absolute__type_support.cpp.o[0m
[7.141s] [ 45%] [32mBuilding C object CMakeFiles/turtlesim__rosidl_typesupport_introspection_c.dir/rosidl_typesupport_introspection_c/turtlesim/msg/detail/color__type_support.c.o[0m
[7.157s] [ 45%] Built target turtlesim__rosidl_typesupport_cpp
[7.173s] [ 46%] [32mBuilding CXX object CMakeFiles/turtlesim__rosidl_typesupport_fastrtps_cpp.dir/rosidl_typesupport_fastrtps_cpp/turtlesim/msg/detail/dds_fastrtps/color__type_support.cpp.o[0m
[7.191s] [ 47%] [32mBuilding C object CMakeFiles/turtlesim__rosidl_typesupport_introspection_c.dir/rosidl_typesupport_introspection_c/turtlesim/msg/detail/pose__type_support.c.o[0m
[7.206s] [ 48%] [32mBuilding C object CMakeFiles/turtlesim__rosidl_typesupport_introspection_c.dir/rosidl_typesupport_introspection_c/turtlesim/srv/detail/kill__type_support.c.o[0m
[7.255s] [ 49%] [32mBuilding C object CMakeFiles/turtlesim__rosidl_typesupport_introspection_c.dir/rosidl_typesupport_introspection_c/turtlesim/srv/detail/set_pen__type_support.c.o[0m
[7.270s] [ 50%] [32mBuilding C object CMakeFiles/turtlesim__rosidl_typesupport_introspection_c.dir/rosidl_typesupport_introspection_c/turtlesim/srv/detail/spawn__type_support.c.o[0m
[7.320s] [ 51%] [32mBuilding C object CMakeFiles/turtlesim__rosidl_typesupport_introspection_c.dir/rosidl_typesupport_introspection_c/turtlesim/srv/detail/teleport_absolute__type_support.c.o[0m
[7.334s] [ 52%] [32mBuilding C object CMakeFiles/turtlesim__rosidl_typesupport_introspection_c.dir/rosidl_typesupport_introspection_c/turtlesim/srv/detail/teleport_relative__type_support.c.o[0m
[7.381s] [ 53%] [32mBuilding CXX object CMakeFiles/turtlesim__rosidl_typesupport_fastrtps_cpp.dir/rosidl_typesupport_fastrtps_cpp/turtlesim/msg/detail/dds_fastrtps/pose__type_support.cpp.o[0m
[7.393s] [ 54%] [32m[1mLinking C shared library libturtlesim__rosidl_typesupport_introspection_c.so[0m
[7.455s] [ 54%] Built target turtlesim__rosidl_typesupport_introspection_c
[7.470s] [ 55%] [32mBuilding CXX object CMakeFiles/turtlesim__rosidl_typesupport_fastrtps_cpp.dir/rosidl_typesupport_fastrtps_cpp/turtlesim/srv/detail/dds_fastrtps/kill__type_support.cpp.o[0m
[7.476s] [ 56%] [32mBuilding CXX object CMakeFiles/turtlesim__rosidl_typesupport_fastrtps_cpp.dir/rosidl_typesupport_fastrtps_cpp/turtlesim/srv/detail/dds_fastrtps/set_pen__type_support.cpp.o[0m
[7.507s] [ 57%] [32mBuilding CXX object CMakeFiles/turtlesim__rosidl_typesupport_fastrtps_cpp.dir/rosidl_typesupport_fastrtps_cpp/turtlesim/srv/detail/dds_fastrtps/spawn__type_support.cpp.o[0m
[7.551s] [ 58%] [32mBuilding CXX object CMakeFiles/turtlesim__rosidl_typesupport_fastrtps_cpp.dir/rosidl_typesupport_fastrtps_cpp/turtlesim/srv/detail/dds_fastrtps/teleport_absolute__type_support.cpp.o[0m
[7.562s] [ 59%] [32mBuilding CXX object CMakeFiles/turtlesim__rosidl_typesupport_fastrtps_cpp.dir/rosidl_typesupport_fastrtps_cpp/turtlesim/srv/detail/dds_fastrtps/teleport_relative__type_support.cpp.o[0m
[7.586s] [ 60%] [32m[1mLinking CXX shared library libturtlesim__rosidl_typesupport_introspection_cpp.so[0m
[7.705s] [ 60%] Built target turtlesim__rosidl_typesupport_introspection_cpp
[8.218s] [ 61%] [32m[1mLinking CXX shared library libturtlesim__rosidl_typesupport_fastrtps_cpp.so[0m
[8.318s] [ 61%] Built target turtlesim__rosidl_typesupport_fastrtps_cpp
[8.330s] [ 62%] [34m[1mGenerating C type support for eProsima Fast-RTPS[0m
[9.236s] [35m[1mScanning dependencies of target turtlesim__rosidl_typesupport_fastrtps_c[0m
[9.279s] [ 63%] [32mBuilding CXX object CMakeFiles/turtlesim__rosidl_typesupport_fastrtps_c.dir/rosidl_typesupport_fastrtps_c/turtlesim/action/detail/rotate_absolute__type_support_c.cpp.o[0m
[9.279s] [ 64%] [32mBuilding CXX object CMakeFiles/turtlesim__rosidl_typesupport_fastrtps_c.dir/rosidl_typesupport_fastrtps_c/turtlesim/srv/detail/kill__type_support_c.cpp.o[0m
[9.280s] [ 65%] [32mBuilding CXX object CMakeFiles/turtlesim__rosidl_typesupport_fastrtps_c.dir/rosidl_typesupport_fastrtps_c/turtlesim/msg/detail/color__type_support_c.cpp.o[0m
[9.281s] [ 66%] [32mBuilding CXX object CMakeFiles/turtlesim__rosidl_typesupport_fastrtps_c.dir/rosidl_typesupport_fastrtps_c/turtlesim/msg/detail/pose__type_support_c.cpp.o[0m
[9.282s] [ 67%] [32mBuilding CXX object CMakeFiles/turtlesim__rosidl_typesupport_fastrtps_c.dir/rosidl_typesupport_fastrtps_c/turtlesim/srv/detail/set_pen__type_support_c.cpp.o[0m
[9.283s] [ 68%] [32mBuilding CXX object CMakeFiles/turtlesim__rosidl_typesupport_fastrtps_c.dir/rosidl_typesupport_fastrtps_c/turtlesim/srv/detail/spawn__type_support_c.cpp.o[0m
[9.284s] [ 69%] [32mBuilding CXX object CMakeFiles/turtlesim__rosidl_typesupport_fastrtps_c.dir/rosidl_typesupport_fastrtps_c/turtlesim/srv/detail/teleport_absolute__type_support_c.cpp.o[0m
[9.286s] [ 70%] [32mBuilding CXX object CMakeFiles/turtlesim__rosidl_typesupport_fastrtps_c.dir/rosidl_typesupport_fastrtps_c/turtlesim/srv/detail/teleport_relative__type_support_c.cpp.o[0m
[9.892s] [ 71%] [32m[1mLinking CXX shared library libturtlesim__rosidl_typesupport_fastrtps_c.so[0m
[9.984s] [ 71%] Built target turtlesim__rosidl_typesupport_fastrtps_c
[9.995s] [35m[1mScanning dependencies of target turtlesim[0m
[10.006s] [ 71%] Built target turtlesim
[10.019s] [35m[1mScanning dependencies of target turtle_teleop_key[0m
[10.021s] [ 72%] [34m[1mGenerating include/turtlesim/moc_turtle_frame.cpp[0m
[10.021s] [35m[1mScanning dependencies of target turtlesim__py[0m
[10.021s] [35m[1mScanning dependencies of target mimic[0m
[10.022s] [35m[1mScanning dependencies of target draw_square[0m
[10.036s] [ 73%] [34m[1mGenerating Python code for ROS interfaces[0m
[10.126s] [35m[1mScanning dependencies of target turtlesim_node[0m
[10.167s] [ 74%] [32mBuilding CXX object CMakeFiles/draw_square.dir/tutorials/draw_square.cpp.o[0m
[10.167s] [ 75%] [32mBuilding CXX object CMakeFiles/turtle_teleop_key.dir/tutorials/teleop_turtle_key.cpp.o[0m
[10.169s] [ 76%] [32mBuilding CXX object CMakeFiles/mimic.dir/tutorials/mimic.cpp.o[0m
[10.243s] [ 77%] [32mBuilding CXX object CMakeFiles/turtlesim_node.dir/src/turtlesim.cpp.o[0m
[10.247s] [ 78%] [32mBuilding CXX object CMakeFiles/turtlesim_node.dir/src/turtle.cpp.o[0m
[10.247s] [ 80%] [32mBuilding CXX object CMakeFiles/turtlesim_node.dir/src/turtle_frame.cpp.o[0m
[10.248s] [ 80%] [32mBuilding CXX object CMakeFiles/turtlesim_node.dir/include/turtlesim/moc_turtle_frame.cpp.o[0m
[13.206s] [ 80%] Built target turtlesim__py
[13.223s] [35m[1mScanning dependencies of target turtlesim__python[0m
[13.326s] [ 81%] [32mBuilding C object CMakeFiles/turtlesim__python.dir/rosidl_generator_py/turtlesim/msg/_color_s.c.o[0m
[13.326s] [ 82%] [32mBuilding C object CMakeFiles/turtlesim__python.dir/rosidl_generator_py/turtlesim/msg/_pose_s.c.o[0m
[13.328s] [ 83%] [32mBuilding C object CMakeFiles/turtlesim__python.dir/rosidl_generator_py/turtlesim/srv/_kill_s.c.o[0m
[13.333s] [ 84%] [32mBuilding C object CMakeFiles/turtlesim__python.dir/rosidl_generator_py/turtlesim/action/_rotate_absolute_s.c.o[0m
[13.335s] [ 85%] [32mBuilding C object CMakeFiles/turtlesim__python.dir/rosidl_generator_py/turtlesim/srv/_set_pen_s.c.o[0m
[13.529s] [ 86%] [32mBuilding C object CMakeFiles/turtlesim__python.dir/rosidl_generator_py/turtlesim/srv/_spawn_s.c.o[0m
[13.536s] [ 87%] [32mBuilding C object CMakeFiles/turtlesim__python.dir/rosidl_generator_py/turtlesim/srv/_teleport_absolute_s.c.o[0m
[13.544s] [ 88%] [32mBuilding C object CMakeFiles/turtlesim__python.dir/rosidl_generator_py/turtlesim/srv/_teleport_relative_s.c.o[0m
[13.736s] [ 89%] [32m[1mLinking C shared library rosidl_generator_py/turtlesim/libturtlesim__python.so[0m
[13.827s] [ 89%] Built target turtlesim__python
[13.843s] [35m[1mScanning dependencies of target turtlesim__rosidl_typesupport_c__pyext[0m
[13.844s] [35m[1mScanning dependencies of target turtlesim__rosidl_typesupport_fastrtps_c__pyext[0m
[13.845s] [35m[1mScanning dependencies of target turtlesim__rosidl_typesupport_introspection_c__pyext[0m
[13.884s] [ 90%] [32mBuilding C object CMakeFiles/turtlesim__rosidl_typesupport_introspection_c__pyext.dir/rosidl_generator_py/turtlesim/_turtlesim_s.ep.rosidl_typesupport_introspection_c.c.o[0m
[13.885s] [ 91%] [32mBuilding C object CMakeFiles/turtlesim__rosidl_typesupport_c__pyext.dir/rosidl_generator_py/turtlesim/_turtlesim_s.ep.rosidl_typesupport_c.c.o[0m
[13.895s] [ 92%] [32mBuilding C object CMakeFiles/turtlesim__rosidl_typesupport_fastrtps_c__pyext.dir/rosidl_generator_py/turtlesim/_turtlesim_s.ep.rosidl_typesupport_fastrtps_c.c.o[0m
[14.141s] [ 93%] [32m[1mLinking C shared library rosidl_generator_py/turtlesim/turtlesim_s__rosidl_typesupport_c.cpython-38-x86_64-linux-gnu.so[0m
[14.151s] [ 94%] [32m[1mLinking C shared library rosidl_generator_py/turtlesim/turtlesim_s__rosidl_typesupport_introspection_c.cpython-38-x86_64-linux-gnu.so[0m
[14.186s] [ 95%] [32m[1mLinking CXX shared library rosidl_generator_py/turtlesim/turtlesim_s__rosidl_typesupport_fastrtps_c.cpython-38-x86_64-linux-gnu.so[0m
[14.211s] [ 95%] Built target turtlesim__rosidl_typesupport_c__pyext
[14.219s] [ 95%] Built target turtlesim__rosidl_typesupport_introspection_c__pyext
[14.302s] [ 95%] Built target turtlesim__rosidl_typesupport_fastrtps_c__pyext
[16.845s] [ 96%] [32m[1mLinking CXX executable turtle_teleop_key[0m
[17.208s] [ 96%] Built target turtle_teleop_key
[17.861s] [ 97%] [32m[1mLinking CXX executable mimic[0m
[18.146s] [ 97%] Built target mimic
[18.910s] [ 98%] [32m[1mLinking CXX executable draw_square[0m
[19.216s] [ 98%] Built target draw_square
[21.015s] [100%] [32m[1mLinking CXX executable turtlesim_node[0m
[22.906s] [100%] Built target turtlesim_node
[22.923s] Invoked command in '/home/ubuntu/ROS2-Tutorials/robot_ws/build/turtlesim' returned '0': CMAKE_PREFIX_PATH=${CMAKE_PREFIX_PATH}:/home/ubuntu/robot_ws/install/tb3_teleop:/home/ubuntu/robot_ws/install/srv_examples:/home/ubuntu/robot_ws/install/rqt_joy:/home/ubuntu/robot_ws/install/pubsub:/home/ubuntu/robot_ws/install/myfirstpackage:/opt/ros/foxy /usr/bin/cmake --build /home/ubuntu/ROS2-Tutorials/robot_ws/build/turtlesim -- -j12 -l12
[23.176s] Invoking command in '/home/ubuntu/ROS2-Tutorials/robot_ws/build/turtlesim': CMAKE_PREFIX_PATH=${CMAKE_PREFIX_PATH}:/home/ubuntu/robot_ws/install/tb3_teleop:/home/ubuntu/robot_ws/install/srv_examples:/home/ubuntu/robot_ws/install/rqt_joy:/home/ubuntu/robot_ws/install/pubsub:/home/ubuntu/robot_ws/install/myfirstpackage:/opt/ros/foxy /usr/bin/cmake --install /home/ubuntu/ROS2-Tutorials/robot_ws/build/turtlesim
[23.186s] -- Install configuration: ""
[23.186s] -- Installing: /home/ubuntu/ROS2-Tutorials/robot_ws/install/turtlesim/share/ament_index/resource_index/rosidl_interfaces/turtlesim
[23.186s] -- Installing: /home/ubuntu/ROS2-Tutorials/robot_ws/install/turtlesim/include/turtlesim
[23.187s] -- Installing: /home/ubuntu/ROS2-Tutorials/robot_ws/install/turtlesim/include/turtlesim/srv
[23.187s] -- Installing: /home/ubuntu/ROS2-Tutorials/robot_ws/install/turtlesim/include/turtlesim/srv/kill.h
[23.187s] -- Installing: /home/ubuntu/ROS2-Tutorials/robot_ws/install/turtlesim/include/turtlesim/srv/teleport_absolute.h
[23.187s] -- Installing: /home/ubuntu/ROS2-Tutorials/robot_ws/install/turtlesim/include/turtlesim/srv/spawn.h
[23.188s] -- Installing: /home/ubuntu/ROS2-Tutorials/robot_ws/install/turtlesim/include/turtlesim/srv/set_pen.h
[23.188s] -- Installing: /home/ubuntu/ROS2-Tutorials/robot_ws/install/turtlesim/include/turtlesim/srv/detail
[23.188s] -- Installing: /home/ubuntu/ROS2-Tutorials/robot_ws/install/turtlesim/include/turtlesim/srv/detail/teleport_absolute__functions.h
[23.188s] -- Installing: /home/ubuntu/ROS2-Tutorials/robot_ws/install/turtlesim/include/turtlesim/srv/detail/spawn__type_support.h
[23.189s] -- Installing: /home/ubuntu/ROS2-Tutorials/robot_ws/install/turtlesim/include/turtlesim/srv/detail/teleport_relative__type_support.h
[23.189s] -- Installing: /home/ubuntu/ROS2-Tutorials/robot_ws/install/turtlesim/include/turtlesim/srv/detail/teleport_absolute__type_support.h
[23.189s] -- Installing: /home/ubuntu/ROS2-Tutorials/robot_ws/install/turtlesim/include/turtlesim/srv/detail/set_pen__struct.h
[23.189s] -- Installing: /home/ubuntu/ROS2-Tutorials/robot_ws/install/turtlesim/include/turtlesim/srv/detail/kill__struct.h
[23.189s] -- Installing: /home/ubuntu/ROS2-Tutorials/robot_ws/install/turtlesim/include/turtlesim/srv/detail/teleport_relative__functions.h
[23.190s] -- Installing: /home/ubuntu/ROS2-Tutorials/robot_ws/install/turtlesim/include/turtlesim/srv/detail/teleport_absolute__functions.c
[23.190s] -- Installing: /home/ubuntu/ROS2-Tutorials/robot_ws/install/turtlesim/include/turtlesim/srv/detail/teleport_absolute__struct.h
[23.190s] -- Installing: /home/ubuntu/ROS2-Tutorials/robot_ws/install/turtlesim/include/turtlesim/srv/detail/spawn__functions.c
[23.190s] -- Installing: /home/ubuntu/ROS2-Tutorials/robot_ws/install/turtlesim/include/turtlesim/srv/detail/teleport_relative__functions.c
[23.191s] -- Installing: /home/ubuntu/ROS2-Tutorials/robot_ws/install/turtlesim/include/turtlesim/srv/detail/spawn__struct.h
[23.191s] -- Installing: /home/ubuntu/ROS2-Tutorials/robot_ws/install/turtlesim/include/turtlesim/srv/detail/teleport_relative__struct.h
[23.191s] -- Installing: /home/ubuntu/ROS2-Tutorials/robot_ws/install/turtlesim/include/turtlesim/srv/detail/kill__functions.h
[23.191s] -- Installing: /home/ubuntu/ROS2-Tutorials/robot_ws/install/turtlesim/include/turtlesim/srv/detail/kill__type_support.h
[23.192s] -- Installing: /home/ubuntu/ROS2-Tutorials/robot_ws/install/turtlesim/include/turtlesim/srv/detail/set_pen__functions.c
[23.192s] -- Installing: /home/ubuntu/ROS2-Tutorials/robot_ws/install/turtlesim/include/turtlesim/srv/detail/set_pen__type_support.h
[23.192s] -- Installing: /home/ubuntu/ROS2-Tutorials/robot_ws/install/turtlesim/include/turtlesim/srv/detail/set_pen__functions.h
[23.192s] -- Installing: /home/ubuntu/ROS2-Tutorials/robot_ws/install/turtlesim/include/turtlesim/srv/detail/spawn__functions.h
[23.193s] -- Installing: /home/ubuntu/ROS2-Tutorials/robot_ws/install/turtlesim/include/turtlesim/srv/detail/kill__functions.c
[23.193s] -- Installing: /home/ubuntu/ROS2-Tutorials/robot_ws/install/turtlesim/include/turtlesim/srv/teleport_relative.h
[23.193s] -- Installing: /home/ubuntu/ROS2-Tutorials/robot_ws/install/turtlesim/include/turtlesim/msg
[23.193s] -- Installing: /home/ubuntu/ROS2-Tutorials/robot_ws/install/turtlesim/include/turtlesim/msg/pose.h
[23.193s] -- Installing: /home/ubuntu/ROS2-Tutorials/robot_ws/install/turtlesim/include/turtlesim/msg/color.h
[23.194s] -- Installing: /home/ubuntu/ROS2-Tutorials/robot_ws/install/turtlesim/include/turtlesim/msg/rosidl_generator_c__visibility_control.h
[23.194s] -- Installing: /home/ubuntu/ROS2-Tutorials/robot_ws/install/turtlesim/include/turtlesim/msg/detail
[23.194s] -- Installing: /home/ubuntu/ROS2-Tutorials/robot_ws/install/turtlesim/include/turtlesim/msg/detail/pose__functions.h
[23.195s] -- Installing: /home/ubuntu/ROS2-Tutorials/robot_ws/install/turtlesim/include/turtlesim/msg/detail/pose__struct.h
[23.195s] -- Installing: /home/ubuntu/ROS2-Tutorials/robot_ws/install/turtlesim/include/turtlesim/msg/detail/color__struct.h
[23.195s] -- Installing: /home/ubuntu/ROS2-Tutorials/robot_ws/install/turtlesim/include/turtlesim/msg/detail/pose__functions.c
[23.195s] -- Installing: /home/ubuntu/ROS2-Tutorials/robot_ws/install/turtlesim/include/turtlesim/msg/detail/color__functions.h
[23.196s] -- Installing: /home/ubuntu/ROS2-Tutorials/robot_ws/install/turtlesim/include/turtlesim/msg/detail/color__functions.c
[23.196s] -- Installing: /home/ubuntu/ROS2-Tutorials/robot_ws/install/turtlesim/include/turtlesim/msg/detail/color__type_support.h
[23.196s] -- Installing: /home/ubuntu/ROS2-Tutorials/robot_ws/install/turtlesim/include/turtlesim/msg/detail/pose__type_support.h
[23.196s] -- Installing: /home/ubuntu/ROS2-Tutorials/robot_ws/install/turtlesim/include/turtlesim/action
[23.196s] -- Installing: /home/ubuntu/ROS2-Tutorials/robot_ws/install/turtlesim/include/turtlesim/action/rotate_absolute.h
[23.196s] -- Installing: /home/ubuntu/ROS2-Tutorials/robot_ws/install/turtlesim/include/turtlesim/action/detail
[23.197s] -- Installing: /home/ubuntu/ROS2-Tutorials/robot_ws/install/turtlesim/include/turtlesim/action/detail/rotate_absolute__functions.c
[23.197s] -- Installing: /home/ubuntu/ROS2-Tutorials/robot_ws/install/turtlesim/include/turtlesim/action/detail/rotate_absolute__type_support.h
[23.197s] -- Installing: /home/ubuntu/ROS2-Tutorials/robot_ws/install/turtlesim/include/turtlesim/action/detail/rotate_absolute__functions.h
[23.198s] -- Installing: /home/ubuntu/ROS2-Tutorials/robot_ws/install/turtlesim/include/turtlesim/action/detail/rotate_absolute__struct.h
[23.198s] -- Installing: /home/ubuntu/ROS2-Tutorials/robot_ws/install/turtlesim/share/turtlesim/environment/library_path.sh
[23.198s] -- Installing: /home/ubuntu/ROS2-Tutorials/robot_ws/install/turtlesim/share/turtlesim/environment/library_path.dsv
[23.198s] -- Installing: /home/ubuntu/ROS2-Tutorials/robot_ws/install/turtlesim/lib/libturtlesim__rosidl_generator_c.so
[23.199s] -- Set runtime path of "/home/ubuntu/ROS2-Tutorials/robot_ws/install/turtlesim/lib/libturtlesim__rosidl_generator_c.so" to ""
[23.199s] -- Up-to-date: /home/ubuntu/ROS2-Tutorials/robot_ws/install/turtlesim/include/turtlesim
[23.199s] -- Up-to-date: /home/ubuntu/ROS2-Tutorials/robot_ws/install/turtlesim/include/turtlesim/srv
[23.199s] -- Up-to-date: /home/ubuntu/ROS2-Tutorials/robot_ws/install/turtlesim/include/turtlesim/srv/detail
[23.199s] -- Installing: /home/ubuntu/ROS2-Tutorials/robot_ws/install/turtlesim/include/turtlesim/srv/detail/spawn__rosidl_typesupport_fastrtps_c.h
[23.199s] -- Installing: /home/ubuntu/ROS2-Tutorials/robot_ws/install/turtlesim/include/turtlesim/srv/detail/teleport_relative__rosidl_typesupport_fastrtps_c.h
[23.200s] -- Installing: /home/ubuntu/ROS2-Tutorials/robot_ws/install/turtlesim/include/turtlesim/srv/detail/kill__rosidl_typesupport_fastrtps_c.h
[23.200s] -- Installing: /home/ubuntu/ROS2-Tutorials/robot_ws/install/turtlesim/include/turtlesim/srv/detail/teleport_absolute__rosidl_typesupport_fastrtps_c.h
[23.200s] -- Installing: /home/ubuntu/ROS2-Tutorials/robot_ws/install/turtlesim/include/turtlesim/srv/detail/set_pen__rosidl_typesupport_fastrtps_c.h
[23.200s] -- Up-to-date: /home/ubuntu/ROS2-Tutorials/robot_ws/install/turtlesim/include/turtlesim/msg
[23.201s] -- Installing: /home/ubuntu/ROS2-Tutorials/robot_ws/install/turtlesim/include/turtlesim/msg/rosidl_typesupport_fastrtps_c__visibility_control.h
[23.201s] -- Up-to-date: /home/ubuntu/ROS2-Tutorials/robot_ws/install/turtlesim/include/turtlesim/msg/detail
[23.201s] -- Installing: /home/ubuntu/ROS2-Tutorials/robot_ws/install/turtlesim/include/turtlesim/msg/detail/color__rosidl_typesupport_fastrtps_c.h
[23.201s] -- Installing: /home/ubuntu/ROS2-Tutorials/robot_ws/install/turtlesim/include/turtlesim/msg/detail/pose__rosidl_typesupport_fastrtps_c.h
[23.202s] -- Up-to-date: /home/ubuntu/ROS2-Tutorials/robot_ws/install/turtlesim/include/turtlesim/action
[23.202s] -- Up-to-date: /home/ubuntu/ROS2-Tutorials/robot_ws/install/turtlesim/include/turtlesim/action/detail
[23.202s] -- Installing: /home/ubuntu/ROS2-Tutorials/robot_ws/install/turtlesim/include/turtlesim/action/detail/rotate_absolute__rosidl_typesupport_fastrtps_c.h
[23.202s] -- Installing: /home/ubuntu/ROS2-Tutorials/robot_ws/install/turtlesim/lib/libturtlesim__rosidl_typesupport_fastrtps_c.so
[23.202s] -- Set runtime path of "/home/ubuntu/ROS2-Tutorials/robot_ws/install/turtlesim/lib/libturtlesim__rosidl_typesupport_fastrtps_c.so" to ""
[23.203s] -- Up-to-date: /home/ubuntu/ROS2-Tutorials/robot_ws/install/turtlesim/include/turtlesim
[23.203s] -- Up-to-date: /home/ubuntu/ROS2-Tutorials/robot_ws/install/turtlesim/include/turtlesim/srv
[23.203s] -- Up-to-date: /home/ubuntu/ROS2-Tutorials/robot_ws/install/turtlesim/include/turtlesim/srv/detail
[23.203s] -- Installing: /home/ubuntu/ROS2-Tutorials/robot_ws/install/turtlesim/include/turtlesim/srv/detail/spawn__rosidl_typesupport_fastrtps_cpp.hpp
[23.203s] -- Installing: /home/ubuntu/ROS2-Tutorials/robot_ws/install/turtlesim/include/turtlesim/srv/detail/teleport_relative__rosidl_typesupport_fastrtps_cpp.hpp
[23.204s] -- Installing: /home/ubuntu/ROS2-Tutorials/robot_ws/install/turtlesim/include/turtlesim/srv/detail/teleport_absolute__rosidl_typesupport_fastrtps_cpp.hpp
[23.204s] -- Installing: /home/ubuntu/ROS2-Tutorials/robot_ws/install/turtlesim/include/turtlesim/srv/detail/dds_fastrtps
[23.204s] -- Installing: /home/ubuntu/ROS2-Tutorials/robot_ws/install/turtlesim/include/turtlesim/srv/detail/set_pen__rosidl_typesupport_fastrtps_cpp.hpp
[23.204s] -- Installing: /home/ubuntu/ROS2-Tutorials/robot_ws/install/turtlesim/include/turtlesim/srv/detail/kill__rosidl_typesupport_fastrtps_cpp.hpp
[23.205s] -- Up-to-date: /home/ubuntu/ROS2-Tutorials/robot_ws/install/turtlesim/include/turtlesim/msg
[23.205s] -- Installing: /home/ubuntu/ROS2-Tutorials/robot_ws/install/turtlesim/include/turtlesim/msg/rosidl_typesupport_fastrtps_cpp__visibility_control.h
[23.205s] -- Up-to-date: /home/ubuntu/ROS2-Tutorials/robot_ws/install/turtlesim/include/turtlesim/msg/detail
[23.205s] -- Installing: /home/ubuntu/ROS2-Tutorials/robot_ws/install/turtlesim/include/turtlesim/msg/detail/pose__rosidl_typesupport_fastrtps_cpp.hpp
[23.206s] -- Installing: /home/ubuntu/ROS2-Tutorials/robot_ws/install/turtlesim/include/turtlesim/msg/detail/dds_fastrtps
[23.206s] -- Installing: /home/ubuntu/ROS2-Tutorials/robot_ws/install/turtlesim/include/turtlesim/msg/detail/color__rosidl_typesupport_fastrtps_cpp.hpp
[23.206s] -- Up-to-date: /home/ubuntu/ROS2-Tutorials/robot_ws/install/turtlesim/include/turtlesim/action
[23.206s] -- Up-to-date: /home/ubuntu/ROS2-Tutorials/robot_ws/install/turtlesim/include/turtlesim/action/detail
[23.207s] -- Installing: /home/ubuntu/ROS2-Tutorials/robot_ws/install/turtlesim/include/turtlesim/action/detail/rotate_absolute__rosidl_typesupport_fastrtps_cpp.hpp
[23.207s] -- Installing: /home/ubuntu/ROS2-Tutorials/robot_ws/install/turtlesim/include/turtlesim/action/detail/dds_fastrtps
[23.207s] -- Installing: /home/ubuntu/ROS2-Tutorials/robot_ws/install/turtlesim/lib/libturtlesim__rosidl_typesupport_fastrtps_cpp.so
[23.207s] -- Set runtime path of "/home/ubuntu/ROS2-Tutorials/robot_ws/install/turtlesim/lib/libturtlesim__rosidl_typesupport_fastrtps_cpp.so" to ""
[23.208s] -- Up-to-date: /home/ubuntu/ROS2-Tutorials/robot_ws/install/turtlesim/include/turtlesim
[23.208s] -- Up-to-date: /home/ubuntu/ROS2-Tutorials/robot_ws/install/turtlesim/include/turtlesim/srv
[23.208s] -- Up-to-date: /home/ubuntu/ROS2-Tutorials/robot_ws/install/turtlesim/include/turtlesim/srv/detail
[23.208s] -- Installing: /home/ubuntu/ROS2-Tutorials/robot_ws/install/turtlesim/include/turtlesim/srv/detail/set_pen__type_support.c
[23.209s] -- Installing: /home/ubuntu/ROS2-Tutorials/robot_ws/install/turtlesim/include/turtlesim/srv/detail/kill__rosidl_typesupport_introspection_c.h
[23.209s] -- Installing: /home/ubuntu/ROS2-Tutorials/robot_ws/install/turtlesim/include/turtlesim/srv/detail/teleport_absolute__rosidl_typesupport_introspection_c.h
[23.209s] -- Installing: /home/ubuntu/ROS2-Tutorials/robot_ws/install/turtlesim/include/turtlesim/srv/detail/spawn__type_support.c
[23.209s] -- Installing: /home/ubuntu/ROS2-Tutorials/robot_ws/install/turtlesim/include/turtlesim/srv/detail/set_pen__rosidl_typesupport_introspection_c.h
[23.210s] -- Installing: /home/ubuntu/ROS2-Tutorials/robot_ws/install/turtlesim/include/turtlesim/srv/detail/teleport_absolute__type_support.c
[23.210s] -- Installing: /home/ubuntu/ROS2-Tutorials/robot_ws/install/turtlesim/include/turtlesim/srv/detail/teleport_relative__type_support.c
[23.210s] -- Installing: /home/ubuntu/ROS2-Tutorials/robot_ws/install/turtlesim/include/turtlesim/srv/detail/spawn__rosidl_typesupport_introspection_c.h
[23.210s] -- Installing: /home/ubuntu/ROS2-Tutorials/robot_ws/install/turtlesim/include/turtlesim/srv/detail/teleport_relative__rosidl_typesupport_introspection_c.h
[23.211s] -- Installing: /home/ubuntu/ROS2-Tutorials/robot_ws/install/turtlesim/include/turtlesim/srv/detail/kill__type_support.c
[23.211s] -- Up-to-date: /home/ubuntu/ROS2-Tutorials/robot_ws/install/turtlesim/include/turtlesim/msg
[23.211s] -- Installing: /home/ubuntu/ROS2-Tutorials/robot_ws/install/turtlesim/include/turtlesim/msg/rosidl_typesupport_introspection_c__visibility_control.h
[23.212s] -- Up-to-date: /home/ubuntu/ROS2-Tutorials/robot_ws/install/turtlesim/include/turtlesim/msg/detail
[23.212s] -- Installing: /home/ubuntu/ROS2-Tutorials/robot_ws/install/turtlesim/include/turtlesim/msg/detail/color__type_support.c
[23.212s] -- Installing: /home/ubuntu/ROS2-Tutorials/robot_ws/install/turtlesim/include/turtlesim/msg/detail/pose__rosidl_typesupport_introspection_c.h
[23.212s] -- Installing: /home/ubuntu/ROS2-Tutorials/robot_ws/install/turtlesim/include/turtlesim/msg/detail/color__rosidl_typesupport_introspection_c.h
[23.213s] -- Installing: /home/ubuntu/ROS2-Tutorials/robot_ws/install/turtlesim/include/turtlesim/msg/detail/pose__type_support.c
[23.213s] -- Up-to-date: /home/ubuntu/ROS2-Tutorials/robot_ws/install/turtlesim/include/turtlesim/action
[23.213s] -- Up-to-date: /home/ubuntu/ROS2-Tutorials/robot_ws/install/turtlesim/include/turtlesim/action/detail
[23.213s] -- Installing: /home/ubuntu/ROS2-Tutorials/robot_ws/install/turtlesim/include/turtlesim/action/detail/rotate_absolute__type_support.c
[23.214s] -- Installing: /home/ubuntu/ROS2-Tutorials/robot_ws/install/turtlesim/include/turtlesim/action/detail/rotate_absolute__rosidl_typesupport_introspection_c.h
[23.214s] -- Installing: /home/ubuntu/ROS2-Tutorials/robot_ws/install/turtlesim/lib/libturtlesim__rosidl_typesupport_introspection_c.so
[23.214s] -- Set runtime path of "/home/ubuntu/ROS2-Tutorials/robot_ws/install/turtlesim/lib/libturtlesim__rosidl_typesupport_introspection_c.so" to ""
[23.215s] -- Installing: /home/ubuntu/ROS2-Tutorials/robot_ws/install/turtlesim/lib/libturtlesim__rosidl_typesupport_c.so
[23.215s] -- Set runtime path of "/home/ubuntu/ROS2-Tutorials/robot_ws/install/turtlesim/lib/libturtlesim__rosidl_typesupport_c.so" to ""
[23.215s] -- Up-to-date: /home/ubuntu/ROS2-Tutorials/robot_ws/install/turtlesim/include/turtlesim
[23.215s] -- Up-to-date: /home/ubuntu/ROS2-Tutorials/robot_ws/install/turtlesim/include/turtlesim/srv
[23.216s] -- Installing: /home/ubuntu/ROS2-Tutorials/robot_ws/install/turtlesim/include/turtlesim/srv/teleport_relative.hpp
[23.216s] -- Installing: /home/ubuntu/ROS2-Tutorials/robot_ws/install/turtlesim/include/turtlesim/srv/set_pen.hpp
[23.216s] -- Installing: /home/ubuntu/ROS2-Tutorials/robot_ws/install/turtlesim/include/turtlesim/srv/teleport_absolute.hpp
[23.216s] -- Installing: /home/ubuntu/ROS2-Tutorials/robot_ws/install/turtlesim/include/turtlesim/srv/spawn.hpp
[23.216s] -- Installing: /home/ubuntu/ROS2-Tutorials/robot_ws/install/turtlesim/include/turtlesim/srv/kill.hpp
[23.217s] -- Up-to-date: /home/ubuntu/ROS2-Tutorials/robot_ws/install/turtlesim/include/turtlesim/srv/detail
[23.217s] -- Installing: /home/ubuntu/ROS2-Tutorials/robot_ws/install/turtlesim/include/turtlesim/srv/detail/spawn__traits.hpp
[23.217s] -- Installing: /home/ubuntu/ROS2-Tutorials/robot_ws/install/turtlesim/include/turtlesim/srv/detail/spawn__builder.hpp
[23.217s] -- Installing: /home/ubuntu/ROS2-Tutorials/robot_ws/install/turtlesim/include/turtlesim/srv/detail/teleport_relative__struct.hpp
[23.218s] -- Installing: /home/ubuntu/ROS2-Tutorials/robot_ws/install/turtlesim/include/turtlesim/srv/detail/kill__struct.hpp
[23.218s] -- Installing: /home/ubuntu/ROS2-Tutorials/robot_ws/install/turtlesim/include/turtlesim/srv/detail/teleport_absolute__builder.hpp
[23.218s] -- Installing: /home/ubuntu/ROS2-Tutorials/robot_ws/install/turtlesim/include/turtlesim/srv/detail/teleport_absolute__traits.hpp
[23.218s] -- Installing: /home/ubuntu/ROS2-Tutorials/robot_ws/install/turtlesim/include/turtlesim/srv/detail/set_pen__struct.hpp
[23.218s] -- Installing: /home/ubuntu/ROS2-Tutorials/robot_ws/install/turtlesim/include/turtlesim/srv/detail/kill__traits.hpp
[23.218s] -- Installing: /home/ubuntu/ROS2-Tutorials/robot_ws/install/turtlesim/include/turtlesim/srv/detail/kill__builder.hpp
[23.219s] -- Installing: /home/ubuntu/ROS2-Tutorials/robot_ws/install/turtlesim/include/turtlesim/srv/detail/spawn__struct.hpp
[23.219s] -- Installing: /home/ubuntu/ROS2-Tutorials/robot_ws/install/turtlesim/include/turtlesim/srv/detail/set_pen__traits.hpp
[23.219s] -- Installing: /home/ubuntu/ROS2-Tutorials/robot_ws/install/turtlesim/include/turtlesim/srv/detail/teleport_relative__traits.hpp
[23.219s] -- Installing: /home/ubuntu/ROS2-Tutorials/robot_ws/install/turtlesim/include/turtlesim/srv/detail/teleport_relative__builder.hpp
[23.219s] -- Installing: /home/ubuntu/ROS2-Tutorials/robot_ws/install/turtlesim/include/turtlesim/srv/detail/teleport_absolute__struct.hpp
[23.219s] -- Installing: /home/ubuntu/ROS2-Tutorials/robot_ws/install/turtlesim/include/turtlesim/srv/detail/set_pen__builder.hpp
[23.220s] -- Up-to-date: /home/ubuntu/ROS2-Tutorials/robot_ws/install/turtlesim/include/turtlesim/msg
[23.220s] -- Installing: /home/ubuntu/ROS2-Tutorials/robot_ws/install/turtlesim/include/turtlesim/msg/pose.hpp
[23.220s] -- Up-to-date: /home/ubuntu/ROS2-Tutorials/robot_ws/install/turtlesim/include/turtlesim/msg/detail
[23.220s] -- Installing: /home/ubuntu/ROS2-Tutorials/robot_ws/install/turtlesim/include/turtlesim/msg/detail/pose__traits.hpp
[23.221s] -- Installing: /home/ubuntu/ROS2-Tutorials/robot_ws/install/turtlesim/include/turtlesim/msg/detail/pose__builder.hpp
[23.221s] -- Installing: /home/ubuntu/ROS2-Tutorials/robot_ws/install/turtlesim/include/turtlesim/msg/detail/color__struct.hpp
[23.221s] -- Installing: /home/ubuntu/ROS2-Tutorials/robot_ws/install/turtlesim/include/turtlesim/msg/detail/color__traits.hpp
[23.221s] -- Installing: /home/ubuntu/ROS2-Tutorials/robot_ws/install/turtlesim/include/turtlesim/msg/detail/pose__struct.hpp
[23.221s] -- Installing: /home/ubuntu/ROS2-Tutorials/robot_ws/install/turtlesim/include/turtlesim/msg/detail/color__builder.hpp
[23.221s] -- Installing: /home/ubuntu/ROS2-Tutorials/robot_ws/install/turtlesim/include/turtlesim/msg/color.hpp
[23.221s] -- Up-to-date: /home/ubuntu/ROS2-Tutorials/robot_ws/install/turtlesim/include/turtlesim/action
[23.222s] -- Installing: /home/ubuntu/ROS2-Tutorials/robot_ws/install/turtlesim/include/turtlesim/action/rotate_absolute.hpp
[23.222s] -- Up-to-date: /home/ubuntu/ROS2-Tutorials/robot_ws/install/turtlesim/include/turtlesim/action/detail
[23.222s] -- Installing: /home/ubuntu/ROS2-Tutorials/robot_ws/install/turtlesim/include/turtlesim/action/detail/rotate_absolute__traits.hpp
[23.222s] -- Installing: /home/ubuntu/ROS2-Tutorials/robot_ws/install/turtlesim/include/turtlesim/action/detail/rotate_absolute__struct.hpp
[23.222s] -- Installing: /home/ubuntu/ROS2-Tutorials/robot_ws/install/turtlesim/include/turtlesim/action/detail/rotate_absolute__builder.hpp
[23.222s] -- Up-to-date: /home/ubuntu/ROS2-Tutorials/robot_ws/install/turtlesim/include/turtlesim
[23.222s] -- Up-to-date: /home/ubuntu/ROS2-Tutorials/robot_ws/install/turtlesim/include/turtlesim/srv
[23.223s] -- Up-to-date: /home/ubuntu/ROS2-Tutorials/robot_ws/install/turtlesim/include/turtlesim/srv/detail
[23.223s] -- Installing: /home/ubuntu/ROS2-Tutorials/robot_ws/install/turtlesim/include/turtlesim/srv/detail/kill__type_support.cpp
[23.223s] -- Installing: /home/ubuntu/ROS2-Tutorials/robot_ws/install/turtlesim/include/turtlesim/srv/detail/set_pen__type_support.cpp
[23.223s] -- Installing: /home/ubuntu/ROS2-Tutorials/robot_ws/install/turtlesim/include/turtlesim/srv/detail/spawn__type_support.cpp
[23.223s] -- Installing: /home/ubuntu/ROS2-Tutorials/robot_ws/install/turtlesim/include/turtlesim/srv/detail/teleport_relative__type_support.cpp
[23.223s] -- Installing: /home/ubuntu/ROS2-Tutorials/robot_ws/install/turtlesim/include/turtlesim/srv/detail/teleport_absolute__type_support.cpp
[23.223s] -- Installing: /home/ubuntu/ROS2-Tutorials/robot_ws/install/turtlesim/include/turtlesim/srv/detail/teleport_absolute__rosidl_typesupport_introspection_cpp.hpp
[23.224s] -- Installing: /home/ubuntu/ROS2-Tutorials/robot_ws/install/turtlesim/include/turtlesim/srv/detail/set_pen__rosidl_typesupport_introspection_cpp.hpp
[23.224s] -- Installing: /home/ubuntu/ROS2-Tutorials/robot_ws/install/turtlesim/include/turtlesim/srv/detail/kill__rosidl_typesupport_introspection_cpp.hpp
[23.224s] -- Installing: /home/ubuntu/ROS2-Tutorials/robot_ws/install/turtlesim/include/turtlesim/srv/detail/spawn__rosidl_typesupport_introspection_cpp.hpp
[23.224s] -- Installing: /home/ubuntu/ROS2-Tutorials/robot_ws/install/turtlesim/include/turtlesim/srv/detail/teleport_relative__rosidl_typesupport_introspection_cpp.hpp
[23.224s] -- Up-to-date: /home/ubuntu/ROS2-Tutorials/robot_ws/install/turtlesim/include/turtlesim/msg
[23.224s] -- Up-to-date: /home/ubuntu/ROS2-Tutorials/robot_ws/install/turtlesim/include/turtlesim/msg/detail
[23.225s] -- Installing: /home/ubuntu/ROS2-Tutorials/robot_ws/install/turtlesim/include/turtlesim/msg/detail/color__rosidl_typesupport_introspection_cpp.hpp
[23.225s] -- Installing: /home/ubuntu/ROS2-Tutorials/robot_ws/install/turtlesim/include/turtlesim/msg/detail/pose__rosidl_typesupport_introspection_cpp.hpp
[23.225s] -- Installing: /home/ubuntu/ROS2-Tutorials/robot_ws/install/turtlesim/include/turtlesim/msg/detail/color__type_support.cpp
[23.225s] -- Installing: /home/ubuntu/ROS2-Tutorials/robot_ws/install/turtlesim/include/turtlesim/msg/detail/pose__type_support.cpp
[23.225s] -- Up-to-date: /home/ubuntu/ROS2-Tutorials/robot_ws/install/turtlesim/include/turtlesim/action
[23.225s] -- Up-to-date: /home/ubuntu/ROS2-Tutorials/robot_ws/install/turtlesim/include/turtlesim/action/detail
[23.225s] -- Installing: /home/ubuntu/ROS2-Tutorials/robot_ws/install/turtlesim/include/turtlesim/action/detail/rotate_absolute__rosidl_typesupport_introspection_cpp.hpp
[23.226s] -- Installing: /home/ubuntu/ROS2-Tutorials/robot_ws/install/turtlesim/include/turtlesim/action/detail/rotate_absolute__type_support.cpp
[23.226s] -- Installing: /home/ubuntu/ROS2-Tutorials/robot_ws/install/turtlesim/lib/libturtlesim__rosidl_typesupport_introspection_cpp.so
[23.226s] -- Set runtime path of "/home/ubuntu/ROS2-Tutorials/robot_ws/install/turtlesim/lib/libturtlesim__rosidl_typesupport_introspection_cpp.so" to ""
[23.226s] -- Installing: /home/ubuntu/ROS2-Tutorials/robot_ws/install/turtlesim/lib/libturtlesim__rosidl_typesupport_cpp.so
[23.226s] -- Set runtime path of "/home/ubuntu/ROS2-Tutorials/robot_ws/install/turtlesim/lib/libturtlesim__rosidl_typesupport_cpp.so" to ""
[23.226s] -- Installing: /home/ubuntu/ROS2-Tutorials/robot_ws/install/turtlesim/share/turtlesim/environment/pythonpath.sh
[23.226s] -- Installing: /home/ubuntu/ROS2-Tutorials/robot_ws/install/turtlesim/share/turtlesim/environment/pythonpath.dsv
[23.227s] -- Installing: /home/ubuntu/ROS2-Tutorials/robot_ws/install/turtlesim/lib/python3.8/site-packages/turtlesim/__init__.py
[23.254s] Compiling '/home/ubuntu/ROS2-Tutorials/robot_ws/install/turtlesim/lib/python3.8/site-packages/turtlesim/__init__.py'...
[23.258s] -- Installing: /home/ubuntu/ROS2-Tutorials/robot_ws/install/turtlesim/lib/python3.8/site-packages/turtlesim/action
[23.258s] -- Installing: /home/ubuntu/ROS2-Tutorials/robot_ws/install/turtlesim/lib/python3.8/site-packages/turtlesim/action/_rotate_absolute.py
[23.259s] -- Installing: /home/ubuntu/ROS2-Tutorials/robot_ws/install/turtlesim/lib/python3.8/site-packages/turtlesim/action/_rotate_absolute_s.c
[23.259s] -- Installing: /home/ubuntu/ROS2-Tutorials/robot_ws/install/turtlesim/lib/python3.8/site-packages/turtlesim/action/__init__.py
[23.259s] -- Installing: /home/ubuntu/ROS2-Tutorials/robot_ws/install/turtlesim/lib/python3.8/site-packages/turtlesim/msg
[23.259s] -- Installing: /home/ubuntu/ROS2-Tutorials/robot_ws/install/turtlesim/lib/python3.8/site-packages/turtlesim/msg/_pose_s.c
[23.260s] -- Installing: /home/ubuntu/ROS2-Tutorials/robot_ws/install/turtlesim/lib/python3.8/site-packages/turtlesim/msg/_color.py
[23.260s] -- Installing: /home/ubuntu/ROS2-Tutorials/robot_ws/install/turtlesim/lib/python3.8/site-packages/turtlesim/msg/_pose.py
[23.260s] -- Installing: /home/ubuntu/ROS2-Tutorials/robot_ws/install/turtlesim/lib/python3.8/site-packages/turtlesim/msg/_color_s.c
[23.260s] -- Installing: /home/ubuntu/ROS2-Tutorials/robot_ws/install/turtlesim/lib/python3.8/site-packages/turtlesim/msg/__init__.py
[23.261s] -- Installing: /home/ubuntu/ROS2-Tutorials/robot_ws/install/turtlesim/lib/python3.8/site-packages/turtlesim/srv
[23.261s] -- Installing: /home/ubuntu/ROS2-Tutorials/robot_ws/install/turtlesim/lib/python3.8/site-packages/turtlesim/srv/_spawn.py
[23.261s] -- Installing: /home/ubuntu/ROS2-Tutorials/robot_ws/install/turtlesim/lib/python3.8/site-packages/turtlesim/srv/_spawn_s.c
[23.261s] -- Installing: /home/ubuntu/ROS2-Tutorials/robot_ws/install/turtlesim/lib/python3.8/site-packages/turtlesim/srv/_teleport_absolute_s.c
[23.261s] -- Installing: /home/ubuntu/ROS2-Tutorials/robot_ws/install/turtlesim/lib/python3.8/site-packages/turtlesim/srv/_set_pen_s.c
[23.262s] -- Installing: /home/ubuntu/ROS2-Tutorials/robot_ws/install/turtlesim/lib/python3.8/site-packages/turtlesim/srv/_teleport_relative.py
[23.262s] -- Installing: /home/ubuntu/ROS2-Tutorials/robot_ws/install/turtlesim/lib/python3.8/site-packages/turtlesim/srv/_teleport_relative_s.c
[23.262s] -- Installing: /home/ubuntu/ROS2-Tutorials/robot_ws/install/turtlesim/lib/python3.8/site-packages/turtlesim/srv/_kill_s.c
[23.262s] -- Installing: /home/ubuntu/ROS2-Tutorials/robot_ws/install/turtlesim/lib/python3.8/site-packages/turtlesim/srv/_kill.py
[23.262s] -- Installing: /home/ubuntu/ROS2-Tutorials/robot_ws/install/turtlesim/lib/python3.8/site-packages/turtlesim/srv/_set_pen.py
[23.263s] -- Installing: /home/ubuntu/ROS2-Tutorials/robot_ws/install/turtlesim/lib/python3.8/site-packages/turtlesim/srv/_teleport_absolute.py
[23.263s] -- Installing: /home/ubuntu/ROS2-Tutorials/robot_ws/install/turtlesim/lib/python3.8/site-packages/turtlesim/srv/__init__.py
[23.263s] -- Installing: /home/ubuntu/ROS2-Tutorials/robot_ws/install/turtlesim/lib/python3.8/site-packages/turtlesim/turtlesim_s__rosidl_typesupport_fastrtps_c.cpython-38-x86_64-linux-gnu.so
[23.263s] -- Set runtime path of "/home/ubuntu/ROS2-Tutorials/robot_ws/install/turtlesim/lib/python3.8/site-packages/turtlesim/turtlesim_s__rosidl_typesupport_fastrtps_c.cpython-38-x86_64-linux-gnu.so" to ""
[23.263s] -- Installing: /home/ubuntu/ROS2-Tutorials/robot_ws/install/turtlesim/lib/python3.8/site-packages/turtlesim/turtlesim_s__rosidl_typesupport_introspection_c.cpython-38-x86_64-linux-gnu.so
[23.264s] -- Set runtime path of "/home/ubuntu/ROS2-Tutorials/robot_ws/install/turtlesim/lib/python3.8/site-packages/turtlesim/turtlesim_s__rosidl_typesupport_introspection_c.cpython-38-x86_64-linux-gnu.so" to ""
[23.264s] -- Installing: /home/ubuntu/ROS2-Tutorials/robot_ws/install/turtlesim/lib/python3.8/site-packages/turtlesim/turtlesim_s__rosidl_typesupport_c.cpython-38-x86_64-linux-gnu.so
[23.265s] -- Set runtime path of "/home/ubuntu/ROS2-Tutorials/robot_ws/install/turtlesim/lib/python3.8/site-packages/turtlesim/turtlesim_s__rosidl_typesupport_c.cpython-38-x86_64-linux-gnu.so" to ""
[23.265s] -- Installing: /home/ubuntu/ROS2-Tutorials/robot_ws/install/turtlesim/lib/libturtlesim__python.so
[23.266s] -- Set runtime path of "/home/ubuntu/ROS2-Tutorials/robot_ws/install/turtlesim/lib/libturtlesim__python.so" to ""
[23.266s] -- Installing: /home/ubuntu/ROS2-Tutorials/robot_ws/install/turtlesim/share/turtlesim/action/RotateAbsolute.idl
[23.266s] -- Installing: /home/ubuntu/ROS2-Tutorials/robot_ws/install/turtlesim/share/turtlesim/msg/Color.idl
[23.266s] -- Installing: /home/ubuntu/ROS2-Tutorials/robot_ws/install/turtlesim/share/turtlesim/msg/Pose.idl
[23.267s] -- Installing: /home/ubuntu/ROS2-Tutorials/robot_ws/install/turtlesim/share/turtlesim/srv/Kill.idl
[23.267s] -- Installing: /home/ubuntu/ROS2-Tutorials/robot_ws/install/turtlesim/share/turtlesim/srv/SetPen.idl
[23.267s] -- Installing: /home/ubuntu/ROS2-Tutorials/robot_ws/install/turtlesim/share/turtlesim/srv/Spawn.idl
[23.267s] -- Installing: /home/ubuntu/ROS2-Tutorials/robot_ws/install/turtlesim/share/turtlesim/srv/TeleportAbsolute.idl
[23.267s] -- Installing: /home/ubuntu/ROS2-Tutorials/robot_ws/install/turtlesim/share/turtlesim/srv/TeleportRelative.idl
[23.268s] -- Installing: /home/ubuntu/ROS2-Tutorials/robot_ws/install/turtlesim/share/turtlesim/action/RotateAbsolute.action
[23.268s] -- Installing: /home/ubuntu/ROS2-Tutorials/robot_ws/install/turtlesim/share/turtlesim/msg/Color.msg
[23.268s] -- Installing: /home/ubuntu/ROS2-Tutorials/robot_ws/install/turtlesim/share/turtlesim/msg/Pose.msg
[23.268s] -- Installing: /home/ubuntu/ROS2-Tutorials/robot_ws/install/turtlesim/share/turtlesim/srv/Kill.srv
[23.269s] -- Installing: /home/ubuntu/ROS2-Tutorials/robot_ws/install/turtlesim/share/turtlesim/srv/Kill_Request.msg
[23.269s] -- Installing: /home/ubuntu/ROS2-Tutorials/robot_ws/install/turtlesim/share/turtlesim/srv/Kill_Response.msg
[23.269s] -- Installing: /home/ubuntu/ROS2-Tutorials/robot_ws/install/turtlesim/share/turtlesim/srv/SetPen.srv
[23.269s] -- Installing: /home/ubuntu/ROS2-Tutorials/robot_ws/install/turtlesim/share/turtlesim/srv/SetPen_Request.msg
[23.270s] -- Installing: /home/ubuntu/ROS2-Tutorials/robot_ws/install/turtlesim/share/turtlesim/srv/SetPen_Response.msg
[23.270s] -- Installing: /home/ubuntu/ROS2-Tutorials/robot_ws/install/turtlesim/share/turtlesim/srv/Spawn.srv
[23.270s] -- Installing: /home/ubuntu/ROS2-Tutorials/robot_ws/install/turtlesim/share/turtlesim/srv/Spawn_Request.msg
[23.270s] -- Installing: /home/ubuntu/ROS2-Tutorials/robot_ws/install/turtlesim/share/turtlesim/srv/Spawn_Response.msg
[23.271s] -- Installing: /home/ubuntu/ROS2-Tutorials/robot_ws/install/turtlesim/share/turtlesim/srv/TeleportAbsolute.srv
[23.271s] -- Installing: /home/ubuntu/ROS2-Tutorials/robot_ws/install/turtlesim/share/turtlesim/srv/TeleportAbsolute_Request.msg
[23.271s] -- Installing: /home/ubuntu/ROS2-Tutorials/robot_ws/install/turtlesim/share/turtlesim/srv/TeleportAbsolute_Response.msg
[23.271s] -- Installing: /home/ubuntu/ROS2-Tutorials/robot_ws/install/turtlesim/share/turtlesim/srv/TeleportRelative.srv
[23.271s] -- Installing: /home/ubuntu/ROS2-Tutorials/robot_ws/install/turtlesim/share/turtlesim/srv/TeleportRelative_Request.msg
[23.272s] -- Installing: /home/ubuntu/ROS2-Tutorials/robot_ws/install/turtlesim/share/turtlesim/srv/TeleportRelative_Response.msg
[23.272s] -- Installing: /home/ubuntu/ROS2-Tutorials/robot_ws/install/turtlesim/lib/turtlesim/turtlesim_node
[23.278s] -- Set runtime path of "/home/ubuntu/ROS2-Tutorials/robot_ws/install/turtlesim/lib/turtlesim/turtlesim_node" to ""
[23.278s] -- Installing: /home/ubuntu/ROS2-Tutorials/robot_ws/install/turtlesim/lib/turtlesim/turtle_teleop_key
[23.280s] -- Set runtime path of "/home/ubuntu/ROS2-Tutorials/robot_ws/install/turtlesim/lib/turtlesim/turtle_teleop_key" to ""
[23.280s] -- Installing: /home/ubuntu/ROS2-Tutorials/robot_ws/install/turtlesim/lib/turtlesim/draw_square
[23.283s] -- Set runtime path of "/home/ubuntu/ROS2-Tutorials/robot_ws/install/turtlesim/lib/turtlesim/draw_square" to ""
[23.283s] -- Installing: /home/ubuntu/ROS2-Tutorials/robot_ws/install/turtlesim/lib/turtlesim/mimic
[23.286s] -- Set runtime path of "/home/ubuntu/ROS2-Tutorials/robot_ws/install/turtlesim/lib/turtlesim/mimic" to ""
[23.286s] -- Installing: /home/ubuntu/ROS2-Tutorials/robot_ws/install/turtlesim/share/turtlesim/images
[23.286s] -- Installing: /home/ubuntu/ROS2-Tutorials/robot_ws/install/turtlesim/share/turtlesim/images/bouncy.png
[23.286s] -- Installing: /home/ubuntu/ROS2-Tutorials/robot_ws/install/turtlesim/share/turtlesim/images/dashing.png
[23.287s] -- Installing: /home/ubuntu/ROS2-Tutorials/robot_ws/install/turtlesim/share/turtlesim/images/ardent.png
[23.287s] -- Installing: /home/ubuntu/ROS2-Tutorials/robot_ws/install/turtlesim/share/turtlesim/images/foxy.png
[23.287s] -- Installing: /home/ubuntu/ROS2-Tutorials/robot_ws/install/turtlesim/share/turtlesim/images/crystal.png
[23.288s] -- Installing: /home/ubuntu/ROS2-Tutorials/robot_ws/install/turtlesim/share/turtlesim/images/eloquent.png
[23.288s] -- Installing: /home/ubuntu/ROS2-Tutorials/robot_ws/install/turtlesim/share/turtlesim/launch
[23.288s] -- Installing: /home/ubuntu/ROS2-Tutorials/robot_ws/install/turtlesim/share/turtlesim/launch/multisim.launch.py
[23.288s] -- Installing: /home/ubuntu/ROS2-Tutorials/robot_ws/install/turtlesim/share/ament_index/resource_index/package_run_dependencies/turtlesim
[23.288s] -- Installing: /home/ubuntu/ROS2-Tutorials/robot_ws/install/turtlesim/share/ament_index/resource_index/parent_prefix_path/turtlesim
[23.289s] -- Installing: /home/ubuntu/ROS2-Tutorials/robot_ws/install/turtlesim/share/turtlesim/environment/ament_prefix_path.sh
[23.289s] -- Installing: /home/ubuntu/ROS2-Tutorials/robot_ws/install/turtlesim/share/turtlesim/environment/ament_prefix_path.dsv
[23.289s] -- Installing: /home/ubuntu/ROS2-Tutorials/robot_ws/install/turtlesim/share/turtlesim/environment/path.sh
[23.290s] -- Installing: /home/ubuntu/ROS2-Tutorials/robot_ws/install/turtlesim/share/turtlesim/environment/path.dsv
[23.290s] -- Installing: /home/ubuntu/ROS2-Tutorials/robot_ws/install/turtlesim/share/turtlesim/local_setup.bash
[23.290s] -- Installing: /home/ubuntu/ROS2-Tutorials/robot_ws/install/turtlesim/share/turtlesim/local_setup.sh
[23.290s] -- Installing: /home/ubuntu/ROS2-Tutorials/robot_ws/install/turtlesim/share/turtlesim/local_setup.zsh
[23.291s] -- Installing: /home/ubuntu/ROS2-Tutorials/robot_ws/install/turtlesim/share/turtlesim/local_setup.dsv
[23.291s] -- Installing: /home/ubuntu/ROS2-Tutorials/robot_ws/install/turtlesim/share/turtlesim/package.dsv
[23.291s] -- Installing: /home/ubuntu/ROS2-Tutorials/robot_ws/install/turtlesim/share/ament_index/resource_index/packages/turtlesim
[23.291s] -- Installing: /home/ubuntu/ROS2-Tutorials/robot_ws/install/turtlesim/share/turtlesim/cmake/turtlesim__rosidl_generator_cExport.cmake
[23.292s] -- Installing: /home/ubuntu/ROS2-Tutorials/robot_ws/install/turtlesim/share/turtlesim/cmake/turtlesim__rosidl_generator_cExport-noconfig.cmake
[23.292s] -- Installing: /home/ubuntu/ROS2-Tutorials/robot_ws/install/turtlesim/share/turtlesim/cmake/turtlesim__rosidl_typesupport_introspection_cExport.cmake
[23.292s] -- Installing: /home/ubuntu/ROS2-Tutorials/robot_ws/install/turtlesim/share/turtlesim/cmake/turtlesim__rosidl_typesupport_introspection_cExport-noconfig.cmake
[23.292s] -- Installing: /home/ubuntu/ROS2-Tutorials/robot_ws/install/turtlesim/share/turtlesim/cmake/turtlesim__rosidl_typesupport_cExport.cmake
[23.293s] -- Installing: /home/ubuntu/ROS2-Tutorials/robot_ws/install/turtlesim/share/turtlesim/cmake/turtlesim__rosidl_typesupport_cExport-noconfig.cmake
[23.293s] -- Installing: /home/ubuntu/ROS2-Tutorials/robot_ws/install/turtlesim/share/turtlesim/cmake/turtlesim__rosidl_generator_cppExport.cmake
[23.293s] -- Installing: /home/ubuntu/ROS2-Tutorials/robot_ws/install/turtlesim/share/turtlesim/cmake/turtlesim__rosidl_typesupport_introspection_cppExport.cmake
[23.294s] -- Installing: /home/ubuntu/ROS2-Tutorials/robot_ws/install/turtlesim/share/turtlesim/cmake/turtlesim__rosidl_typesupport_introspection_cppExport-noconfig.cmake
[23.294s] -- Installing: /home/ubuntu/ROS2-Tutorials/robot_ws/install/turtlesim/share/turtlesim/cmake/turtlesim__rosidl_typesupport_cppExport.cmake
[23.294s] -- Installing: /home/ubuntu/ROS2-Tutorials/robot_ws/install/turtlesim/share/turtlesim/cmake/turtlesim__rosidl_typesupport_cppExport-noconfig.cmake
[23.294s] -- Installing: /home/ubuntu/ROS2-Tutorials/robot_ws/install/turtlesim/share/turtlesim/cmake/rosidl_cmake-extras.cmake
[23.295s] -- Installing: /home/ubuntu/ROS2-Tutorials/robot_ws/install/turtlesim/share/turtlesim/cmake/ament_cmake_export_dependencies-extras.cmake
[23.295s] -- Installing: /home/ubuntu/ROS2-Tutorials/robot_ws/install/turtlesim/share/turtlesim/cmake/ament_cmake_export_libraries-extras.cmake
[23.295s] -- Installing: /home/ubuntu/ROS2-Tutorials/robot_ws/install/turtlesim/share/turtlesim/cmake/ament_cmake_export_targets-extras.cmake
[23.295s] -- Installing: /home/ubuntu/ROS2-Tutorials/robot_ws/install/turtlesim/share/turtlesim/cmake/ament_cmake_export_include_directories-extras.cmake
[23.295s] -- Installing: /home/ubuntu/ROS2-Tutorials/robot_ws/install/turtlesim/share/turtlesim/cmake/rosidl_cmake_export_typesupport_libraries-extras.cmake
[23.295s] -- Installing: /home/ubuntu/ROS2-Tutorials/robot_ws/install/turtlesim/share/turtlesim/cmake/rosidl_cmake_export_typesupport_targets-extras.cmake
[23.296s] -- Installing: /home/ubuntu/ROS2-Tutorials/robot_ws/install/turtlesim/share/turtlesim/cmake/turtlesimConfig.cmake
[23.296s] -- Installing: /home/ubuntu/ROS2-Tutorials/robot_ws/install/turtlesim/share/turtlesim/cmake/turtlesimConfig-version.cmake
[23.296s] -- Installing: /home/ubuntu/ROS2-Tutorials/robot_ws/install/turtlesim/share/turtlesim/package.xml
[23.298s] Invoked command in '/home/ubuntu/ROS2-Tutorials/robot_ws/build/turtlesim' returned '0': CMAKE_PREFIX_PATH=${CMAKE_PREFIX_PATH}:/home/ubuntu/robot_ws/install/tb3_teleop:/home/ubuntu/robot_ws/install/srv_examples:/home/ubuntu/robot_ws/install/rqt_joy:/home/ubuntu/robot_ws/install/pubsub:/home/ubuntu/robot_ws/install/myfirstpackage:/opt/ros/foxy /usr/bin/cmake --install /home/ubuntu/ROS2-Tutorials/robot_ws/build/turtlesim
