[1.002s] Invoking command in '/home/ubuntu/robot_ws/src/srv_examples': PYTHONPATH=/home/ubuntu/robot_ws/install/srv_examples/lib/python3.8/site-packages:${PYTHONPATH} /usr/bin/python3 setup.py egg_info --egg-base ../../build/srv_examples build --build-base /home/ubuntu/robot_ws/build/srv_examples/build install --prefix /home/ubuntu/robot_ws/install/srv_examples --record /home/ubuntu/robot_ws/build/srv_examples/install.log --single-version-externally-managed
[1.295s] running egg_info
[1.296s] writing ../../build/srv_examples/srv_examples.egg-info/PKG-INFO
[1.296s] writing dependency_links to ../../build/srv_examples/srv_examples.egg-info/dependency_links.txt
[1.296s] writing entry points to ../../build/srv_examples/srv_examples.egg-info/entry_points.txt
[1.297s] writing requirements to ../../build/srv_examples/srv_examples.egg-info/requires.txt
[1.297s] writing top-level names to ../../build/srv_examples/srv_examples.egg-info/top_level.txt
[1.352s] reading manifest file '../../build/srv_examples/srv_examples.egg-info/SOURCES.txt'
[1.352s] writing manifest file '../../build/srv_examples/srv_examples.egg-info/SOURCES.txt'
[1.353s] running build
[1.353s] running build_py
[1.354s] copying srv_examples/open_gripper_service_server.py -> /home/ubuntu/robot_ws/build/srv_examples/build/lib/srv_examples
[1.354s] running install
[1.355s] running install_lib
[1.356s] copying /home/ubuntu/robot_ws/build/srv_examples/build/lib/srv_examples/open_gripper_service_server.py -> /home/ubuntu/robot_ws/install/srv_examples/lib/python3.8/site-packages/srv_examples
[1.357s] byte-compiling /home/ubuntu/robot_ws/install/srv_examples/lib/python3.8/site-packages/srv_examples/open_gripper_service_server.py to open_gripper_service_server.cpython-38.pyc
[1.359s] running install_data
[1.359s] running install_egg_info
[1.362s] removing '/home/ubuntu/robot_ws/install/srv_examples/lib/python3.8/site-packages/srv_examples-0.0.0-py3.8.egg-info' (and everything under it)
[1.363s] Copying ../../build/srv_examples/srv_examples.egg-info to /home/ubuntu/robot_ws/install/srv_examples/lib/python3.8/site-packages/srv_examples-0.0.0-py3.8.egg-info
[1.364s] running install_scripts
[1.393s] Installing myfirstserviceclient script to /home/ubuntu/robot_ws/install/srv_examples/lib/srv_examples
[1.393s] Installing myfirstserviceserver script to /home/ubuntu/robot_ws/install/srv_examples/lib/srv_examples
[1.393s] writing list of installed files to '/home/ubuntu/robot_ws/build/srv_examples/install.log'
[1.446s] Invoked command in '/home/ubuntu/robot_ws/src/srv_examples' returned '0': PYTHONPATH=/home/ubuntu/robot_ws/install/srv_examples/lib/python3.8/site-packages:${PYTHONPATH} /usr/bin/python3 setup.py egg_info --egg-base ../../build/srv_examples build --build-base /home/ubuntu/robot_ws/build/srv_examples/build install --prefix /home/ubuntu/robot_ws/install/srv_examples --record /home/ubuntu/robot_ws/build/srv_examples/install.log --single-version-externally-managed
