[1.458s] Invoking command in '/home/ubuntu/ROS2-Tutorials/robot_ws/src/pubsub': PYTHONPATH=/home/ubuntu/ROS2-Tutorials/robot_ws/install/pubsub/lib/python3.8/site-packages:${PYTHONPATH} /usr/bin/python3 setup.py egg_info --egg-base ../../build/pubsub build --build-base /home/ubuntu/ROS2-Tutorials/robot_ws/build/pubsub/build install --prefix /home/ubuntu/ROS2-Tutorials/robot_ws/install/pubsub --record /home/ubuntu/ROS2-Tutorials/robot_ws/build/pubsub/install.log --single-version-externally-managed
[1.749s] running egg_info
[1.750s] writing ../../build/pubsub/pubsub.egg-info/PKG-INFO
[1.750s] writing dependency_links to ../../build/pubsub/pubsub.egg-info/dependency_links.txt
[1.751s] writing entry points to ../../build/pubsub/pubsub.egg-info/entry_points.txt
[1.751s] writing requirements to ../../build/pubsub/pubsub.egg-info/requires.txt
[1.752s] writing top-level names to ../../build/pubsub/pubsub.egg-info/top_level.txt
[1.820s] reading manifest file '../../build/pubsub/pubsub.egg-info/SOURCES.txt'
[1.824s] writing manifest file '../../build/pubsub/pubsub.egg-info/SOURCES.txt'
[1.825s] running build
[1.825s] running build_py
[1.825s] running install
[1.825s] running install_lib
[1.826s] creating /home/ubuntu/ROS2-Tutorials/robot_ws/install/pubsub/lib/python3.8/site-packages/pubsub
[1.826s] copying /home/ubuntu/ROS2-Tutorials/robot_ws/build/pubsub/build/lib/pubsub/sub.py -> /home/ubuntu/ROS2-Tutorials/robot_ws/install/pubsub/lib/python3.8/site-packages/pubsub
[1.826s] copying /home/ubuntu/ROS2-Tutorials/robot_ws/build/pubsub/build/lib/pubsub/publisher.py -> /home/ubuntu/ROS2-Tutorials/robot_ws/install/pubsub/lib/python3.8/site-packages/pubsub
[1.826s] copying /home/ubuntu/ROS2-Tutorials/robot_ws/build/pubsub/build/lib/pubsub/__init__.py -> /home/ubuntu/ROS2-Tutorials/robot_ws/install/pubsub/lib/python3.8/site-packages/pubsub
[1.827s] byte-compiling /home/ubuntu/ROS2-Tutorials/robot_ws/install/pubsub/lib/python3.8/site-packages/pubsub/sub.py to sub.cpython-38.pyc
[1.829s] byte-compiling /home/ubuntu/ROS2-Tutorials/robot_ws/install/pubsub/lib/python3.8/site-packages/pubsub/publisher.py to publisher.cpython-38.pyc
[1.831s] byte-compiling /home/ubuntu/ROS2-Tutorials/robot_ws/install/pubsub/lib/python3.8/site-packages/pubsub/__init__.py to __init__.cpython-38.pyc
[1.831s] running install_data
[1.832s] creating /home/ubuntu/ROS2-Tutorials/robot_ws/install/pubsub/share/ament_index
[1.833s] creating /home/ubuntu/ROS2-Tutorials/robot_ws/install/pubsub/share/ament_index/resource_index
[1.833s] creating /home/ubuntu/ROS2-Tutorials/robot_ws/install/pubsub/share/ament_index/resource_index/packages
[1.834s] copying resource/pubsub -> /home/ubuntu/ROS2-Tutorials/robot_ws/install/pubsub/share/ament_index/resource_index/packages
[1.834s] copying package.xml -> /home/ubuntu/ROS2-Tutorials/robot_ws/install/pubsub/share/pubsub
[1.835s] running install_egg_info
[1.838s] Copying ../../build/pubsub/pubsub.egg-info to /home/ubuntu/ROS2-Tutorials/robot_ws/install/pubsub/lib/python3.8/site-packages/pubsub-0.0.0-py3.8.egg-info
[1.843s] running install_scripts
[1.861s] Installing myfirstpublisher script to /home/ubuntu/ROS2-Tutorials/robot_ws/install/pubsub/lib/pubsub
[1.862s] Installing myfirstsubscriber script to /home/ubuntu/ROS2-Tutorials/robot_ws/install/pubsub/lib/pubsub
[1.862s] writing list of installed files to '/home/ubuntu/ROS2-Tutorials/robot_ws/build/pubsub/install.log'
