[1.454s] Invoking command in '/home/ubuntu/robot_ws/build/turtlesim': CMAKE_PREFIX_PATH=${CMAKE_PREFIX_PATH}:/home/ubuntu/robot_ws/install/tb3_teleop:/home/ubuntu/robot_ws/install/rqt_joy:/home/ubuntu/robot_ws/install/srv_examples:/home/ubuntu/robot_ws/install/pubsub:/home/ubuntu/robot_ws/install/myfirstpackage:/opt/ros/foxy /usr/bin/cmake --build /home/ubuntu/robot_ws/build/turtlesim -- -j12 -l12
[1.538s] [  1%] Built target turtlesim__cpp
[1.546s] [ 11%] Built target turtlesim__rosidl_generator_c
[1.578s] [ 21%] Built target turtlesim__rosidl_typesupport_introspection_cpp
[1.580s] [ 31%] Built target turtlesim__rosidl_typesupport_cpp
[1.588s] [ 41%] Built target turtlesim__rosidl_typesupport_c
[1.591s] [ 57%] Built target turtlesim__rosidl_typesupport_fastrtps_cpp
[1.591s] [ 61%] Built target turtlesim__rosidl_typesupport_introspection_c
[1.634s] [ 71%] Built target turtlesim__rosidl_typesupport_fastrtps_c
[1.666s] [ 71%] Built target turtlesim
[1.707s] [ 72%] Built target turtlesim__py
[1.721s] [ 74%] Built target draw_square
[1.723s] [ 78%] Built target turtle_teleop_key
[1.723s] [ 78%] Built target mimic
[1.745s] [ 84%] Built target turtlesim_node
[1.758s] [ 93%] Built target turtlesim__python
[1.805s] [ 95%] Built target turtlesim__rosidl_typesupport_fastrtps_c__pyext
[1.805s] [ 97%] Built target turtlesim__rosidl_typesupport_introspection_c__pyext
[1.806s] [100%] Built target turtlesim__rosidl_typesupport_c__pyext
[1.829s] Invoked command in '/home/ubuntu/robot_ws/build/turtlesim' returned '0': CMAKE_PREFIX_PATH=${CMAKE_PREFIX_PATH}:/home/ubuntu/robot_ws/install/tb3_teleop:/home/ubuntu/robot_ws/install/rqt_joy:/home/ubuntu/robot_ws/install/srv_examples:/home/ubuntu/robot_ws/install/pubsub:/home/ubuntu/robot_ws/install/myfirstpackage:/opt/ros/foxy /usr/bin/cmake --build /home/ubuntu/robot_ws/build/turtlesim -- -j12 -l12
[2.112s] Invoking command in '/home/ubuntu/robot_ws/build/turtlesim': CMAKE_PREFIX_PATH=${CMAKE_PREFIX_PATH}:/home/ubuntu/robot_ws/install/tb3_teleop:/home/ubuntu/robot_ws/install/rqt_joy:/home/ubuntu/robot_ws/install/srv_examples:/home/ubuntu/robot_ws/install/pubsub:/home/ubuntu/robot_ws/install/myfirstpackage:/opt/ros/foxy /usr/bin/cmake --install /home/ubuntu/robot_ws/build/turtlesim
[2.123s] -- Install configuration: ""
[2.123s] -- Up-to-date: /home/ubuntu/robot_ws/install/turtlesim/share/ament_index/resource_index/rosidl_interfaces/turtlesim
[2.123s] -- Up-to-date: /home/ubuntu/robot_ws/install/turtlesim/include/turtlesim
[2.124s] -- Up-to-date: /home/ubuntu/robot_ws/install/turtlesim/include/turtlesim/srv
[2.124s] -- Up-to-date: /home/ubuntu/robot_ws/install/turtlesim/include/turtlesim/srv/kill.h
[2.125s] -- Up-to-date: /home/ubuntu/robot_ws/install/turtlesim/include/turtlesim/srv/teleport_absolute.h
[2.125s] -- Up-to-date: /home/ubuntu/robot_ws/install/turtlesim/include/turtlesim/srv/spawn.h
[2.125s] -- Up-to-date: /home/ubuntu/robot_ws/install/turtlesim/include/turtlesim/srv/set_pen.h
[2.126s] -- Up-to-date: /home/ubuntu/robot_ws/install/turtlesim/include/turtlesim/srv/detail
[2.126s] -- Up-to-date: /home/ubuntu/robot_ws/install/turtlesim/include/turtlesim/srv/detail/teleport_absolute__functions.h
[2.126s] -- Up-to-date: /home/ubuntu/robot_ws/install/turtlesim/include/turtlesim/srv/detail/spawn__type_support.h
[2.126s] -- Up-to-date: /home/ubuntu/robot_ws/install/turtlesim/include/turtlesim/srv/detail/teleport_relative__type_support.h
[2.126s] -- Up-to-date: /home/ubuntu/robot_ws/install/turtlesim/include/turtlesim/srv/detail/teleport_absolute__type_support.h
[2.127s] -- Up-to-date: /home/ubuntu/robot_ws/install/turtlesim/include/turtlesim/srv/detail/set_pen__struct.h
[2.127s] -- Up-to-date: /home/ubuntu/robot_ws/install/turtlesim/include/turtlesim/srv/detail/kill__struct.h
[2.127s] -- Up-to-date: /home/ubuntu/robot_ws/install/turtlesim/include/turtlesim/srv/detail/teleport_relative__functions.h
[2.127s] -- Up-to-date: /home/ubuntu/robot_ws/install/turtlesim/include/turtlesim/srv/detail/teleport_absolute__functions.c
[2.127s] -- Up-to-date: /home/ubuntu/robot_ws/install/turtlesim/include/turtlesim/srv/detail/teleport_absolute__struct.h
[2.128s] -- Up-to-date: /home/ubuntu/robot_ws/install/turtlesim/include/turtlesim/srv/detail/spawn__functions.c
[2.128s] -- Up-to-date: /home/ubuntu/robot_ws/install/turtlesim/include/turtlesim/srv/detail/teleport_relative__functions.c
[2.128s] -- Up-to-date: /home/ubuntu/robot_ws/install/turtlesim/include/turtlesim/srv/detail/spawn__struct.h
[2.129s] -- Up-to-date: /home/ubuntu/robot_ws/install/turtlesim/include/turtlesim/srv/detail/teleport_relative__struct.h
[2.129s] -- Up-to-date: /home/ubuntu/robot_ws/install/turtlesim/include/turtlesim/srv/detail/kill__functions.h
[2.129s] -- Up-to-date: /home/ubuntu/robot_ws/install/turtlesim/include/turtlesim/srv/detail/kill__type_support.h
[2.129s] -- Up-to-date: /home/ubuntu/robot_ws/install/turtlesim/include/turtlesim/srv/detail/set_pen__functions.c
[2.129s] -- Up-to-date: /home/ubuntu/robot_ws/install/turtlesim/include/turtlesim/srv/detail/set_pen__type_support.h
[2.129s] -- Up-to-date: /home/ubuntu/robot_ws/install/turtlesim/include/turtlesim/srv/detail/set_pen__functions.h
[2.130s] -- Up-to-date: /home/ubuntu/robot_ws/install/turtlesim/include/turtlesim/srv/detail/spawn__functions.h
[2.130s] -- Up-to-date: /home/ubuntu/robot_ws/install/turtlesim/include/turtlesim/srv/detail/kill__functions.c
[2.130s] -- Up-to-date: /home/ubuntu/robot_ws/install/turtlesim/include/turtlesim/srv/teleport_relative.h
[2.130s] -- Up-to-date: /home/ubuntu/robot_ws/install/turtlesim/include/turtlesim/msg
[2.131s] -- Up-to-date: /home/ubuntu/robot_ws/install/turtlesim/include/turtlesim/msg/pose.h
[2.131s] -- Up-to-date: /home/ubuntu/robot_ws/install/turtlesim/include/turtlesim/msg/color.h
[2.131s] -- Up-to-date: /home/ubuntu/robot_ws/install/turtlesim/include/turtlesim/msg/rosidl_generator_c__visibility_control.h
[2.131s] -- Up-to-date: /home/ubuntu/robot_ws/install/turtlesim/include/turtlesim/msg/detail
[2.132s] -- Up-to-date: /home/ubuntu/robot_ws/install/turtlesim/include/turtlesim/msg/detail/pose__functions.h
[2.132s] -- Up-to-date: /home/ubuntu/robot_ws/install/turtlesim/include/turtlesim/msg/detail/pose__struct.h
[2.132s] -- Up-to-date: /home/ubuntu/robot_ws/install/turtlesim/include/turtlesim/msg/detail/color__struct.h
[2.133s] -- Up-to-date: /home/ubuntu/robot_ws/install/turtlesim/include/turtlesim/msg/detail/pose__functions.c
[2.133s] -- Up-to-date: /home/ubuntu/robot_ws/install/turtlesim/include/turtlesim/msg/detail/color__functions.h
[2.134s] -- Up-to-date: /home/ubuntu/robot_ws/install/turtlesim/include/turtlesim/msg/detail/color__functions.c
[2.135s] -- Up-to-date: /home/ubuntu/robot_ws/install/turtlesim/include/turtlesim/msg/detail/color__type_support.h
[2.135s] -- Up-to-date: /home/ubuntu/robot_ws/install/turtlesim/include/turtlesim/msg/detail/pose__type_support.h
[2.136s] -- Up-to-date: /home/ubuntu/robot_ws/install/turtlesim/include/turtlesim/action
[2.136s] -- Up-to-date: /home/ubuntu/robot_ws/install/turtlesim/include/turtlesim/action/rotate_absolute.h
[2.136s] -- Up-to-date: /home/ubuntu/robot_ws/install/turtlesim/include/turtlesim/action/detail
[2.137s] -- Up-to-date: /home/ubuntu/robot_ws/install/turtlesim/include/turtlesim/action/detail/rotate_absolute__functions.c
[2.137s] -- Up-to-date: /home/ubuntu/robot_ws/install/turtlesim/include/turtlesim/action/detail/rotate_absolute__type_support.h
[2.137s] -- Up-to-date: /home/ubuntu/robot_ws/install/turtlesim/include/turtlesim/action/detail/rotate_absolute__functions.h
[2.137s] -- Up-to-date: /home/ubuntu/robot_ws/install/turtlesim/include/turtlesim/action/detail/rotate_absolute__struct.h
[2.137s] -- Up-to-date: /home/ubuntu/robot_ws/install/turtlesim/share/turtlesim/environment/library_path.sh
[2.137s] -- Up-to-date: /home/ubuntu/robot_ws/install/turtlesim/share/turtlesim/environment/library_path.dsv
[2.137s] -- Up-to-date: /home/ubuntu/robot_ws/install/turtlesim/lib/libturtlesim__rosidl_generator_c.so
[2.138s] -- Up-to-date: /home/ubuntu/robot_ws/install/turtlesim/include/turtlesim
[2.138s] -- Up-to-date: /home/ubuntu/robot_ws/install/turtlesim/include/turtlesim/srv
[2.138s] -- Up-to-date: /home/ubuntu/robot_ws/install/turtlesim/include/turtlesim/srv/detail
[2.138s] -- Up-to-date: /home/ubuntu/robot_ws/install/turtlesim/include/turtlesim/srv/detail/spawn__rosidl_typesupport_fastrtps_c.h
[2.138s] -- Up-to-date: /home/ubuntu/robot_ws/install/turtlesim/include/turtlesim/srv/detail/teleport_relative__rosidl_typesupport_fastrtps_c.h
[2.139s] -- Up-to-date: /home/ubuntu/robot_ws/install/turtlesim/include/turtlesim/srv/detail/kill__rosidl_typesupport_fastrtps_c.h
[2.139s] -- Up-to-date: /home/ubuntu/robot_ws/install/turtlesim/include/turtlesim/srv/detail/teleport_absolute__rosidl_typesupport_fastrtps_c.h
[2.139s] -- Up-to-date: /home/ubuntu/robot_ws/install/turtlesim/include/turtlesim/srv/detail/set_pen__rosidl_typesupport_fastrtps_c.h
[2.139s] -- Up-to-date: /home/ubuntu/robot_ws/install/turtlesim/include/turtlesim/msg
[2.139s] -- Up-to-date: /home/ubuntu/robot_ws/install/turtlesim/include/turtlesim/msg/rosidl_typesupport_fastrtps_c__visibility_control.h
[2.139s] -- Up-to-date: /home/ubuntu/robot_ws/install/turtlesim/include/turtlesim/msg/detail
[2.139s] -- Up-to-date: /home/ubuntu/robot_ws/install/turtlesim/include/turtlesim/msg/detail/color__rosidl_typesupport_fastrtps_c.h
[2.139s] -- Up-to-date: /home/ubuntu/robot_ws/install/turtlesim/include/turtlesim/msg/detail/pose__rosidl_typesupport_fastrtps_c.h
[2.139s] -- Up-to-date: /home/ubuntu/robot_ws/install/turtlesim/include/turtlesim/action
[2.139s] -- Up-to-date: /home/ubuntu/robot_ws/install/turtlesim/include/turtlesim/action/detail
[2.139s] -- Up-to-date: /home/ubuntu/robot_ws/install/turtlesim/include/turtlesim/action/detail/rotate_absolute__rosidl_typesupport_fastrtps_c.h
[2.140s] -- Up-to-date: /home/ubuntu/robot_ws/install/turtlesim/lib/libturtlesim__rosidl_typesupport_fastrtps_c.so
[2.140s] -- Up-to-date: /home/ubuntu/robot_ws/install/turtlesim/include/turtlesim
[2.140s] -- Up-to-date: /home/ubuntu/robot_ws/install/turtlesim/include/turtlesim/srv
[2.140s] -- Up-to-date: /home/ubuntu/robot_ws/install/turtlesim/include/turtlesim/srv/detail
[2.140s] -- Up-to-date: /home/ubuntu/robot_ws/install/turtlesim/include/turtlesim/srv/detail/spawn__rosidl_typesupport_fastrtps_cpp.hpp
[2.140s] -- Up-to-date: /home/ubuntu/robot_ws/install/turtlesim/include/turtlesim/srv/detail/teleport_relative__rosidl_typesupport_fastrtps_cpp.hpp
[2.140s] -- Up-to-date: /home/ubuntu/robot_ws/install/turtlesim/include/turtlesim/srv/detail/teleport_absolute__rosidl_typesupport_fastrtps_cpp.hpp
[2.140s] -- Up-to-date: /home/ubuntu/robot_ws/install/turtlesim/include/turtlesim/srv/detail/dds_fastrtps
[2.140s] -- Up-to-date: /home/ubuntu/robot_ws/install/turtlesim/include/turtlesim/srv/detail/set_pen__rosidl_typesupport_fastrtps_cpp.hpp
[2.140s] -- Up-to-date: /home/ubuntu/robot_ws/install/turtlesim/include/turtlesim/srv/detail/kill__rosidl_typesupport_fastrtps_cpp.hpp
[2.140s] -- Up-to-date: /home/ubuntu/robot_ws/install/turtlesim/include/turtlesim/msg
[2.141s] -- Up-to-date: /home/ubuntu/robot_ws/install/turtlesim/include/turtlesim/msg/rosidl_typesupport_fastrtps_cpp__visibility_control.h
[2.141s] -- Up-to-date: /home/ubuntu/robot_ws/install/turtlesim/include/turtlesim/msg/detail
[2.141s] -- Up-to-date: /home/ubuntu/robot_ws/install/turtlesim/include/turtlesim/msg/detail/pose__rosidl_typesupport_fastrtps_cpp.hpp
[2.141s] -- Up-to-date: /home/ubuntu/robot_ws/install/turtlesim/include/turtlesim/msg/detail/dds_fastrtps
[2.141s] -- Up-to-date: /home/ubuntu/robot_ws/install/turtlesim/include/turtlesim/msg/detail/color__rosidl_typesupport_fastrtps_cpp.hpp
[2.141s] -- Up-to-date: /home/ubuntu/robot_ws/install/turtlesim/include/turtlesim/action
[2.141s] -- Up-to-date: /home/ubuntu/robot_ws/install/turtlesim/include/turtlesim/action/detail
[2.141s] -- Up-to-date: /home/ubuntu/robot_ws/install/turtlesim/include/turtlesim/action/detail/rotate_absolute__rosidl_typesupport_fastrtps_cpp.hpp
[2.142s] -- Up-to-date: /home/ubuntu/robot_ws/install/turtlesim/include/turtlesim/action/detail/dds_fastrtps
[2.142s] -- Up-to-date: /home/ubuntu/robot_ws/install/turtlesim/lib/libturtlesim__rosidl_typesupport_fastrtps_cpp.so
[2.142s] -- Up-to-date: /home/ubuntu/robot_ws/install/turtlesim/include/turtlesim
[2.142s] -- Up-to-date: /home/ubuntu/robot_ws/install/turtlesim/include/turtlesim/srv
[2.142s] -- Up-to-date: /home/ubuntu/robot_ws/install/turtlesim/include/turtlesim/srv/detail
[2.142s] -- Up-to-date: /home/ubuntu/robot_ws/install/turtlesim/include/turtlesim/srv/detail/set_pen__type_support.c
[2.142s] -- Up-to-date: /home/ubuntu/robot_ws/install/turtlesim/include/turtlesim/srv/detail/kill__rosidl_typesupport_introspection_c.h
[2.142s] -- Up-to-date: /home/ubuntu/robot_ws/install/turtlesim/include/turtlesim/srv/detail/teleport_absolute__rosidl_typesupport_introspection_c.h
[2.142s] -- Up-to-date: /home/ubuntu/robot_ws/install/turtlesim/include/turtlesim/srv/detail/spawn__type_support.c
[2.142s] -- Up-to-date: /home/ubuntu/robot_ws/install/turtlesim/include/turtlesim/srv/detail/set_pen__rosidl_typesupport_introspection_c.h
[2.143s] -- Up-to-date: /home/ubuntu/robot_ws/install/turtlesim/include/turtlesim/srv/detail/teleport_absolute__type_support.c
[2.143s] -- Up-to-date: /home/ubuntu/robot_ws/install/turtlesim/include/turtlesim/srv/detail/teleport_relative__type_support.c
[2.143s] -- Up-to-date: /home/ubuntu/robot_ws/install/turtlesim/include/turtlesim/srv/detail/spawn__rosidl_typesupport_introspection_c.h
[2.143s] -- Up-to-date: /home/ubuntu/robot_ws/install/turtlesim/include/turtlesim/srv/detail/teleport_relative__rosidl_typesupport_introspection_c.h
[2.143s] -- Up-to-date: /home/ubuntu/robot_ws/install/turtlesim/include/turtlesim/srv/detail/kill__type_support.c
[2.143s] -- Up-to-date: /home/ubuntu/robot_ws/install/turtlesim/include/turtlesim/msg
[2.143s] -- Up-to-date: /home/ubuntu/robot_ws/install/turtlesim/include/turtlesim/msg/rosidl_typesupport_introspection_c__visibility_control.h
[2.143s] -- Up-to-date: /home/ubuntu/robot_ws/install/turtlesim/include/turtlesim/msg/detail
[2.143s] -- Up-to-date: /home/ubuntu/robot_ws/install/turtlesim/include/turtlesim/msg/detail/color__type_support.c
[2.143s] -- Up-to-date: /home/ubuntu/robot_ws/install/turtlesim/include/turtlesim/msg/detail/pose__rosidl_typesupport_introspection_c.h
[2.143s] -- Up-to-date: /home/ubuntu/robot_ws/install/turtlesim/include/turtlesim/msg/detail/color__rosidl_typesupport_introspection_c.h
[2.143s] -- Up-to-date: /home/ubuntu/robot_ws/install/turtlesim/include/turtlesim/msg/detail/pose__type_support.c
[2.144s] -- Up-to-date: /home/ubuntu/robot_ws/install/turtlesim/include/turtlesim/action
[2.144s] -- Up-to-date: /home/ubuntu/robot_ws/install/turtlesim/include/turtlesim/action/detail
[2.144s] -- Up-to-date: /home/ubuntu/robot_ws/install/turtlesim/include/turtlesim/action/detail/rotate_absolute__type_support.c
[2.144s] -- Up-to-date: /home/ubuntu/robot_ws/install/turtlesim/include/turtlesim/action/detail/rotate_absolute__rosidl_typesupport_introspection_c.h
[2.144s] -- Up-to-date: /home/ubuntu/robot_ws/install/turtlesim/lib/libturtlesim__rosidl_typesupport_introspection_c.so
[2.144s] -- Up-to-date: /home/ubuntu/robot_ws/install/turtlesim/lib/libturtlesim__rosidl_typesupport_c.so
[2.144s] -- Up-to-date: /home/ubuntu/robot_ws/install/turtlesim/include/turtlesim
[2.144s] -- Up-to-date: /home/ubuntu/robot_ws/install/turtlesim/include/turtlesim/srv
[2.144s] -- Up-to-date: /home/ubuntu/robot_ws/install/turtlesim/include/turtlesim/srv/teleport_relative.hpp
[2.144s] -- Up-to-date: /home/ubuntu/robot_ws/install/turtlesim/include/turtlesim/srv/set_pen.hpp
[2.144s] -- Up-to-date: /home/ubuntu/robot_ws/install/turtlesim/include/turtlesim/srv/teleport_absolute.hpp
[2.144s] -- Up-to-date: /home/ubuntu/robot_ws/install/turtlesim/include/turtlesim/srv/spawn.hpp
[2.145s] -- Up-to-date: /home/ubuntu/robot_ws/install/turtlesim/include/turtlesim/srv/kill.hpp
[2.145s] -- Up-to-date: /home/ubuntu/robot_ws/install/turtlesim/include/turtlesim/srv/detail
[2.145s] -- Up-to-date: /home/ubuntu/robot_ws/install/turtlesim/include/turtlesim/srv/detail/spawn__traits.hpp
[2.145s] -- Up-to-date: /home/ubuntu/robot_ws/install/turtlesim/include/turtlesim/srv/detail/spawn__builder.hpp
[2.145s] -- Up-to-date: /home/ubuntu/robot_ws/install/turtlesim/include/turtlesim/srv/detail/teleport_relative__struct.hpp
[2.145s] -- Up-to-date: /home/ubuntu/robot_ws/install/turtlesim/include/turtlesim/srv/detail/kill__struct.hpp
[2.145s] -- Up-to-date: /home/ubuntu/robot_ws/install/turtlesim/include/turtlesim/srv/detail/teleport_absolute__builder.hpp
[2.145s] -- Up-to-date: /home/ubuntu/robot_ws/install/turtlesim/include/turtlesim/srv/detail/teleport_absolute__traits.hpp
[2.145s] -- Up-to-date: /home/ubuntu/robot_ws/install/turtlesim/include/turtlesim/srv/detail/set_pen__struct.hpp
[2.145s] -- Up-to-date: /home/ubuntu/robot_ws/install/turtlesim/include/turtlesim/srv/detail/kill__traits.hpp
[2.145s] -- Up-to-date: /home/ubuntu/robot_ws/install/turtlesim/include/turtlesim/srv/detail/kill__builder.hpp
[2.146s] -- Up-to-date: /home/ubuntu/robot_ws/install/turtlesim/include/turtlesim/srv/detail/spawn__struct.hpp
[2.146s] -- Up-to-date: /home/ubuntu/robot_ws/install/turtlesim/include/turtlesim/srv/detail/set_pen__traits.hpp
[2.146s] -- Up-to-date: /home/ubuntu/robot_ws/install/turtlesim/include/turtlesim/srv/detail/teleport_relative__traits.hpp
[2.146s] -- Up-to-date: /home/ubuntu/robot_ws/install/turtlesim/include/turtlesim/srv/detail/teleport_relative__builder.hpp
[2.146s] -- Up-to-date: /home/ubuntu/robot_ws/install/turtlesim/include/turtlesim/srv/detail/teleport_absolute__struct.hpp
[2.146s] -- Up-to-date: /home/ubuntu/robot_ws/install/turtlesim/include/turtlesim/srv/detail/set_pen__builder.hpp
[2.146s] -- Up-to-date: /home/ubuntu/robot_ws/install/turtlesim/include/turtlesim/msg
[2.146s] -- Up-to-date: /home/ubuntu/robot_ws/install/turtlesim/include/turtlesim/msg/pose.hpp
[2.146s] -- Up-to-date: /home/ubuntu/robot_ws/install/turtlesim/include/turtlesim/msg/detail
[2.146s] -- Up-to-date: /home/ubuntu/robot_ws/install/turtlesim/include/turtlesim/msg/detail/pose__traits.hpp
[2.146s] -- Up-to-date: /home/ubuntu/robot_ws/install/turtlesim/include/turtlesim/msg/detail/pose__builder.hpp
[2.146s] -- Up-to-date: /home/ubuntu/robot_ws/install/turtlesim/include/turtlesim/msg/detail/color__struct.hpp
[2.146s] -- Up-to-date: /home/ubuntu/robot_ws/install/turtlesim/include/turtlesim/msg/detail/color__traits.hpp
[2.147s] -- Up-to-date: /home/ubuntu/robot_ws/install/turtlesim/include/turtlesim/msg/detail/pose__struct.hpp
[2.147s] -- Up-to-date: /home/ubuntu/robot_ws/install/turtlesim/include/turtlesim/msg/detail/color__builder.hpp
[2.147s] -- Up-to-date: /home/ubuntu/robot_ws/install/turtlesim/include/turtlesim/msg/color.hpp
[2.147s] -- Up-to-date: /home/ubuntu/robot_ws/install/turtlesim/include/turtlesim/action
[2.147s] -- Up-to-date: /home/ubuntu/robot_ws/install/turtlesim/include/turtlesim/action/rotate_absolute.hpp
[2.147s] -- Up-to-date: /home/ubuntu/robot_ws/install/turtlesim/include/turtlesim/action/detail
[2.147s] -- Up-to-date: /home/ubuntu/robot_ws/install/turtlesim/include/turtlesim/action/detail/rotate_absolute__traits.hpp
[2.147s] -- Up-to-date: /home/ubuntu/robot_ws/install/turtlesim/include/turtlesim/action/detail/rotate_absolute__struct.hpp
[2.147s] -- Up-to-date: /home/ubuntu/robot_ws/install/turtlesim/include/turtlesim/action/detail/rotate_absolute__builder.hpp
[2.147s] -- Up-to-date: /home/ubuntu/robot_ws/install/turtlesim/include/turtlesim
[2.147s] -- Up-to-date: /home/ubuntu/robot_ws/install/turtlesim/include/turtlesim/srv
[2.147s] -- Up-to-date: /home/ubuntu/robot_ws/install/turtlesim/include/turtlesim/srv/detail
[2.148s] -- Up-to-date: /home/ubuntu/robot_ws/install/turtlesim/include/turtlesim/srv/detail/kill__type_support.cpp
[2.148s] -- Up-to-date: /home/ubuntu/robot_ws/install/turtlesim/include/turtlesim/srv/detail/set_pen__type_support.cpp
[2.148s] -- Up-to-date: /home/ubuntu/robot_ws/install/turtlesim/include/turtlesim/srv/detail/spawn__type_support.cpp
[2.148s] -- Up-to-date: /home/ubuntu/robot_ws/install/turtlesim/include/turtlesim/srv/detail/teleport_relative__type_support.cpp
[2.148s] -- Up-to-date: /home/ubuntu/robot_ws/install/turtlesim/include/turtlesim/srv/detail/teleport_absolute__type_support.cpp
[2.148s] -- Up-to-date: /home/ubuntu/robot_ws/install/turtlesim/include/turtlesim/srv/detail/teleport_absolute__rosidl_typesupport_introspection_cpp.hpp
[2.148s] -- Up-to-date: /home/ubuntu/robot_ws/install/turtlesim/include/turtlesim/srv/detail/set_pen__rosidl_typesupport_introspection_cpp.hpp
[2.148s] -- Up-to-date: /home/ubuntu/robot_ws/install/turtlesim/include/turtlesim/srv/detail/kill__rosidl_typesupport_introspection_cpp.hpp
[2.148s] -- Up-to-date: /home/ubuntu/robot_ws/install/turtlesim/include/turtlesim/srv/detail/spawn__rosidl_typesupport_introspection_cpp.hpp
[2.148s] -- Up-to-date: /home/ubuntu/robot_ws/install/turtlesim/include/turtlesim/srv/detail/teleport_relative__rosidl_typesupport_introspection_cpp.hpp
[2.148s] -- Up-to-date: /home/ubuntu/robot_ws/install/turtlesim/include/turtlesim/msg
[2.148s] -- Up-to-date: /home/ubuntu/robot_ws/install/turtlesim/include/turtlesim/msg/detail
[2.149s] -- Up-to-date: /home/ubuntu/robot_ws/install/turtlesim/include/turtlesim/msg/detail/color__rosidl_typesupport_introspection_cpp.hpp
[2.149s] -- Up-to-date: /home/ubuntu/robot_ws/install/turtlesim/include/turtlesim/msg/detail/pose__rosidl_typesupport_introspection_cpp.hpp
[2.149s] -- Up-to-date: /home/ubuntu/robot_ws/install/turtlesim/include/turtlesim/msg/detail/color__type_support.cpp
[2.149s] -- Up-to-date: /home/ubuntu/robot_ws/install/turtlesim/include/turtlesim/msg/detail/pose__type_support.cpp
[2.149s] -- Up-to-date: /home/ubuntu/robot_ws/install/turtlesim/include/turtlesim/action
[2.149s] -- Up-to-date: /home/ubuntu/robot_ws/install/turtlesim/include/turtlesim/action/detail
[2.149s] -- Up-to-date: /home/ubuntu/robot_ws/install/turtlesim/include/turtlesim/action/detail/rotate_absolute__rosidl_typesupport_introspection_cpp.hpp
[2.149s] -- Up-to-date: /home/ubuntu/robot_ws/install/turtlesim/include/turtlesim/action/detail/rotate_absolute__type_support.cpp
[2.149s] -- Up-to-date: /home/ubuntu/robot_ws/install/turtlesim/lib/libturtlesim__rosidl_typesupport_introspection_cpp.so
[2.149s] -- Up-to-date: /home/ubuntu/robot_ws/install/turtlesim/lib/libturtlesim__rosidl_typesupport_cpp.so
[2.149s] -- Up-to-date: /home/ubuntu/robot_ws/install/turtlesim/share/turtlesim/environment/pythonpath.sh
[2.149s] -- Up-to-date: /home/ubuntu/robot_ws/install/turtlesim/share/turtlesim/environment/pythonpath.dsv
[2.149s] -- Up-to-date: /home/ubuntu/robot_ws/install/turtlesim/lib/python3.8/site-packages/turtlesim/__init__.py
[2.174s] -- Up-to-date: /home/ubuntu/robot_ws/install/turtlesim/lib/python3.8/site-packages/turtlesim/action
[2.175s] -- Up-to-date: /home/ubuntu/robot_ws/install/turtlesim/lib/python3.8/site-packages/turtlesim/action/_rotate_absolute.py
[2.175s] -- Up-to-date: /home/ubuntu/robot_ws/install/turtlesim/lib/python3.8/site-packages/turtlesim/action/_rotate_absolute_s.c
[2.175s] -- Up-to-date: /home/ubuntu/robot_ws/install/turtlesim/lib/python3.8/site-packages/turtlesim/action/__init__.py
[2.175s] -- Up-to-date: /home/ubuntu/robot_ws/install/turtlesim/lib/python3.8/site-packages/turtlesim/msg
[2.176s] -- Up-to-date: /home/ubuntu/robot_ws/install/turtlesim/lib/python3.8/site-packages/turtlesim/msg/_pose_s.c
[2.176s] -- Up-to-date: /home/ubuntu/robot_ws/install/turtlesim/lib/python3.8/site-packages/turtlesim/msg/_color.py
[2.176s] -- Up-to-date: /home/ubuntu/robot_ws/install/turtlesim/lib/python3.8/site-packages/turtlesim/msg/_pose.py
[2.176s] -- Up-to-date: /home/ubuntu/robot_ws/install/turtlesim/lib/python3.8/site-packages/turtlesim/msg/_color_s.c
[2.176s] -- Up-to-date: /home/ubuntu/robot_ws/install/turtlesim/lib/python3.8/site-packages/turtlesim/msg/__init__.py
[2.177s] -- Up-to-date: /home/ubuntu/robot_ws/install/turtlesim/lib/python3.8/site-packages/turtlesim/srv
[2.177s] -- Up-to-date: /home/ubuntu/robot_ws/install/turtlesim/lib/python3.8/site-packages/turtlesim/srv/_spawn.py
[2.177s] -- Up-to-date: /home/ubuntu/robot_ws/install/turtlesim/lib/python3.8/site-packages/turtlesim/srv/_spawn_s.c
[2.177s] -- Up-to-date: /home/ubuntu/robot_ws/install/turtlesim/lib/python3.8/site-packages/turtlesim/srv/_teleport_absolute_s.c
[2.177s] -- Up-to-date: /home/ubuntu/robot_ws/install/turtlesim/lib/python3.8/site-packages/turtlesim/srv/_set_pen_s.c
[2.178s] -- Up-to-date: /home/ubuntu/robot_ws/install/turtlesim/lib/python3.8/site-packages/turtlesim/srv/_teleport_relative.py
[2.178s] -- Up-to-date: /home/ubuntu/robot_ws/install/turtlesim/lib/python3.8/site-packages/turtlesim/srv/_teleport_relative_s.c
[2.178s] -- Up-to-date: /home/ubuntu/robot_ws/install/turtlesim/lib/python3.8/site-packages/turtlesim/srv/_kill_s.c
[2.178s] -- Up-to-date: /home/ubuntu/robot_ws/install/turtlesim/lib/python3.8/site-packages/turtlesim/srv/_kill.py
[2.178s] -- Up-to-date: /home/ubuntu/robot_ws/install/turtlesim/lib/python3.8/site-packages/turtlesim/srv/_set_pen.py
[2.178s] -- Up-to-date: /home/ubuntu/robot_ws/install/turtlesim/lib/python3.8/site-packages/turtlesim/srv/_teleport_absolute.py
[2.178s] -- Up-to-date: /home/ubuntu/robot_ws/install/turtlesim/lib/python3.8/site-packages/turtlesim/srv/__init__.py
[2.178s] -- Up-to-date: /home/ubuntu/robot_ws/install/turtlesim/lib/python3.8/site-packages/turtlesim/turtlesim_s__rosidl_typesupport_fastrtps_c.cpython-38-x86_64-linux-gnu.so
[2.179s] -- Up-to-date: /home/ubuntu/robot_ws/install/turtlesim/lib/python3.8/site-packages/turtlesim/turtlesim_s__rosidl_typesupport_introspection_c.cpython-38-x86_64-linux-gnu.so
[2.179s] -- Up-to-date: /home/ubuntu/robot_ws/install/turtlesim/lib/python3.8/site-packages/turtlesim/turtlesim_s__rosidl_typesupport_c.cpython-38-x86_64-linux-gnu.so
[2.179s] -- Up-to-date: /home/ubuntu/robot_ws/install/turtlesim/lib/libturtlesim__python.so
[2.179s] -- Up-to-date: /home/ubuntu/robot_ws/install/turtlesim/share/turtlesim/action/RotateAbsolute.idl
[2.180s] -- Up-to-date: /home/ubuntu/robot_ws/install/turtlesim/share/turtlesim/msg/Color.idl
[2.180s] -- Up-to-date: /home/ubuntu/robot_ws/install/turtlesim/share/turtlesim/msg/Pose.idl
[2.180s] -- Up-to-date: /home/ubuntu/robot_ws/install/turtlesim/share/turtlesim/srv/Kill.idl
[2.181s] -- Up-to-date: /home/ubuntu/robot_ws/install/turtlesim/share/turtlesim/srv/SetPen.idl
[2.181s] -- Up-to-date: /home/ubuntu/robot_ws/install/turtlesim/share/turtlesim/srv/Spawn.idl
[2.181s] -- Up-to-date: /home/ubuntu/robot_ws/install/turtlesim/share/turtlesim/srv/TeleportAbsolute.idl
[2.182s] -- Up-to-date: /home/ubuntu/robot_ws/install/turtlesim/share/turtlesim/srv/TeleportRelative.idl
[2.182s] -- Up-to-date: /home/ubuntu/robot_ws/install/turtlesim/share/turtlesim/action/RotateAbsolute.action
[2.182s] -- Up-to-date: /home/ubuntu/robot_ws/install/turtlesim/share/turtlesim/msg/Color.msg
[2.182s] -- Up-to-date: /home/ubuntu/robot_ws/install/turtlesim/share/turtlesim/msg/Pose.msg
[2.183s] -- Up-to-date: /home/ubuntu/robot_ws/install/turtlesim/share/turtlesim/srv/Kill.srv
[2.183s] -- Up-to-date: /home/ubuntu/robot_ws/install/turtlesim/share/turtlesim/srv/Kill_Request.msg
[2.183s] -- Up-to-date: /home/ubuntu/robot_ws/install/turtlesim/share/turtlesim/srv/Kill_Response.msg
[2.183s] -- Up-to-date: /home/ubuntu/robot_ws/install/turtlesim/share/turtlesim/srv/SetPen.srv
[2.184s] -- Up-to-date: /home/ubuntu/robot_ws/install/turtlesim/share/turtlesim/srv/SetPen_Request.msg
[2.184s] -- Up-to-date: /home/ubuntu/robot_ws/install/turtlesim/share/turtlesim/srv/SetPen_Response.msg
[2.184s] -- Up-to-date: /home/ubuntu/robot_ws/install/turtlesim/share/turtlesim/srv/Spawn.srv
[2.184s] -- Up-to-date: /home/ubuntu/robot_ws/install/turtlesim/share/turtlesim/srv/Spawn_Request.msg
[2.184s] -- Up-to-date: /home/ubuntu/robot_ws/install/turtlesim/share/turtlesim/srv/Spawn_Response.msg
[2.184s] -- Up-to-date: /home/ubuntu/robot_ws/install/turtlesim/share/turtlesim/srv/TeleportAbsolute.srv
[2.185s] -- Up-to-date: /home/ubuntu/robot_ws/install/turtlesim/share/turtlesim/srv/TeleportAbsolute_Request.msg
[2.185s] -- Up-to-date: /home/ubuntu/robot_ws/install/turtlesim/share/turtlesim/srv/TeleportAbsolute_Response.msg
[2.185s] -- Up-to-date: /home/ubuntu/robot_ws/install/turtlesim/share/turtlesim/srv/TeleportRelative.srv
[2.185s] -- Up-to-date: /home/ubuntu/robot_ws/install/turtlesim/share/turtlesim/srv/TeleportRelative_Request.msg
[2.186s] -- Up-to-date: /home/ubuntu/robot_ws/install/turtlesim/share/turtlesim/srv/TeleportRelative_Response.msg
[2.186s] -- Up-to-date: /home/ubuntu/robot_ws/install/turtlesim/lib/turtlesim/turtlesim_node
[2.186s] -- Up-to-date: /home/ubuntu/robot_ws/install/turtlesim/lib/turtlesim/turtle_teleop_key
[2.186s] -- Up-to-date: /home/ubuntu/robot_ws/install/turtlesim/lib/turtlesim/draw_square
[2.187s] -- Up-to-date: /home/ubuntu/robot_ws/install/turtlesim/lib/turtlesim/mimic
[2.187s] -- Up-to-date: /home/ubuntu/robot_ws/install/turtlesim/share/turtlesim/images
[2.187s] -- Up-to-date: /home/ubuntu/robot_ws/install/turtlesim/share/turtlesim/images/bouncy.png
[2.187s] -- Up-to-date: /home/ubuntu/robot_ws/install/turtlesim/share/turtlesim/images/dashing.png
[2.187s] -- Up-to-date: /home/ubuntu/robot_ws/install/turtlesim/share/turtlesim/images/ardent.png
[2.188s] -- Up-to-date: /home/ubuntu/robot_ws/install/turtlesim/share/turtlesim/images/foxy.png
[2.188s] -- Up-to-date: /home/ubuntu/robot_ws/install/turtlesim/share/turtlesim/images/crystal.png
[2.188s] -- Up-to-date: /home/ubuntu/robot_ws/install/turtlesim/share/turtlesim/images/eloquent.png
[2.189s] -- Up-to-date: /home/ubuntu/robot_ws/install/turtlesim/share/turtlesim/launch
[2.189s] -- Up-to-date: /home/ubuntu/robot_ws/install/turtlesim/share/turtlesim/launch/multisim.launch.py
[2.189s] -- Up-to-date: /home/ubuntu/robot_ws/install/turtlesim/share/ament_index/resource_index/package_run_dependencies/turtlesim
[2.189s] -- Up-to-date: /home/ubuntu/robot_ws/install/turtlesim/share/ament_index/resource_index/parent_prefix_path/turtlesim
[2.189s] -- Up-to-date: /home/ubuntu/robot_ws/install/turtlesim/share/turtlesim/environment/ament_prefix_path.sh
[2.190s] -- Up-to-date: /home/ubuntu/robot_ws/install/turtlesim/share/turtlesim/environment/ament_prefix_path.dsv
[2.190s] -- Up-to-date: /home/ubuntu/robot_ws/install/turtlesim/share/turtlesim/environment/path.sh
[2.190s] -- Up-to-date: /home/ubuntu/robot_ws/install/turtlesim/share/turtlesim/environment/path.dsv
[2.190s] -- Up-to-date: /home/ubuntu/robot_ws/install/turtlesim/share/turtlesim/local_setup.bash
[2.190s] -- Up-to-date: /home/ubuntu/robot_ws/install/turtlesim/share/turtlesim/local_setup.sh
[2.191s] -- Up-to-date: /home/ubuntu/robot_ws/install/turtlesim/share/turtlesim/local_setup.zsh
[2.191s] -- Up-to-date: /home/ubuntu/robot_ws/install/turtlesim/share/turtlesim/local_setup.dsv
[2.191s] -- Installing: /home/ubuntu/robot_ws/install/turtlesim/share/turtlesim/package.dsv
[2.191s] -- Up-to-date: /home/ubuntu/robot_ws/install/turtlesim/share/ament_index/resource_index/packages/turtlesim
[2.191s] -- Up-to-date: /home/ubuntu/robot_ws/install/turtlesim/share/turtlesim/cmake/turtlesim__rosidl_generator_cExport.cmake
[2.191s] -- Up-to-date: /home/ubuntu/robot_ws/install/turtlesim/share/turtlesim/cmake/turtlesim__rosidl_generator_cExport-noconfig.cmake
[2.192s] -- Up-to-date: /home/ubuntu/robot_ws/install/turtlesim/share/turtlesim/cmake/turtlesim__rosidl_typesupport_introspection_cExport.cmake
[2.192s] -- Up-to-date: /home/ubuntu/robot_ws/install/turtlesim/share/turtlesim/cmake/turtlesim__rosidl_typesupport_introspection_cExport-noconfig.cmake
[2.192s] -- Up-to-date: /home/ubuntu/robot_ws/install/turtlesim/share/turtlesim/cmake/turtlesim__rosidl_typesupport_cExport.cmake
[2.192s] -- Up-to-date: /home/ubuntu/robot_ws/install/turtlesim/share/turtlesim/cmake/turtlesim__rosidl_typesupport_cExport-noconfig.cmake
[2.193s] -- Up-to-date: /home/ubuntu/robot_ws/install/turtlesim/share/turtlesim/cmake/turtlesim__rosidl_generator_cppExport.cmake
[2.193s] -- Up-to-date: /home/ubuntu/robot_ws/install/turtlesim/share/turtlesim/cmake/turtlesim__rosidl_typesupport_introspection_cppExport.cmake
[2.194s] -- Up-to-date: /home/ubuntu/robot_ws/install/turtlesim/share/turtlesim/cmake/turtlesim__rosidl_typesupport_introspection_cppExport-noconfig.cmake
[2.194s] -- Up-to-date: /home/ubuntu/robot_ws/install/turtlesim/share/turtlesim/cmake/turtlesim__rosidl_typesupport_cppExport.cmake
[2.194s] -- Up-to-date: /home/ubuntu/robot_ws/install/turtlesim/share/turtlesim/cmake/turtlesim__rosidl_typesupport_cppExport-noconfig.cmake
[2.195s] -- Up-to-date: /home/ubuntu/robot_ws/install/turtlesim/share/turtlesim/cmake/rosidl_cmake-extras.cmake
[2.195s] -- Up-to-date: /home/ubuntu/robot_ws/install/turtlesim/share/turtlesim/cmake/ament_cmake_export_dependencies-extras.cmake
[2.195s] -- Up-to-date: /home/ubuntu/robot_ws/install/turtlesim/share/turtlesim/cmake/ament_cmake_export_libraries-extras.cmake
[2.197s] -- Up-to-date: /home/ubuntu/robot_ws/install/turtlesim/share/turtlesim/cmake/ament_cmake_export_targets-extras.cmake
[2.198s] -- Up-to-date: /home/ubuntu/robot_ws/install/turtlesim/share/turtlesim/cmake/ament_cmake_export_include_directories-extras.cmake
[2.198s] -- Up-to-date: /home/ubuntu/robot_ws/install/turtlesim/share/turtlesim/cmake/rosidl_cmake_export_typesupport_libraries-extras.cmake
[2.198s] -- Up-to-date: /home/ubuntu/robot_ws/install/turtlesim/share/turtlesim/cmake/rosidl_cmake_export_typesupport_targets-extras.cmake
[2.198s] -- Up-to-date: /home/ubuntu/robot_ws/install/turtlesim/share/turtlesim/cmake/turtlesimConfig.cmake
[2.199s] -- Up-to-date: /home/ubuntu/robot_ws/install/turtlesim/share/turtlesim/cmake/turtlesimConfig-version.cmake
[2.199s] -- Up-to-date: /home/ubuntu/robot_ws/install/turtlesim/share/turtlesim/package.xml
[2.199s] Invoked command in '/home/ubuntu/robot_ws/build/turtlesim' returned '0': CMAKE_PREFIX_PATH=${CMAKE_PREFIX_PATH}:/home/ubuntu/robot_ws/install/tb3_teleop:/home/ubuntu/robot_ws/install/rqt_joy:/home/ubuntu/robot_ws/install/srv_examples:/home/ubuntu/robot_ws/install/pubsub:/home/ubuntu/robot_ws/install/myfirstpackage:/opt/ros/foxy /usr/bin/cmake --install /home/ubuntu/robot_ws/build/turtlesim
