[1.467s] Invoking command in '/home/ubuntu/ROS2-Tutorials/robot_ws/src/hello_world': PYTHONPATH=/home/ubuntu/ROS2-Tutorials/robot_ws/install/hello_world/lib/python3.8/site-packages:${PYTHONPATH} /usr/bin/python3 setup.py egg_info --egg-base ../../build/hello_world build --build-base /home/ubuntu/ROS2-Tutorials/robot_ws/build/hello_world/build install --prefix /home/ubuntu/ROS2-Tutorials/robot_ws/install/hello_world --record /home/ubuntu/ROS2-Tutorials/robot_ws/build/hello_world/install.log --single-version-externally-managed
[1.757s] running egg_info
[1.758s] writing ../../build/hello_world/hello_world.egg-info/PKG-INFO
[1.759s] writing dependency_links to ../../build/hello_world/hello_world.egg-info/dependency_links.txt
[1.759s] writing entry points to ../../build/hello_world/hello_world.egg-info/entry_points.txt
[1.759s] writing requirements to ../../build/hello_world/hello_world.egg-info/requires.txt
[1.760s] writing top-level names to ../../build/hello_world/hello_world.egg-info/top_level.txt
[1.814s] reading manifest file '../../build/hello_world/hello_world.egg-info/SOURCES.txt'
[1.814s] writing manifest file '../../build/hello_world/hello_world.egg-info/SOURCES.txt'
[1.815s] running build
[1.815s] running build_py
[1.816s] running install
[1.817s] running install_lib
[1.818s] creating /home/ubuntu/ROS2-Tutorials/robot_ws/install/hello_world/lib/python3.8/site-packages/hello_world
[1.819s] copying /home/ubuntu/ROS2-Tutorials/robot_ws/build/hello_world/build/lib/hello_world/hello_world.py -> /home/ubuntu/ROS2-Tutorials/robot_ws/install/hello_world/lib/python3.8/site-packages/hello_world
[1.819s] copying /home/ubuntu/ROS2-Tutorials/robot_ws/build/hello_world/build/lib/hello_world/__init__.py -> /home/ubuntu/ROS2-Tutorials/robot_ws/install/hello_world/lib/python3.8/site-packages/hello_world
[1.820s] byte-compiling /home/ubuntu/ROS2-Tutorials/robot_ws/install/hello_world/lib/python3.8/site-packages/hello_world/hello_world.py to hello_world.cpython-38.pyc
[1.828s] byte-compiling /home/ubuntu/ROS2-Tutorials/robot_ws/install/hello_world/lib/python3.8/site-packages/hello_world/__init__.py to __init__.cpython-38.pyc
[1.830s] running install_data
[1.831s] creating /home/ubuntu/ROS2-Tutorials/robot_ws/install/hello_world/share/ament_index
[1.832s] creating /home/ubuntu/ROS2-Tutorials/robot_ws/install/hello_world/share/ament_index/resource_index
[1.832s] creating /home/ubuntu/ROS2-Tutorials/robot_ws/install/hello_world/share/ament_index/resource_index/packages
[1.832s] copying resource/hello_world -> /home/ubuntu/ROS2-Tutorials/robot_ws/install/hello_world/share/ament_index/resource_index/packages
[1.833s] copying package.xml -> /home/ubuntu/ROS2-Tutorials/robot_ws/install/hello_world/share/hello_world
[1.833s] copying launch/hello.launch.py -> /home/ubuntu/ROS2-Tutorials/robot_ws/install/hello_world/share/hello_world
[1.833s] copying config/hello.yaml -> /home/ubuntu/ROS2-Tutorials/robot_ws/install/hello_world/share/hello_world
[1.835s] running install_egg_info
[1.837s] Copying ../../build/hello_world/hello_world.egg-info to /home/ubuntu/ROS2-Tutorials/robot_ws/install/hello_world/lib/python3.8/site-packages/hello_world-0.0.0-py3.8.egg-info
[1.843s] running install_scripts
[1.878s] Installing hello_world script to /home/ubuntu/ROS2-Tutorials/robot_ws/install/hello_world/lib/hello_world
[1.878s] writing list of installed files to '/home/ubuntu/ROS2-Tutorials/robot_ws/build/hello_world/install.log'
