[0.339s] DEBUG:colcon:Command line arguments: ['/usr/bin/colcon', 'build']
[0.339s] DEBUG:colcon:Parsed command line arguments: Namespace(ament_cmake_args=None, base_paths=['.'], build_base='build', catkin_cmake_args=None, catkin_skip_building_tests=False, cmake_args=None, cmake_clean_cache=False, cmake_clean_first=False, cmake_force_configure=False, cmake_target=None, cmake_target_skip_unavailable=False, continue_on_error=False, event_handlers=None, executor='parallel', ignore_user_meta=False, install_base='install', log_base=None, log_level=None, main=<bound method BuildVerb.main of <colcon_core.verb.build.BuildVerb object at 0x7fef1071f0a0>>, merge_install=False, metas=['./colcon.meta'], packages_above=None, packages_above_and_dependencies=None, packages_above_depth=None, packages_end=None, packages_ignore=None, packages_ignore_regex=None, packages_select=None, packages_select_build_failed=False, packages_select_by_dep=None, packages_select_regex=None, packages_select_test_failures=False, packages_skip=None, packages_skip_build_finished=False, packages_skip_by_dep=None, packages_skip_regex=None, packages_skip_test_passed=False, packages_skip_up_to=None, packages_start=None, packages_up_to=None, packages_up_to_regex=None, parallel_workers=12, paths=None, symlink_install=False, test_result_base=None, verb_extension=<colcon_core.verb.build.BuildVerb object at 0x7fef1071f0a0>, verb_name='build', verb_parser=<colcon_defaults.argument_parser.defaults.DefaultArgumentsDecorator object at 0x7fef1071f5e0>)
[0.346s] Level 1:colcon.colcon_core.package_discovery:discover_packages(colcon_meta) check parameters
[0.346s] Level 1:colcon.colcon_core.package_discovery:discover_packages(recursive) check parameters
[0.346s] Level 1:colcon.colcon_core.package_discovery:discover_packages(ignore) check parameters
[0.346s] Level 1:colcon.colcon_core.package_discovery:discover_packages(path) check parameters
[0.346s] Level 1:colcon.colcon_core.package_discovery:discover_packages(colcon_meta) discover
[0.346s] Level 1:colcon.colcon_core.package_discovery:discover_packages(recursive) discover
[0.347s] INFO:colcon.colcon_core.package_discovery:Crawling recursively for packages in '/home/ubuntu/robot_ws'
[0.347s] Level 1:colcon.colcon_core.package_identification:_identify(.) by extensions ['ignore', 'ignore_ament_install']
[0.347s] Level 1:colcon.colcon_core.package_identification:_identify(.) by extension 'ignore'
[0.347s] Level 1:colcon.colcon_core.package_identification:_identify(.) by extension 'ignore_ament_install'
[0.347s] Level 1:colcon.colcon_core.package_identification:_identify(.) by extensions ['colcon_pkg']
[0.347s] Level 1:colcon.colcon_core.package_identification:_identify(.) by extension 'colcon_pkg'
[0.347s] Level 1:colcon.colcon_core.package_identification:_identify(.) by extensions ['colcon_meta']
[0.347s] Level 1:colcon.colcon_core.package_identification:_identify(.) by extension 'colcon_meta'
[0.347s] Level 1:colcon.colcon_core.package_identification:_identify(.) by extensions ['ros']
[0.347s] Level 1:colcon.colcon_core.package_identification:_identify(.) by extension 'ros'
[0.363s] Level 1:colcon.colcon_core.package_identification:_identify(.) by extensions ['cmake', 'python']
[0.363s] Level 1:colcon.colcon_core.package_identification:_identify(.) by extension 'cmake'
[0.363s] Level 1:colcon.colcon_core.package_identification:_identify(.) by extension 'python'
[0.363s] Level 1:colcon.colcon_core.package_identification:_identify(.) by extensions ['python_setup_py']
[0.363s] Level 1:colcon.colcon_core.package_identification:_identify(.) by extension 'python_setup_py'
[0.364s] Level 1:colcon.colcon_core.package_identification:_identify(build) by extensions ['ignore', 'ignore_ament_install']
[0.364s] Level 1:colcon.colcon_core.package_identification:_identify(build) by extension 'ignore'
[0.364s] Level 1:colcon.colcon_core.package_identification:_identify(build) ignored
[0.364s] Level 1:colcon.colcon_core.package_identification:_identify(install) by extensions ['ignore', 'ignore_ament_install']
[0.364s] Level 1:colcon.colcon_core.package_identification:_identify(install) by extension 'ignore'
[0.364s] Level 1:colcon.colcon_core.package_identification:_identify(install) ignored
[0.364s] Level 1:colcon.colcon_core.package_identification:_identify(log) by extensions ['ignore', 'ignore_ament_install']
[0.364s] Level 1:colcon.colcon_core.package_identification:_identify(log) by extension 'ignore'
[0.364s] Level 1:colcon.colcon_core.package_identification:_identify(log) ignored
[0.364s] Level 1:colcon.colcon_core.package_identification:_identify(src) by extensions ['ignore', 'ignore_ament_install']
[0.365s] Level 1:colcon.colcon_core.package_identification:_identify(src) by extension 'ignore'
[0.365s] Level 1:colcon.colcon_core.package_identification:_identify(src) by extension 'ignore_ament_install'
[0.365s] Level 1:colcon.colcon_core.package_identification:_identify(src) by extensions ['colcon_pkg']
[0.365s] Level 1:colcon.colcon_core.package_identification:_identify(src) by extension 'colcon_pkg'
[0.365s] Level 1:colcon.colcon_core.package_identification:_identify(src) by extensions ['colcon_meta']
[0.365s] Level 1:colcon.colcon_core.package_identification:_identify(src) by extension 'colcon_meta'
[0.365s] Level 1:colcon.colcon_core.package_identification:_identify(src) by extensions ['ros']
[0.365s] Level 1:colcon.colcon_core.package_identification:_identify(src) by extension 'ros'
[0.365s] Level 1:colcon.colcon_core.package_identification:_identify(src) by extensions ['cmake', 'python']
[0.365s] Level 1:colcon.colcon_core.package_identification:_identify(src) by extension 'cmake'
[0.365s] Level 1:colcon.colcon_core.package_identification:_identify(src) by extension 'python'
[0.365s] Level 1:colcon.colcon_core.package_identification:_identify(src) by extensions ['python_setup_py']
[0.365s] Level 1:colcon.colcon_core.package_identification:_identify(src) by extension 'python_setup_py'
[0.365s] Level 1:colcon.colcon_core.package_identification:_identify(src/hello_world) by extensions ['ignore', 'ignore_ament_install']
[0.365s] Level 1:colcon.colcon_core.package_identification:_identify(src/hello_world) by extension 'ignore'
[0.365s] Level 1:colcon.colcon_core.package_identification:_identify(src/hello_world) by extension 'ignore_ament_install'
[0.366s] Level 1:colcon.colcon_core.package_identification:_identify(src/hello_world) by extensions ['colcon_pkg']
[0.366s] Level 1:colcon.colcon_core.package_identification:_identify(src/hello_world) by extension 'colcon_pkg'
[0.366s] Level 1:colcon.colcon_core.package_identification:_identify(src/hello_world) by extensions ['colcon_meta']
[0.366s] Level 1:colcon.colcon_core.package_identification:_identify(src/hello_world) by extension 'colcon_meta'
[0.366s] Level 1:colcon.colcon_core.package_identification:_identify(src/hello_world) by extensions ['ros']
[0.366s] Level 1:colcon.colcon_core.package_identification:_identify(src/hello_world) by extension 'ros'
[0.369s] DEBUG:colcon.colcon_core.package_identification:Package 'src/hello_world' with type 'ros.ament_python' and name 'hello_world'
[0.369s] Level 1:colcon.colcon_core.package_identification:_identify(src/myfirstpackage) by extensions ['ignore', 'ignore_ament_install']
[0.369s] Level 1:colcon.colcon_core.package_identification:_identify(src/myfirstpackage) by extension 'ignore'
[0.369s] Level 1:colcon.colcon_core.package_identification:_identify(src/myfirstpackage) by extension 'ignore_ament_install'
[0.369s] Level 1:colcon.colcon_core.package_identification:_identify(src/myfirstpackage) by extensions ['colcon_pkg']
[0.369s] Level 1:colcon.colcon_core.package_identification:_identify(src/myfirstpackage) by extension 'colcon_pkg'
[0.369s] Level 1:colcon.colcon_core.package_identification:_identify(src/myfirstpackage) by extensions ['colcon_meta']
[0.369s] Level 1:colcon.colcon_core.package_identification:_identify(src/myfirstpackage) by extension 'colcon_meta'
[0.369s] Level 1:colcon.colcon_core.package_identification:_identify(src/myfirstpackage) by extensions ['ros']
[0.369s] Level 1:colcon.colcon_core.package_identification:_identify(src/myfirstpackage) by extension 'ros'
[0.370s] DEBUG:colcon.colcon_core.package_identification:Package 'src/myfirstpackage' with type 'ros.ament_python' and name 'myfirstpackage'
[0.370s] Level 1:colcon.colcon_core.package_identification:_identify(src/pubsub) by extensions ['ignore', 'ignore_ament_install']
[0.370s] Level 1:colcon.colcon_core.package_identification:_identify(src/pubsub) by extension 'ignore'
[0.371s] Level 1:colcon.colcon_core.package_identification:_identify(src/pubsub) by extension 'ignore_ament_install'
[0.371s] Level 1:colcon.colcon_core.package_identification:_identify(src/pubsub) by extensions ['colcon_pkg']
[0.371s] Level 1:colcon.colcon_core.package_identification:_identify(src/pubsub) by extension 'colcon_pkg'
[0.371s] Level 1:colcon.colcon_core.package_identification:_identify(src/pubsub) by extensions ['colcon_meta']
[0.371s] Level 1:colcon.colcon_core.package_identification:_identify(src/pubsub) by extension 'colcon_meta'
[0.371s] Level 1:colcon.colcon_core.package_identification:_identify(src/pubsub) by extensions ['ros']
[0.371s] Level 1:colcon.colcon_core.package_identification:_identify(src/pubsub) by extension 'ros'
[0.371s] DEBUG:colcon.colcon_core.package_identification:Package 'src/pubsub' with type 'ros.ament_python' and name 'pubsub'
[0.372s] Level 1:colcon.colcon_core.package_identification:_identify(src/ros_tutorials) by extensions ['ignore', 'ignore_ament_install']
[0.372s] Level 1:colcon.colcon_core.package_identification:_identify(src/ros_tutorials) by extension 'ignore'
[0.372s] Level 1:colcon.colcon_core.package_identification:_identify(src/ros_tutorials) by extension 'ignore_ament_install'
[0.372s] Level 1:colcon.colcon_core.package_identification:_identify(src/ros_tutorials) by extensions ['colcon_pkg']
[0.372s] Level 1:colcon.colcon_core.package_identification:_identify(src/ros_tutorials) by extension 'colcon_pkg'
[0.372s] Level 1:colcon.colcon_core.package_identification:_identify(src/ros_tutorials) by extensions ['colcon_meta']
[0.372s] Level 1:colcon.colcon_core.package_identification:_identify(src/ros_tutorials) by extension 'colcon_meta'
[0.372s] Level 1:colcon.colcon_core.package_identification:_identify(src/ros_tutorials) by extensions ['ros']
[0.372s] Level 1:colcon.colcon_core.package_identification:_identify(src/ros_tutorials) by extension 'ros'
[0.372s] Level 1:colcon.colcon_core.package_identification:_identify(src/ros_tutorials) by extensions ['cmake', 'python']
[0.372s] Level 1:colcon.colcon_core.package_identification:_identify(src/ros_tutorials) by extension 'cmake'
[0.372s] Level 1:colcon.colcon_core.package_identification:_identify(src/ros_tutorials) by extension 'python'
[0.372s] Level 1:colcon.colcon_core.package_identification:_identify(src/ros_tutorials) by extensions ['python_setup_py']
[0.372s] Level 1:colcon.colcon_core.package_identification:_identify(src/ros_tutorials) by extension 'python_setup_py'
[0.372s] Level 1:colcon.colcon_core.package_identification:_identify(src/ros_tutorials/ros_tutorials) by extensions ['ignore', 'ignore_ament_install']
[0.373s] Level 1:colcon.colcon_core.package_identification:_identify(src/ros_tutorials/ros_tutorials) by extension 'ignore'
[0.373s] Level 1:colcon.colcon_core.package_identification:_identify(src/ros_tutorials/ros_tutorials) ignored
[0.373s] Level 1:colcon.colcon_core.package_identification:_identify(src/ros_tutorials/roscpp_tutorials) by extensions ['ignore', 'ignore_ament_install']
[0.373s] Level 1:colcon.colcon_core.package_identification:_identify(src/ros_tutorials/roscpp_tutorials) by extension 'ignore'
[0.373s] Level 1:colcon.colcon_core.package_identification:_identify(src/ros_tutorials/roscpp_tutorials) ignored
[0.373s] Level 1:colcon.colcon_core.package_identification:_identify(src/ros_tutorials/rospy_tutorials) by extensions ['ignore', 'ignore_ament_install']
[0.373s] Level 1:colcon.colcon_core.package_identification:_identify(src/ros_tutorials/rospy_tutorials) by extension 'ignore'
[0.373s] Level 1:colcon.colcon_core.package_identification:_identify(src/ros_tutorials/rospy_tutorials) ignored
[0.373s] Level 1:colcon.colcon_core.package_identification:_identify(src/ros_tutorials/turtlesim) by extensions ['ignore', 'ignore_ament_install']
[0.373s] Level 1:colcon.colcon_core.package_identification:_identify(src/ros_tutorials/turtlesim) by extension 'ignore'
[0.373s] Level 1:colcon.colcon_core.package_identification:_identify(src/ros_tutorials/turtlesim) by extension 'ignore_ament_install'
[0.374s] Level 1:colcon.colcon_core.package_identification:_identify(src/ros_tutorials/turtlesim) by extensions ['colcon_pkg']
[0.374s] Level 1:colcon.colcon_core.package_identification:_identify(src/ros_tutorials/turtlesim) by extension 'colcon_pkg'
[0.374s] Level 1:colcon.colcon_core.package_identification:_identify(src/ros_tutorials/turtlesim) by extensions ['colcon_meta']
[0.374s] Level 1:colcon.colcon_core.package_identification:_identify(src/ros_tutorials/turtlesim) by extension 'colcon_meta'
[0.374s] Level 1:colcon.colcon_core.package_identification:_identify(src/ros_tutorials/turtlesim) by extensions ['ros']
[0.374s] Level 1:colcon.colcon_core.package_identification:_identify(src/ros_tutorials/turtlesim) by extension 'ros'
[0.375s] DEBUG:colcon.colcon_core.package_identification:Package 'src/ros_tutorials/turtlesim' with type 'ros.ament_cmake' and name 'turtlesim'
[0.375s] Level 1:colcon.colcon_core.package_identification:_identify(src/rqt_joy) by extensions ['ignore', 'ignore_ament_install']
[0.375s] Level 1:colcon.colcon_core.package_identification:_identify(src/rqt_joy) by extension 'ignore'
[0.376s] Level 1:colcon.colcon_core.package_identification:_identify(src/rqt_joy) by extension 'ignore_ament_install'
[0.376s] Level 1:colcon.colcon_core.package_identification:_identify(src/rqt_joy) by extensions ['colcon_pkg']
[0.376s] Level 1:colcon.colcon_core.package_identification:_identify(src/rqt_joy) by extension 'colcon_pkg'
[0.376s] Level 1:colcon.colcon_core.package_identification:_identify(src/rqt_joy) by extensions ['colcon_meta']
[0.376s] Level 1:colcon.colcon_core.package_identification:_identify(src/rqt_joy) by extension 'colcon_meta'
[0.376s] Level 1:colcon.colcon_core.package_identification:_identify(src/rqt_joy) by extensions ['ros']
[0.376s] Level 1:colcon.colcon_core.package_identification:_identify(src/rqt_joy) by extension 'ros'
[0.377s] DEBUG:colcon.colcon_core.package_identification:Package 'src/rqt_joy' with type 'ros.ament_python' and name 'rqt_joy'
[0.377s] Level 1:colcon.colcon_core.package_identification:_identify(src/srv_examples) by extensions ['ignore', 'ignore_ament_install']
[0.377s] Level 1:colcon.colcon_core.package_identification:_identify(src/srv_examples) by extension 'ignore'
[0.377s] Level 1:colcon.colcon_core.package_identification:_identify(src/srv_examples) by extension 'ignore_ament_install'
[0.377s] Level 1:colcon.colcon_core.package_identification:_identify(src/srv_examples) by extensions ['colcon_pkg']
[0.377s] Level 1:colcon.colcon_core.package_identification:_identify(src/srv_examples) by extension 'colcon_pkg'
[0.377s] Level 1:colcon.colcon_core.package_identification:_identify(src/srv_examples) by extensions ['colcon_meta']
[0.377s] Level 1:colcon.colcon_core.package_identification:_identify(src/srv_examples) by extension 'colcon_meta'
[0.377s] Level 1:colcon.colcon_core.package_identification:_identify(src/srv_examples) by extensions ['ros']
[0.377s] Level 1:colcon.colcon_core.package_identification:_identify(src/srv_examples) by extension 'ros'
[0.378s] DEBUG:colcon.colcon_core.package_identification:Package 'src/srv_examples' with type 'ros.ament_python' and name 'srv_examples'
[0.378s] Level 1:colcon.colcon_core.package_identification:_identify(src/tb3_teleop) by extensions ['ignore', 'ignore_ament_install']
[0.379s] Level 1:colcon.colcon_core.package_identification:_identify(src/tb3_teleop) by extension 'ignore'
[0.379s] Level 1:colcon.colcon_core.package_identification:_identify(src/tb3_teleop) by extension 'ignore_ament_install'
[0.379s] Level 1:colcon.colcon_core.package_identification:_identify(src/tb3_teleop) by extensions ['colcon_pkg']
[0.379s] Level 1:colcon.colcon_core.package_identification:_identify(src/tb3_teleop) by extension 'colcon_pkg'
[0.379s] Level 1:colcon.colcon_core.package_identification:_identify(src/tb3_teleop) by extensions ['colcon_meta']
[0.379s] Level 1:colcon.colcon_core.package_identification:_identify(src/tb3_teleop) by extension 'colcon_meta'
[0.379s] Level 1:colcon.colcon_core.package_identification:_identify(src/tb3_teleop) by extensions ['ros']
[0.379s] Level 1:colcon.colcon_core.package_identification:_identify(src/tb3_teleop) by extension 'ros'
[0.380s] DEBUG:colcon.colcon_core.package_identification:Package 'src/tb3_teleop' with type 'ros.ament_python' and name 'tb3_teleop'
[0.380s] Level 1:colcon.colcon_core.package_discovery:discover_packages(recursive) using defaults
[0.380s] Level 1:colcon.colcon_core.package_discovery:discover_packages(ignore) discover
[0.380s] Level 1:colcon.colcon_core.package_discovery:discover_packages(ignore) using defaults
[0.380s] Level 1:colcon.colcon_core.package_discovery:discover_packages(path) discover
[0.380s] Level 1:colcon.colcon_core.package_discovery:discover_packages(path) using defaults
[0.404s] Level 5:colcon.colcon_core.verb:set package 'hello_world' build argument 'cmake_args' from command line to 'None'
[0.404s] Level 5:colcon.colcon_core.verb:set package 'hello_world' build argument 'cmake_target' from command line to 'None'
[0.404s] Level 5:colcon.colcon_core.verb:set package 'hello_world' build argument 'cmake_target_skip_unavailable' from command line to 'False'
[0.404s] Level 5:colcon.colcon_core.verb:set package 'hello_world' build argument 'cmake_clean_cache' from command line to 'False'
[0.404s] Level 5:colcon.colcon_core.verb:set package 'hello_world' build argument 'cmake_clean_first' from command line to 'False'
[0.404s] Level 5:colcon.colcon_core.verb:set package 'hello_world' build argument 'cmake_force_configure' from command line to 'False'
[0.404s] Level 5:colcon.colcon_core.verb:set package 'hello_world' build argument 'ament_cmake_args' from command line to 'None'
[0.404s] Level 5:colcon.colcon_core.verb:set package 'hello_world' build argument 'catkin_cmake_args' from command line to 'None'
[0.404s] Level 5:colcon.colcon_core.verb:set package 'hello_world' build argument 'catkin_skip_building_tests' from command line to 'False'
[0.404s] DEBUG:colcon.colcon_core.verb:Building package 'hello_world' with the following arguments: {'ament_cmake_args': None, 'build_base': '/home/ubuntu/robot_ws/build/hello_world', 'catkin_cmake_args': None, 'catkin_skip_building_tests': False, 'cmake_args': None, 'cmake_clean_cache': False, 'cmake_clean_first': False, 'cmake_force_configure': False, 'cmake_target': None, 'cmake_target_skip_unavailable': False, 'install_base': '/home/ubuntu/robot_ws/install/hello_world', 'merge_install': False, 'path': '/home/ubuntu/robot_ws/src/hello_world', 'symlink_install': False, 'test_result_base': None}
[0.407s] Level 5:colcon.colcon_core.verb:set package 'myfirstpackage' build argument 'cmake_args' from command line to 'None'
[0.407s] Level 5:colcon.colcon_core.verb:set package 'myfirstpackage' build argument 'cmake_target' from command line to 'None'
[0.407s] Level 5:colcon.colcon_core.verb:set package 'myfirstpackage' build argument 'cmake_target_skip_unavailable' from command line to 'False'
[0.407s] Level 5:colcon.colcon_core.verb:set package 'myfirstpackage' build argument 'cmake_clean_cache' from command line to 'False'
[0.407s] Level 5:colcon.colcon_core.verb:set package 'myfirstpackage' build argument 'cmake_clean_first' from command line to 'False'
[0.407s] Level 5:colcon.colcon_core.verb:set package 'myfirstpackage' build argument 'cmake_force_configure' from command line to 'False'
[0.407s] Level 5:colcon.colcon_core.verb:set package 'myfirstpackage' build argument 'ament_cmake_args' from command line to 'None'
[0.407s] Level 5:colcon.colcon_core.verb:set package 'myfirstpackage' build argument 'catkin_cmake_args' from command line to 'None'
[0.407s] Level 5:colcon.colcon_core.verb:set package 'myfirstpackage' build argument 'catkin_skip_building_tests' from command line to 'False'
[0.407s] DEBUG:colcon.colcon_core.verb:Building package 'myfirstpackage' with the following arguments: {'ament_cmake_args': None, 'build_base': '/home/ubuntu/robot_ws/build/myfirstpackage', 'catkin_cmake_args': None, 'catkin_skip_building_tests': False, 'cmake_args': None, 'cmake_clean_cache': False, 'cmake_clean_first': False, 'cmake_force_configure': False, 'cmake_target': None, 'cmake_target_skip_unavailable': False, 'install_base': '/home/ubuntu/robot_ws/install/myfirstpackage', 'merge_install': False, 'path': '/home/ubuntu/robot_ws/src/myfirstpackage', 'symlink_install': False, 'test_result_base': None}
[0.410s] Level 5:colcon.colcon_core.verb:set package 'pubsub' build argument 'cmake_args' from command line to 'None'
[0.410s] Level 5:colcon.colcon_core.verb:set package 'pubsub' build argument 'cmake_target' from command line to 'None'
[0.410s] Level 5:colcon.colcon_core.verb:set package 'pubsub' build argument 'cmake_target_skip_unavailable' from command line to 'False'
[0.410s] Level 5:colcon.colcon_core.verb:set package 'pubsub' build argument 'cmake_clean_cache' from command line to 'False'
[0.410s] Level 5:colcon.colcon_core.verb:set package 'pubsub' build argument 'cmake_clean_first' from command line to 'False'
[0.410s] Level 5:colcon.colcon_core.verb:set package 'pubsub' build argument 'cmake_force_configure' from command line to 'False'
[0.411s] Level 5:colcon.colcon_core.verb:set package 'pubsub' build argument 'ament_cmake_args' from command line to 'None'
[0.411s] Level 5:colcon.colcon_core.verb:set package 'pubsub' build argument 'catkin_cmake_args' from command line to 'None'
[0.411s] Level 5:colcon.colcon_core.verb:set package 'pubsub' build argument 'catkin_skip_building_tests' from command line to 'False'
[0.411s] DEBUG:colcon.colcon_core.verb:Building package 'pubsub' with the following arguments: {'ament_cmake_args': None, 'build_base': '/home/ubuntu/robot_ws/build/pubsub', 'catkin_cmake_args': None, 'catkin_skip_building_tests': False, 'cmake_args': None, 'cmake_clean_cache': False, 'cmake_clean_first': False, 'cmake_force_configure': False, 'cmake_target': None, 'cmake_target_skip_unavailable': False, 'install_base': '/home/ubuntu/robot_ws/install/pubsub', 'merge_install': False, 'path': '/home/ubuntu/robot_ws/src/pubsub', 'symlink_install': False, 'test_result_base': None}
[0.413s] Level 5:colcon.colcon_core.verb:set package 'rqt_joy' build argument 'cmake_args' from command line to 'None'
[0.413s] Level 5:colcon.colcon_core.verb:set package 'rqt_joy' build argument 'cmake_target' from command line to 'None'
[0.413s] Level 5:colcon.colcon_core.verb:set package 'rqt_joy' build argument 'cmake_target_skip_unavailable' from command line to 'False'
[0.414s] Level 5:colcon.colcon_core.verb:set package 'rqt_joy' build argument 'cmake_clean_cache' from command line to 'False'
[0.414s] Level 5:colcon.colcon_core.verb:set package 'rqt_joy' build argument 'cmake_clean_first' from command line to 'False'
[0.414s] Level 5:colcon.colcon_core.verb:set package 'rqt_joy' build argument 'cmake_force_configure' from command line to 'False'
[0.414s] Level 5:colcon.colcon_core.verb:set package 'rqt_joy' build argument 'ament_cmake_args' from command line to 'None'
[0.414s] Level 5:colcon.colcon_core.verb:set package 'rqt_joy' build argument 'catkin_cmake_args' from command line to 'None'
[0.414s] Level 5:colcon.colcon_core.verb:set package 'rqt_joy' build argument 'catkin_skip_building_tests' from command line to 'False'
[0.414s] DEBUG:colcon.colcon_core.verb:Building package 'rqt_joy' with the following arguments: {'ament_cmake_args': None, 'build_base': '/home/ubuntu/robot_ws/build/rqt_joy', 'catkin_cmake_args': None, 'catkin_skip_building_tests': False, 'cmake_args': None, 'cmake_clean_cache': False, 'cmake_clean_first': False, 'cmake_force_configure': False, 'cmake_target': None, 'cmake_target_skip_unavailable': False, 'install_base': '/home/ubuntu/robot_ws/install/rqt_joy', 'merge_install': False, 'path': '/home/ubuntu/robot_ws/src/rqt_joy', 'symlink_install': False, 'test_result_base': None}
[0.417s] Level 5:colcon.colcon_core.verb:set package 'srv_examples' build argument 'cmake_args' from command line to 'None'
[0.417s] Level 5:colcon.colcon_core.verb:set package 'srv_examples' build argument 'cmake_target' from command line to 'None'
[0.417s] Level 5:colcon.colcon_core.verb:set package 'srv_examples' build argument 'cmake_target_skip_unavailable' from command line to 'False'
[0.417s] Level 5:colcon.colcon_core.verb:set package 'srv_examples' build argument 'cmake_clean_cache' from command line to 'False'
[0.417s] Level 5:colcon.colcon_core.verb:set package 'srv_examples' build argument 'cmake_clean_first' from command line to 'False'
[0.417s] Level 5:colcon.colcon_core.verb:set package 'srv_examples' build argument 'cmake_force_configure' from command line to 'False'
[0.417s] Level 5:colcon.colcon_core.verb:set package 'srv_examples' build argument 'ament_cmake_args' from command line to 'None'
[0.417s] Level 5:colcon.colcon_core.verb:set package 'srv_examples' build argument 'catkin_cmake_args' from command line to 'None'
[0.417s] Level 5:colcon.colcon_core.verb:set package 'srv_examples' build argument 'catkin_skip_building_tests' from command line to 'False'
[0.417s] DEBUG:colcon.colcon_core.verb:Building package 'srv_examples' with the following arguments: {'ament_cmake_args': None, 'build_base': '/home/ubuntu/robot_ws/build/srv_examples', 'catkin_cmake_args': None, 'catkin_skip_building_tests': False, 'cmake_args': None, 'cmake_clean_cache': False, 'cmake_clean_first': False, 'cmake_force_configure': False, 'cmake_target': None, 'cmake_target_skip_unavailable': False, 'install_base': '/home/ubuntu/robot_ws/install/srv_examples', 'merge_install': False, 'path': '/home/ubuntu/robot_ws/src/srv_examples', 'symlink_install': False, 'test_result_base': None}
[0.420s] Level 5:colcon.colcon_core.verb:set package 'tb3_teleop' build argument 'cmake_args' from command line to 'None'
[0.420s] Level 5:colcon.colcon_core.verb:set package 'tb3_teleop' build argument 'cmake_target' from command line to 'None'
[0.420s] Level 5:colcon.colcon_core.verb:set package 'tb3_teleop' build argument 'cmake_target_skip_unavailable' from command line to 'False'
[0.420s] Level 5:colcon.colcon_core.verb:set package 'tb3_teleop' build argument 'cmake_clean_cache' from command line to 'False'
[0.420s] Level 5:colcon.colcon_core.verb:set package 'tb3_teleop' build argument 'cmake_clean_first' from command line to 'False'
[0.420s] Level 5:colcon.colcon_core.verb:set package 'tb3_teleop' build argument 'cmake_force_configure' from command line to 'False'
[0.420s] Level 5:colcon.colcon_core.verb:set package 'tb3_teleop' build argument 'ament_cmake_args' from command line to 'None'
[0.420s] Level 5:colcon.colcon_core.verb:set package 'tb3_teleop' build argument 'catkin_cmake_args' from command line to 'None'
[0.420s] Level 5:colcon.colcon_core.verb:set package 'tb3_teleop' build argument 'catkin_skip_building_tests' from command line to 'False'
[0.420s] DEBUG:colcon.colcon_core.verb:Building package 'tb3_teleop' with the following arguments: {'ament_cmake_args': None, 'build_base': '/home/ubuntu/robot_ws/build/tb3_teleop', 'catkin_cmake_args': None, 'catkin_skip_building_tests': False, 'cmake_args': None, 'cmake_clean_cache': False, 'cmake_clean_first': False, 'cmake_force_configure': False, 'cmake_target': None, 'cmake_target_skip_unavailable': False, 'install_base': '/home/ubuntu/robot_ws/install/tb3_teleop', 'merge_install': False, 'path': '/home/ubuntu/robot_ws/src/tb3_teleop', 'symlink_install': False, 'test_result_base': None}
[0.423s] Level 5:colcon.colcon_core.verb:set package 'turtlesim' build argument 'cmake_args' from command line to 'None'
[0.423s] Level 5:colcon.colcon_core.verb:set package 'turtlesim' build argument 'cmake_target' from command line to 'None'
[0.423s] Level 5:colcon.colcon_core.verb:set package 'turtlesim' build argument 'cmake_target_skip_unavailable' from command line to 'False'
[0.423s] Level 5:colcon.colcon_core.verb:set package 'turtlesim' build argument 'cmake_clean_cache' from command line to 'False'
[0.423s] Level 5:colcon.colcon_core.verb:set package 'turtlesim' build argument 'cmake_clean_first' from command line to 'False'
[0.423s] Level 5:colcon.colcon_core.verb:set package 'turtlesim' build argument 'cmake_force_configure' from command line to 'False'
[0.423s] Level 5:colcon.colcon_core.verb:set package 'turtlesim' build argument 'ament_cmake_args' from command line to 'None'
[0.423s] Level 5:colcon.colcon_core.verb:set package 'turtlesim' build argument 'catkin_cmake_args' from command line to 'None'
[0.423s] Level 5:colcon.colcon_core.verb:set package 'turtlesim' build argument 'catkin_skip_building_tests' from command line to 'False'
[0.423s] DEBUG:colcon.colcon_core.verb:Building package 'turtlesim' with the following arguments: {'ament_cmake_args': None, 'build_base': '/home/ubuntu/robot_ws/build/turtlesim', 'catkin_cmake_args': None, 'catkin_skip_building_tests': False, 'cmake_args': None, 'cmake_clean_cache': False, 'cmake_clean_first': False, 'cmake_force_configure': False, 'cmake_target': None, 'cmake_target_skip_unavailable': False, 'install_base': '/home/ubuntu/robot_ws/install/turtlesim', 'merge_install': False, 'path': '/home/ubuntu/robot_ws/src/ros_tutorials/turtlesim', 'symlink_install': False, 'test_result_base': None}
[0.423s] INFO:colcon.colcon_core.executor:Executing jobs using 'parallel' executor
[0.426s] DEBUG:colcon.colcon_parallel_executor.executor.parallel:run_until_complete
[0.426s] INFO:colcon.colcon_ros.task.ament_python.build:Building ROS package in '/home/ubuntu/robot_ws/src/hello_world' with build type 'ament_python'
[0.426s] Level 1:colcon.colcon_core.shell:create_environment_hook('hello_world', 'ament_prefix_path')
[0.432s] INFO:colcon.colcon_core.plugin_system:Skipping extension 'colcon_core.shell.bat': Not used on non-Windows systems
[0.432s] INFO:colcon.colcon_core.shell:Creating environment hook '/home/ubuntu/robot_ws/install/hello_world/share/hello_world/hook/ament_prefix_path.ps1'
[0.433s] INFO:colcon.colcon_core.shell:Creating environment descriptor '/home/ubuntu/robot_ws/install/hello_world/share/hello_world/hook/ament_prefix_path.dsv'
[0.433s] INFO:colcon.colcon_core.shell:Creating environment hook '/home/ubuntu/robot_ws/install/hello_world/share/hello_world/hook/ament_prefix_path.sh'
[0.435s] INFO:colcon.colcon_core.shell:Skip shell extension 'powershell' for command environment: Not usable outside of PowerShell
[0.435s] DEBUG:colcon.colcon_core.shell:Skip shell extension 'dsv' for command environment
[0.439s] DEBUG:colcon.colcon_core.shell:Ignoring prefix path '/opt/ros/foxy'
[0.441s] INFO:colcon.colcon_ros.task.ament_python.build:Building ROS package in '/home/ubuntu/robot_ws/src/myfirstpackage' with build type 'ament_python'
[0.441s] Level 1:colcon.colcon_core.shell:create_environment_hook('myfirstpackage', 'ament_prefix_path')
[0.442s] INFO:colcon.colcon_core.shell:Creating environment hook '/home/ubuntu/robot_ws/install/myfirstpackage/share/myfirstpackage/hook/ament_prefix_path.ps1'
[0.443s] INFO:colcon.colcon_core.shell:Creating environment descriptor '/home/ubuntu/robot_ws/install/myfirstpackage/share/myfirstpackage/hook/ament_prefix_path.dsv'
[0.444s] INFO:colcon.colcon_core.shell:Creating environment hook '/home/ubuntu/robot_ws/install/myfirstpackage/share/myfirstpackage/hook/ament_prefix_path.sh'
[0.445s] INFO:colcon.colcon_core.shell:Skip shell extension 'powershell' for command environment: Not usable outside of PowerShell
[0.445s] DEBUG:colcon.colcon_core.shell:Skip shell extension 'dsv' for command environment
[0.447s] DEBUG:colcon.colcon_core.shell:Ignoring prefix path '/opt/ros/foxy'
[0.449s] INFO:colcon.colcon_ros.task.ament_python.build:Building ROS package in '/home/ubuntu/robot_ws/src/pubsub' with build type 'ament_python'
[0.449s] Level 1:colcon.colcon_core.shell:create_environment_hook('pubsub', 'ament_prefix_path')
[0.450s] INFO:colcon.colcon_core.shell:Creating environment hook '/home/ubuntu/robot_ws/install/pubsub/share/pubsub/hook/ament_prefix_path.ps1'
[0.451s] INFO:colcon.colcon_core.shell:Creating environment descriptor '/home/ubuntu/robot_ws/install/pubsub/share/pubsub/hook/ament_prefix_path.dsv'
[0.452s] INFO:colcon.colcon_core.shell:Creating environment hook '/home/ubuntu/robot_ws/install/pubsub/share/pubsub/hook/ament_prefix_path.sh'
[0.453s] INFO:colcon.colcon_core.shell:Skip shell extension 'powershell' for command environment: Not usable outside of PowerShell
[0.453s] DEBUG:colcon.colcon_core.shell:Skip shell extension 'dsv' for command environment
[0.455s] DEBUG:colcon.colcon_core.shell:Ignoring prefix path '/opt/ros/foxy'
[0.457s] INFO:colcon.colcon_ros.task.ament_python.build:Building ROS package in '/home/ubuntu/robot_ws/src/rqt_joy' with build type 'ament_python'
[0.458s] Level 1:colcon.colcon_core.shell:create_environment_hook('rqt_joy', 'ament_prefix_path')
[0.459s] INFO:colcon.colcon_core.shell:Creating environment hook '/home/ubuntu/robot_ws/install/rqt_joy/share/rqt_joy/hook/ament_prefix_path.ps1'
[0.459s] INFO:colcon.colcon_core.shell:Creating environment descriptor '/home/ubuntu/robot_ws/install/rqt_joy/share/rqt_joy/hook/ament_prefix_path.dsv'
[0.460s] INFO:colcon.colcon_core.shell:Creating environment hook '/home/ubuntu/robot_ws/install/rqt_joy/share/rqt_joy/hook/ament_prefix_path.sh'
[0.461s] INFO:colcon.colcon_core.shell:Skip shell extension 'powershell' for command environment: Not usable outside of PowerShell
[0.461s] DEBUG:colcon.colcon_core.shell:Skip shell extension 'dsv' for command environment
[0.463s] DEBUG:colcon.colcon_core.shell:Ignoring prefix path '/opt/ros/foxy'
[0.465s] INFO:colcon.colcon_ros.task.ament_python.build:Building ROS package in '/home/ubuntu/robot_ws/src/srv_examples' with build type 'ament_python'
[0.465s] Level 1:colcon.colcon_core.shell:create_environment_hook('srv_examples', 'ament_prefix_path')
[0.466s] INFO:colcon.colcon_core.shell:Creating environment hook '/home/ubuntu/robot_ws/install/srv_examples/share/srv_examples/hook/ament_prefix_path.ps1'
[0.467s] INFO:colcon.colcon_core.shell:Creating environment descriptor '/home/ubuntu/robot_ws/install/srv_examples/share/srv_examples/hook/ament_prefix_path.dsv'
[0.468s] INFO:colcon.colcon_core.shell:Creating environment hook '/home/ubuntu/robot_ws/install/srv_examples/share/srv_examples/hook/ament_prefix_path.sh'
[0.469s] INFO:colcon.colcon_core.shell:Skip shell extension 'powershell' for command environment: Not usable outside of PowerShell
[0.469s] DEBUG:colcon.colcon_core.shell:Skip shell extension 'dsv' for command environment
[0.471s] DEBUG:colcon.colcon_core.shell:Ignoring prefix path '/opt/ros/foxy'
[0.473s] INFO:colcon.colcon_ros.task.ament_python.build:Building ROS package in '/home/ubuntu/robot_ws/src/tb3_teleop' with build type 'ament_python'
[0.473s] Level 1:colcon.colcon_core.shell:create_environment_hook('tb3_teleop', 'ament_prefix_path')
[0.474s] INFO:colcon.colcon_core.shell:Creating environment hook '/home/ubuntu/robot_ws/install/tb3_teleop/share/tb3_teleop/hook/ament_prefix_path.ps1'
[0.475s] INFO:colcon.colcon_core.shell:Creating environment descriptor '/home/ubuntu/robot_ws/install/tb3_teleop/share/tb3_teleop/hook/ament_prefix_path.dsv'
[0.475s] INFO:colcon.colcon_core.shell:Creating environment hook '/home/ubuntu/robot_ws/install/tb3_teleop/share/tb3_teleop/hook/ament_prefix_path.sh'
[0.476s] INFO:colcon.colcon_core.shell:Skip shell extension 'powershell' for command environment: Not usable outside of PowerShell
[0.476s] DEBUG:colcon.colcon_core.shell:Skip shell extension 'dsv' for command environment
[0.479s] DEBUG:colcon.colcon_core.shell:Ignoring prefix path '/opt/ros/foxy'
[0.481s] INFO:colcon.colcon_ros.task.ament_cmake.build:Building ROS package in '/home/ubuntu/robot_ws/src/ros_tutorials/turtlesim' with build type 'ament_cmake'
[0.481s] INFO:colcon.colcon_cmake.task.cmake.build:Building CMake package in '/home/ubuntu/robot_ws/src/ros_tutorials/turtlesim'
[0.482s] INFO:colcon.colcon_core.shell:Skip shell extension 'powershell' for command environment: Not usable outside of PowerShell
[0.482s] DEBUG:colcon.colcon_core.shell:Skip shell extension 'dsv' for command environment
[0.485s] DEBUG:colcon.colcon_core.shell:Ignoring prefix path '/opt/ros/foxy'
[0.721s] INFO:colcon.colcon_core.task.python.build:Building Python package in '/home/ubuntu/robot_ws/src/hello_world'
[0.722s] INFO:colcon.colcon_core.shell:Skip shell extension 'powershell' for command environment: Not usable outside of PowerShell
[0.722s] DEBUG:colcon.colcon_core.shell:Skip shell extension 'dsv' for command environment
[0.725s] DEBUG:colcon.colcon_core.shell:Ignoring prefix path '/opt/ros/foxy'
[0.954s] INFO:colcon.colcon_core.task.python.build:Building Python package in '/home/ubuntu/robot_ws/src/myfirstpackage'
[0.955s] INFO:colcon.colcon_core.shell:Skip shell extension 'powershell' for command environment: Not usable outside of PowerShell
[0.955s] DEBUG:colcon.colcon_core.shell:Skip shell extension 'dsv' for command environment
[0.957s] DEBUG:colcon.colcon_core.shell:Ignoring prefix path '/opt/ros/foxy'
[1.199s] INFO:colcon.colcon_core.task.python.build:Building Python package in '/home/ubuntu/robot_ws/src/pubsub'
[1.200s] INFO:colcon.colcon_core.shell:Skip shell extension 'powershell' for command environment: Not usable outside of PowerShell
[1.200s] DEBUG:colcon.colcon_core.shell:Skip shell extension 'dsv' for command environment
[1.203s] DEBUG:colcon.colcon_core.shell:Ignoring prefix path '/opt/ros/foxy'
[1.460s] INFO:colcon.colcon_core.task.python.build:Building Python package in '/home/ubuntu/robot_ws/src/rqt_joy'
[1.461s] INFO:colcon.colcon_core.shell:Skip shell extension 'powershell' for command environment: Not usable outside of PowerShell
[1.461s] DEBUG:colcon.colcon_core.shell:Skip shell extension 'dsv' for command environment
[1.463s] DEBUG:colcon.colcon_core.shell:Ignoring prefix path '/opt/ros/foxy'
[1.695s] INFO:colcon.colcon_core.task.python.build:Building Python package in '/home/ubuntu/robot_ws/src/srv_examples'
[1.696s] INFO:colcon.colcon_core.shell:Skip shell extension 'powershell' for command environment: Not usable outside of PowerShell
[1.696s] DEBUG:colcon.colcon_core.shell:Skip shell extension 'dsv' for command environment
[1.699s] DEBUG:colcon.colcon_core.shell:Ignoring prefix path '/opt/ros/foxy'
[1.933s] INFO:colcon.colcon_core.task.python.build:Building Python package in '/home/ubuntu/robot_ws/src/tb3_teleop'
[1.934s] INFO:colcon.colcon_core.shell:Skip shell extension 'powershell' for command environment: Not usable outside of PowerShell
[1.934s] DEBUG:colcon.colcon_core.shell:Skip shell extension 'dsv' for command environment
[1.937s] DEBUG:colcon.colcon_core.shell:Ignoring prefix path '/opt/ros/foxy'
[1.945s] DEBUG:colcon.colcon_core.event_handler.log_command:Invoking command in '/home/ubuntu/robot_ws/build/turtlesim': CMAKE_PREFIX_PATH=${CMAKE_PREFIX_PATH}:/home/ubuntu/robot_ws/install/tb3_teleop:/home/ubuntu/robot_ws/install/srv_examples:/home/ubuntu/robot_ws/install/rqt_joy:/home/ubuntu/robot_ws/install/pubsub:/home/ubuntu/robot_ws/install/myfirstpackage:/opt/ros/foxy /usr/bin/cmake --build /home/ubuntu/robot_ws/build/turtlesim -- -j12 -l12
[1.957s] DEBUG:colcon.colcon_core.event_handler.log_command:Invoking command in '/home/ubuntu/robot_ws/src/hello_world': PYTHONPATH=/home/ubuntu/robot_ws/install/hello_world/lib/python3.8/site-packages:${PYTHONPATH} /usr/bin/python3 setup.py egg_info --egg-base ../../build/hello_world build --build-base /home/ubuntu/robot_ws/build/hello_world/build install --prefix /home/ubuntu/robot_ws/install/hello_world --record /home/ubuntu/robot_ws/build/hello_world/install.log --single-version-externally-managed
[1.963s] DEBUG:colcon.colcon_core.event_handler.log_command:Invoking command in '/home/ubuntu/robot_ws/src/myfirstpackage': PYTHONPATH=/home/ubuntu/robot_ws/install/myfirstpackage/lib/python3.8/site-packages:${PYTHONPATH} /usr/bin/python3 setup.py egg_info --egg-base ../../build/myfirstpackage build --build-base /home/ubuntu/robot_ws/build/myfirstpackage/build install --prefix /home/ubuntu/robot_ws/install/myfirstpackage --record /home/ubuntu/robot_ws/build/myfirstpackage/install.log --single-version-externally-managed
[1.967s] DEBUG:colcon.colcon_core.event_handler.log_command:Invoking command in '/home/ubuntu/robot_ws/src/pubsub': PYTHONPATH=/home/ubuntu/robot_ws/install/pubsub/lib/python3.8/site-packages:${PYTHONPATH} /usr/bin/python3 setup.py egg_info --egg-base ../../build/pubsub build --build-base /home/ubuntu/robot_ws/build/pubsub/build install --prefix /home/ubuntu/robot_ws/install/pubsub --record /home/ubuntu/robot_ws/build/pubsub/install.log --single-version-externally-managed
[1.971s] DEBUG:colcon.colcon_core.event_handler.log_command:Invoking command in '/home/ubuntu/robot_ws/src/rqt_joy': PYTHONPATH=/home/ubuntu/robot_ws/install/rqt_joy/lib/python3.8/site-packages:${PYTHONPATH} /usr/bin/python3 setup.py egg_info --egg-base ../../build/rqt_joy build --build-base /home/ubuntu/robot_ws/build/rqt_joy/build install --prefix /home/ubuntu/robot_ws/install/rqt_joy --record /home/ubuntu/robot_ws/build/rqt_joy/install.log --single-version-externally-managed
[1.972s] DEBUG:colcon.colcon_core.event_handler.log_command:Invoking command in '/home/ubuntu/robot_ws/src/srv_examples': PYTHONPATH=/home/ubuntu/robot_ws/install/srv_examples/lib/python3.8/site-packages:${PYTHONPATH} /usr/bin/python3 setup.py egg_info --egg-base ../../build/srv_examples build --build-base /home/ubuntu/robot_ws/build/srv_examples/build install --prefix /home/ubuntu/robot_ws/install/srv_examples --record /home/ubuntu/robot_ws/build/srv_examples/install.log --single-version-externally-managed
[1.987s] DEBUG:colcon.colcon_core.event_handler.log_command:Invoking command in '/home/ubuntu/robot_ws/src/tb3_teleop': PYTHONPATH=/home/ubuntu/robot_ws/install/tb3_teleop/lib/python3.8/site-packages:${PYTHONPATH} /usr/bin/python3 setup.py egg_info --egg-base ../../build/tb3_teleop build --build-base /home/ubuntu/robot_ws/build/tb3_teleop/build install --prefix /home/ubuntu/robot_ws/install/tb3_teleop --record /home/ubuntu/robot_ws/build/tb3_teleop/install.log --single-version-externally-managed
[2.407s] DEBUG:colcon.colcon_core.event_handler.log_command:Invoked command in '/home/ubuntu/robot_ws/build/turtlesim' returned '0': CMAKE_PREFIX_PATH=${CMAKE_PREFIX_PATH}:/home/ubuntu/robot_ws/install/tb3_teleop:/home/ubuntu/robot_ws/install/srv_examples:/home/ubuntu/robot_ws/install/rqt_joy:/home/ubuntu/robot_ws/install/pubsub:/home/ubuntu/robot_ws/install/myfirstpackage:/opt/ros/foxy /usr/bin/cmake --build /home/ubuntu/robot_ws/build/turtlesim -- -j12 -l12
[2.455s] DEBUG:colcon.colcon_core.event_handler.log_command:Invoked command in '/home/ubuntu/robot_ws/src/hello_world' returned '0': PYTHONPATH=/home/ubuntu/robot_ws/install/hello_world/lib/python3.8/site-packages:${PYTHONPATH} /usr/bin/python3 setup.py egg_info --egg-base ../../build/hello_world build --build-base /home/ubuntu/robot_ws/build/hello_world/build install --prefix /home/ubuntu/robot_ws/install/hello_world --record /home/ubuntu/robot_ws/build/hello_world/install.log --single-version-externally-managed
[2.463s] Level 1:colcon.colcon_core.environment:checking '/home/ubuntu/robot_ws/install/hello_world' for CMake module files
[2.464s] Level 1:colcon.colcon_core.environment:checking '/home/ubuntu/robot_ws/install/hello_world' for CMake config files
[2.465s] Level 1:colcon.colcon_core.shell:create_environment_hook('hello_world', 'cmake_prefix_path')
[2.466s] INFO:colcon.colcon_core.shell:Creating environment hook '/home/ubuntu/robot_ws/install/hello_world/share/hello_world/hook/cmake_prefix_path.ps1'
[2.468s] INFO:colcon.colcon_core.shell:Creating environment descriptor '/home/ubuntu/robot_ws/install/hello_world/share/hello_world/hook/cmake_prefix_path.dsv'
[2.469s] INFO:colcon.colcon_core.shell:Creating environment hook '/home/ubuntu/robot_ws/install/hello_world/share/hello_world/hook/cmake_prefix_path.sh'
[2.471s] Level 1:colcon.colcon_core.environment:checking '/home/ubuntu/robot_ws/install/hello_world/lib'
[2.472s] Level 1:colcon.colcon_core.environment:checking '/home/ubuntu/robot_ws/install/hello_world/bin'
[2.472s] Level 1:colcon.colcon_core.environment:checking '/home/ubuntu/robot_ws/install/hello_world/lib/pkgconfig/hello_world.pc'
[2.473s] Level 1:colcon.colcon_core.environment:checking '/home/ubuntu/robot_ws/install/hello_world/lib/python3.8/site-packages'
[2.473s] Level 1:colcon.colcon_core.shell:create_environment_hook('hello_world', 'pythonpath')
[2.474s] INFO:colcon.colcon_core.shell:Creating environment hook '/home/ubuntu/robot_ws/install/hello_world/share/hello_world/hook/pythonpath.ps1'
[2.475s] INFO:colcon.colcon_core.shell:Creating environment descriptor '/home/ubuntu/robot_ws/install/hello_world/share/hello_world/hook/pythonpath.dsv'
[2.476s] INFO:colcon.colcon_core.shell:Creating environment hook '/home/ubuntu/robot_ws/install/hello_world/share/hello_world/hook/pythonpath.sh'
[2.477s] Level 1:colcon.colcon_core.environment:create_environment_scripts_only(hello_world)
[2.479s] INFO:colcon.colcon_core.shell:Creating package script '/home/ubuntu/robot_ws/install/hello_world/share/hello_world/package.ps1'
[2.481s] INFO:colcon.colcon_core.shell:Creating package descriptor '/home/ubuntu/robot_ws/install/hello_world/share/hello_world/package.dsv'
[2.483s] INFO:colcon.colcon_core.shell:Creating package script '/home/ubuntu/robot_ws/install/hello_world/share/hello_world/package.sh'
[2.487s] INFO:colcon.colcon_core.shell:Creating package script '/home/ubuntu/robot_ws/install/hello_world/share/hello_world/package.bash'
[2.489s] INFO:colcon.colcon_core.shell:Creating package script '/home/ubuntu/robot_ws/install/hello_world/share/hello_world/package.zsh'
[2.491s] Level 1:colcon.colcon_core.environment:create_file_with_runtime_dependencies(/home/ubuntu/robot_ws/install/hello_world/share/colcon-core/packages/hello_world)
[2.497s] Level 1:colcon.colcon_core.environment:checking '/home/ubuntu/robot_ws/install/myfirstpackage' for CMake module files
[2.499s] DEBUG:colcon.colcon_core.event_handler.log_command:Invoked command in '/home/ubuntu/robot_ws/src/myfirstpackage' returned '0': PYTHONPATH=/home/ubuntu/robot_ws/install/myfirstpackage/lib/python3.8/site-packages:${PYTHONPATH} /usr/bin/python3 setup.py egg_info --egg-base ../../build/myfirstpackage build --build-base /home/ubuntu/robot_ws/build/myfirstpackage/build install --prefix /home/ubuntu/robot_ws/install/myfirstpackage --record /home/ubuntu/robot_ws/build/myfirstpackage/install.log --single-version-externally-managed
[2.500s] Level 1:colcon.colcon_core.environment:checking '/home/ubuntu/robot_ws/install/myfirstpackage' for CMake config files
[2.501s] Level 1:colcon.colcon_core.environment:checking '/home/ubuntu/robot_ws/install/myfirstpackage/lib'
[2.501s] Level 1:colcon.colcon_core.environment:checking '/home/ubuntu/robot_ws/install/myfirstpackage/bin'
[2.501s] Level 1:colcon.colcon_core.environment:checking '/home/ubuntu/robot_ws/install/myfirstpackage/lib/pkgconfig/myfirstpackage.pc'
[2.502s] Level 1:colcon.colcon_core.environment:checking '/home/ubuntu/robot_ws/install/myfirstpackage/lib/python3.8/site-packages'
[2.502s] Level 1:colcon.colcon_core.shell:create_environment_hook('myfirstpackage', 'pythonpath')
[2.503s] INFO:colcon.colcon_core.shell:Creating environment hook '/home/ubuntu/robot_ws/install/myfirstpackage/share/myfirstpackage/hook/pythonpath.ps1'
[2.503s] INFO:colcon.colcon_core.shell:Creating environment descriptor '/home/ubuntu/robot_ws/install/myfirstpackage/share/myfirstpackage/hook/pythonpath.dsv'
[2.504s] INFO:colcon.colcon_core.shell:Creating environment hook '/home/ubuntu/robot_ws/install/myfirstpackage/share/myfirstpackage/hook/pythonpath.sh'
[2.504s] Level 1:colcon.colcon_core.environment:create_environment_scripts_only(myfirstpackage)
[2.505s] INFO:colcon.colcon_core.shell:Creating package script '/home/ubuntu/robot_ws/install/myfirstpackage/share/myfirstpackage/package.ps1'
[2.506s] INFO:colcon.colcon_core.shell:Creating package descriptor '/home/ubuntu/robot_ws/install/myfirstpackage/share/myfirstpackage/package.dsv'
[2.507s] INFO:colcon.colcon_core.shell:Creating package script '/home/ubuntu/robot_ws/install/myfirstpackage/share/myfirstpackage/package.sh'
[2.508s] INFO:colcon.colcon_core.shell:Creating package script '/home/ubuntu/robot_ws/install/myfirstpackage/share/myfirstpackage/package.bash'
[2.508s] INFO:colcon.colcon_core.shell:Creating package script '/home/ubuntu/robot_ws/install/myfirstpackage/share/myfirstpackage/package.zsh'
[2.509s] Level 1:colcon.colcon_core.environment:create_file_with_runtime_dependencies(/home/ubuntu/robot_ws/install/myfirstpackage/share/colcon-core/packages/myfirstpackage)
[2.510s] Level 1:colcon.colcon_core.environment:checking '/home/ubuntu/robot_ws/install/pubsub' for CMake module files
[2.513s] DEBUG:colcon.colcon_core.event_handler.log_command:Invoked command in '/home/ubuntu/robot_ws/src/pubsub' returned '0': PYTHONPATH=/home/ubuntu/robot_ws/install/pubsub/lib/python3.8/site-packages:${PYTHONPATH} /usr/bin/python3 setup.py egg_info --egg-base ../../build/pubsub build --build-base /home/ubuntu/robot_ws/build/pubsub/build install --prefix /home/ubuntu/robot_ws/install/pubsub --record /home/ubuntu/robot_ws/build/pubsub/install.log --single-version-externally-managed
[2.513s] Level 1:colcon.colcon_core.environment:checking '/home/ubuntu/robot_ws/install/pubsub' for CMake config files
[2.514s] Level 1:colcon.colcon_core.environment:checking '/home/ubuntu/robot_ws/install/pubsub/lib'
[2.514s] Level 1:colcon.colcon_core.environment:checking '/home/ubuntu/robot_ws/install/pubsub/bin'
[2.514s] Level 1:colcon.colcon_core.environment:checking '/home/ubuntu/robot_ws/install/pubsub/lib/pkgconfig/pubsub.pc'
[2.514s] Level 1:colcon.colcon_core.environment:checking '/home/ubuntu/robot_ws/install/pubsub/lib/python3.8/site-packages'
[2.514s] Level 1:colcon.colcon_core.shell:create_environment_hook('pubsub', 'pythonpath')
[2.515s] INFO:colcon.colcon_core.shell:Creating environment hook '/home/ubuntu/robot_ws/install/pubsub/share/pubsub/hook/pythonpath.ps1'
[2.515s] INFO:colcon.colcon_core.shell:Creating environment descriptor '/home/ubuntu/robot_ws/install/pubsub/share/pubsub/hook/pythonpath.dsv'
[2.516s] INFO:colcon.colcon_core.shell:Creating environment hook '/home/ubuntu/robot_ws/install/pubsub/share/pubsub/hook/pythonpath.sh'
[2.516s] Level 1:colcon.colcon_core.environment:create_environment_scripts_only(pubsub)
[2.517s] INFO:colcon.colcon_core.shell:Creating package script '/home/ubuntu/robot_ws/install/pubsub/share/pubsub/package.ps1'
[2.518s] INFO:colcon.colcon_core.shell:Creating package descriptor '/home/ubuntu/robot_ws/install/pubsub/share/pubsub/package.dsv'
[2.519s] INFO:colcon.colcon_core.shell:Creating package script '/home/ubuntu/robot_ws/install/pubsub/share/pubsub/package.sh'
[2.519s] INFO:colcon.colcon_core.shell:Creating package script '/home/ubuntu/robot_ws/install/pubsub/share/pubsub/package.bash'
[2.520s] INFO:colcon.colcon_core.shell:Creating package script '/home/ubuntu/robot_ws/install/pubsub/share/pubsub/package.zsh'
[2.520s] Level 1:colcon.colcon_core.environment:create_file_with_runtime_dependencies(/home/ubuntu/robot_ws/install/pubsub/share/colcon-core/packages/pubsub)
[2.525s] Level 1:colcon.colcon_core.environment:checking '/home/ubuntu/robot_ws/install/rqt_joy' for CMake module files
[2.526s] DEBUG:colcon.colcon_core.event_handler.log_command:Invoked command in '/home/ubuntu/robot_ws/src/rqt_joy' returned '0': PYTHONPATH=/home/ubuntu/robot_ws/install/rqt_joy/lib/python3.8/site-packages:${PYTHONPATH} /usr/bin/python3 setup.py egg_info --egg-base ../../build/rqt_joy build --build-base /home/ubuntu/robot_ws/build/rqt_joy/build install --prefix /home/ubuntu/robot_ws/install/rqt_joy --record /home/ubuntu/robot_ws/build/rqt_joy/install.log --single-version-externally-managed
[2.527s] Level 1:colcon.colcon_core.environment:checking '/home/ubuntu/robot_ws/install/rqt_joy' for CMake config files
[2.528s] Level 1:colcon.colcon_core.environment:checking '/home/ubuntu/robot_ws/install/rqt_joy/lib'
[2.528s] Level 1:colcon.colcon_core.environment:checking '/home/ubuntu/robot_ws/install/rqt_joy/bin'
[2.528s] Level 1:colcon.colcon_core.shell:create_environment_hook('rqt_joy', 'path')
[2.529s] INFO:colcon.colcon_core.shell:Creating environment hook '/home/ubuntu/robot_ws/install/rqt_joy/share/rqt_joy/hook/path.ps1'
[2.529s] INFO:colcon.colcon_core.shell:Creating environment descriptor '/home/ubuntu/robot_ws/install/rqt_joy/share/rqt_joy/hook/path.dsv'
[2.530s] INFO:colcon.colcon_core.shell:Creating environment hook '/home/ubuntu/robot_ws/install/rqt_joy/share/rqt_joy/hook/path.sh'
[2.531s] Level 1:colcon.colcon_core.environment:checking '/home/ubuntu/robot_ws/install/rqt_joy/lib/pkgconfig/rqt_joy.pc'
[2.531s] Level 1:colcon.colcon_core.environment:checking '/home/ubuntu/robot_ws/install/rqt_joy/lib/python3.8/site-packages'
[2.531s] Level 1:colcon.colcon_core.shell:create_environment_hook('rqt_joy', 'pythonpath')
[2.531s] INFO:colcon.colcon_core.shell:Creating environment hook '/home/ubuntu/robot_ws/install/rqt_joy/share/rqt_joy/hook/pythonpath.ps1'
[2.532s] INFO:colcon.colcon_core.shell:Creating environment descriptor '/home/ubuntu/robot_ws/install/rqt_joy/share/rqt_joy/hook/pythonpath.dsv'
[2.532s] INFO:colcon.colcon_core.shell:Creating environment hook '/home/ubuntu/robot_ws/install/rqt_joy/share/rqt_joy/hook/pythonpath.sh'
[2.533s] Level 1:colcon.colcon_core.environment:create_environment_scripts_only(rqt_joy)
[2.534s] INFO:colcon.colcon_core.shell:Creating package script '/home/ubuntu/robot_ws/install/rqt_joy/share/rqt_joy/package.ps1'
[2.535s] INFO:colcon.colcon_core.shell:Creating package descriptor '/home/ubuntu/robot_ws/install/rqt_joy/share/rqt_joy/package.dsv'
[2.536s] INFO:colcon.colcon_core.shell:Creating package script '/home/ubuntu/robot_ws/install/rqt_joy/share/rqt_joy/package.sh'
[2.537s] INFO:colcon.colcon_core.shell:Creating package script '/home/ubuntu/robot_ws/install/rqt_joy/share/rqt_joy/package.bash'
[2.538s] INFO:colcon.colcon_core.shell:Creating package script '/home/ubuntu/robot_ws/install/rqt_joy/share/rqt_joy/package.zsh'
[2.538s] Level 1:colcon.colcon_core.environment:create_file_with_runtime_dependencies(/home/ubuntu/robot_ws/install/rqt_joy/share/colcon-core/packages/rqt_joy)
[2.540s] Level 1:colcon.colcon_core.environment:checking '/home/ubuntu/robot_ws/install/srv_examples' for CMake module files
[2.543s] DEBUG:colcon.colcon_core.event_handler.log_command:Invoked command in '/home/ubuntu/robot_ws/src/srv_examples' returned '0': PYTHONPATH=/home/ubuntu/robot_ws/install/srv_examples/lib/python3.8/site-packages:${PYTHONPATH} /usr/bin/python3 setup.py egg_info --egg-base ../../build/srv_examples build --build-base /home/ubuntu/robot_ws/build/srv_examples/build install --prefix /home/ubuntu/robot_ws/install/srv_examples --record /home/ubuntu/robot_ws/build/srv_examples/install.log --single-version-externally-managed
[2.543s] Level 1:colcon.colcon_core.environment:checking '/home/ubuntu/robot_ws/install/srv_examples' for CMake config files
[2.545s] Level 1:colcon.colcon_core.environment:checking '/home/ubuntu/robot_ws/install/srv_examples/lib'
[2.545s] Level 1:colcon.colcon_core.environment:checking '/home/ubuntu/robot_ws/install/srv_examples/bin'
[2.545s] Level 1:colcon.colcon_core.environment:checking '/home/ubuntu/robot_ws/install/srv_examples/lib/pkgconfig/srv_examples.pc'
[2.545s] Level 1:colcon.colcon_core.environment:checking '/home/ubuntu/robot_ws/install/srv_examples/lib/python3.8/site-packages'
[2.545s] Level 1:colcon.colcon_core.shell:create_environment_hook('srv_examples', 'pythonpath')
[2.546s] INFO:colcon.colcon_core.shell:Creating environment hook '/home/ubuntu/robot_ws/install/srv_examples/share/srv_examples/hook/pythonpath.ps1'
[2.546s] INFO:colcon.colcon_core.shell:Creating environment descriptor '/home/ubuntu/robot_ws/install/srv_examples/share/srv_examples/hook/pythonpath.dsv'
[2.547s] INFO:colcon.colcon_core.shell:Creating environment hook '/home/ubuntu/robot_ws/install/srv_examples/share/srv_examples/hook/pythonpath.sh'
[2.547s] Level 1:colcon.colcon_core.environment:create_environment_scripts_only(srv_examples)
[2.548s] INFO:colcon.colcon_core.shell:Creating package script '/home/ubuntu/robot_ws/install/srv_examples/share/srv_examples/package.ps1'
[2.548s] INFO:colcon.colcon_core.shell:Creating package descriptor '/home/ubuntu/robot_ws/install/srv_examples/share/srv_examples/package.dsv'
[2.549s] INFO:colcon.colcon_core.shell:Creating package script '/home/ubuntu/robot_ws/install/srv_examples/share/srv_examples/package.sh'
[2.550s] INFO:colcon.colcon_core.shell:Creating package script '/home/ubuntu/robot_ws/install/srv_examples/share/srv_examples/package.bash'
[2.551s] INFO:colcon.colcon_core.shell:Creating package script '/home/ubuntu/robot_ws/install/srv_examples/share/srv_examples/package.zsh'
[2.552s] Level 1:colcon.colcon_core.environment:create_file_with_runtime_dependencies(/home/ubuntu/robot_ws/install/srv_examples/share/colcon-core/packages/srv_examples)
[2.554s] Level 1:colcon.colcon_core.environment:checking '/home/ubuntu/robot_ws/install/tb3_teleop' for CMake module files
[2.557s] DEBUG:colcon.colcon_core.event_handler.log_command:Invoked command in '/home/ubuntu/robot_ws/src/tb3_teleop' returned '0': PYTHONPATH=/home/ubuntu/robot_ws/install/tb3_teleop/lib/python3.8/site-packages:${PYTHONPATH} /usr/bin/python3 setup.py egg_info --egg-base ../../build/tb3_teleop build --build-base /home/ubuntu/robot_ws/build/tb3_teleop/build install --prefix /home/ubuntu/robot_ws/install/tb3_teleop --record /home/ubuntu/robot_ws/build/tb3_teleop/install.log --single-version-externally-managed
[2.557s] Level 1:colcon.colcon_core.environment:checking '/home/ubuntu/robot_ws/install/tb3_teleop' for CMake config files
[2.558s] Level 1:colcon.colcon_core.environment:checking '/home/ubuntu/robot_ws/install/tb3_teleop/lib'
[2.558s] Level 1:colcon.colcon_core.environment:checking '/home/ubuntu/robot_ws/install/tb3_teleop/bin'
[2.558s] Level 1:colcon.colcon_core.environment:checking '/home/ubuntu/robot_ws/install/tb3_teleop/lib/pkgconfig/tb3_teleop.pc'
[2.559s] Level 1:colcon.colcon_core.environment:checking '/home/ubuntu/robot_ws/install/tb3_teleop/lib/python3.8/site-packages'
[2.559s] Level 1:colcon.colcon_core.shell:create_environment_hook('tb3_teleop', 'pythonpath')
[2.560s] INFO:colcon.colcon_core.shell:Creating environment hook '/home/ubuntu/robot_ws/install/tb3_teleop/share/tb3_teleop/hook/pythonpath.ps1'
[2.560s] INFO:colcon.colcon_core.shell:Creating environment descriptor '/home/ubuntu/robot_ws/install/tb3_teleop/share/tb3_teleop/hook/pythonpath.dsv'
[2.561s] INFO:colcon.colcon_core.shell:Creating environment hook '/home/ubuntu/robot_ws/install/tb3_teleop/share/tb3_teleop/hook/pythonpath.sh'
[2.561s] Level 1:colcon.colcon_core.environment:create_environment_scripts_only(tb3_teleop)
[2.562s] INFO:colcon.colcon_core.shell:Creating package script '/home/ubuntu/robot_ws/install/tb3_teleop/share/tb3_teleop/package.ps1'
[2.563s] INFO:colcon.colcon_core.shell:Creating package descriptor '/home/ubuntu/robot_ws/install/tb3_teleop/share/tb3_teleop/package.dsv'
[2.564s] INFO:colcon.colcon_core.shell:Creating package script '/home/ubuntu/robot_ws/install/tb3_teleop/share/tb3_teleop/package.sh'
[2.565s] INFO:colcon.colcon_core.shell:Creating package script '/home/ubuntu/robot_ws/install/tb3_teleop/share/tb3_teleop/package.bash'
[2.565s] INFO:colcon.colcon_core.shell:Creating package script '/home/ubuntu/robot_ws/install/tb3_teleop/share/tb3_teleop/package.zsh'
[2.566s] Level 1:colcon.colcon_core.environment:create_file_with_runtime_dependencies(/home/ubuntu/robot_ws/install/tb3_teleop/share/colcon-core/packages/tb3_teleop)
[2.742s] DEBUG:colcon.colcon_core.event_handler.log_command:Invoking command in '/home/ubuntu/robot_ws/build/turtlesim': CMAKE_PREFIX_PATH=${CMAKE_PREFIX_PATH}:/home/ubuntu/robot_ws/install/tb3_teleop:/home/ubuntu/robot_ws/install/srv_examples:/home/ubuntu/robot_ws/install/rqt_joy:/home/ubuntu/robot_ws/install/pubsub:/home/ubuntu/robot_ws/install/myfirstpackage:/opt/ros/foxy /usr/bin/cmake --install /home/ubuntu/robot_ws/build/turtlesim
[2.841s] Level 1:colcon.colcon_core.environment:create_environment_scripts_only(turtlesim)
[2.842s] Level 1:colcon.colcon_core.environment:checking '/home/ubuntu/robot_ws/install/turtlesim' for CMake module files
[2.843s] DEBUG:colcon.colcon_core.event_handler.log_command:Invoked command in '/home/ubuntu/robot_ws/build/turtlesim' returned '0': CMAKE_PREFIX_PATH=${CMAKE_PREFIX_PATH}:/home/ubuntu/robot_ws/install/tb3_teleop:/home/ubuntu/robot_ws/install/srv_examples:/home/ubuntu/robot_ws/install/rqt_joy:/home/ubuntu/robot_ws/install/pubsub:/home/ubuntu/robot_ws/install/myfirstpackage:/opt/ros/foxy /usr/bin/cmake --install /home/ubuntu/robot_ws/build/turtlesim
[2.844s] Level 1:colcon.colcon_core.environment:checking '/home/ubuntu/robot_ws/install/turtlesim' for CMake config files
[2.845s] Level 1:colcon.colcon_core.shell:create_environment_hook('turtlesim', 'cmake_prefix_path')
[2.846s] INFO:colcon.colcon_core.shell:Creating environment hook '/home/ubuntu/robot_ws/install/turtlesim/share/turtlesim/hook/cmake_prefix_path.ps1'
[2.847s] INFO:colcon.colcon_core.shell:Creating environment descriptor '/home/ubuntu/robot_ws/install/turtlesim/share/turtlesim/hook/cmake_prefix_path.dsv'
[2.847s] INFO:colcon.colcon_core.shell:Creating environment hook '/home/ubuntu/robot_ws/install/turtlesim/share/turtlesim/hook/cmake_prefix_path.sh'
[2.848s] Level 1:colcon.colcon_core.environment:checking '/home/ubuntu/robot_ws/install/turtlesim/lib'
[2.848s] Level 1:colcon.colcon_core.shell:create_environment_hook('turtlesim', 'ld_library_path_lib')
[2.849s] INFO:colcon.colcon_core.shell:Creating environment hook '/home/ubuntu/robot_ws/install/turtlesim/share/turtlesim/hook/ld_library_path_lib.ps1'
[2.849s] INFO:colcon.colcon_core.shell:Creating environment descriptor '/home/ubuntu/robot_ws/install/turtlesim/share/turtlesim/hook/ld_library_path_lib.dsv'
[2.850s] INFO:colcon.colcon_core.shell:Creating environment hook '/home/ubuntu/robot_ws/install/turtlesim/share/turtlesim/hook/ld_library_path_lib.sh'
[2.850s] Level 1:colcon.colcon_core.environment:checking '/home/ubuntu/robot_ws/install/turtlesim/bin'
[2.850s] Level 1:colcon.colcon_core.environment:checking '/home/ubuntu/robot_ws/install/turtlesim/lib/pkgconfig/turtlesim.pc'
[2.851s] Level 1:colcon.colcon_core.environment:checking '/home/ubuntu/robot_ws/install/turtlesim/lib/python3.8/site-packages'
[2.851s] Level 1:colcon.colcon_core.shell:create_environment_hook('turtlesim', 'pythonpath')
[2.852s] INFO:colcon.colcon_core.shell:Creating environment hook '/home/ubuntu/robot_ws/install/turtlesim/share/turtlesim/hook/pythonpath.ps1'
[2.853s] INFO:colcon.colcon_core.shell:Creating environment descriptor '/home/ubuntu/robot_ws/install/turtlesim/share/turtlesim/hook/pythonpath.dsv'
[2.853s] INFO:colcon.colcon_core.shell:Creating environment hook '/home/ubuntu/robot_ws/install/turtlesim/share/turtlesim/hook/pythonpath.sh'
[2.854s] INFO:colcon.colcon_core.shell:Creating package script '/home/ubuntu/robot_ws/install/turtlesim/share/turtlesim/package.ps1'
[2.855s] INFO:colcon.colcon_core.shell:Creating package descriptor '/home/ubuntu/robot_ws/install/turtlesim/share/turtlesim/package.dsv'
[2.855s] INFO:colcon.colcon_core.shell:Creating package script '/home/ubuntu/robot_ws/install/turtlesim/share/turtlesim/package.sh'
[2.856s] INFO:colcon.colcon_core.shell:Creating package script '/home/ubuntu/robot_ws/install/turtlesim/share/turtlesim/package.bash'
[2.856s] INFO:colcon.colcon_core.shell:Creating package script '/home/ubuntu/robot_ws/install/turtlesim/share/turtlesim/package.zsh'
[2.856s] Level 1:colcon.colcon_core.environment:create_file_with_runtime_dependencies(/home/ubuntu/robot_ws/install/turtlesim/share/colcon-core/packages/turtlesim)
[3.095s] Level 1:colcon.colcon_core.environment:create_environment_scripts_only(turtlesim)
[3.096s] Level 1:colcon.colcon_core.environment:checking '/home/ubuntu/robot_ws/install/turtlesim' for CMake module files
[3.097s] Level 1:colcon.colcon_core.environment:checking '/home/ubuntu/robot_ws/install/turtlesim' for CMake config files
[3.098s] Level 1:colcon.colcon_core.shell:create_environment_hook('turtlesim', 'cmake_prefix_path')
[3.099s] INFO:colcon.colcon_core.shell:Creating environment hook '/home/ubuntu/robot_ws/install/turtlesim/share/turtlesim/hook/cmake_prefix_path.ps1'
[3.099s] INFO:colcon.colcon_core.shell:Creating environment descriptor '/home/ubuntu/robot_ws/install/turtlesim/share/turtlesim/hook/cmake_prefix_path.dsv'
[3.100s] INFO:colcon.colcon_core.shell:Creating environment hook '/home/ubuntu/robot_ws/install/turtlesim/share/turtlesim/hook/cmake_prefix_path.sh'
[3.100s] Level 1:colcon.colcon_core.environment:checking '/home/ubuntu/robot_ws/install/turtlesim/lib'
[3.101s] Level 1:colcon.colcon_core.shell:create_environment_hook('turtlesim', 'ld_library_path_lib')
[3.101s] INFO:colcon.colcon_core.shell:Creating environment hook '/home/ubuntu/robot_ws/install/turtlesim/share/turtlesim/hook/ld_library_path_lib.ps1'
[3.102s] INFO:colcon.colcon_core.shell:Creating environment descriptor '/home/ubuntu/robot_ws/install/turtlesim/share/turtlesim/hook/ld_library_path_lib.dsv'
[3.103s] INFO:colcon.colcon_core.shell:Creating environment hook '/home/ubuntu/robot_ws/install/turtlesim/share/turtlesim/hook/ld_library_path_lib.sh'
[3.103s] Level 1:colcon.colcon_core.environment:checking '/home/ubuntu/robot_ws/install/turtlesim/bin'
[3.103s] Level 1:colcon.colcon_core.environment:checking '/home/ubuntu/robot_ws/install/turtlesim/lib/pkgconfig/turtlesim.pc'
[3.103s] Level 1:colcon.colcon_core.environment:checking '/home/ubuntu/robot_ws/install/turtlesim/lib/python3.8/site-packages'
[3.103s] Level 1:colcon.colcon_core.shell:create_environment_hook('turtlesim', 'pythonpath')
[3.104s] INFO:colcon.colcon_core.shell:Creating environment hook '/home/ubuntu/robot_ws/install/turtlesim/share/turtlesim/hook/pythonpath.ps1'
[3.104s] INFO:colcon.colcon_core.shell:Creating environment descriptor '/home/ubuntu/robot_ws/install/turtlesim/share/turtlesim/hook/pythonpath.dsv'
[3.105s] INFO:colcon.colcon_core.shell:Creating environment hook '/home/ubuntu/robot_ws/install/turtlesim/share/turtlesim/hook/pythonpath.sh'
[3.106s] INFO:colcon.colcon_core.shell:Creating package script '/home/ubuntu/robot_ws/install/turtlesim/share/turtlesim/package.ps1'
[3.107s] INFO:colcon.colcon_core.shell:Creating package descriptor '/home/ubuntu/robot_ws/install/turtlesim/share/turtlesim/package.dsv'
[3.108s] INFO:colcon.colcon_core.shell:Creating package script '/home/ubuntu/robot_ws/install/turtlesim/share/turtlesim/package.sh'
[3.108s] INFO:colcon.colcon_core.shell:Creating package script '/home/ubuntu/robot_ws/install/turtlesim/share/turtlesim/package.bash'
[3.109s] INFO:colcon.colcon_core.shell:Creating package script '/home/ubuntu/robot_ws/install/turtlesim/share/turtlesim/package.zsh'
[3.109s] Level 1:colcon.colcon_core.environment:create_file_with_runtime_dependencies(/home/ubuntu/robot_ws/install/turtlesim/share/colcon-core/packages/turtlesim)
[3.110s] DEBUG:colcon.colcon_parallel_executor.executor.parallel:closing loop
[3.110s] DEBUG:colcon.colcon_parallel_executor.executor.parallel:loop closed
[3.111s] DEBUG:colcon.colcon_parallel_executor.executor.parallel:run_until_complete finished with '0'
[3.111s] DEBUG:colcon.colcon_core.event_reactor:joining thread
[3.124s] INFO:colcon.colcon_core.plugin_system:Skipping extension 'colcon_notification.desktop_notification.notify_send': Could not find 'notify-send'
[3.124s] INFO:colcon.colcon_core.plugin_system:Skipping extension 'colcon_notification.desktop_notification.terminal_notifier': Not used on non-Darwin systems
[3.124s] INFO:colcon.colcon_core.plugin_system:Skipping extension 'colcon_notification.desktop_notification.win32': Not used on non-Windows systems
[3.124s] INFO:colcon.colcon_notification.desktop_notification:Sending desktop notification using 'notify2'
[3.130s] DEBUG:colcon.colcon_notification.desktop_notification.notify2:Failed to initialize notify2: org.freedesktop.DBus.Error.ServiceUnknown: The name org.freedesktop.Notifications was not provided by any .service files
[3.131s] DEBUG:colcon.colcon_core.event_reactor:joined thread
[3.132s] INFO:colcon.colcon_core.shell:Creating prefix script '/home/ubuntu/robot_ws/install/local_setup.ps1'
[3.133s] INFO:colcon.colcon_core.shell:Creating prefix util module '/home/ubuntu/robot_ws/install/_local_setup_util_ps1.py'
[3.136s] INFO:colcon.colcon_core.shell:Creating prefix chain script '/home/ubuntu/robot_ws/install/setup.ps1'
[3.140s] INFO:colcon.colcon_core.shell:Creating prefix script '/home/ubuntu/robot_ws/install/local_setup.sh'
[3.141s] INFO:colcon.colcon_core.shell:Creating prefix util module '/home/ubuntu/robot_ws/install/_local_setup_util_sh.py'
[3.142s] INFO:colcon.colcon_core.shell:Creating prefix chain script '/home/ubuntu/robot_ws/install/setup.sh'
[3.145s] INFO:colcon.colcon_core.shell:Creating prefix script '/home/ubuntu/robot_ws/install/local_setup.bash'
[3.146s] INFO:colcon.colcon_core.shell:Creating prefix chain script '/home/ubuntu/robot_ws/install/setup.bash'
[3.150s] INFO:colcon.colcon_core.shell:Creating prefix script '/home/ubuntu/robot_ws/install/local_setup.zsh'
[3.150s] INFO:colcon.colcon_core.shell:Creating prefix chain script '/home/ubuntu/robot_ws/install/setup.zsh'
