[0.507s] Invoking command in '/home/ubuntu/robot_ws/src/hello_world': PYTHONPATH=/home/ubuntu/robot_ws/install/hello_world/lib/python3.8/site-packages:${PYTHONPATH} /usr/bin/python3 setup.py egg_info --egg-base ../../build/hello_world build --build-base /home/ubuntu/robot_ws/build/hello_world/build install --prefix /home/ubuntu/robot_ws/install/hello_world --record /home/ubuntu/robot_ws/build/hello_world/install.log --single-version-externally-managed
[0.748s] running egg_info
[0.749s] writing ../../build/hello_world/hello_world.egg-info/PKG-INFO
[0.749s] writing dependency_links to ../../build/hello_world/hello_world.egg-info/dependency_links.txt
[0.749s] writing entry points to ../../build/hello_world/hello_world.egg-info/entry_points.txt
[0.750s] writing requirements to ../../build/hello_world/hello_world.egg-info/requires.txt
[0.750s] writing top-level names to ../../build/hello_world/hello_world.egg-info/top_level.txt
[0.796s] reading manifest file '../../build/hello_world/hello_world.egg-info/SOURCES.txt'
[0.797s] writing manifest file '../../build/hello_world/hello_world.egg-info/SOURCES.txt'
[0.798s] running build
[0.798s] running build_py
[0.799s] copying hello_world/hello_world.py -> /home/ubuntu/robot_ws/build/hello_world/build/lib/hello_world
[0.799s] running install
[0.800s] running install_lib
[0.801s] copying /home/ubuntu/robot_ws/build/hello_world/build/lib/hello_world/hello_world.py -> /home/ubuntu/robot_ws/install/hello_world/lib/python3.8/site-packages/hello_world
[0.801s] byte-compiling /home/ubuntu/robot_ws/install/hello_world/lib/python3.8/site-packages/hello_world/hello_world.py to hello_world.cpython-38.pyc
[0.801s] running install_data
[0.802s] running install_egg_info
[0.804s] removing '/home/ubuntu/robot_ws/install/hello_world/lib/python3.8/site-packages/hello_world-0.0.0-py3.8.egg-info' (and everything under it)
[0.804s] Copying ../../build/hello_world/hello_world.egg-info to /home/ubuntu/robot_ws/install/hello_world/lib/python3.8/site-packages/hello_world-0.0.0-py3.8.egg-info
[0.805s] running install_scripts
[0.824s] Installing hello_world script to /home/ubuntu/robot_ws/install/hello_world/lib/hello_world
[0.824s] writing list of installed files to '/home/ubuntu/robot_ws/build/hello_world/install.log'
[0.849s] Invoked command in '/home/ubuntu/robot_ws/src/hello_world' returned '0': PYTHONPATH=/home/ubuntu/robot_ws/install/hello_world/lib/python3.8/site-packages:${PYTHONPATH} /usr/bin/python3 setup.py egg_info --egg-base ../../build/hello_world build --build-base /home/ubuntu/robot_ws/build/hello_world/build install --prefix /home/ubuntu/robot_ws/install/hello_world --record /home/ubuntu/robot_ws/build/hello_world/install.log --single-version-externally-managed
