[1.504s] Invoking command in '/home/ubuntu/robot_ws/src/hello_world': PYTHONPATH=/home/ubuntu/robot_ws/install/hello_world/lib/python3.8/site-packages:${PYTHONPATH} /usr/bin/python3 setup.py egg_info --egg-base ../../build/hello_world build --build-base /home/ubuntu/robot_ws/build/hello_world/build install --prefix /home/ubuntu/robot_ws/install/hello_world --record /home/ubuntu/robot_ws/build/hello_world/install.log --single-version-externally-managed
[1.815s] running egg_info
[1.816s] writing ../../build/hello_world/hello_world.egg-info/PKG-INFO
[1.816s] writing dependency_links to ../../build/hello_world/hello_world.egg-info/dependency_links.txt
[1.817s] writing entry points to ../../build/hello_world/hello_world.egg-info/entry_points.txt
[1.817s] writing requirements to ../../build/hello_world/hello_world.egg-info/requires.txt
[1.817s] writing top-level names to ../../build/hello_world/hello_world.egg-info/top_level.txt
[1.870s] reading manifest file '../../build/hello_world/hello_world.egg-info/SOURCES.txt'
[1.872s] writing manifest file '../../build/hello_world/hello_world.egg-info/SOURCES.txt'
[1.873s] running build
[1.873s] running build_py
[1.873s] running install
[1.874s] running install_lib
[1.876s] running install_data
[1.877s] running install_egg_info
[1.881s] removing '/home/ubuntu/robot_ws/install/hello_world/lib/python3.8/site-packages/hello_world-0.0.0-py3.8.egg-info' (and everything under it)
[1.881s] Copying ../../build/hello_world/hello_world.egg-info to /home/ubuntu/robot_ws/install/hello_world/lib/python3.8/site-packages/hello_world-0.0.0-py3.8.egg-info
[1.881s] running install_scripts
[1.908s] Installing hello_world script to /home/ubuntu/robot_ws/install/hello_world/lib/hello_world
[1.908s] writing list of installed files to '/home/ubuntu/robot_ws/build/hello_world/install.log'
[1.973s] Invoked command in '/home/ubuntu/robot_ws/src/hello_world' returned '0': PYTHONPATH=/home/ubuntu/robot_ws/install/hello_world/lib/python3.8/site-packages:${PYTHONPATH} /usr/bin/python3 setup.py egg_info --egg-base ../../build/hello_world build --build-base /home/ubuntu/robot_ws/build/hello_world/build install --prefix /home/ubuntu/robot_ws/install/hello_world --record /home/ubuntu/robot_ws/build/hello_world/install.log --single-version-externally-managed
