/home/ubuntu/ROS2-Tutorials/robot_ws/install/srv_examples/lib/python3.8/site-packages/srv_examples/turtlesim_geofence_reset_srv.py
/home/ubuntu/ROS2-Tutorials/robot_ws/install/srv_examples/lib/python3.8/site-packages/srv_examples/open_gripper_service_server.py
/home/ubuntu/ROS2-Tutorials/robot_ws/install/srv_examples/lib/python3.8/site-packages/srv_examples/invert_gripper_service_client.py
/home/ubuntu/ROS2-Tutorials/robot_ws/install/srv_examples/lib/python3.8/site-packages/srv_examples/invert_mark.py
/home/ubuntu/ROS2-Tutorials/robot_ws/install/srv_examples/lib/python3.8/site-packages/srv_examples/__init__.py
/home/ubuntu/ROS2-Tutorials/robot_ws/install/srv_examples/lib/python3.8/site-packages/srv_examples/__pycache__/turtlesim_geofence_reset_srv.cpython-38.pyc
/home/ubuntu/ROS2-Tutorials/robot_ws/install/srv_examples/lib/python3.8/site-packages/srv_examples/__pycache__/open_gripper_service_server.cpython-38.pyc
/home/ubuntu/ROS2-Tutorials/robot_ws/install/srv_examples/lib/python3.8/site-packages/srv_examples/__pycache__/invert_gripper_service_client.cpython-38.pyc
/home/ubuntu/ROS2-Tutorials/robot_ws/install/srv_examples/lib/python3.8/site-packages/srv_examples/__pycache__/invert_mark.cpython-38.pyc
/home/ubuntu/ROS2-Tutorials/robot_ws/install/srv_examples/lib/python3.8/site-packages/srv_examples/__pycache__/__init__.cpython-38.pyc
/home/ubuntu/ROS2-Tutorials/robot_ws/install/srv_examples/share/ament_index/resource_index/packages/srv_examples
/home/ubuntu/ROS2-Tutorials/robot_ws/install/srv_examples/share/srv_examples/package.xml
/home/ubuntu/ROS2-Tutorials/robot_ws/install/srv_examples/lib/python3.8/site-packages/srv_examples-0.0.0-py3.8.egg-info/top_level.txt
/home/ubuntu/ROS2-Tutorials/robot_ws/install/srv_examples/lib/python3.8/site-packages/srv_examples-0.0.0-py3.8.egg-info/dependency_links.txt
/home/ubuntu/ROS2-Tutorials/robot_ws/install/srv_examples/lib/python3.8/site-packages/srv_examples-0.0.0-py3.8.egg-info/entry_points.txt
/home/ubuntu/ROS2-Tutorials/robot_ws/install/srv_examples/lib/python3.8/site-packages/srv_examples-0.0.0-py3.8.egg-info/SOURCES.txt
/home/ubuntu/ROS2-Tutorials/robot_ws/install/srv_examples/lib/python3.8/site-packages/srv_examples-0.0.0-py3.8.egg-info/requires.txt
/home/ubuntu/ROS2-Tutorials/robot_ws/install/srv_examples/lib/python3.8/site-packages/srv_examples-0.0.0-py3.8.egg-info/PKG-INFO
/home/ubuntu/ROS2-Tutorials/robot_ws/install/srv_examples/lib/python3.8/site-packages/srv_examples-0.0.0-py3.8.egg-info/zip-safe
/home/ubuntu/ROS2-Tutorials/robot_ws/install/srv_examples/lib/srv_examples/invert_gripper_service_client
/home/ubuntu/ROS2-Tutorials/robot_ws/install/srv_examples/lib/srv_examples/open_gripper_service_server
/home/ubuntu/ROS2-Tutorials/robot_ws/install/srv_examples/lib/srv_examples/turtlesim_geofence_reset_srv
