[0.730s] Invoking command in '/home/ubuntu/robot_ws/src/pubsub': PYTHONPATH=/home/ubuntu/robot_ws/install/pubsub/lib/python3.8/site-packages:${PYTHONPATH} /usr/bin/python3 setup.py egg_info --egg-base ../../build/pubsub build --build-base /home/ubuntu/robot_ws/build/pubsub/build install --prefix /home/ubuntu/robot_ws/install/pubsub --record /home/ubuntu/robot_ws/build/pubsub/install.log --single-version-externally-managed
[1.001s] running egg_info
[1.002s] creating ../../build/pubsub/pubsub.egg-info
[1.002s] writing ../../build/pubsub/pubsub.egg-info/PKG-INFO
[1.002s] writing dependency_links to ../../build/pubsub/pubsub.egg-info/dependency_links.txt
[1.003s] writing entry points to ../../build/pubsub/pubsub.egg-info/entry_points.txt
[1.003s] writing requirements to ../../build/pubsub/pubsub.egg-info/requires.txt
[1.003s] writing top-level names to ../../build/pubsub/pubsub.egg-info/top_level.txt
[1.005s] writing manifest file '../../build/pubsub/pubsub.egg-info/SOURCES.txt'
[1.053s] reading manifest file '../../build/pubsub/pubsub.egg-info/SOURCES.txt'
[1.055s] writing manifest file '../../build/pubsub/pubsub.egg-info/SOURCES.txt'
[1.055s] running build
[1.056s] running build_py
[1.056s] creating /home/ubuntu/robot_ws/build/pubsub/build
[1.056s] creating /home/ubuntu/robot_ws/build/pubsub/build/lib
[1.056s] creating /home/ubuntu/robot_ws/build/pubsub/build/lib/pubsub
[1.056s] copying pubsub/publisher.py -> /home/ubuntu/robot_ws/build/pubsub/build/lib/pubsub
[1.056s] copying pubsub/__init__.py -> /home/ubuntu/robot_ws/build/pubsub/build/lib/pubsub
[1.057s] running install
[1.057s] running install_lib
[1.058s] creating /home/ubuntu/robot_ws/install/pubsub/lib/python3.8/site-packages/pubsub
[1.058s] copying /home/ubuntu/robot_ws/build/pubsub/build/lib/pubsub/publisher.py -> /home/ubuntu/robot_ws/install/pubsub/lib/python3.8/site-packages/pubsub
[1.058s] copying /home/ubuntu/robot_ws/build/pubsub/build/lib/pubsub/__init__.py -> /home/ubuntu/robot_ws/install/pubsub/lib/python3.8/site-packages/pubsub
[1.059s] byte-compiling /home/ubuntu/robot_ws/install/pubsub/lib/python3.8/site-packages/pubsub/publisher.py to publisher.cpython-38.pyc
[1.061s] byte-compiling /home/ubuntu/robot_ws/install/pubsub/lib/python3.8/site-packages/pubsub/__init__.py to __init__.cpython-38.pyc
[1.061s] running install_data
[1.062s] creating /home/ubuntu/robot_ws/install/pubsub/share/ament_index
[1.062s] creating /home/ubuntu/robot_ws/install/pubsub/share/ament_index/resource_index
[1.063s] creating /home/ubuntu/robot_ws/install/pubsub/share/ament_index/resource_index/packages
[1.063s] copying resource/pubsub -> /home/ubuntu/robot_ws/install/pubsub/share/ament_index/resource_index/packages
[1.063s] copying package.xml -> /home/ubuntu/robot_ws/install/pubsub/share/pubsub
[1.063s] running install_egg_info
[1.064s] Copying ../../build/pubsub/pubsub.egg-info to /home/ubuntu/robot_ws/install/pubsub/lib/python3.8/site-packages/pubsub-0.0.0-py3.8.egg-info
[1.065s] running install_scripts
[1.092s] Installing myfirstpublisher script to /home/ubuntu/robot_ws/install/pubsub/lib/pubsub
[1.092s] writing list of installed files to '/home/ubuntu/robot_ws/build/pubsub/install.log'
[1.155s] Invoked command in '/home/ubuntu/robot_ws/src/pubsub' returned '0': PYTHONPATH=/home/ubuntu/robot_ws/install/pubsub/lib/python3.8/site-packages:${PYTHONPATH} /usr/bin/python3 setup.py egg_info --egg-base ../../build/pubsub build --build-base /home/ubuntu/robot_ws/build/pubsub/build install --prefix /home/ubuntu/robot_ws/install/pubsub --record /home/ubuntu/robot_ws/build/pubsub/install.log --single-version-externally-managed
