[0.732s] Invoking command in '/home/ubuntu/robot_ws/src/pubsub': PYTHONPATH=/home/ubuntu/robot_ws/install/pubsub/lib/python3.8/site-packages:${PYTHONPATH} /usr/bin/python3 setup.py egg_info --egg-base ../../build/pubsub build --build-base /home/ubuntu/robot_ws/build/pubsub/build install --prefix /home/ubuntu/robot_ws/install/pubsub --record /home/ubuntu/robot_ws/build/pubsub/install.log --single-version-externally-managed
[0.996s] running egg_info
[0.997s] writing ../../build/pubsub/pubsub.egg-info/PKG-INFO
[0.997s] writing dependency_links to ../../build/pubsub/pubsub.egg-info/dependency_links.txt
[0.998s] writing entry points to ../../build/pubsub/pubsub.egg-info/entry_points.txt
[0.998s] writing requirements to ../../build/pubsub/pubsub.egg-info/requires.txt
[0.998s] writing top-level names to ../../build/pubsub/pubsub.egg-info/top_level.txt
[1.041s] reading manifest file '../../build/pubsub/pubsub.egg-info/SOURCES.txt'
[1.043s] writing manifest file '../../build/pubsub/pubsub.egg-info/SOURCES.txt'
[1.043s] running build
[1.043s] running build_py
[1.044s] copying pubsub/sub.py -> /home/ubuntu/robot_ws/build/pubsub/build/lib/pubsub
[1.044s] running install
[1.045s] running install_lib
[1.047s] copying /home/ubuntu/robot_ws/build/pubsub/build/lib/pubsub/sub.py -> /home/ubuntu/robot_ws/install/pubsub/lib/python3.8/site-packages/pubsub
[1.047s] byte-compiling /home/ubuntu/robot_ws/install/pubsub/lib/python3.8/site-packages/pubsub/sub.py to sub.cpython-38.pyc
[1.049s] running install_data
[1.050s] running install_egg_info
[1.052s] removing '/home/ubuntu/robot_ws/install/pubsub/lib/python3.8/site-packages/pubsub-0.0.0-py3.8.egg-info' (and everything under it)
[1.053s] Copying ../../build/pubsub/pubsub.egg-info to /home/ubuntu/robot_ws/install/pubsub/lib/python3.8/site-packages/pubsub-0.0.0-py3.8.egg-info
[1.055s] running install_scripts
[1.075s] Installing myfirstpublisher = pubsub.publisher:mainmyfirstsubscriber script to /home/ubuntu/robot_ws/install/pubsub/lib/pubsub
[1.075s] writing list of installed files to '/home/ubuntu/robot_ws/build/pubsub/install.log'
[1.113s] Invoked command in '/home/ubuntu/robot_ws/src/pubsub' returned '0': PYTHONPATH=/home/ubuntu/robot_ws/install/pubsub/lib/python3.8/site-packages:${PYTHONPATH} /usr/bin/python3 setup.py egg_info --egg-base ../../build/pubsub build --build-base /home/ubuntu/robot_ws/build/pubsub/build install --prefix /home/ubuntu/robot_ws/install/pubsub --record /home/ubuntu/robot_ws/build/pubsub/install.log --single-version-externally-managed
