[0.270s] Invoking command in '/home/ubuntu/robot_ws/src/myfirstpackage': PYTHONPATH=/home/ubuntu/robot_ws/install/myfirstpackage/lib/python3.8/site-packages:${PYTHONPATH} /usr/bin/python3 setup.py egg_info --egg-base ../../build/myfirstpackage build --build-base /home/ubuntu/robot_ws/build/myfirstpackage/build install --prefix /home/ubuntu/robot_ws/install/myfirstpackage --record /home/ubuntu/robot_ws/build/myfirstpackage/install.log --single-version-externally-managed
[0.500s] running egg_info
[0.500s] writing ../../build/myfirstpackage/myfirstpackage.egg-info/PKG-INFO
[0.501s] writing dependency_links to ../../build/myfirstpackage/myfirstpackage.egg-info/dependency_links.txt
[0.501s] writing entry points to ../../build/myfirstpackage/myfirstpackage.egg-info/entry_points.txt
[0.501s] writing requirements to ../../build/myfirstpackage/myfirstpackage.egg-info/requires.txt
[0.501s] writing top-level names to ../../build/myfirstpackage/myfirstpackage.egg-info/top_level.txt
[0.548s] reading manifest file '../../build/myfirstpackage/myfirstpackage.egg-info/SOURCES.txt'
[0.549s] writing manifest file '../../build/myfirstpackage/myfirstpackage.egg-info/SOURCES.txt'
[0.549s] running build
[0.549s] running build_py
[0.550s] running install
[0.551s] running install_lib
[0.553s] running install_data
[0.554s] copying launch/turtle.launch.py -> /home/ubuntu/robot_ws/install/myfirstpackage/share/myfirstpackage
[0.554s] running install_egg_info
[0.556s] removing '/home/ubuntu/robot_ws/install/myfirstpackage/lib/python3.8/site-packages/myfirstpackage-0.0.0-py3.8.egg-info' (and everything under it)
[0.556s] Copying ../../build/myfirstpackage/myfirstpackage.egg-info to /home/ubuntu/robot_ws/install/myfirstpackage/lib/python3.8/site-packages/myfirstpackage-0.0.0-py3.8.egg-info
[0.558s] running install_scripts
[0.580s] Installing myfirstnode script to /home/ubuntu/robot_ws/install/myfirstpackage/lib/myfirstpackage
[0.581s] writing list of installed files to '/home/ubuntu/robot_ws/build/myfirstpackage/install.log'
[0.605s] Invoked command in '/home/ubuntu/robot_ws/src/myfirstpackage' returned '0': PYTHONPATH=/home/ubuntu/robot_ws/install/myfirstpackage/lib/python3.8/site-packages:${PYTHONPATH} /usr/bin/python3 setup.py egg_info --egg-base ../../build/myfirstpackage build --build-base /home/ubuntu/robot_ws/build/myfirstpackage/build install --prefix /home/ubuntu/robot_ws/install/myfirstpackage --record /home/ubuntu/robot_ws/build/myfirstpackage/install.log --single-version-externally-managed
