[0.305s] DEBUG:colcon:Command line arguments: ['/usr/bin/colcon', 'build']
[0.305s] DEBUG:colcon:Parsed command line arguments: Namespace(ament_cmake_args=None, base_paths=['.'], build_base='build', catkin_cmake_args=None, catkin_skip_building_tests=False, cmake_args=None, cmake_clean_cache=False, cmake_clean_first=False, cmake_force_configure=False, cmake_target=None, cmake_target_skip_unavailable=False, continue_on_error=False, event_handlers=None, executor='parallel', ignore_user_meta=False, install_base='install', log_base=None, log_level=None, main=<bound method BuildVerb.main of <colcon_core.verb.build.BuildVerb object at 0x7f3d5b42d310>>, merge_install=False, metas=['./colcon.meta'], packages_above=None, packages_above_and_dependencies=None, packages_above_depth=None, packages_end=None, packages_ignore=None, packages_ignore_regex=None, packages_select=None, packages_select_build_failed=False, packages_select_by_dep=None, packages_select_regex=None, packages_select_test_failures=False, packages_skip=None, packages_skip_build_finished=False, packages_skip_by_dep=None, packages_skip_regex=None, packages_skip_test_passed=False, packages_skip_up_to=None, packages_start=None, packages_up_to=None, packages_up_to_regex=None, parallel_workers=12, paths=None, symlink_install=False, test_result_base=None, verb_extension=<colcon_core.verb.build.BuildVerb object at 0x7f3d5b42d310>, verb_name='build', verb_parser=<colcon_defaults.argument_parser.defaults.DefaultArgumentsDecorator object at 0x7f3d5b42d850>)
[0.312s] Level 1:colcon.colcon_core.package_discovery:discover_packages(colcon_meta) check parameters
[0.312s] Level 1:colcon.colcon_core.package_discovery:discover_packages(recursive) check parameters
[0.312s] Level 1:colcon.colcon_core.package_discovery:discover_packages(ignore) check parameters
[0.312s] Level 1:colcon.colcon_core.package_discovery:discover_packages(path) check parameters
[0.312s] Level 1:colcon.colcon_core.package_discovery:discover_packages(colcon_meta) discover
[0.312s] Level 1:colcon.colcon_core.package_discovery:discover_packages(recursive) discover
[0.312s] INFO:colcon.colcon_core.package_discovery:Crawling recursively for packages in '/home/ubuntu/robot_ws'
[0.313s] Level 1:colcon.colcon_core.package_identification:_identify(.) by extensions ['ignore', 'ignore_ament_install']
[0.313s] Level 1:colcon.colcon_core.package_identification:_identify(.) by extension 'ignore'
[0.313s] Level 1:colcon.colcon_core.package_identification:_identify(.) by extension 'ignore_ament_install'
[0.313s] Level 1:colcon.colcon_core.package_identification:_identify(.) by extensions ['colcon_pkg']
[0.313s] Level 1:colcon.colcon_core.package_identification:_identify(.) by extension 'colcon_pkg'
[0.313s] Level 1:colcon.colcon_core.package_identification:_identify(.) by extensions ['colcon_meta']
[0.313s] Level 1:colcon.colcon_core.package_identification:_identify(.) by extension 'colcon_meta'
[0.313s] Level 1:colcon.colcon_core.package_identification:_identify(.) by extensions ['ros']
[0.313s] Level 1:colcon.colcon_core.package_identification:_identify(.) by extension 'ros'
[0.324s] Level 1:colcon.colcon_core.package_identification:_identify(.) by extensions ['cmake', 'python']
[0.325s] Level 1:colcon.colcon_core.package_identification:_identify(.) by extension 'cmake'
[0.325s] Level 1:colcon.colcon_core.package_identification:_identify(.) by extension 'python'
[0.325s] Level 1:colcon.colcon_core.package_identification:_identify(.) by extensions ['python_setup_py']
[0.325s] Level 1:colcon.colcon_core.package_identification:_identify(.) by extension 'python_setup_py'
[0.325s] Level 1:colcon.colcon_core.package_identification:_identify(build) by extensions ['ignore', 'ignore_ament_install']
[0.325s] Level 1:colcon.colcon_core.package_identification:_identify(build) by extension 'ignore'
[0.325s] Level 1:colcon.colcon_core.package_identification:_identify(build) ignored
[0.325s] Level 1:colcon.colcon_core.package_identification:_identify(install) by extensions ['ignore', 'ignore_ament_install']
[0.325s] Level 1:colcon.colcon_core.package_identification:_identify(install) by extension 'ignore'
[0.325s] Level 1:colcon.colcon_core.package_identification:_identify(install) ignored
[0.326s] Level 1:colcon.colcon_core.package_identification:_identify(log) by extensions ['ignore', 'ignore_ament_install']
[0.326s] Level 1:colcon.colcon_core.package_identification:_identify(log) by extension 'ignore'
[0.326s] Level 1:colcon.colcon_core.package_identification:_identify(log) ignored
[0.326s] Level 1:colcon.colcon_core.package_identification:_identify(src) by extensions ['ignore', 'ignore_ament_install']
[0.326s] Level 1:colcon.colcon_core.package_identification:_identify(src) by extension 'ignore'
[0.326s] Level 1:colcon.colcon_core.package_identification:_identify(src) by extension 'ignore_ament_install'
[0.326s] Level 1:colcon.colcon_core.package_identification:_identify(src) by extensions ['colcon_pkg']
[0.326s] Level 1:colcon.colcon_core.package_identification:_identify(src) by extension 'colcon_pkg'
[0.326s] Level 1:colcon.colcon_core.package_identification:_identify(src) by extensions ['colcon_meta']
[0.326s] Level 1:colcon.colcon_core.package_identification:_identify(src) by extension 'colcon_meta'
[0.326s] Level 1:colcon.colcon_core.package_identification:_identify(src) by extensions ['ros']
[0.326s] Level 1:colcon.colcon_core.package_identification:_identify(src) by extension 'ros'
[0.326s] Level 1:colcon.colcon_core.package_identification:_identify(src) by extensions ['cmake', 'python']
[0.326s] Level 1:colcon.colcon_core.package_identification:_identify(src) by extension 'cmake'
[0.326s] Level 1:colcon.colcon_core.package_identification:_identify(src) by extension 'python'
[0.327s] Level 1:colcon.colcon_core.package_identification:_identify(src) by extensions ['python_setup_py']
[0.327s] Level 1:colcon.colcon_core.package_identification:_identify(src) by extension 'python_setup_py'
[0.327s] Level 1:colcon.colcon_core.package_identification:_identify(src/hello_world) by extensions ['ignore', 'ignore_ament_install']
[0.327s] Level 1:colcon.colcon_core.package_identification:_identify(src/hello_world) by extension 'ignore'
[0.327s] Level 1:colcon.colcon_core.package_identification:_identify(src/hello_world) by extension 'ignore_ament_install'
[0.327s] Level 1:colcon.colcon_core.package_identification:_identify(src/hello_world) by extensions ['colcon_pkg']
[0.327s] Level 1:colcon.colcon_core.package_identification:_identify(src/hello_world) by extension 'colcon_pkg'
[0.327s] Level 1:colcon.colcon_core.package_identification:_identify(src/hello_world) by extensions ['colcon_meta']
[0.327s] Level 1:colcon.colcon_core.package_identification:_identify(src/hello_world) by extension 'colcon_meta'
[0.327s] Level 1:colcon.colcon_core.package_identification:_identify(src/hello_world) by extensions ['ros']
[0.327s] Level 1:colcon.colcon_core.package_identification:_identify(src/hello_world) by extension 'ros'
[0.330s] DEBUG:colcon.colcon_core.package_identification:Package 'src/hello_world' with type 'ros.ament_python' and name 'hello_world'
[0.330s] Level 1:colcon.colcon_core.package_identification:_identify(src/myfirstpackage) by extensions ['ignore', 'ignore_ament_install']
[0.331s] Level 1:colcon.colcon_core.package_identification:_identify(src/myfirstpackage) by extension 'ignore'
[0.331s] Level 1:colcon.colcon_core.package_identification:_identify(src/myfirstpackage) by extension 'ignore_ament_install'
[0.331s] Level 1:colcon.colcon_core.package_identification:_identify(src/myfirstpackage) by extensions ['colcon_pkg']
[0.331s] Level 1:colcon.colcon_core.package_identification:_identify(src/myfirstpackage) by extension 'colcon_pkg'
[0.331s] Level 1:colcon.colcon_core.package_identification:_identify(src/myfirstpackage) by extensions ['colcon_meta']
[0.331s] Level 1:colcon.colcon_core.package_identification:_identify(src/myfirstpackage) by extension 'colcon_meta'
[0.331s] Level 1:colcon.colcon_core.package_identification:_identify(src/myfirstpackage) by extensions ['ros']
[0.331s] Level 1:colcon.colcon_core.package_identification:_identify(src/myfirstpackage) by extension 'ros'
[0.332s] DEBUG:colcon.colcon_core.package_identification:Package 'src/myfirstpackage' with type 'ros.ament_python' and name 'myfirstpackage'
[0.332s] Level 1:colcon.colcon_core.package_identification:_identify(src/pubsub) by extensions ['ignore', 'ignore_ament_install']
[0.332s] Level 1:colcon.colcon_core.package_identification:_identify(src/pubsub) by extension 'ignore'
[0.332s] Level 1:colcon.colcon_core.package_identification:_identify(src/pubsub) by extension 'ignore_ament_install'
[0.332s] Level 1:colcon.colcon_core.package_identification:_identify(src/pubsub) by extensions ['colcon_pkg']
[0.332s] Level 1:colcon.colcon_core.package_identification:_identify(src/pubsub) by extension 'colcon_pkg'
[0.332s] Level 1:colcon.colcon_core.package_identification:_identify(src/pubsub) by extensions ['colcon_meta']
[0.332s] Level 1:colcon.colcon_core.package_identification:_identify(src/pubsub) by extension 'colcon_meta'
[0.332s] Level 1:colcon.colcon_core.package_identification:_identify(src/pubsub) by extensions ['ros']
[0.332s] Level 1:colcon.colcon_core.package_identification:_identify(src/pubsub) by extension 'ros'
[0.333s] DEBUG:colcon.colcon_core.package_identification:Package 'src/pubsub' with type 'ros.ament_python' and name 'pubsub'
[0.333s] Level 1:colcon.colcon_core.package_identification:_identify(src/ros_tutorials) by extensions ['ignore', 'ignore_ament_install']
[0.333s] Level 1:colcon.colcon_core.package_identification:_identify(src/ros_tutorials) by extension 'ignore'
[0.333s] Level 1:colcon.colcon_core.package_identification:_identify(src/ros_tutorials) by extension 'ignore_ament_install'
[0.333s] Level 1:colcon.colcon_core.package_identification:_identify(src/ros_tutorials) by extensions ['colcon_pkg']
[0.333s] Level 1:colcon.colcon_core.package_identification:_identify(src/ros_tutorials) by extension 'colcon_pkg'
[0.333s] Level 1:colcon.colcon_core.package_identification:_identify(src/ros_tutorials) by extensions ['colcon_meta']
[0.333s] Level 1:colcon.colcon_core.package_identification:_identify(src/ros_tutorials) by extension 'colcon_meta'
[0.333s] Level 1:colcon.colcon_core.package_identification:_identify(src/ros_tutorials) by extensions ['ros']
[0.333s] Level 1:colcon.colcon_core.package_identification:_identify(src/ros_tutorials) by extension 'ros'
[0.333s] Level 1:colcon.colcon_core.package_identification:_identify(src/ros_tutorials) by extensions ['cmake', 'python']
[0.333s] Level 1:colcon.colcon_core.package_identification:_identify(src/ros_tutorials) by extension 'cmake'
[0.334s] Level 1:colcon.colcon_core.package_identification:_identify(src/ros_tutorials) by extension 'python'
[0.334s] Level 1:colcon.colcon_core.package_identification:_identify(src/ros_tutorials) by extensions ['python_setup_py']
[0.334s] Level 1:colcon.colcon_core.package_identification:_identify(src/ros_tutorials) by extension 'python_setup_py'
[0.334s] Level 1:colcon.colcon_core.package_identification:_identify(src/ros_tutorials/ros_tutorials) by extensions ['ignore', 'ignore_ament_install']
[0.334s] Level 1:colcon.colcon_core.package_identification:_identify(src/ros_tutorials/ros_tutorials) by extension 'ignore'
[0.334s] Level 1:colcon.colcon_core.package_identification:_identify(src/ros_tutorials/ros_tutorials) ignored
[0.334s] Level 1:colcon.colcon_core.package_identification:_identify(src/ros_tutorials/roscpp_tutorials) by extensions ['ignore', 'ignore_ament_install']
[0.334s] Level 1:colcon.colcon_core.package_identification:_identify(src/ros_tutorials/roscpp_tutorials) by extension 'ignore'
[0.334s] Level 1:colcon.colcon_core.package_identification:_identify(src/ros_tutorials/roscpp_tutorials) ignored
[0.334s] Level 1:colcon.colcon_core.package_identification:_identify(src/ros_tutorials/rospy_tutorials) by extensions ['ignore', 'ignore_ament_install']
[0.334s] Level 1:colcon.colcon_core.package_identification:_identify(src/ros_tutorials/rospy_tutorials) by extension 'ignore'
[0.334s] Level 1:colcon.colcon_core.package_identification:_identify(src/ros_tutorials/rospy_tutorials) ignored
[0.335s] Level 1:colcon.colcon_core.package_identification:_identify(src/ros_tutorials/turtlesim) by extensions ['ignore', 'ignore_ament_install']
[0.335s] Level 1:colcon.colcon_core.package_identification:_identify(src/ros_tutorials/turtlesim) by extension 'ignore'
[0.335s] Level 1:colcon.colcon_core.package_identification:_identify(src/ros_tutorials/turtlesim) by extension 'ignore_ament_install'
[0.335s] Level 1:colcon.colcon_core.package_identification:_identify(src/ros_tutorials/turtlesim) by extensions ['colcon_pkg']
[0.335s] Level 1:colcon.colcon_core.package_identification:_identify(src/ros_tutorials/turtlesim) by extension 'colcon_pkg'
[0.335s] Level 1:colcon.colcon_core.package_identification:_identify(src/ros_tutorials/turtlesim) by extensions ['colcon_meta']
[0.335s] Level 1:colcon.colcon_core.package_identification:_identify(src/ros_tutorials/turtlesim) by extension 'colcon_meta'
[0.335s] Level 1:colcon.colcon_core.package_identification:_identify(src/ros_tutorials/turtlesim) by extensions ['ros']
[0.335s] Level 1:colcon.colcon_core.package_identification:_identify(src/ros_tutorials/turtlesim) by extension 'ros'
[0.336s] DEBUG:colcon.colcon_core.package_identification:Package 'src/ros_tutorials/turtlesim' with type 'ros.ament_cmake' and name 'turtlesim'
[0.337s] Level 1:colcon.colcon_core.package_identification:_identify(src/srv_examples) by extensions ['ignore', 'ignore_ament_install']
[0.337s] Level 1:colcon.colcon_core.package_identification:_identify(src/srv_examples) by extension 'ignore'
[0.337s] Level 1:colcon.colcon_core.package_identification:_identify(src/srv_examples) by extension 'ignore_ament_install'
[0.337s] Level 1:colcon.colcon_core.package_identification:_identify(src/srv_examples) by extensions ['colcon_pkg']
[0.337s] Level 1:colcon.colcon_core.package_identification:_identify(src/srv_examples) by extension 'colcon_pkg'
[0.337s] Level 1:colcon.colcon_core.package_identification:_identify(src/srv_examples) by extensions ['colcon_meta']
[0.337s] Level 1:colcon.colcon_core.package_identification:_identify(src/srv_examples) by extension 'colcon_meta'
[0.337s] Level 1:colcon.colcon_core.package_identification:_identify(src/srv_examples) by extensions ['ros']
[0.337s] Level 1:colcon.colcon_core.package_identification:_identify(src/srv_examples) by extension 'ros'
[0.338s] DEBUG:colcon.colcon_core.package_identification:Package 'src/srv_examples' with type 'ros.ament_python' and name 'srv_examples'
[0.338s] Level 1:colcon.colcon_core.package_discovery:discover_packages(recursive) using defaults
[0.338s] Level 1:colcon.colcon_core.package_discovery:discover_packages(ignore) discover
[0.338s] Level 1:colcon.colcon_core.package_discovery:discover_packages(ignore) using defaults
[0.338s] Level 1:colcon.colcon_core.package_discovery:discover_packages(path) discover
[0.338s] Level 1:colcon.colcon_core.package_discovery:discover_packages(path) using defaults
[0.358s] Level 5:colcon.colcon_core.verb:set package 'hello_world' build argument 'cmake_args' from command line to 'None'
[0.358s] Level 5:colcon.colcon_core.verb:set package 'hello_world' build argument 'cmake_target' from command line to 'None'
[0.358s] Level 5:colcon.colcon_core.verb:set package 'hello_world' build argument 'cmake_target_skip_unavailable' from command line to 'False'
[0.359s] Level 5:colcon.colcon_core.verb:set package 'hello_world' build argument 'cmake_clean_cache' from command line to 'False'
[0.359s] Level 5:colcon.colcon_core.verb:set package 'hello_world' build argument 'cmake_clean_first' from command line to 'False'
[0.359s] Level 5:colcon.colcon_core.verb:set package 'hello_world' build argument 'cmake_force_configure' from command line to 'False'
[0.359s] Level 5:colcon.colcon_core.verb:set package 'hello_world' build argument 'ament_cmake_args' from command line to 'None'
[0.359s] Level 5:colcon.colcon_core.verb:set package 'hello_world' build argument 'catkin_cmake_args' from command line to 'None'
[0.359s] Level 5:colcon.colcon_core.verb:set package 'hello_world' build argument 'catkin_skip_building_tests' from command line to 'False'
[0.359s] DEBUG:colcon.colcon_core.verb:Building package 'hello_world' with the following arguments: {'ament_cmake_args': None, 'build_base': '/home/ubuntu/robot_ws/build/hello_world', 'catkin_cmake_args': None, 'catkin_skip_building_tests': False, 'cmake_args': None, 'cmake_clean_cache': False, 'cmake_clean_first': False, 'cmake_force_configure': False, 'cmake_target': None, 'cmake_target_skip_unavailable': False, 'install_base': '/home/ubuntu/robot_ws/install/hello_world', 'merge_install': False, 'path': '/home/ubuntu/robot_ws/src/hello_world', 'symlink_install': False, 'test_result_base': None}
[0.362s] Level 5:colcon.colcon_core.verb:set package 'myfirstpackage' build argument 'cmake_args' from command line to 'None'
[0.362s] Level 5:colcon.colcon_core.verb:set package 'myfirstpackage' build argument 'cmake_target' from command line to 'None'
[0.362s] Level 5:colcon.colcon_core.verb:set package 'myfirstpackage' build argument 'cmake_target_skip_unavailable' from command line to 'False'
[0.362s] Level 5:colcon.colcon_core.verb:set package 'myfirstpackage' build argument 'cmake_clean_cache' from command line to 'False'
[0.362s] Level 5:colcon.colcon_core.verb:set package 'myfirstpackage' build argument 'cmake_clean_first' from command line to 'False'
[0.362s] Level 5:colcon.colcon_core.verb:set package 'myfirstpackage' build argument 'cmake_force_configure' from command line to 'False'
[0.362s] Level 5:colcon.colcon_core.verb:set package 'myfirstpackage' build argument 'ament_cmake_args' from command line to 'None'
[0.362s] Level 5:colcon.colcon_core.verb:set package 'myfirstpackage' build argument 'catkin_cmake_args' from command line to 'None'
[0.362s] Level 5:colcon.colcon_core.verb:set package 'myfirstpackage' build argument 'catkin_skip_building_tests' from command line to 'False'
[0.362s] DEBUG:colcon.colcon_core.verb:Building package 'myfirstpackage' with the following arguments: {'ament_cmake_args': None, 'build_base': '/home/ubuntu/robot_ws/build/myfirstpackage', 'catkin_cmake_args': None, 'catkin_skip_building_tests': False, 'cmake_args': None, 'cmake_clean_cache': False, 'cmake_clean_first': False, 'cmake_force_configure': False, 'cmake_target': None, 'cmake_target_skip_unavailable': False, 'install_base': '/home/ubuntu/robot_ws/install/myfirstpackage', 'merge_install': False, 'path': '/home/ubuntu/robot_ws/src/myfirstpackage', 'symlink_install': False, 'test_result_base': None}
[0.365s] Level 5:colcon.colcon_core.verb:set package 'pubsub' build argument 'cmake_args' from command line to 'None'
[0.365s] Level 5:colcon.colcon_core.verb:set package 'pubsub' build argument 'cmake_target' from command line to 'None'
[0.365s] Level 5:colcon.colcon_core.verb:set package 'pubsub' build argument 'cmake_target_skip_unavailable' from command line to 'False'
[0.365s] Level 5:colcon.colcon_core.verb:set package 'pubsub' build argument 'cmake_clean_cache' from command line to 'False'
[0.365s] Level 5:colcon.colcon_core.verb:set package 'pubsub' build argument 'cmake_clean_first' from command line to 'False'
[0.365s] Level 5:colcon.colcon_core.verb:set package 'pubsub' build argument 'cmake_force_configure' from command line to 'False'
[0.365s] Level 5:colcon.colcon_core.verb:set package 'pubsub' build argument 'ament_cmake_args' from command line to 'None'
[0.365s] Level 5:colcon.colcon_core.verb:set package 'pubsub' build argument 'catkin_cmake_args' from command line to 'None'
[0.365s] Level 5:colcon.colcon_core.verb:set package 'pubsub' build argument 'catkin_skip_building_tests' from command line to 'False'
[0.365s] DEBUG:colcon.colcon_core.verb:Building package 'pubsub' with the following arguments: {'ament_cmake_args': None, 'build_base': '/home/ubuntu/robot_ws/build/pubsub', 'catkin_cmake_args': None, 'catkin_skip_building_tests': False, 'cmake_args': None, 'cmake_clean_cache': False, 'cmake_clean_first': False, 'cmake_force_configure': False, 'cmake_target': None, 'cmake_target_skip_unavailable': False, 'install_base': '/home/ubuntu/robot_ws/install/pubsub', 'merge_install': False, 'path': '/home/ubuntu/robot_ws/src/pubsub', 'symlink_install': False, 'test_result_base': None}
[0.368s] Level 5:colcon.colcon_core.verb:set package 'srv_examples' build argument 'cmake_args' from command line to 'None'
[0.368s] Level 5:colcon.colcon_core.verb:set package 'srv_examples' build argument 'cmake_target' from command line to 'None'
[0.368s] Level 5:colcon.colcon_core.verb:set package 'srv_examples' build argument 'cmake_target_skip_unavailable' from command line to 'False'
[0.368s] Level 5:colcon.colcon_core.verb:set package 'srv_examples' build argument 'cmake_clean_cache' from command line to 'False'
[0.368s] Level 5:colcon.colcon_core.verb:set package 'srv_examples' build argument 'cmake_clean_first' from command line to 'False'
[0.368s] Level 5:colcon.colcon_core.verb:set package 'srv_examples' build argument 'cmake_force_configure' from command line to 'False'
[0.368s] Level 5:colcon.colcon_core.verb:set package 'srv_examples' build argument 'ament_cmake_args' from command line to 'None'
[0.368s] Level 5:colcon.colcon_core.verb:set package 'srv_examples' build argument 'catkin_cmake_args' from command line to 'None'
[0.368s] Level 5:colcon.colcon_core.verb:set package 'srv_examples' build argument 'catkin_skip_building_tests' from command line to 'False'
[0.369s] DEBUG:colcon.colcon_core.verb:Building package 'srv_examples' with the following arguments: {'ament_cmake_args': None, 'build_base': '/home/ubuntu/robot_ws/build/srv_examples', 'catkin_cmake_args': None, 'catkin_skip_building_tests': False, 'cmake_args': None, 'cmake_clean_cache': False, 'cmake_clean_first': False, 'cmake_force_configure': False, 'cmake_target': None, 'cmake_target_skip_unavailable': False, 'install_base': '/home/ubuntu/robot_ws/install/srv_examples', 'merge_install': False, 'path': '/home/ubuntu/robot_ws/src/srv_examples', 'symlink_install': False, 'test_result_base': None}
[0.371s] Level 5:colcon.colcon_core.verb:set package 'turtlesim' build argument 'cmake_args' from command line to 'None'
[0.372s] Level 5:colcon.colcon_core.verb:set package 'turtlesim' build argument 'cmake_target' from command line to 'None'
[0.372s] Level 5:colcon.colcon_core.verb:set package 'turtlesim' build argument 'cmake_target_skip_unavailable' from command line to 'False'
[0.372s] Level 5:colcon.colcon_core.verb:set package 'turtlesim' build argument 'cmake_clean_cache' from command line to 'False'
[0.372s] Level 5:colcon.colcon_core.verb:set package 'turtlesim' build argument 'cmake_clean_first' from command line to 'False'
[0.372s] Level 5:colcon.colcon_core.verb:set package 'turtlesim' build argument 'cmake_force_configure' from command line to 'False'
[0.372s] Level 5:colcon.colcon_core.verb:set package 'turtlesim' build argument 'ament_cmake_args' from command line to 'None'
[0.372s] Level 5:colcon.colcon_core.verb:set package 'turtlesim' build argument 'catkin_cmake_args' from command line to 'None'
[0.372s] Level 5:colcon.colcon_core.verb:set package 'turtlesim' build argument 'catkin_skip_building_tests' from command line to 'False'
[0.372s] DEBUG:colcon.colcon_core.verb:Building package 'turtlesim' with the following arguments: {'ament_cmake_args': None, 'build_base': '/home/ubuntu/robot_ws/build/turtlesim', 'catkin_cmake_args': None, 'catkin_skip_building_tests': False, 'cmake_args': None, 'cmake_clean_cache': False, 'cmake_clean_first': False, 'cmake_force_configure': False, 'cmake_target': None, 'cmake_target_skip_unavailable': False, 'install_base': '/home/ubuntu/robot_ws/install/turtlesim', 'merge_install': False, 'path': '/home/ubuntu/robot_ws/src/ros_tutorials/turtlesim', 'symlink_install': False, 'test_result_base': None}
[0.372s] INFO:colcon.colcon_core.executor:Executing jobs using 'parallel' executor
[0.374s] DEBUG:colcon.colcon_parallel_executor.executor.parallel:run_until_complete
[0.375s] INFO:colcon.colcon_ros.task.ament_python.build:Building ROS package in '/home/ubuntu/robot_ws/src/hello_world' with build type 'ament_python'
[0.375s] Level 1:colcon.colcon_core.shell:create_environment_hook('hello_world', 'ament_prefix_path')
[0.380s] INFO:colcon.colcon_core.plugin_system:Skipping extension 'colcon_core.shell.bat': Not used on non-Windows systems
[0.380s] INFO:colcon.colcon_core.shell:Creating environment hook '/home/ubuntu/robot_ws/install/hello_world/share/hello_world/hook/ament_prefix_path.ps1'
[0.381s] INFO:colcon.colcon_core.shell:Creating environment descriptor '/home/ubuntu/robot_ws/install/hello_world/share/hello_world/hook/ament_prefix_path.dsv'
[0.381s] INFO:colcon.colcon_core.shell:Creating environment hook '/home/ubuntu/robot_ws/install/hello_world/share/hello_world/hook/ament_prefix_path.sh'
[0.383s] INFO:colcon.colcon_core.shell:Skip shell extension 'powershell' for command environment: Not usable outside of PowerShell
[0.383s] DEBUG:colcon.colcon_core.shell:Skip shell extension 'dsv' for command environment
[0.386s] DEBUG:colcon.colcon_core.shell:Ignoring prefix path '/opt/ros/foxy'
[0.389s] INFO:colcon.colcon_ros.task.ament_python.build:Building ROS package in '/home/ubuntu/robot_ws/src/myfirstpackage' with build type 'ament_python'
[0.390s] Level 1:colcon.colcon_core.shell:create_environment_hook('myfirstpackage', 'ament_prefix_path')
[0.391s] INFO:colcon.colcon_core.shell:Creating environment hook '/home/ubuntu/robot_ws/install/myfirstpackage/share/myfirstpackage/hook/ament_prefix_path.ps1'
[0.392s] INFO:colcon.colcon_core.shell:Creating environment descriptor '/home/ubuntu/robot_ws/install/myfirstpackage/share/myfirstpackage/hook/ament_prefix_path.dsv'
[0.392s] INFO:colcon.colcon_core.shell:Creating environment hook '/home/ubuntu/robot_ws/install/myfirstpackage/share/myfirstpackage/hook/ament_prefix_path.sh'
[0.393s] INFO:colcon.colcon_core.shell:Skip shell extension 'powershell' for command environment: Not usable outside of PowerShell
[0.393s] DEBUG:colcon.colcon_core.shell:Skip shell extension 'dsv' for command environment
[0.395s] DEBUG:colcon.colcon_core.shell:Ignoring prefix path '/opt/ros/foxy'
[0.398s] INFO:colcon.colcon_ros.task.ament_python.build:Building ROS package in '/home/ubuntu/robot_ws/src/pubsub' with build type 'ament_python'
[0.398s] Level 1:colcon.colcon_core.shell:create_environment_hook('pubsub', 'ament_prefix_path')
[0.399s] INFO:colcon.colcon_core.shell:Creating environment hook '/home/ubuntu/robot_ws/install/pubsub/share/pubsub/hook/ament_prefix_path.ps1'
[0.400s] INFO:colcon.colcon_core.shell:Creating environment descriptor '/home/ubuntu/robot_ws/install/pubsub/share/pubsub/hook/ament_prefix_path.dsv'
[0.400s] INFO:colcon.colcon_core.shell:Creating environment hook '/home/ubuntu/robot_ws/install/pubsub/share/pubsub/hook/ament_prefix_path.sh'
[0.401s] INFO:colcon.colcon_core.shell:Skip shell extension 'powershell' for command environment: Not usable outside of PowerShell
[0.402s] DEBUG:colcon.colcon_core.shell:Skip shell extension 'dsv' for command environment
[0.404s] DEBUG:colcon.colcon_core.shell:Ignoring prefix path '/opt/ros/foxy'
[0.407s] INFO:colcon.colcon_ros.task.ament_python.build:Building ROS package in '/home/ubuntu/robot_ws/src/srv_examples' with build type 'ament_python'
[0.407s] Level 1:colcon.colcon_core.shell:create_environment_hook('srv_examples', 'ament_prefix_path')
[0.408s] INFO:colcon.colcon_core.shell:Creating environment hook '/home/ubuntu/robot_ws/install/srv_examples/share/srv_examples/hook/ament_prefix_path.ps1'
[0.409s] INFO:colcon.colcon_core.shell:Creating environment descriptor '/home/ubuntu/robot_ws/install/srv_examples/share/srv_examples/hook/ament_prefix_path.dsv'
[0.409s] INFO:colcon.colcon_core.shell:Creating environment hook '/home/ubuntu/robot_ws/install/srv_examples/share/srv_examples/hook/ament_prefix_path.sh'
[0.410s] INFO:colcon.colcon_core.shell:Skip shell extension 'powershell' for command environment: Not usable outside of PowerShell
[0.410s] DEBUG:colcon.colcon_core.shell:Skip shell extension 'dsv' for command environment
[0.412s] DEBUG:colcon.colcon_core.shell:Ignoring prefix path '/opt/ros/foxy'
[0.415s] INFO:colcon.colcon_ros.task.ament_cmake.build:Building ROS package in '/home/ubuntu/robot_ws/src/ros_tutorials/turtlesim' with build type 'ament_cmake'
[0.415s] INFO:colcon.colcon_cmake.task.cmake.build:Building CMake package in '/home/ubuntu/robot_ws/src/ros_tutorials/turtlesim'
[0.416s] INFO:colcon.colcon_core.shell:Skip shell extension 'powershell' for command environment: Not usable outside of PowerShell
[0.416s] DEBUG:colcon.colcon_core.shell:Skip shell extension 'dsv' for command environment
[0.418s] DEBUG:colcon.colcon_core.shell:Ignoring prefix path '/opt/ros/foxy'
[0.655s] INFO:colcon.colcon_core.task.python.build:Building Python package in '/home/ubuntu/robot_ws/src/hello_world'
[0.656s] INFO:colcon.colcon_core.shell:Skip shell extension 'powershell' for command environment: Not usable outside of PowerShell
[0.656s] DEBUG:colcon.colcon_core.shell:Skip shell extension 'dsv' for command environment
[0.658s] DEBUG:colcon.colcon_core.shell:Ignoring prefix path '/opt/ros/foxy'
[0.892s] INFO:colcon.colcon_core.task.python.build:Building Python package in '/home/ubuntu/robot_ws/src/myfirstpackage'
[0.893s] INFO:colcon.colcon_core.shell:Skip shell extension 'powershell' for command environment: Not usable outside of PowerShell
[0.893s] DEBUG:colcon.colcon_core.shell:Skip shell extension 'dsv' for command environment
[0.896s] DEBUG:colcon.colcon_core.shell:Ignoring prefix path '/opt/ros/foxy'
[1.136s] INFO:colcon.colcon_core.task.python.build:Building Python package in '/home/ubuntu/robot_ws/src/pubsub'
[1.137s] INFO:colcon.colcon_core.shell:Skip shell extension 'powershell' for command environment: Not usable outside of PowerShell
[1.137s] DEBUG:colcon.colcon_core.shell:Skip shell extension 'dsv' for command environment
[1.140s] DEBUG:colcon.colcon_core.shell:Ignoring prefix path '/opt/ros/foxy'
[1.369s] INFO:colcon.colcon_core.task.python.build:Building Python package in '/home/ubuntu/robot_ws/src/srv_examples'
[1.370s] INFO:colcon.colcon_core.shell:Skip shell extension 'powershell' for command environment: Not usable outside of PowerShell
[1.370s] DEBUG:colcon.colcon_core.shell:Skip shell extension 'dsv' for command environment
[1.372s] DEBUG:colcon.colcon_core.shell:Ignoring prefix path '/opt/ros/foxy'
[1.382s] DEBUG:colcon.colcon_core.event_handler.log_command:Invoking command in '/home/ubuntu/robot_ws/build/turtlesim': CMAKE_PREFIX_PATH=${CMAKE_PREFIX_PATH}:/home/ubuntu/robot_ws/install/srv_examples:/home/ubuntu/robot_ws/install/pubsub:/home/ubuntu/robot_ws/install/myfirstpackage:/opt/ros/foxy /usr/bin/cmake --build /home/ubuntu/robot_ws/build/turtlesim -- -j12 -l12
[1.395s] DEBUG:colcon.colcon_core.event_handler.log_command:Invoking command in '/home/ubuntu/robot_ws/src/hello_world': PYTHONPATH=/home/ubuntu/robot_ws/install/hello_world/lib/python3.8/site-packages:${PYTHONPATH} /usr/bin/python3 setup.py egg_info --egg-base ../../build/hello_world build --build-base /home/ubuntu/robot_ws/build/hello_world/build install --prefix /home/ubuntu/robot_ws/install/hello_world --record /home/ubuntu/robot_ws/build/hello_world/install.log --single-version-externally-managed
[1.401s] DEBUG:colcon.colcon_core.event_handler.log_command:Invoking command in '/home/ubuntu/robot_ws/src/myfirstpackage': PYTHONPATH=/home/ubuntu/robot_ws/install/myfirstpackage/lib/python3.8/site-packages:${PYTHONPATH} /usr/bin/python3 setup.py egg_info --egg-base ../../build/myfirstpackage build --build-base /home/ubuntu/robot_ws/build/myfirstpackage/build install --prefix /home/ubuntu/robot_ws/install/myfirstpackage --record /home/ubuntu/robot_ws/build/myfirstpackage/install.log --single-version-externally-managed
[1.407s] DEBUG:colcon.colcon_core.event_handler.log_command:Invoking command in '/home/ubuntu/robot_ws/src/pubsub': PYTHONPATH=/home/ubuntu/robot_ws/install/pubsub/lib/python3.8/site-packages:${PYTHONPATH} /usr/bin/python3 setup.py egg_info --egg-base ../../build/pubsub build --build-base /home/ubuntu/robot_ws/build/pubsub/build install --prefix /home/ubuntu/robot_ws/install/pubsub --record /home/ubuntu/robot_ws/build/pubsub/install.log --single-version-externally-managed
[1.408s] DEBUG:colcon.colcon_core.event_handler.log_command:Invoking command in '/home/ubuntu/robot_ws/src/srv_examples': PYTHONPATH=/home/ubuntu/robot_ws/install/srv_examples/lib/python3.8/site-packages:${PYTHONPATH} /usr/bin/python3 setup.py egg_info --egg-base ../../build/srv_examples build --build-base /home/ubuntu/robot_ws/build/srv_examples/build install --prefix /home/ubuntu/robot_ws/install/srv_examples --record /home/ubuntu/robot_ws/build/srv_examples/install.log --single-version-externally-managed
[1.737s] DEBUG:colcon.colcon_core.event_handler.log_command:Invoked command in '/home/ubuntu/robot_ws/build/turtlesim' returned '0': CMAKE_PREFIX_PATH=${CMAKE_PREFIX_PATH}:/home/ubuntu/robot_ws/install/srv_examples:/home/ubuntu/robot_ws/install/pubsub:/home/ubuntu/robot_ws/install/myfirstpackage:/opt/ros/foxy /usr/bin/cmake --build /home/ubuntu/robot_ws/build/turtlesim -- -j12 -l12
[1.825s] DEBUG:colcon.colcon_core.event_handler.log_command:Invoked command in '/home/ubuntu/robot_ws/src/myfirstpackage' returned '0': PYTHONPATH=/home/ubuntu/robot_ws/install/myfirstpackage/lib/python3.8/site-packages:${PYTHONPATH} /usr/bin/python3 setup.py egg_info --egg-base ../../build/myfirstpackage build --build-base /home/ubuntu/robot_ws/build/myfirstpackage/build install --prefix /home/ubuntu/robot_ws/install/myfirstpackage --record /home/ubuntu/robot_ws/build/myfirstpackage/install.log --single-version-externally-managed
[1.828s] Level 1:colcon.colcon_core.environment:checking '/home/ubuntu/robot_ws/install/myfirstpackage' for CMake module files
[1.829s] Level 1:colcon.colcon_core.environment:checking '/home/ubuntu/robot_ws/install/myfirstpackage' for CMake config files
[1.830s] Level 1:colcon.colcon_core.environment:checking '/home/ubuntu/robot_ws/install/myfirstpackage/lib'
[1.830s] Level 1:colcon.colcon_core.environment:checking '/home/ubuntu/robot_ws/install/myfirstpackage/bin'
[1.830s] Level 1:colcon.colcon_core.environment:checking '/home/ubuntu/robot_ws/install/myfirstpackage/lib/pkgconfig/myfirstpackage.pc'
[1.831s] Level 1:colcon.colcon_core.environment:checking '/home/ubuntu/robot_ws/install/myfirstpackage/lib/python3.8/site-packages'
[1.831s] Level 1:colcon.colcon_core.shell:create_environment_hook('myfirstpackage', 'pythonpath')
[1.831s] INFO:colcon.colcon_core.shell:Creating environment hook '/home/ubuntu/robot_ws/install/myfirstpackage/share/myfirstpackage/hook/pythonpath.ps1'
[1.832s] INFO:colcon.colcon_core.shell:Creating environment descriptor '/home/ubuntu/robot_ws/install/myfirstpackage/share/myfirstpackage/hook/pythonpath.dsv'
[1.833s] INFO:colcon.colcon_core.shell:Creating environment hook '/home/ubuntu/robot_ws/install/myfirstpackage/share/myfirstpackage/hook/pythonpath.sh'
[1.833s] Level 1:colcon.colcon_core.environment:create_environment_scripts_only(myfirstpackage)
[1.834s] INFO:colcon.colcon_core.shell:Creating package script '/home/ubuntu/robot_ws/install/myfirstpackage/share/myfirstpackage/package.ps1'
[1.835s] INFO:colcon.colcon_core.shell:Creating package descriptor '/home/ubuntu/robot_ws/install/myfirstpackage/share/myfirstpackage/package.dsv'
[1.836s] INFO:colcon.colcon_core.shell:Creating package script '/home/ubuntu/robot_ws/install/myfirstpackage/share/myfirstpackage/package.sh'
[1.837s] INFO:colcon.colcon_core.shell:Creating package script '/home/ubuntu/robot_ws/install/myfirstpackage/share/myfirstpackage/package.bash'
[1.838s] INFO:colcon.colcon_core.shell:Creating package script '/home/ubuntu/robot_ws/install/myfirstpackage/share/myfirstpackage/package.zsh'
[1.839s] Level 1:colcon.colcon_core.environment:create_file_with_runtime_dependencies(/home/ubuntu/robot_ws/install/myfirstpackage/share/colcon-core/packages/myfirstpackage)
[1.844s] Level 1:colcon.colcon_core.environment:checking '/home/ubuntu/robot_ws/install/pubsub' for CMake module files
[1.846s] DEBUG:colcon.colcon_core.event_handler.log_command:Invoked command in '/home/ubuntu/robot_ws/src/pubsub' returned '0': PYTHONPATH=/home/ubuntu/robot_ws/install/pubsub/lib/python3.8/site-packages:${PYTHONPATH} /usr/bin/python3 setup.py egg_info --egg-base ../../build/pubsub build --build-base /home/ubuntu/robot_ws/build/pubsub/build install --prefix /home/ubuntu/robot_ws/install/pubsub --record /home/ubuntu/robot_ws/build/pubsub/install.log --single-version-externally-managed
[1.847s] Level 1:colcon.colcon_core.environment:checking '/home/ubuntu/robot_ws/install/pubsub' for CMake config files
[1.848s] Level 1:colcon.colcon_core.environment:checking '/home/ubuntu/robot_ws/install/pubsub/lib'
[1.848s] Level 1:colcon.colcon_core.environment:checking '/home/ubuntu/robot_ws/install/pubsub/bin'
[1.848s] Level 1:colcon.colcon_core.environment:checking '/home/ubuntu/robot_ws/install/pubsub/lib/pkgconfig/pubsub.pc'
[1.848s] Level 1:colcon.colcon_core.environment:checking '/home/ubuntu/robot_ws/install/pubsub/lib/python3.8/site-packages'
[1.848s] Level 1:colcon.colcon_core.shell:create_environment_hook('pubsub', 'pythonpath')
[1.849s] INFO:colcon.colcon_core.shell:Creating environment hook '/home/ubuntu/robot_ws/install/pubsub/share/pubsub/hook/pythonpath.ps1'
[1.850s] INFO:colcon.colcon_core.shell:Creating environment descriptor '/home/ubuntu/robot_ws/install/pubsub/share/pubsub/hook/pythonpath.dsv'
[1.850s] INFO:colcon.colcon_core.shell:Creating environment hook '/home/ubuntu/robot_ws/install/pubsub/share/pubsub/hook/pythonpath.sh'
[1.850s] Level 1:colcon.colcon_core.environment:create_environment_scripts_only(pubsub)
[1.851s] INFO:colcon.colcon_core.shell:Creating package script '/home/ubuntu/robot_ws/install/pubsub/share/pubsub/package.ps1'
[1.852s] INFO:colcon.colcon_core.shell:Creating package descriptor '/home/ubuntu/robot_ws/install/pubsub/share/pubsub/package.dsv'
[1.852s] INFO:colcon.colcon_core.shell:Creating package script '/home/ubuntu/robot_ws/install/pubsub/share/pubsub/package.sh'
[1.853s] INFO:colcon.colcon_core.shell:Creating package script '/home/ubuntu/robot_ws/install/pubsub/share/pubsub/package.bash'
[1.853s] INFO:colcon.colcon_core.shell:Creating package script '/home/ubuntu/robot_ws/install/pubsub/share/pubsub/package.zsh'
[1.854s] Level 1:colcon.colcon_core.environment:create_file_with_runtime_dependencies(/home/ubuntu/robot_ws/install/pubsub/share/colcon-core/packages/pubsub)
[1.856s] Level 1:colcon.colcon_core.environment:checking '/home/ubuntu/robot_ws/install/srv_examples' for CMake module files
[1.857s] DEBUG:colcon.colcon_core.event_handler.log_command:Invoked command in '/home/ubuntu/robot_ws/src/srv_examples' returned '0': PYTHONPATH=/home/ubuntu/robot_ws/install/srv_examples/lib/python3.8/site-packages:${PYTHONPATH} /usr/bin/python3 setup.py egg_info --egg-base ../../build/srv_examples build --build-base /home/ubuntu/robot_ws/build/srv_examples/build install --prefix /home/ubuntu/robot_ws/install/srv_examples --record /home/ubuntu/robot_ws/build/srv_examples/install.log --single-version-externally-managed
[1.858s] Level 1:colcon.colcon_core.environment:checking '/home/ubuntu/robot_ws/install/srv_examples' for CMake config files
[1.858s] Level 1:colcon.colcon_core.environment:checking '/home/ubuntu/robot_ws/install/srv_examples/lib'
[1.858s] Level 1:colcon.colcon_core.environment:checking '/home/ubuntu/robot_ws/install/srv_examples/bin'
[1.858s] Level 1:colcon.colcon_core.environment:checking '/home/ubuntu/robot_ws/install/srv_examples/lib/pkgconfig/srv_examples.pc'
[1.859s] Level 1:colcon.colcon_core.environment:checking '/home/ubuntu/robot_ws/install/srv_examples/lib/python3.8/site-packages'
[1.859s] Level 1:colcon.colcon_core.shell:create_environment_hook('srv_examples', 'pythonpath')
[1.859s] INFO:colcon.colcon_core.shell:Creating environment hook '/home/ubuntu/robot_ws/install/srv_examples/share/srv_examples/hook/pythonpath.ps1'
[1.860s] INFO:colcon.colcon_core.shell:Creating environment descriptor '/home/ubuntu/robot_ws/install/srv_examples/share/srv_examples/hook/pythonpath.dsv'
[1.860s] INFO:colcon.colcon_core.shell:Creating environment hook '/home/ubuntu/robot_ws/install/srv_examples/share/srv_examples/hook/pythonpath.sh'
[1.861s] Level 1:colcon.colcon_core.environment:create_environment_scripts_only(srv_examples)
[1.861s] INFO:colcon.colcon_core.shell:Creating package script '/home/ubuntu/robot_ws/install/srv_examples/share/srv_examples/package.ps1'
[1.862s] INFO:colcon.colcon_core.shell:Creating package descriptor '/home/ubuntu/robot_ws/install/srv_examples/share/srv_examples/package.dsv'
[1.862s] INFO:colcon.colcon_core.shell:Creating package script '/home/ubuntu/robot_ws/install/srv_examples/share/srv_examples/package.sh'
[1.863s] INFO:colcon.colcon_core.shell:Creating package script '/home/ubuntu/robot_ws/install/srv_examples/share/srv_examples/package.bash'
[1.864s] INFO:colcon.colcon_core.shell:Creating package script '/home/ubuntu/robot_ws/install/srv_examples/share/srv_examples/package.zsh'
[1.864s] Level 1:colcon.colcon_core.environment:create_file_with_runtime_dependencies(/home/ubuntu/robot_ws/install/srv_examples/share/colcon-core/packages/srv_examples)
[1.866s] Level 1:colcon.colcon_core.environment:checking '/home/ubuntu/robot_ws/install/hello_world' for CMake module files
[1.868s] DEBUG:colcon.colcon_core.event_handler.log_command:Invoked command in '/home/ubuntu/robot_ws/src/hello_world' returned '0': PYTHONPATH=/home/ubuntu/robot_ws/install/hello_world/lib/python3.8/site-packages:${PYTHONPATH} /usr/bin/python3 setup.py egg_info --egg-base ../../build/hello_world build --build-base /home/ubuntu/robot_ws/build/hello_world/build install --prefix /home/ubuntu/robot_ws/install/hello_world --record /home/ubuntu/robot_ws/build/hello_world/install.log --single-version-externally-managed
[1.868s] Level 1:colcon.colcon_core.environment:checking '/home/ubuntu/robot_ws/install/hello_world' for CMake config files
[1.869s] Level 1:colcon.colcon_core.shell:create_environment_hook('hello_world', 'cmake_prefix_path')
[1.869s] INFO:colcon.colcon_core.shell:Creating environment hook '/home/ubuntu/robot_ws/install/hello_world/share/hello_world/hook/cmake_prefix_path.ps1'
[1.870s] INFO:colcon.colcon_core.shell:Creating environment descriptor '/home/ubuntu/robot_ws/install/hello_world/share/hello_world/hook/cmake_prefix_path.dsv'
[1.870s] INFO:colcon.colcon_core.shell:Creating environment hook '/home/ubuntu/robot_ws/install/hello_world/share/hello_world/hook/cmake_prefix_path.sh'
[1.871s] Level 1:colcon.colcon_core.environment:checking '/home/ubuntu/robot_ws/install/hello_world/lib'
[1.871s] Level 1:colcon.colcon_core.environment:checking '/home/ubuntu/robot_ws/install/hello_world/bin'
[1.871s] Level 1:colcon.colcon_core.environment:checking '/home/ubuntu/robot_ws/install/hello_world/lib/pkgconfig/hello_world.pc'
[1.871s] Level 1:colcon.colcon_core.environment:checking '/home/ubuntu/robot_ws/install/hello_world/lib/python3.8/site-packages'
[1.871s] Level 1:colcon.colcon_core.shell:create_environment_hook('hello_world', 'pythonpath')
[1.871s] INFO:colcon.colcon_core.shell:Creating environment hook '/home/ubuntu/robot_ws/install/hello_world/share/hello_world/hook/pythonpath.ps1'
[1.872s] INFO:colcon.colcon_core.shell:Creating environment descriptor '/home/ubuntu/robot_ws/install/hello_world/share/hello_world/hook/pythonpath.dsv'
[1.872s] INFO:colcon.colcon_core.shell:Creating environment hook '/home/ubuntu/robot_ws/install/hello_world/share/hello_world/hook/pythonpath.sh'
[1.873s] Level 1:colcon.colcon_core.environment:create_environment_scripts_only(hello_world)
[1.873s] INFO:colcon.colcon_core.shell:Creating package script '/home/ubuntu/robot_ws/install/hello_world/share/hello_world/package.ps1'
[1.874s] INFO:colcon.colcon_core.shell:Creating package descriptor '/home/ubuntu/robot_ws/install/hello_world/share/hello_world/package.dsv'
[1.874s] INFO:colcon.colcon_core.shell:Creating package script '/home/ubuntu/robot_ws/install/hello_world/share/hello_world/package.sh'
[1.875s] INFO:colcon.colcon_core.shell:Creating package script '/home/ubuntu/robot_ws/install/hello_world/share/hello_world/package.bash'
[1.875s] INFO:colcon.colcon_core.shell:Creating package script '/home/ubuntu/robot_ws/install/hello_world/share/hello_world/package.zsh'
[1.876s] Level 1:colcon.colcon_core.environment:create_file_with_runtime_dependencies(/home/ubuntu/robot_ws/install/hello_world/share/colcon-core/packages/hello_world)
[2.003s] DEBUG:colcon.colcon_core.event_handler.log_command:Invoking command in '/home/ubuntu/robot_ws/build/turtlesim': CMAKE_PREFIX_PATH=${CMAKE_PREFIX_PATH}:/home/ubuntu/robot_ws/install/srv_examples:/home/ubuntu/robot_ws/install/pubsub:/home/ubuntu/robot_ws/install/myfirstpackage:/opt/ros/foxy /usr/bin/cmake --install /home/ubuntu/robot_ws/build/turtlesim
[2.084s] Level 1:colcon.colcon_core.environment:create_environment_scripts_only(turtlesim)
[2.086s] Level 1:colcon.colcon_core.environment:checking '/home/ubuntu/robot_ws/install/turtlesim' for CMake module files
[2.092s] DEBUG:colcon.colcon_core.event_handler.log_command:Invoked command in '/home/ubuntu/robot_ws/build/turtlesim' returned '0': CMAKE_PREFIX_PATH=${CMAKE_PREFIX_PATH}:/home/ubuntu/robot_ws/install/srv_examples:/home/ubuntu/robot_ws/install/pubsub:/home/ubuntu/robot_ws/install/myfirstpackage:/opt/ros/foxy /usr/bin/cmake --install /home/ubuntu/robot_ws/build/turtlesim
[2.093s] Level 1:colcon.colcon_core.environment:checking '/home/ubuntu/robot_ws/install/turtlesim' for CMake config files
[2.094s] Level 1:colcon.colcon_core.shell:create_environment_hook('turtlesim', 'cmake_prefix_path')
[2.096s] INFO:colcon.colcon_core.shell:Creating environment hook '/home/ubuntu/robot_ws/install/turtlesim/share/turtlesim/hook/cmake_prefix_path.ps1'
[2.096s] INFO:colcon.colcon_core.shell:Creating environment descriptor '/home/ubuntu/robot_ws/install/turtlesim/share/turtlesim/hook/cmake_prefix_path.dsv'
[2.097s] INFO:colcon.colcon_core.shell:Creating environment hook '/home/ubuntu/robot_ws/install/turtlesim/share/turtlesim/hook/cmake_prefix_path.sh'
[2.098s] Level 1:colcon.colcon_core.environment:checking '/home/ubuntu/robot_ws/install/turtlesim/lib'
[2.098s] Level 1:colcon.colcon_core.shell:create_environment_hook('turtlesim', 'ld_library_path_lib')
[2.099s] INFO:colcon.colcon_core.shell:Creating environment hook '/home/ubuntu/robot_ws/install/turtlesim/share/turtlesim/hook/ld_library_path_lib.ps1'
[2.099s] INFO:colcon.colcon_core.shell:Creating environment descriptor '/home/ubuntu/robot_ws/install/turtlesim/share/turtlesim/hook/ld_library_path_lib.dsv'
[2.099s] INFO:colcon.colcon_core.shell:Creating environment hook '/home/ubuntu/robot_ws/install/turtlesim/share/turtlesim/hook/ld_library_path_lib.sh'
[2.100s] Level 1:colcon.colcon_core.environment:checking '/home/ubuntu/robot_ws/install/turtlesim/bin'
[2.100s] Level 1:colcon.colcon_core.environment:checking '/home/ubuntu/robot_ws/install/turtlesim/lib/pkgconfig/turtlesim.pc'
[2.100s] Level 1:colcon.colcon_core.environment:checking '/home/ubuntu/robot_ws/install/turtlesim/lib/python3.8/site-packages'
[2.100s] Level 1:colcon.colcon_core.shell:create_environment_hook('turtlesim', 'pythonpath')
[2.100s] INFO:colcon.colcon_core.shell:Creating environment hook '/home/ubuntu/robot_ws/install/turtlesim/share/turtlesim/hook/pythonpath.ps1'
[2.101s] INFO:colcon.colcon_core.shell:Creating environment descriptor '/home/ubuntu/robot_ws/install/turtlesim/share/turtlesim/hook/pythonpath.dsv'
[2.101s] INFO:colcon.colcon_core.shell:Creating environment hook '/home/ubuntu/robot_ws/install/turtlesim/share/turtlesim/hook/pythonpath.sh'
[2.102s] INFO:colcon.colcon_core.shell:Creating package script '/home/ubuntu/robot_ws/install/turtlesim/share/turtlesim/package.ps1'
[2.103s] INFO:colcon.colcon_core.shell:Creating package descriptor '/home/ubuntu/robot_ws/install/turtlesim/share/turtlesim/package.dsv'
[2.103s] INFO:colcon.colcon_core.shell:Creating package script '/home/ubuntu/robot_ws/install/turtlesim/share/turtlesim/package.sh'
[2.104s] INFO:colcon.colcon_core.shell:Creating package script '/home/ubuntu/robot_ws/install/turtlesim/share/turtlesim/package.bash'
[2.104s] INFO:colcon.colcon_core.shell:Creating package script '/home/ubuntu/robot_ws/install/turtlesim/share/turtlesim/package.zsh'
[2.104s] Level 1:colcon.colcon_core.environment:create_file_with_runtime_dependencies(/home/ubuntu/robot_ws/install/turtlesim/share/colcon-core/packages/turtlesim)
[2.310s] Level 1:colcon.colcon_core.environment:create_environment_scripts_only(turtlesim)
[2.311s] Level 1:colcon.colcon_core.environment:checking '/home/ubuntu/robot_ws/install/turtlesim' for CMake module files
[2.312s] Level 1:colcon.colcon_core.environment:checking '/home/ubuntu/robot_ws/install/turtlesim' for CMake config files
[2.313s] Level 1:colcon.colcon_core.shell:create_environment_hook('turtlesim', 'cmake_prefix_path')
[2.314s] INFO:colcon.colcon_core.shell:Creating environment hook '/home/ubuntu/robot_ws/install/turtlesim/share/turtlesim/hook/cmake_prefix_path.ps1'
[2.314s] INFO:colcon.colcon_core.shell:Creating environment descriptor '/home/ubuntu/robot_ws/install/turtlesim/share/turtlesim/hook/cmake_prefix_path.dsv'
[2.315s] INFO:colcon.colcon_core.shell:Creating environment hook '/home/ubuntu/robot_ws/install/turtlesim/share/turtlesim/hook/cmake_prefix_path.sh'
[2.315s] Level 1:colcon.colcon_core.environment:checking '/home/ubuntu/robot_ws/install/turtlesim/lib'
[2.315s] Level 1:colcon.colcon_core.shell:create_environment_hook('turtlesim', 'ld_library_path_lib')
[2.316s] INFO:colcon.colcon_core.shell:Creating environment hook '/home/ubuntu/robot_ws/install/turtlesim/share/turtlesim/hook/ld_library_path_lib.ps1'
[2.317s] INFO:colcon.colcon_core.shell:Creating environment descriptor '/home/ubuntu/robot_ws/install/turtlesim/share/turtlesim/hook/ld_library_path_lib.dsv'
[2.317s] INFO:colcon.colcon_core.shell:Creating environment hook '/home/ubuntu/robot_ws/install/turtlesim/share/turtlesim/hook/ld_library_path_lib.sh'
[2.317s] Level 1:colcon.colcon_core.environment:checking '/home/ubuntu/robot_ws/install/turtlesim/bin'
[2.317s] Level 1:colcon.colcon_core.environment:checking '/home/ubuntu/robot_ws/install/turtlesim/lib/pkgconfig/turtlesim.pc'
[2.317s] Level 1:colcon.colcon_core.environment:checking '/home/ubuntu/robot_ws/install/turtlesim/lib/python3.8/site-packages'
[2.318s] Level 1:colcon.colcon_core.shell:create_environment_hook('turtlesim', 'pythonpath')
[2.318s] INFO:colcon.colcon_core.shell:Creating environment hook '/home/ubuntu/robot_ws/install/turtlesim/share/turtlesim/hook/pythonpath.ps1'
[2.319s] INFO:colcon.colcon_core.shell:Creating environment descriptor '/home/ubuntu/robot_ws/install/turtlesim/share/turtlesim/hook/pythonpath.dsv'
[2.319s] INFO:colcon.colcon_core.shell:Creating environment hook '/home/ubuntu/robot_ws/install/turtlesim/share/turtlesim/hook/pythonpath.sh'
[2.320s] INFO:colcon.colcon_core.shell:Creating package script '/home/ubuntu/robot_ws/install/turtlesim/share/turtlesim/package.ps1'
[2.321s] INFO:colcon.colcon_core.shell:Creating package descriptor '/home/ubuntu/robot_ws/install/turtlesim/share/turtlesim/package.dsv'
[2.322s] INFO:colcon.colcon_core.shell:Creating package script '/home/ubuntu/robot_ws/install/turtlesim/share/turtlesim/package.sh'
[2.323s] INFO:colcon.colcon_core.shell:Creating package script '/home/ubuntu/robot_ws/install/turtlesim/share/turtlesim/package.bash'
[2.323s] INFO:colcon.colcon_core.shell:Creating package script '/home/ubuntu/robot_ws/install/turtlesim/share/turtlesim/package.zsh'
[2.323s] Level 1:colcon.colcon_core.environment:create_file_with_runtime_dependencies(/home/ubuntu/robot_ws/install/turtlesim/share/colcon-core/packages/turtlesim)
[2.324s] DEBUG:colcon.colcon_parallel_executor.executor.parallel:closing loop
[2.325s] DEBUG:colcon.colcon_parallel_executor.executor.parallel:loop closed
[2.325s] DEBUG:colcon.colcon_parallel_executor.executor.parallel:run_until_complete finished with '0'
[2.325s] DEBUG:colcon.colcon_core.event_reactor:joining thread
[2.332s] INFO:colcon.colcon_core.plugin_system:Skipping extension 'colcon_notification.desktop_notification.notify_send': Could not find 'notify-send'
[2.332s] INFO:colcon.colcon_core.plugin_system:Skipping extension 'colcon_notification.desktop_notification.terminal_notifier': Not used on non-Darwin systems
[2.332s] INFO:colcon.colcon_core.plugin_system:Skipping extension 'colcon_notification.desktop_notification.win32': Not used on non-Windows systems
[2.332s] INFO:colcon.colcon_notification.desktop_notification:Sending desktop notification using 'notify2'
[2.338s] DEBUG:colcon.colcon_notification.desktop_notification.notify2:Failed to initialize notify2: org.freedesktop.DBus.Error.ServiceUnknown: The name org.freedesktop.Notifications was not provided by any .service files
[2.339s] DEBUG:colcon.colcon_core.event_reactor:joined thread
[2.340s] INFO:colcon.colcon_core.shell:Creating prefix script '/home/ubuntu/robot_ws/install/local_setup.ps1'
[2.341s] INFO:colcon.colcon_core.shell:Creating prefix util module '/home/ubuntu/robot_ws/install/_local_setup_util_ps1.py'
[2.343s] INFO:colcon.colcon_core.shell:Creating prefix chain script '/home/ubuntu/robot_ws/install/setup.ps1'
[2.345s] INFO:colcon.colcon_core.shell:Creating prefix script '/home/ubuntu/robot_ws/install/local_setup.sh'
[2.346s] INFO:colcon.colcon_core.shell:Creating prefix util module '/home/ubuntu/robot_ws/install/_local_setup_util_sh.py'
[2.347s] INFO:colcon.colcon_core.shell:Creating prefix chain script '/home/ubuntu/robot_ws/install/setup.sh'
[2.350s] INFO:colcon.colcon_core.shell:Creating prefix script '/home/ubuntu/robot_ws/install/local_setup.bash'
[2.351s] INFO:colcon.colcon_core.shell:Creating prefix chain script '/home/ubuntu/robot_ws/install/setup.bash'
[2.354s] INFO:colcon.colcon_core.shell:Creating prefix script '/home/ubuntu/robot_ws/install/local_setup.zsh'
[2.355s] INFO:colcon.colcon_core.shell:Creating prefix chain script '/home/ubuntu/robot_ws/install/setup.zsh'
