[1.533s] Invoking command in '/home/ubuntu/ROS2-Tutorials/robot_ws/src/tb3_teleop': PYTHONPATH=/home/ubuntu/ROS2-Tutorials/robot_ws/install/tb3_teleop/lib/python3.8/site-packages:${PYTHONPATH} /usr/bin/python3 setup.py egg_info --egg-base ../../build/tb3_teleop build --build-base /home/ubuntu/ROS2-Tutorials/robot_ws/build/tb3_teleop/build install --prefix /home/ubuntu/ROS2-Tutorials/robot_ws/install/tb3_teleop --record /home/ubuntu/ROS2-Tutorials/robot_ws/build/tb3_teleop/install.log --single-version-externally-managed
[1.842s] running egg_info
[1.844s] writing ../../build/tb3_teleop/tb3_teleop.egg-info/PKG-INFO
[1.845s] writing dependency_links to ../../build/tb3_teleop/tb3_teleop.egg-info/dependency_links.txt
[1.846s] writing entry points to ../../build/tb3_teleop/tb3_teleop.egg-info/entry_points.txt
[1.846s] writing requirements to ../../build/tb3_teleop/tb3_teleop.egg-info/requires.txt
[1.846s] writing top-level names to ../../build/tb3_teleop/tb3_teleop.egg-info/top_level.txt
[1.900s] reading manifest file '../../build/tb3_teleop/tb3_teleop.egg-info/SOURCES.txt'
[1.902s] writing manifest file '../../build/tb3_teleop/tb3_teleop.egg-info/SOURCES.txt'
[1.902s] running build
[1.902s] running build_py
[1.902s] running install
[1.903s] running install_lib
[1.906s] running install_data
[1.910s] running install_egg_info
[1.911s] removing '/home/ubuntu/ROS2-Tutorials/robot_ws/install/tb3_teleop/lib/python3.8/site-packages/tb3_teleop-0.0.0-py3.8.egg-info' (and everything under it)
[1.912s] Copying ../../build/tb3_teleop/tb3_teleop.egg-info to /home/ubuntu/ROS2-Tutorials/robot_ws/install/tb3_teleop/lib/python3.8/site-packages/tb3_teleop-0.0.0-py3.8.egg-info
[1.913s] running install_scripts
[1.935s] Installing teleop script to /home/ubuntu/ROS2-Tutorials/robot_ws/install/tb3_teleop/lib/tb3_teleop
[1.936s] writing list of installed files to '/home/ubuntu/ROS2-Tutorials/robot_ws/build/tb3_teleop/install.log'
[1.989s] Invoked command in '/home/ubuntu/ROS2-Tutorials/robot_ws/src/tb3_teleop' returned '0': PYTHONPATH=/home/ubuntu/ROS2-Tutorials/robot_ws/install/tb3_teleop/lib/python3.8/site-packages:${PYTHONPATH} /usr/bin/python3 setup.py egg_info --egg-base ../../build/tb3_teleop build --build-base /home/ubuntu/ROS2-Tutorials/robot_ws/build/tb3_teleop/build install --prefix /home/ubuntu/ROS2-Tutorials/robot_ws/install/tb3_teleop --record /home/ubuntu/ROS2-Tutorials/robot_ws/build/tb3_teleop/install.log --single-version-externally-managed
