[1.436s] Invoking command in '/home/ubuntu/ROS2-Tutorials/robot_ws/src/pubsub': PYTHONPATH=/home/ubuntu/ROS2-Tutorials/robot_ws/install/pubsub/lib/python3.8/site-packages:${PYTHONPATH} /usr/bin/python3 setup.py egg_info --egg-base ../../build/pubsub build --build-base /home/ubuntu/ROS2-Tutorials/robot_ws/build/pubsub/build install --prefix /home/ubuntu/ROS2-Tutorials/robot_ws/install/pubsub --record /home/ubuntu/ROS2-Tutorials/robot_ws/build/pubsub/install.log --single-version-externally-managed
[1.728s] running egg_info
[1.729s] writing ../../build/pubsub/pubsub.egg-info/PKG-INFO
[1.730s] writing dependency_links to ../../build/pubsub/pubsub.egg-info/dependency_links.txt
[1.730s] writing entry points to ../../build/pubsub/pubsub.egg-info/entry_points.txt
[1.730s] writing requirements to ../../build/pubsub/pubsub.egg-info/requires.txt
[1.731s] writing top-level names to ../../build/pubsub/pubsub.egg-info/top_level.txt
[1.784s] reading manifest file '../../build/pubsub/pubsub.egg-info/SOURCES.txt'
[1.786s] writing manifest file '../../build/pubsub/pubsub.egg-info/SOURCES.txt'
[1.786s] running build
[1.787s] running build_py
[1.787s] running install
[1.789s] running install_lib
[1.791s] running install_data
[1.792s] running install_egg_info
[1.805s] removing '/home/ubuntu/ROS2-Tutorials/robot_ws/install/pubsub/lib/python3.8/site-packages/pubsub-0.0.0-py3.8.egg-info' (and everything under it)
[1.806s] Copying ../../build/pubsub/pubsub.egg-info to /home/ubuntu/ROS2-Tutorials/robot_ws/install/pubsub/lib/python3.8/site-packages/pubsub-0.0.0-py3.8.egg-info
[1.808s] running install_scripts
[1.821s] Installing myfirstpublisher script to /home/ubuntu/ROS2-Tutorials/robot_ws/install/pubsub/lib/pubsub
[1.822s] Installing myfirstsubscriber script to /home/ubuntu/ROS2-Tutorials/robot_ws/install/pubsub/lib/pubsub
[1.824s] writing list of installed files to '/home/ubuntu/ROS2-Tutorials/robot_ws/build/pubsub/install.log'
[1.856s] Invoked command in '/home/ubuntu/ROS2-Tutorials/robot_ws/src/pubsub' returned '0': PYTHONPATH=/home/ubuntu/ROS2-Tutorials/robot_ws/install/pubsub/lib/python3.8/site-packages:${PYTHONPATH} /usr/bin/python3 setup.py egg_info --egg-base ../../build/pubsub build --build-base /home/ubuntu/ROS2-Tutorials/robot_ws/build/pubsub/build install --prefix /home/ubuntu/ROS2-Tutorials/robot_ws/install/pubsub --record /home/ubuntu/ROS2-Tutorials/robot_ws/build/pubsub/install.log --single-version-externally-managed
