[1.724s] Invoking command in '/home/ubuntu/ROS2-Tutorials/robot_ws/build/turtlesim': CMAKE_PREFIX_PATH=/home/ubuntu/ROS2-Tutorials/robot_ws/install/tb3_teleop:/home/ubuntu/ROS2-Tutorials/robot_ws/install/srv_examples:/home/ubuntu/ROS2-Tutorials/robot_ws/install/rqt_joy:/home/ubuntu/ROS2-Tutorials/robot_ws/install/pubsub:/home/ubuntu/ROS2-Tutorials/robot_ws/install/myfirstpackage:/home/ubuntu/ROS2-Tutorials/robot_ws/install/hello_world:/opt/ros/foxy:${CMAKE_PREFIX_PATH} /usr/bin/cmake --build /home/ubuntu/ROS2-Tutorials/robot_ws/build/turtlesim -- -j12 -l12
[1.832s] [  1%] Built target turtlesim__cpp
[1.855s] [ 11%] Built target turtlesim__rosidl_generator_c
[1.892s] [ 21%] Built target turtlesim__rosidl_typesupport_introspection_cpp
[1.901s] [ 31%] Built target turtlesim__rosidl_typesupport_cpp
[1.909s] [ 41%] Built target turtlesim__rosidl_typesupport_c
[1.918s] [ 59%] Built target turtlesim__rosidl_typesupport_fastrtps_cpp
[1.918s] [ 61%] Built target turtlesim__rosidl_typesupport_introspection_c
[1.985s] [ 71%] Built target turtlesim__rosidl_typesupport_fastrtps_c
[2.022s] [ 71%] Built target turtlesim
[2.094s] [ 73%] Built target mimic
[2.100s] [ 74%] Built target turtlesim__py
[2.119s] [ 76%] Built target draw_square
[2.120s] [ 78%] Built target turtle_teleop_key
[2.151s] [ 84%] Built target turtlesim_node
[2.174s] [ 93%] Built target turtlesim__python
[2.246s] [ 95%] Built target turtlesim__rosidl_typesupport_introspection_c__pyext
[2.249s] [ 97%] Built target turtlesim__rosidl_typesupport_fastrtps_c__pyext
[2.257s] [100%] Built target turtlesim__rosidl_typesupport_c__pyext
[2.326s] Invoked command in '/home/ubuntu/ROS2-Tutorials/robot_ws/build/turtlesim' returned '0': CMAKE_PREFIX_PATH=/home/ubuntu/ROS2-Tutorials/robot_ws/install/tb3_teleop:/home/ubuntu/ROS2-Tutorials/robot_ws/install/srv_examples:/home/ubuntu/ROS2-Tutorials/robot_ws/install/rqt_joy:/home/ubuntu/ROS2-Tutorials/robot_ws/install/pubsub:/home/ubuntu/ROS2-Tutorials/robot_ws/install/myfirstpackage:/home/ubuntu/ROS2-Tutorials/robot_ws/install/hello_world:/opt/ros/foxy:${CMAKE_PREFIX_PATH} /usr/bin/cmake --build /home/ubuntu/ROS2-Tutorials/robot_ws/build/turtlesim -- -j12 -l12
[2.628s] Invoking command in '/home/ubuntu/ROS2-Tutorials/robot_ws/build/turtlesim': CMAKE_PREFIX_PATH=/home/ubuntu/ROS2-Tutorials/robot_ws/install/tb3_teleop:/home/ubuntu/ROS2-Tutorials/robot_ws/install/srv_examples:/home/ubuntu/ROS2-Tutorials/robot_ws/install/rqt_joy:/home/ubuntu/ROS2-Tutorials/robot_ws/install/pubsub:/home/ubuntu/ROS2-Tutorials/robot_ws/install/myfirstpackage:/home/ubuntu/ROS2-Tutorials/robot_ws/install/hello_world:/opt/ros/foxy:${CMAKE_PREFIX_PATH} /usr/bin/cmake --install /home/ubuntu/ROS2-Tutorials/robot_ws/build/turtlesim
[2.642s] -- Install configuration: ""
[2.642s] -- Up-to-date: /home/ubuntu/ROS2-Tutorials/robot_ws/install/turtlesim/share/ament_index/resource_index/rosidl_interfaces/turtlesim
[2.642s] -- Up-to-date: /home/ubuntu/ROS2-Tutorials/robot_ws/install/turtlesim/include/turtlesim
[2.643s] -- Up-to-date: /home/ubuntu/ROS2-Tutorials/robot_ws/install/turtlesim/include/turtlesim/srv
[2.644s] -- Up-to-date: /home/ubuntu/ROS2-Tutorials/robot_ws/install/turtlesim/include/turtlesim/srv/kill.h
[2.644s] -- Up-to-date: /home/ubuntu/ROS2-Tutorials/robot_ws/install/turtlesim/include/turtlesim/srv/teleport_absolute.h
[2.645s] -- Up-to-date: /home/ubuntu/ROS2-Tutorials/robot_ws/install/turtlesim/include/turtlesim/srv/spawn.h
[2.646s] -- Up-to-date: /home/ubuntu/ROS2-Tutorials/robot_ws/install/turtlesim/include/turtlesim/srv/set_pen.h
[2.646s] -- Up-to-date: /home/ubuntu/ROS2-Tutorials/robot_ws/install/turtlesim/include/turtlesim/srv/detail
[2.646s] -- Up-to-date: /home/ubuntu/ROS2-Tutorials/robot_ws/install/turtlesim/include/turtlesim/srv/detail/teleport_absolute__functions.h
[2.646s] -- Up-to-date: /home/ubuntu/ROS2-Tutorials/robot_ws/install/turtlesim/include/turtlesim/srv/detail/spawn__type_support.h
[2.646s] -- Up-to-date: /home/ubuntu/ROS2-Tutorials/robot_ws/install/turtlesim/include/turtlesim/srv/detail/teleport_relative__type_support.h
[2.647s] -- Up-to-date: /home/ubuntu/ROS2-Tutorials/robot_ws/install/turtlesim/include/turtlesim/srv/detail/teleport_absolute__type_support.h
[2.648s] -- Up-to-date: /home/ubuntu/ROS2-Tutorials/robot_ws/install/turtlesim/include/turtlesim/srv/detail/set_pen__struct.h
[2.648s] -- Up-to-date: /home/ubuntu/ROS2-Tutorials/robot_ws/install/turtlesim/include/turtlesim/srv/detail/kill__struct.h
[2.649s] -- Up-to-date: /home/ubuntu/ROS2-Tutorials/robot_ws/install/turtlesim/include/turtlesim/srv/detail/teleport_relative__functions.h
[2.649s] -- Up-to-date: /home/ubuntu/ROS2-Tutorials/robot_ws/install/turtlesim/include/turtlesim/srv/detail/teleport_absolute__functions.c
[2.651s] -- Up-to-date: /home/ubuntu/ROS2-Tutorials/robot_ws/install/turtlesim/include/turtlesim/srv/detail/teleport_absolute__struct.h
[2.651s] -- Up-to-date: /home/ubuntu/ROS2-Tutorials/robot_ws/install/turtlesim/include/turtlesim/srv/detail/spawn__functions.c
[2.651s] -- Up-to-date: /home/ubuntu/ROS2-Tutorials/robot_ws/install/turtlesim/include/turtlesim/srv/detail/teleport_relative__functions.c
[2.652s] -- Up-to-date: /home/ubuntu/ROS2-Tutorials/robot_ws/install/turtlesim/include/turtlesim/srv/detail/spawn__struct.h
[2.652s] -- Up-to-date: /home/ubuntu/ROS2-Tutorials/robot_ws/install/turtlesim/include/turtlesim/srv/detail/teleport_relative__struct.h
[2.652s] -- Up-to-date: /home/ubuntu/ROS2-Tutorials/robot_ws/install/turtlesim/include/turtlesim/srv/detail/kill__functions.h
[2.652s] -- Up-to-date: /home/ubuntu/ROS2-Tutorials/robot_ws/install/turtlesim/include/turtlesim/srv/detail/kill__type_support.h
[2.653s] -- Up-to-date: /home/ubuntu/ROS2-Tutorials/robot_ws/install/turtlesim/include/turtlesim/srv/detail/set_pen__functions.c
[2.653s] -- Up-to-date: /home/ubuntu/ROS2-Tutorials/robot_ws/install/turtlesim/include/turtlesim/srv/detail/set_pen__type_support.h
[2.654s] -- Up-to-date: /home/ubuntu/ROS2-Tutorials/robot_ws/install/turtlesim/include/turtlesim/srv/detail/set_pen__functions.h
[2.655s] -- Up-to-date: /home/ubuntu/ROS2-Tutorials/robot_ws/install/turtlesim/include/turtlesim/srv/detail/spawn__functions.h
[2.655s] -- Up-to-date: /home/ubuntu/ROS2-Tutorials/robot_ws/install/turtlesim/include/turtlesim/srv/detail/kill__functions.c
[2.655s] -- Up-to-date: /home/ubuntu/ROS2-Tutorials/robot_ws/install/turtlesim/include/turtlesim/srv/teleport_relative.h
[2.655s] -- Up-to-date: /home/ubuntu/ROS2-Tutorials/robot_ws/install/turtlesim/include/turtlesim/msg
[2.655s] -- Up-to-date: /home/ubuntu/ROS2-Tutorials/robot_ws/install/turtlesim/include/turtlesim/msg/pose.h
[2.656s] -- Up-to-date: /home/ubuntu/ROS2-Tutorials/robot_ws/install/turtlesim/include/turtlesim/msg/color.h
[2.656s] -- Up-to-date: /home/ubuntu/ROS2-Tutorials/robot_ws/install/turtlesim/include/turtlesim/msg/rosidl_generator_c__visibility_control.h
[2.656s] -- Up-to-date: /home/ubuntu/ROS2-Tutorials/robot_ws/install/turtlesim/include/turtlesim/msg/detail
[2.656s] -- Up-to-date: /home/ubuntu/ROS2-Tutorials/robot_ws/install/turtlesim/include/turtlesim/msg/detail/pose__functions.h
[2.656s] -- Up-to-date: /home/ubuntu/ROS2-Tutorials/robot_ws/install/turtlesim/include/turtlesim/msg/detail/pose__struct.h
[2.656s] -- Up-to-date: /home/ubuntu/ROS2-Tutorials/robot_ws/install/turtlesim/include/turtlesim/msg/detail/color__struct.h
[2.657s] -- Up-to-date: /home/ubuntu/ROS2-Tutorials/robot_ws/install/turtlesim/include/turtlesim/msg/detail/pose__functions.c
[2.658s] -- Up-to-date: /home/ubuntu/ROS2-Tutorials/robot_ws/install/turtlesim/include/turtlesim/msg/detail/color__functions.h
[2.658s] -- Up-to-date: /home/ubuntu/ROS2-Tutorials/robot_ws/install/turtlesim/include/turtlesim/msg/detail/color__functions.c
[2.658s] -- Up-to-date: /home/ubuntu/ROS2-Tutorials/robot_ws/install/turtlesim/include/turtlesim/msg/detail/color__type_support.h
[2.659s] -- Up-to-date: /home/ubuntu/ROS2-Tutorials/robot_ws/install/turtlesim/include/turtlesim/msg/detail/pose__type_support.h
[2.659s] -- Up-to-date: /home/ubuntu/ROS2-Tutorials/robot_ws/install/turtlesim/include/turtlesim/action
[2.659s] -- Up-to-date: /home/ubuntu/ROS2-Tutorials/robot_ws/install/turtlesim/include/turtlesim/action/rotate_absolute.h
[2.660s] -- Up-to-date: /home/ubuntu/ROS2-Tutorials/robot_ws/install/turtlesim/include/turtlesim/action/detail
[2.660s] -- Up-to-date: /home/ubuntu/ROS2-Tutorials/robot_ws/install/turtlesim/include/turtlesim/action/detail/rotate_absolute__functions.c
[2.660s] -- Up-to-date: /home/ubuntu/ROS2-Tutorials/robot_ws/install/turtlesim/include/turtlesim/action/detail/rotate_absolute__type_support.h
[2.661s] -- Up-to-date: /home/ubuntu/ROS2-Tutorials/robot_ws/install/turtlesim/include/turtlesim/action/detail/rotate_absolute__functions.h
[2.661s] -- Up-to-date: /home/ubuntu/ROS2-Tutorials/robot_ws/install/turtlesim/include/turtlesim/action/detail/rotate_absolute__struct.h
[2.661s] -- Up-to-date: /home/ubuntu/ROS2-Tutorials/robot_ws/install/turtlesim/share/turtlesim/environment/library_path.sh
[2.661s] -- Up-to-date: /home/ubuntu/ROS2-Tutorials/robot_ws/install/turtlesim/share/turtlesim/environment/library_path.dsv
[2.662s] -- Up-to-date: /home/ubuntu/ROS2-Tutorials/robot_ws/install/turtlesim/lib/libturtlesim__rosidl_generator_c.so
[2.662s] -- Up-to-date: /home/ubuntu/ROS2-Tutorials/robot_ws/install/turtlesim/include/turtlesim
[2.662s] -- Up-to-date: /home/ubuntu/ROS2-Tutorials/robot_ws/install/turtlesim/include/turtlesim/srv
[2.662s] -- Up-to-date: /home/ubuntu/ROS2-Tutorials/robot_ws/install/turtlesim/include/turtlesim/srv/detail
[2.662s] -- Up-to-date: /home/ubuntu/ROS2-Tutorials/robot_ws/install/turtlesim/include/turtlesim/srv/detail/spawn__rosidl_typesupport_fastrtps_c.h
[2.662s] -- Up-to-date: /home/ubuntu/ROS2-Tutorials/robot_ws/install/turtlesim/include/turtlesim/srv/detail/teleport_relative__rosidl_typesupport_fastrtps_c.h
[2.663s] -- Up-to-date: /home/ubuntu/ROS2-Tutorials/robot_ws/install/turtlesim/include/turtlesim/srv/detail/kill__rosidl_typesupport_fastrtps_c.h
[2.663s] -- Up-to-date: /home/ubuntu/ROS2-Tutorials/robot_ws/install/turtlesim/include/turtlesim/srv/detail/teleport_absolute__rosidl_typesupport_fastrtps_c.h
[2.663s] -- Up-to-date: /home/ubuntu/ROS2-Tutorials/robot_ws/install/turtlesim/include/turtlesim/srv/detail/set_pen__rosidl_typesupport_fastrtps_c.h
[2.663s] -- Up-to-date: /home/ubuntu/ROS2-Tutorials/robot_ws/install/turtlesim/include/turtlesim/msg
[2.663s] -- Up-to-date: /home/ubuntu/ROS2-Tutorials/robot_ws/install/turtlesim/include/turtlesim/msg/rosidl_typesupport_fastrtps_c__visibility_control.h
[2.663s] -- Up-to-date: /home/ubuntu/ROS2-Tutorials/robot_ws/install/turtlesim/include/turtlesim/msg/detail
[2.663s] -- Up-to-date: /home/ubuntu/ROS2-Tutorials/robot_ws/install/turtlesim/include/turtlesim/msg/detail/color__rosidl_typesupport_fastrtps_c.h
[2.663s] -- Up-to-date: /home/ubuntu/ROS2-Tutorials/robot_ws/install/turtlesim/include/turtlesim/msg/detail/pose__rosidl_typesupport_fastrtps_c.h
[2.663s] -- Up-to-date: /home/ubuntu/ROS2-Tutorials/robot_ws/install/turtlesim/include/turtlesim/action
[2.663s] -- Up-to-date: /home/ubuntu/ROS2-Tutorials/robot_ws/install/turtlesim/include/turtlesim/action/detail
[2.664s] -- Up-to-date: /home/ubuntu/ROS2-Tutorials/robot_ws/install/turtlesim/include/turtlesim/action/detail/rotate_absolute__rosidl_typesupport_fastrtps_c.h
[2.664s] -- Up-to-date: /home/ubuntu/ROS2-Tutorials/robot_ws/install/turtlesim/lib/libturtlesim__rosidl_typesupport_fastrtps_c.so
[2.664s] -- Up-to-date: /home/ubuntu/ROS2-Tutorials/robot_ws/install/turtlesim/include/turtlesim
[2.664s] -- Up-to-date: /home/ubuntu/ROS2-Tutorials/robot_ws/install/turtlesim/include/turtlesim/srv
[2.664s] -- Up-to-date: /home/ubuntu/ROS2-Tutorials/robot_ws/install/turtlesim/include/turtlesim/srv/detail
[2.664s] -- Up-to-date: /home/ubuntu/ROS2-Tutorials/robot_ws/install/turtlesim/include/turtlesim/srv/detail/spawn__rosidl_typesupport_fastrtps_cpp.hpp
[2.664s] -- Up-to-date: /home/ubuntu/ROS2-Tutorials/robot_ws/install/turtlesim/include/turtlesim/srv/detail/teleport_relative__rosidl_typesupport_fastrtps_cpp.hpp
[2.664s] -- Up-to-date: /home/ubuntu/ROS2-Tutorials/robot_ws/install/turtlesim/include/turtlesim/srv/detail/teleport_absolute__rosidl_typesupport_fastrtps_cpp.hpp
[2.664s] -- Up-to-date: /home/ubuntu/ROS2-Tutorials/robot_ws/install/turtlesim/include/turtlesim/srv/detail/dds_fastrtps
[2.664s] -- Up-to-date: /home/ubuntu/ROS2-Tutorials/robot_ws/install/turtlesim/include/turtlesim/srv/detail/set_pen__rosidl_typesupport_fastrtps_cpp.hpp
[2.664s] -- Up-to-date: /home/ubuntu/ROS2-Tutorials/robot_ws/install/turtlesim/include/turtlesim/srv/detail/kill__rosidl_typesupport_fastrtps_cpp.hpp
[2.665s] -- Up-to-date: /home/ubuntu/ROS2-Tutorials/robot_ws/install/turtlesim/include/turtlesim/msg
[2.665s] -- Up-to-date: /home/ubuntu/ROS2-Tutorials/robot_ws/install/turtlesim/include/turtlesim/msg/rosidl_typesupport_fastrtps_cpp__visibility_control.h
[2.665s] -- Up-to-date: /home/ubuntu/ROS2-Tutorials/robot_ws/install/turtlesim/include/turtlesim/msg/detail
[2.665s] -- Up-to-date: /home/ubuntu/ROS2-Tutorials/robot_ws/install/turtlesim/include/turtlesim/msg/detail/pose__rosidl_typesupport_fastrtps_cpp.hpp
[2.665s] -- Up-to-date: /home/ubuntu/ROS2-Tutorials/robot_ws/install/turtlesim/include/turtlesim/msg/detail/dds_fastrtps
[2.665s] -- Up-to-date: /home/ubuntu/ROS2-Tutorials/robot_ws/install/turtlesim/include/turtlesim/msg/detail/color__rosidl_typesupport_fastrtps_cpp.hpp
[2.665s] -- Up-to-date: /home/ubuntu/ROS2-Tutorials/robot_ws/install/turtlesim/include/turtlesim/action
[2.666s] -- Up-to-date: /home/ubuntu/ROS2-Tutorials/robot_ws/install/turtlesim/include/turtlesim/action/detail
[2.666s] -- Up-to-date: /home/ubuntu/ROS2-Tutorials/robot_ws/install/turtlesim/include/turtlesim/action/detail/rotate_absolute__rosidl_typesupport_fastrtps_cpp.hpp
[2.666s] -- Up-to-date: /home/ubuntu/ROS2-Tutorials/robot_ws/install/turtlesim/include/turtlesim/action/detail/dds_fastrtps
[2.666s] -- Up-to-date: /home/ubuntu/ROS2-Tutorials/robot_ws/install/turtlesim/lib/libturtlesim__rosidl_typesupport_fastrtps_cpp.so
[2.666s] -- Up-to-date: /home/ubuntu/ROS2-Tutorials/robot_ws/install/turtlesim/include/turtlesim
[2.666s] -- Up-to-date: /home/ubuntu/ROS2-Tutorials/robot_ws/install/turtlesim/include/turtlesim/srv
[2.666s] -- Up-to-date: /home/ubuntu/ROS2-Tutorials/robot_ws/install/turtlesim/include/turtlesim/srv/detail
[2.666s] -- Up-to-date: /home/ubuntu/ROS2-Tutorials/robot_ws/install/turtlesim/include/turtlesim/srv/detail/set_pen__type_support.c
[2.666s] -- Up-to-date: /home/ubuntu/ROS2-Tutorials/robot_ws/install/turtlesim/include/turtlesim/srv/detail/kill__rosidl_typesupport_introspection_c.h
[2.666s] -- Up-to-date: /home/ubuntu/ROS2-Tutorials/robot_ws/install/turtlesim/include/turtlesim/srv/detail/teleport_absolute__rosidl_typesupport_introspection_c.h
[2.667s] -- Up-to-date: /home/ubuntu/ROS2-Tutorials/robot_ws/install/turtlesim/include/turtlesim/srv/detail/spawn__type_support.c
[2.667s] -- Up-to-date: /home/ubuntu/ROS2-Tutorials/robot_ws/install/turtlesim/include/turtlesim/srv/detail/set_pen__rosidl_typesupport_introspection_c.h
[2.667s] -- Up-to-date: /home/ubuntu/ROS2-Tutorials/robot_ws/install/turtlesim/include/turtlesim/srv/detail/teleport_absolute__type_support.c
[2.667s] -- Up-to-date: /home/ubuntu/ROS2-Tutorials/robot_ws/install/turtlesim/include/turtlesim/srv/detail/teleport_relative__type_support.c
[2.667s] -- Up-to-date: /home/ubuntu/ROS2-Tutorials/robot_ws/install/turtlesim/include/turtlesim/srv/detail/spawn__rosidl_typesupport_introspection_c.h
[2.668s] -- Up-to-date: /home/ubuntu/ROS2-Tutorials/robot_ws/install/turtlesim/include/turtlesim/srv/detail/teleport_relative__rosidl_typesupport_introspection_c.h
[2.668s] -- Up-to-date: /home/ubuntu/ROS2-Tutorials/robot_ws/install/turtlesim/include/turtlesim/srv/detail/kill__type_support.c
[2.668s] -- Up-to-date: /home/ubuntu/ROS2-Tutorials/robot_ws/install/turtlesim/include/turtlesim/msg
[2.668s] -- Up-to-date: /home/ubuntu/ROS2-Tutorials/robot_ws/install/turtlesim/include/turtlesim/msg/rosidl_typesupport_introspection_c__visibility_control.h
[2.668s] -- Up-to-date: /home/ubuntu/ROS2-Tutorials/robot_ws/install/turtlesim/include/turtlesim/msg/detail
[2.668s] -- Up-to-date: /home/ubuntu/ROS2-Tutorials/robot_ws/install/turtlesim/include/turtlesim/msg/detail/color__type_support.c
[2.668s] -- Up-to-date: /home/ubuntu/ROS2-Tutorials/robot_ws/install/turtlesim/include/turtlesim/msg/detail/pose__rosidl_typesupport_introspection_c.h
[2.669s] -- Up-to-date: /home/ubuntu/ROS2-Tutorials/robot_ws/install/turtlesim/include/turtlesim/msg/detail/color__rosidl_typesupport_introspection_c.h
[2.669s] -- Up-to-date: /home/ubuntu/ROS2-Tutorials/robot_ws/install/turtlesim/include/turtlesim/msg/detail/pose__type_support.c
[2.669s] -- Up-to-date: /home/ubuntu/ROS2-Tutorials/robot_ws/install/turtlesim/include/turtlesim/action
[2.669s] -- Up-to-date: /home/ubuntu/ROS2-Tutorials/robot_ws/install/turtlesim/include/turtlesim/action/detail
[2.669s] -- Up-to-date: /home/ubuntu/ROS2-Tutorials/robot_ws/install/turtlesim/include/turtlesim/action/detail/rotate_absolute__type_support.c
[2.669s] -- Up-to-date: /home/ubuntu/ROS2-Tutorials/robot_ws/install/turtlesim/include/turtlesim/action/detail/rotate_absolute__rosidl_typesupport_introspection_c.h
[2.669s] -- Up-to-date: /home/ubuntu/ROS2-Tutorials/robot_ws/install/turtlesim/lib/libturtlesim__rosidl_typesupport_introspection_c.so
[2.669s] -- Up-to-date: /home/ubuntu/ROS2-Tutorials/robot_ws/install/turtlesim/lib/libturtlesim__rosidl_typesupport_c.so
[2.670s] -- Up-to-date: /home/ubuntu/ROS2-Tutorials/robot_ws/install/turtlesim/include/turtlesim
[2.670s] -- Up-to-date: /home/ubuntu/ROS2-Tutorials/robot_ws/install/turtlesim/include/turtlesim/srv
[2.670s] -- Up-to-date: /home/ubuntu/ROS2-Tutorials/robot_ws/install/turtlesim/include/turtlesim/srv/teleport_relative.hpp
[2.670s] -- Up-to-date: /home/ubuntu/ROS2-Tutorials/robot_ws/install/turtlesim/include/turtlesim/srv/set_pen.hpp
[2.670s] -- Up-to-date: /home/ubuntu/ROS2-Tutorials/robot_ws/install/turtlesim/include/turtlesim/srv/teleport_absolute.hpp
[2.670s] -- Up-to-date: /home/ubuntu/ROS2-Tutorials/robot_ws/install/turtlesim/include/turtlesim/srv/spawn.hpp
[2.670s] -- Up-to-date: /home/ubuntu/ROS2-Tutorials/robot_ws/install/turtlesim/include/turtlesim/srv/kill.hpp
[2.671s] -- Up-to-date: /home/ubuntu/ROS2-Tutorials/robot_ws/install/turtlesim/include/turtlesim/srv/detail
[2.671s] -- Up-to-date: /home/ubuntu/ROS2-Tutorials/robot_ws/install/turtlesim/include/turtlesim/srv/detail/spawn__traits.hpp
[2.671s] -- Up-to-date: /home/ubuntu/ROS2-Tutorials/robot_ws/install/turtlesim/include/turtlesim/srv/detail/spawn__builder.hpp
[2.671s] -- Up-to-date: /home/ubuntu/ROS2-Tutorials/robot_ws/install/turtlesim/include/turtlesim/srv/detail/teleport_relative__struct.hpp
[2.671s] -- Up-to-date: /home/ubuntu/ROS2-Tutorials/robot_ws/install/turtlesim/include/turtlesim/srv/detail/kill__struct.hpp
[2.671s] -- Up-to-date: /home/ubuntu/ROS2-Tutorials/robot_ws/install/turtlesim/include/turtlesim/srv/detail/teleport_absolute__builder.hpp
[2.671s] -- Up-to-date: /home/ubuntu/ROS2-Tutorials/robot_ws/install/turtlesim/include/turtlesim/srv/detail/teleport_absolute__traits.hpp
[2.672s] -- Up-to-date: /home/ubuntu/ROS2-Tutorials/robot_ws/install/turtlesim/include/turtlesim/srv/detail/set_pen__struct.hpp
[2.672s] -- Up-to-date: /home/ubuntu/ROS2-Tutorials/robot_ws/install/turtlesim/include/turtlesim/srv/detail/kill__traits.hpp
[2.672s] -- Up-to-date: /home/ubuntu/ROS2-Tutorials/robot_ws/install/turtlesim/include/turtlesim/srv/detail/kill__builder.hpp
[2.672s] -- Up-to-date: /home/ubuntu/ROS2-Tutorials/robot_ws/install/turtlesim/include/turtlesim/srv/detail/spawn__struct.hpp
[2.672s] -- Up-to-date: /home/ubuntu/ROS2-Tutorials/robot_ws/install/turtlesim/include/turtlesim/srv/detail/set_pen__traits.hpp
[2.672s] -- Up-to-date: /home/ubuntu/ROS2-Tutorials/robot_ws/install/turtlesim/include/turtlesim/srv/detail/teleport_relative__traits.hpp
[2.673s] -- Up-to-date: /home/ubuntu/ROS2-Tutorials/robot_ws/install/turtlesim/include/turtlesim/srv/detail/teleport_relative__builder.hpp
[2.673s] -- Up-to-date: /home/ubuntu/ROS2-Tutorials/robot_ws/install/turtlesim/include/turtlesim/srv/detail/teleport_absolute__struct.hpp
[2.673s] -- Up-to-date: /home/ubuntu/ROS2-Tutorials/robot_ws/install/turtlesim/include/turtlesim/srv/detail/set_pen__builder.hpp
[2.673s] -- Up-to-date: /home/ubuntu/ROS2-Tutorials/robot_ws/install/turtlesim/include/turtlesim/msg
[2.673s] -- Up-to-date: /home/ubuntu/ROS2-Tutorials/robot_ws/install/turtlesim/include/turtlesim/msg/pose.hpp
[2.673s] -- Up-to-date: /home/ubuntu/ROS2-Tutorials/robot_ws/install/turtlesim/include/turtlesim/msg/detail
[2.673s] -- Up-to-date: /home/ubuntu/ROS2-Tutorials/robot_ws/install/turtlesim/include/turtlesim/msg/detail/pose__traits.hpp
[2.673s] -- Up-to-date: /home/ubuntu/ROS2-Tutorials/robot_ws/install/turtlesim/include/turtlesim/msg/detail/pose__builder.hpp
[2.674s] -- Up-to-date: /home/ubuntu/ROS2-Tutorials/robot_ws/install/turtlesim/include/turtlesim/msg/detail/color__struct.hpp
[2.674s] -- Up-to-date: /home/ubuntu/ROS2-Tutorials/robot_ws/install/turtlesim/include/turtlesim/msg/detail/color__traits.hpp
[2.674s] -- Up-to-date: /home/ubuntu/ROS2-Tutorials/robot_ws/install/turtlesim/include/turtlesim/msg/detail/pose__struct.hpp
[2.674s] -- Up-to-date: /home/ubuntu/ROS2-Tutorials/robot_ws/install/turtlesim/include/turtlesim/msg/detail/color__builder.hpp
[2.674s] -- Up-to-date: /home/ubuntu/ROS2-Tutorials/robot_ws/install/turtlesim/include/turtlesim/msg/color.hpp
[2.674s] -- Up-to-date: /home/ubuntu/ROS2-Tutorials/robot_ws/install/turtlesim/include/turtlesim/action
[2.674s] -- Up-to-date: /home/ubuntu/ROS2-Tutorials/robot_ws/install/turtlesim/include/turtlesim/action/rotate_absolute.hpp
[2.675s] -- Up-to-date: /home/ubuntu/ROS2-Tutorials/robot_ws/install/turtlesim/include/turtlesim/action/detail
[2.675s] -- Up-to-date: /home/ubuntu/ROS2-Tutorials/robot_ws/install/turtlesim/include/turtlesim/action/detail/rotate_absolute__traits.hpp
[2.675s] -- Up-to-date: /home/ubuntu/ROS2-Tutorials/robot_ws/install/turtlesim/include/turtlesim/action/detail/rotate_absolute__struct.hpp
[2.675s] -- Up-to-date: /home/ubuntu/ROS2-Tutorials/robot_ws/install/turtlesim/include/turtlesim/action/detail/rotate_absolute__builder.hpp
[2.675s] -- Up-to-date: /home/ubuntu/ROS2-Tutorials/robot_ws/install/turtlesim/include/turtlesim
[2.675s] -- Up-to-date: /home/ubuntu/ROS2-Tutorials/robot_ws/install/turtlesim/include/turtlesim/srv
[2.675s] -- Up-to-date: /home/ubuntu/ROS2-Tutorials/robot_ws/install/turtlesim/include/turtlesim/srv/detail
[2.676s] -- Up-to-date: /home/ubuntu/ROS2-Tutorials/robot_ws/install/turtlesim/include/turtlesim/srv/detail/kill__type_support.cpp
[2.676s] -- Up-to-date: /home/ubuntu/ROS2-Tutorials/robot_ws/install/turtlesim/include/turtlesim/srv/detail/set_pen__type_support.cpp
[2.676s] -- Up-to-date: /home/ubuntu/ROS2-Tutorials/robot_ws/install/turtlesim/include/turtlesim/srv/detail/spawn__type_support.cpp
[2.676s] -- Up-to-date: /home/ubuntu/ROS2-Tutorials/robot_ws/install/turtlesim/include/turtlesim/srv/detail/teleport_relative__type_support.cpp
[2.676s] -- Up-to-date: /home/ubuntu/ROS2-Tutorials/robot_ws/install/turtlesim/include/turtlesim/srv/detail/teleport_absolute__type_support.cpp
[2.676s] -- Up-to-date: /home/ubuntu/ROS2-Tutorials/robot_ws/install/turtlesim/include/turtlesim/srv/detail/teleport_absolute__rosidl_typesupport_introspection_cpp.hpp
[2.676s] -- Up-to-date: /home/ubuntu/ROS2-Tutorials/robot_ws/install/turtlesim/include/turtlesim/srv/detail/set_pen__rosidl_typesupport_introspection_cpp.hpp
[2.677s] -- Up-to-date: /home/ubuntu/ROS2-Tutorials/robot_ws/install/turtlesim/include/turtlesim/srv/detail/kill__rosidl_typesupport_introspection_cpp.hpp
[2.677s] -- Up-to-date: /home/ubuntu/ROS2-Tutorials/robot_ws/install/turtlesim/include/turtlesim/srv/detail/spawn__rosidl_typesupport_introspection_cpp.hpp
[2.677s] -- Up-to-date: /home/ubuntu/ROS2-Tutorials/robot_ws/install/turtlesim/include/turtlesim/srv/detail/teleport_relative__rosidl_typesupport_introspection_cpp.hpp
[2.677s] -- Up-to-date: /home/ubuntu/ROS2-Tutorials/robot_ws/install/turtlesim/include/turtlesim/msg
[2.677s] -- Up-to-date: /home/ubuntu/ROS2-Tutorials/robot_ws/install/turtlesim/include/turtlesim/msg/detail
[2.677s] -- Up-to-date: /home/ubuntu/ROS2-Tutorials/robot_ws/install/turtlesim/include/turtlesim/msg/detail/color__rosidl_typesupport_introspection_cpp.hpp
[2.677s] -- Up-to-date: /home/ubuntu/ROS2-Tutorials/robot_ws/install/turtlesim/include/turtlesim/msg/detail/pose__rosidl_typesupport_introspection_cpp.hpp
[2.677s] -- Up-to-date: /home/ubuntu/ROS2-Tutorials/robot_ws/install/turtlesim/include/turtlesim/msg/detail/color__type_support.cpp
[2.677s] -- Up-to-date: /home/ubuntu/ROS2-Tutorials/robot_ws/install/turtlesim/include/turtlesim/msg/detail/pose__type_support.cpp
[2.677s] -- Up-to-date: /home/ubuntu/ROS2-Tutorials/robot_ws/install/turtlesim/include/turtlesim/action
[2.678s] -- Up-to-date: /home/ubuntu/ROS2-Tutorials/robot_ws/install/turtlesim/include/turtlesim/action/detail
[2.678s] -- Up-to-date: /home/ubuntu/ROS2-Tutorials/robot_ws/install/turtlesim/include/turtlesim/action/detail/rotate_absolute__rosidl_typesupport_introspection_cpp.hpp
[2.678s] -- Up-to-date: /home/ubuntu/ROS2-Tutorials/robot_ws/install/turtlesim/include/turtlesim/action/detail/rotate_absolute__type_support.cpp
[2.678s] -- Up-to-date: /home/ubuntu/ROS2-Tutorials/robot_ws/install/turtlesim/lib/libturtlesim__rosidl_typesupport_introspection_cpp.so
[2.678s] -- Up-to-date: /home/ubuntu/ROS2-Tutorials/robot_ws/install/turtlesim/lib/libturtlesim__rosidl_typesupport_cpp.so
[2.678s] -- Up-to-date: /home/ubuntu/ROS2-Tutorials/robot_ws/install/turtlesim/share/turtlesim/environment/pythonpath.sh
[2.678s] -- Up-to-date: /home/ubuntu/ROS2-Tutorials/robot_ws/install/turtlesim/share/turtlesim/environment/pythonpath.dsv
[2.678s] -- Up-to-date: /home/ubuntu/ROS2-Tutorials/robot_ws/install/turtlesim/lib/python3.8/site-packages/turtlesim/__init__.py
[2.714s] -- Up-to-date: /home/ubuntu/ROS2-Tutorials/robot_ws/install/turtlesim/lib/python3.8/site-packages/turtlesim/action
[2.715s] -- Up-to-date: /home/ubuntu/ROS2-Tutorials/robot_ws/install/turtlesim/lib/python3.8/site-packages/turtlesim/action/_rotate_absolute.py
[2.715s] -- Up-to-date: /home/ubuntu/ROS2-Tutorials/robot_ws/install/turtlesim/lib/python3.8/site-packages/turtlesim/action/_rotate_absolute_s.c
[2.715s] -- Up-to-date: /home/ubuntu/ROS2-Tutorials/robot_ws/install/turtlesim/lib/python3.8/site-packages/turtlesim/action/__init__.py
[2.716s] -- Up-to-date: /home/ubuntu/ROS2-Tutorials/robot_ws/install/turtlesim/lib/python3.8/site-packages/turtlesim/msg
[2.716s] -- Up-to-date: /home/ubuntu/ROS2-Tutorials/robot_ws/install/turtlesim/lib/python3.8/site-packages/turtlesim/msg/_pose_s.c
[2.716s] -- Up-to-date: /home/ubuntu/ROS2-Tutorials/robot_ws/install/turtlesim/lib/python3.8/site-packages/turtlesim/msg/_color.py
[2.716s] -- Up-to-date: /home/ubuntu/ROS2-Tutorials/robot_ws/install/turtlesim/lib/python3.8/site-packages/turtlesim/msg/_pose.py
[2.716s] -- Up-to-date: /home/ubuntu/ROS2-Tutorials/robot_ws/install/turtlesim/lib/python3.8/site-packages/turtlesim/msg/_color_s.c
[2.716s] -- Up-to-date: /home/ubuntu/ROS2-Tutorials/robot_ws/install/turtlesim/lib/python3.8/site-packages/turtlesim/msg/__init__.py
[2.716s] -- Up-to-date: /home/ubuntu/ROS2-Tutorials/robot_ws/install/turtlesim/lib/python3.8/site-packages/turtlesim/srv
[2.717s] -- Up-to-date: /home/ubuntu/ROS2-Tutorials/robot_ws/install/turtlesim/lib/python3.8/site-packages/turtlesim/srv/_spawn.py
[2.717s] -- Up-to-date: /home/ubuntu/ROS2-Tutorials/robot_ws/install/turtlesim/lib/python3.8/site-packages/turtlesim/srv/_spawn_s.c
[2.717s] -- Up-to-date: /home/ubuntu/ROS2-Tutorials/robot_ws/install/turtlesim/lib/python3.8/site-packages/turtlesim/srv/_teleport_absolute_s.c
[2.717s] -- Up-to-date: /home/ubuntu/ROS2-Tutorials/robot_ws/install/turtlesim/lib/python3.8/site-packages/turtlesim/srv/_set_pen_s.c
[2.717s] -- Up-to-date: /home/ubuntu/ROS2-Tutorials/robot_ws/install/turtlesim/lib/python3.8/site-packages/turtlesim/srv/_teleport_relative.py
[2.717s] -- Up-to-date: /home/ubuntu/ROS2-Tutorials/robot_ws/install/turtlesim/lib/python3.8/site-packages/turtlesim/srv/_teleport_relative_s.c
[2.717s] -- Up-to-date: /home/ubuntu/ROS2-Tutorials/robot_ws/install/turtlesim/lib/python3.8/site-packages/turtlesim/srv/_kill_s.c
[2.717s] -- Up-to-date: /home/ubuntu/ROS2-Tutorials/robot_ws/install/turtlesim/lib/python3.8/site-packages/turtlesim/srv/_kill.py
[2.718s] -- Up-to-date: /home/ubuntu/ROS2-Tutorials/robot_ws/install/turtlesim/lib/python3.8/site-packages/turtlesim/srv/_set_pen.py
[2.718s] -- Up-to-date: /home/ubuntu/ROS2-Tutorials/robot_ws/install/turtlesim/lib/python3.8/site-packages/turtlesim/srv/_teleport_absolute.py
[2.719s] -- Up-to-date: /home/ubuntu/ROS2-Tutorials/robot_ws/install/turtlesim/lib/python3.8/site-packages/turtlesim/srv/__init__.py
[2.719s] -- Up-to-date: /home/ubuntu/ROS2-Tutorials/robot_ws/install/turtlesim/lib/python3.8/site-packages/turtlesim/turtlesim_s__rosidl_typesupport_fastrtps_c.cpython-38-x86_64-linux-gnu.so
[2.719s] -- Up-to-date: /home/ubuntu/ROS2-Tutorials/robot_ws/install/turtlesim/lib/python3.8/site-packages/turtlesim/turtlesim_s__rosidl_typesupport_introspection_c.cpython-38-x86_64-linux-gnu.so
[2.720s] -- Up-to-date: /home/ubuntu/ROS2-Tutorials/robot_ws/install/turtlesim/lib/python3.8/site-packages/turtlesim/turtlesim_s__rosidl_typesupport_c.cpython-38-x86_64-linux-gnu.so
[2.720s] -- Up-to-date: /home/ubuntu/ROS2-Tutorials/robot_ws/install/turtlesim/lib/libturtlesim__python.so
[2.721s] -- Up-to-date: /home/ubuntu/ROS2-Tutorials/robot_ws/install/turtlesim/share/turtlesim/action/RotateAbsolute.idl
[2.721s] -- Up-to-date: /home/ubuntu/ROS2-Tutorials/robot_ws/install/turtlesim/share/turtlesim/msg/Color.idl
[2.721s] -- Up-to-date: /home/ubuntu/ROS2-Tutorials/robot_ws/install/turtlesim/share/turtlesim/msg/Pose.idl
[2.722s] -- Up-to-date: /home/ubuntu/ROS2-Tutorials/robot_ws/install/turtlesim/share/turtlesim/srv/Kill.idl
[2.722s] -- Up-to-date: /home/ubuntu/ROS2-Tutorials/robot_ws/install/turtlesim/share/turtlesim/srv/SetPen.idl
[2.722s] -- Up-to-date: /home/ubuntu/ROS2-Tutorials/robot_ws/install/turtlesim/share/turtlesim/srv/Spawn.idl
[2.722s] -- Up-to-date: /home/ubuntu/ROS2-Tutorials/robot_ws/install/turtlesim/share/turtlesim/srv/TeleportAbsolute.idl
[2.723s] -- Up-to-date: /home/ubuntu/ROS2-Tutorials/robot_ws/install/turtlesim/share/turtlesim/srv/TeleportRelative.idl
[2.723s] -- Up-to-date: /home/ubuntu/ROS2-Tutorials/robot_ws/install/turtlesim/share/turtlesim/action/RotateAbsolute.action
[2.723s] -- Up-to-date: /home/ubuntu/ROS2-Tutorials/robot_ws/install/turtlesim/share/turtlesim/msg/Color.msg
[2.724s] -- Up-to-date: /home/ubuntu/ROS2-Tutorials/robot_ws/install/turtlesim/share/turtlesim/msg/Pose.msg
[2.724s] -- Up-to-date: /home/ubuntu/ROS2-Tutorials/robot_ws/install/turtlesim/share/turtlesim/srv/Kill.srv
[2.724s] -- Up-to-date: /home/ubuntu/ROS2-Tutorials/robot_ws/install/turtlesim/share/turtlesim/srv/Kill_Request.msg
[2.724s] -- Up-to-date: /home/ubuntu/ROS2-Tutorials/robot_ws/install/turtlesim/share/turtlesim/srv/Kill_Response.msg
[2.724s] -- Up-to-date: /home/ubuntu/ROS2-Tutorials/robot_ws/install/turtlesim/share/turtlesim/srv/SetPen.srv
[2.725s] -- Up-to-date: /home/ubuntu/ROS2-Tutorials/robot_ws/install/turtlesim/share/turtlesim/srv/SetPen_Request.msg
[2.725s] -- Up-to-date: /home/ubuntu/ROS2-Tutorials/robot_ws/install/turtlesim/share/turtlesim/srv/SetPen_Response.msg
[2.725s] -- Up-to-date: /home/ubuntu/ROS2-Tutorials/robot_ws/install/turtlesim/share/turtlesim/srv/Spawn.srv
[2.726s] -- Up-to-date: /home/ubuntu/ROS2-Tutorials/robot_ws/install/turtlesim/share/turtlesim/srv/Spawn_Request.msg
[2.726s] -- Up-to-date: /home/ubuntu/ROS2-Tutorials/robot_ws/install/turtlesim/share/turtlesim/srv/Spawn_Response.msg
[2.727s] -- Up-to-date: /home/ubuntu/ROS2-Tutorials/robot_ws/install/turtlesim/share/turtlesim/srv/TeleportAbsolute.srv
[2.727s] -- Up-to-date: /home/ubuntu/ROS2-Tutorials/robot_ws/install/turtlesim/share/turtlesim/srv/TeleportAbsolute_Request.msg
[2.727s] -- Up-to-date: /home/ubuntu/ROS2-Tutorials/robot_ws/install/turtlesim/share/turtlesim/srv/TeleportAbsolute_Response.msg
[2.727s] -- Up-to-date: /home/ubuntu/ROS2-Tutorials/robot_ws/install/turtlesim/share/turtlesim/srv/TeleportRelative.srv
[2.728s] -- Up-to-date: /home/ubuntu/ROS2-Tutorials/robot_ws/install/turtlesim/share/turtlesim/srv/TeleportRelative_Request.msg
[2.728s] -- Up-to-date: /home/ubuntu/ROS2-Tutorials/robot_ws/install/turtlesim/share/turtlesim/srv/TeleportRelative_Response.msg
[2.729s] -- Up-to-date: /home/ubuntu/ROS2-Tutorials/robot_ws/install/turtlesim/lib/turtlesim/turtlesim_node
[2.729s] -- Up-to-date: /home/ubuntu/ROS2-Tutorials/robot_ws/install/turtlesim/lib/turtlesim/turtle_teleop_key
[2.729s] -- Up-to-date: /home/ubuntu/ROS2-Tutorials/robot_ws/install/turtlesim/lib/turtlesim/draw_square
[2.729s] -- Up-to-date: /home/ubuntu/ROS2-Tutorials/robot_ws/install/turtlesim/lib/turtlesim/mimic
[2.730s] -- Up-to-date: /home/ubuntu/ROS2-Tutorials/robot_ws/install/turtlesim/share/turtlesim/images
[2.730s] -- Up-to-date: /home/ubuntu/ROS2-Tutorials/robot_ws/install/turtlesim/share/turtlesim/images/bouncy.png
[2.730s] -- Up-to-date: /home/ubuntu/ROS2-Tutorials/robot_ws/install/turtlesim/share/turtlesim/images/dashing.png
[2.730s] -- Up-to-date: /home/ubuntu/ROS2-Tutorials/robot_ws/install/turtlesim/share/turtlesim/images/ardent.png
[2.730s] -- Up-to-date: /home/ubuntu/ROS2-Tutorials/robot_ws/install/turtlesim/share/turtlesim/images/foxy.png
[2.730s] -- Up-to-date: /home/ubuntu/ROS2-Tutorials/robot_ws/install/turtlesim/share/turtlesim/images/crystal.png
[2.730s] -- Up-to-date: /home/ubuntu/ROS2-Tutorials/robot_ws/install/turtlesim/share/turtlesim/images/eloquent.png
[2.731s] -- Up-to-date: /home/ubuntu/ROS2-Tutorials/robot_ws/install/turtlesim/share/turtlesim/launch
[2.731s] -- Up-to-date: /home/ubuntu/ROS2-Tutorials/robot_ws/install/turtlesim/share/turtlesim/launch/multisim.launch.py
[2.731s] -- Up-to-date: /home/ubuntu/ROS2-Tutorials/robot_ws/install/turtlesim/share/ament_index/resource_index/package_run_dependencies/turtlesim
[2.731s] -- Up-to-date: /home/ubuntu/ROS2-Tutorials/robot_ws/install/turtlesim/share/ament_index/resource_index/parent_prefix_path/turtlesim
[2.731s] -- Up-to-date: /home/ubuntu/ROS2-Tutorials/robot_ws/install/turtlesim/share/turtlesim/environment/ament_prefix_path.sh
[2.731s] -- Up-to-date: /home/ubuntu/ROS2-Tutorials/robot_ws/install/turtlesim/share/turtlesim/environment/ament_prefix_path.dsv
[2.731s] -- Up-to-date: /home/ubuntu/ROS2-Tutorials/robot_ws/install/turtlesim/share/turtlesim/environment/path.sh
[2.731s] -- Up-to-date: /home/ubuntu/ROS2-Tutorials/robot_ws/install/turtlesim/share/turtlesim/environment/path.dsv
[2.731s] -- Up-to-date: /home/ubuntu/ROS2-Tutorials/robot_ws/install/turtlesim/share/turtlesim/local_setup.bash
[2.732s] -- Up-to-date: /home/ubuntu/ROS2-Tutorials/robot_ws/install/turtlesim/share/turtlesim/local_setup.sh
[2.732s] -- Up-to-date: /home/ubuntu/ROS2-Tutorials/robot_ws/install/turtlesim/share/turtlesim/local_setup.zsh
[2.732s] -- Up-to-date: /home/ubuntu/ROS2-Tutorials/robot_ws/install/turtlesim/share/turtlesim/local_setup.dsv
[2.732s] -- Installing: /home/ubuntu/ROS2-Tutorials/robot_ws/install/turtlesim/share/turtlesim/package.dsv
[2.732s] -- Up-to-date: /home/ubuntu/ROS2-Tutorials/robot_ws/install/turtlesim/share/ament_index/resource_index/packages/turtlesim
[2.732s] -- Up-to-date: /home/ubuntu/ROS2-Tutorials/robot_ws/install/turtlesim/share/turtlesim/cmake/turtlesim__rosidl_generator_cExport.cmake
[2.733s] -- Up-to-date: /home/ubuntu/ROS2-Tutorials/robot_ws/install/turtlesim/share/turtlesim/cmake/turtlesim__rosidl_generator_cExport-noconfig.cmake
[2.733s] -- Up-to-date: /home/ubuntu/ROS2-Tutorials/robot_ws/install/turtlesim/share/turtlesim/cmake/turtlesim__rosidl_typesupport_introspection_cExport.cmake
[2.734s] -- Up-to-date: /home/ubuntu/ROS2-Tutorials/robot_ws/install/turtlesim/share/turtlesim/cmake/turtlesim__rosidl_typesupport_introspection_cExport-noconfig.cmake
[2.734s] -- Up-to-date: /home/ubuntu/ROS2-Tutorials/robot_ws/install/turtlesim/share/turtlesim/cmake/turtlesim__rosidl_typesupport_cExport.cmake
[2.735s] -- Up-to-date: /home/ubuntu/ROS2-Tutorials/robot_ws/install/turtlesim/share/turtlesim/cmake/turtlesim__rosidl_typesupport_cExport-noconfig.cmake
[2.736s] -- Up-to-date: /home/ubuntu/ROS2-Tutorials/robot_ws/install/turtlesim/share/turtlesim/cmake/turtlesim__rosidl_generator_cppExport.cmake
[2.737s] -- Up-to-date: /home/ubuntu/ROS2-Tutorials/robot_ws/install/turtlesim/share/turtlesim/cmake/turtlesim__rosidl_typesupport_introspection_cppExport.cmake
[2.740s] -- Up-to-date: /home/ubuntu/ROS2-Tutorials/robot_ws/install/turtlesim/share/turtlesim/cmake/turtlesim__rosidl_typesupport_introspection_cppExport-noconfig.cmake
[2.741s] -- Up-to-date: /home/ubuntu/ROS2-Tutorials/robot_ws/install/turtlesim/share/turtlesim/cmake/turtlesim__rosidl_typesupport_cppExport.cmake
[2.741s] -- Up-to-date: /home/ubuntu/ROS2-Tutorials/robot_ws/install/turtlesim/share/turtlesim/cmake/turtlesim__rosidl_typesupport_cppExport-noconfig.cmake
[2.741s] -- Up-to-date: /home/ubuntu/ROS2-Tutorials/robot_ws/install/turtlesim/share/turtlesim/cmake/rosidl_cmake-extras.cmake
[2.741s] -- Up-to-date: /home/ubuntu/ROS2-Tutorials/robot_ws/install/turtlesim/share/turtlesim/cmake/ament_cmake_export_dependencies-extras.cmake
[2.742s] -- Up-to-date: /home/ubuntu/ROS2-Tutorials/robot_ws/install/turtlesim/share/turtlesim/cmake/ament_cmake_export_libraries-extras.cmake
[2.742s] -- Up-to-date: /home/ubuntu/ROS2-Tutorials/robot_ws/install/turtlesim/share/turtlesim/cmake/ament_cmake_export_targets-extras.cmake
[2.742s] -- Up-to-date: /home/ubuntu/ROS2-Tutorials/robot_ws/install/turtlesim/share/turtlesim/cmake/ament_cmake_export_include_directories-extras.cmake
[2.742s] -- Up-to-date: /home/ubuntu/ROS2-Tutorials/robot_ws/install/turtlesim/share/turtlesim/cmake/rosidl_cmake_export_typesupport_libraries-extras.cmake
[2.743s] -- Up-to-date: /home/ubuntu/ROS2-Tutorials/robot_ws/install/turtlesim/share/turtlesim/cmake/rosidl_cmake_export_typesupport_targets-extras.cmake
[2.743s] -- Up-to-date: /home/ubuntu/ROS2-Tutorials/robot_ws/install/turtlesim/share/turtlesim/cmake/turtlesimConfig.cmake
[2.743s] -- Up-to-date: /home/ubuntu/ROS2-Tutorials/robot_ws/install/turtlesim/share/turtlesim/cmake/turtlesimConfig-version.cmake
[2.743s] -- Up-to-date: /home/ubuntu/ROS2-Tutorials/robot_ws/install/turtlesim/share/turtlesim/package.xml
[2.744s] Invoked command in '/home/ubuntu/ROS2-Tutorials/robot_ws/build/turtlesim' returned '0': CMAKE_PREFIX_PATH=/home/ubuntu/ROS2-Tutorials/robot_ws/install/tb3_teleop:/home/ubuntu/ROS2-Tutorials/robot_ws/install/srv_examples:/home/ubuntu/ROS2-Tutorials/robot_ws/install/rqt_joy:/home/ubuntu/ROS2-Tutorials/robot_ws/install/pubsub:/home/ubuntu/ROS2-Tutorials/robot_ws/install/myfirstpackage:/home/ubuntu/ROS2-Tutorials/robot_ws/install/hello_world:/opt/ros/foxy:${CMAKE_PREFIX_PATH} /usr/bin/cmake --install /home/ubuntu/ROS2-Tutorials/robot_ws/build/turtlesim
