[1.436s] Invoking command in '/home/ubuntu/ROS2-Tutorials/robot_ws/src/hello_world': PYTHONPATH=/home/ubuntu/ROS2-Tutorials/robot_ws/install/hello_world/lib/python3.8/site-packages:${PYTHONPATH} /usr/bin/python3 setup.py egg_info --egg-base ../../build/hello_world build --build-base /home/ubuntu/ROS2-Tutorials/robot_ws/build/hello_world/build install --prefix /home/ubuntu/ROS2-Tutorials/robot_ws/install/hello_world --record /home/ubuntu/ROS2-Tutorials/robot_ws/build/hello_world/install.log --single-version-externally-managed
[1.716s] running egg_info
[1.717s] writing ../../build/hello_world/hello_world.egg-info/PKG-INFO
[1.717s] writing dependency_links to ../../build/hello_world/hello_world.egg-info/dependency_links.txt
[1.718s] writing entry points to ../../build/hello_world/hello_world.egg-info/entry_points.txt
[1.718s] writing requirements to ../../build/hello_world/hello_world.egg-info/requires.txt
[1.718s] writing top-level names to ../../build/hello_world/hello_world.egg-info/top_level.txt
[1.766s] reading manifest file '../../build/hello_world/hello_world.egg-info/SOURCES.txt'
[1.767s] writing manifest file '../../build/hello_world/hello_world.egg-info/SOURCES.txt'
[1.768s] running build
[1.768s] running build_py
[1.768s] running install
[1.769s] running install_lib
[1.771s] running install_data
[1.772s] running install_egg_info
[1.775s] removing '/home/ubuntu/ROS2-Tutorials/robot_ws/install/hello_world/lib/python3.8/site-packages/hello_world-0.0.0-py3.8.egg-info' (and everything under it)
[1.775s] Copying ../../build/hello_world/hello_world.egg-info to /home/ubuntu/ROS2-Tutorials/robot_ws/install/hello_world/lib/python3.8/site-packages/hello_world-0.0.0-py3.8.egg-info
[1.777s] running install_scripts
[1.805s] Installing hello_world script to /home/ubuntu/ROS2-Tutorials/robot_ws/install/hello_world/lib/hello_world
[1.805s] writing list of installed files to '/home/ubuntu/ROS2-Tutorials/robot_ws/build/hello_world/install.log'
[1.845s] Invoked command in '/home/ubuntu/ROS2-Tutorials/robot_ws/src/hello_world' returned '0': PYTHONPATH=/home/ubuntu/ROS2-Tutorials/robot_ws/install/hello_world/lib/python3.8/site-packages:${PYTHONPATH} /usr/bin/python3 setup.py egg_info --egg-base ../../build/hello_world build --build-base /home/ubuntu/ROS2-Tutorials/robot_ws/build/hello_world/build install --prefix /home/ubuntu/ROS2-Tutorials/robot_ws/install/hello_world --record /home/ubuntu/ROS2-Tutorials/robot_ws/build/hello_world/install.log --single-version-externally-managed
