[1.433s] Invoking command in '/home/ubuntu/ROS2-Tutorials/robot_ws/src/rqt_joy': PYTHONPATH=/home/ubuntu/ROS2-Tutorials/robot_ws/install/rqt_joy/lib/python3.8/site-packages:${PYTHONPATH} /usr/bin/python3 setup.py egg_info --egg-base ../../build/rqt_joy build --build-base /home/ubuntu/ROS2-Tutorials/robot_ws/build/rqt_joy/build install --prefix /home/ubuntu/ROS2-Tutorials/robot_ws/install/rqt_joy --record /home/ubuntu/ROS2-Tutorials/robot_ws/build/rqt_joy/install.log --single-version-externally-managed
[1.711s] running egg_info
[1.712s] writing ../../build/rqt_joy/rqt_joy.egg-info/PKG-INFO
[1.713s] writing dependency_links to ../../build/rqt_joy/rqt_joy.egg-info/dependency_links.txt
[1.713s] writing requirements to ../../build/rqt_joy/rqt_joy.egg-info/requires.txt
[1.713s] writing top-level names to ../../build/rqt_joy/rqt_joy.egg-info/top_level.txt
[1.761s] reading manifest file '../../build/rqt_joy/rqt_joy.egg-info/SOURCES.txt'
[1.762s] writing manifest file '../../build/rqt_joy/rqt_joy.egg-info/SOURCES.txt'
[1.762s] running build
[1.762s] running build_py
[1.763s] running build_scripts
[1.763s] running install
[1.764s] running install_lib
[1.765s] running install_data
[1.766s] running install_egg_info
[1.768s] removing '/home/ubuntu/ROS2-Tutorials/robot_ws/install/rqt_joy/lib/python3.8/site-packages/rqt_joy-1.0.0-py3.8.egg-info' (and everything under it)
[1.768s] Copying ../../build/rqt_joy/rqt_joy.egg-info to /home/ubuntu/ROS2-Tutorials/robot_ws/install/rqt_joy/lib/python3.8/site-packages/rqt_joy-1.0.0-py3.8.egg-info
[1.769s] running install_scripts
[1.800s] changing mode of /home/ubuntu/ROS2-Tutorials/robot_ws/install/rqt_joy/bin/rqt_joy to 755
[1.800s] writing list of installed files to '/home/ubuntu/ROS2-Tutorials/robot_ws/build/rqt_joy/install.log'
[1.826s] Invoked command in '/home/ubuntu/ROS2-Tutorials/robot_ws/src/rqt_joy' returned '0': PYTHONPATH=/home/ubuntu/ROS2-Tutorials/robot_ws/install/rqt_joy/lib/python3.8/site-packages:${PYTHONPATH} /usr/bin/python3 setup.py egg_info --egg-base ../../build/rqt_joy build --build-base /home/ubuntu/ROS2-Tutorials/robot_ws/build/rqt_joy/build install --prefix /home/ubuntu/ROS2-Tutorials/robot_ws/install/rqt_joy --record /home/ubuntu/ROS2-Tutorials/robot_ws/build/rqt_joy/install.log --single-version-externally-managed
