[1.456s] Invoking command in '/home/ubuntu/ROS2-Tutorials/robot_ws/src/srv_examples': PYTHONPATH=/home/ubuntu/ROS2-Tutorials/robot_ws/install/srv_examples/lib/python3.8/site-packages:${PYTHONPATH} /usr/bin/python3 setup.py egg_info --egg-base ../../build/srv_examples build --build-base /home/ubuntu/ROS2-Tutorials/robot_ws/build/srv_examples/build install --prefix /home/ubuntu/ROS2-Tutorials/robot_ws/install/srv_examples --record /home/ubuntu/ROS2-Tutorials/robot_ws/build/srv_examples/install.log --single-version-externally-managed
[1.763s] running egg_info
[1.764s] writing ../../build/srv_examples/srv_examples.egg-info/PKG-INFO
[1.765s] writing dependency_links to ../../build/srv_examples/srv_examples.egg-info/dependency_links.txt
[1.765s] writing entry points to ../../build/srv_examples/srv_examples.egg-info/entry_points.txt
[1.765s] writing requirements to ../../build/srv_examples/srv_examples.egg-info/requires.txt
[1.766s] writing top-level names to ../../build/srv_examples/srv_examples.egg-info/top_level.txt
[1.833s] reading manifest file '../../build/srv_examples/srv_examples.egg-info/SOURCES.txt'
[1.834s] writing manifest file '../../build/srv_examples/srv_examples.egg-info/SOURCES.txt'
[1.834s] running build
[1.834s] running build_py
[1.835s] running install
[1.835s] running install_lib
[1.835s] creating /home/ubuntu/ROS2-Tutorials/robot_ws/install/srv_examples/lib/python3.8/site-packages/srv_examples
[1.835s] copying /home/ubuntu/ROS2-Tutorials/robot_ws/build/srv_examples/build/lib/srv_examples/turtlesim_geofence_reset_srv.py -> /home/ubuntu/ROS2-Tutorials/robot_ws/install/srv_examples/lib/python3.8/site-packages/srv_examples
[1.836s] copying /home/ubuntu/ROS2-Tutorials/robot_ws/build/srv_examples/build/lib/srv_examples/open_gripper_service_server.py -> /home/ubuntu/ROS2-Tutorials/robot_ws/install/srv_examples/lib/python3.8/site-packages/srv_examples
[1.836s] copying /home/ubuntu/ROS2-Tutorials/robot_ws/build/srv_examples/build/lib/srv_examples/invert_gripper_service_client.py -> /home/ubuntu/ROS2-Tutorials/robot_ws/install/srv_examples/lib/python3.8/site-packages/srv_examples
[1.836s] copying /home/ubuntu/ROS2-Tutorials/robot_ws/build/srv_examples/build/lib/srv_examples/invert_mark.py -> /home/ubuntu/ROS2-Tutorials/robot_ws/install/srv_examples/lib/python3.8/site-packages/srv_examples
[1.836s] copying /home/ubuntu/ROS2-Tutorials/robot_ws/build/srv_examples/build/lib/srv_examples/test.py -> /home/ubuntu/ROS2-Tutorials/robot_ws/install/srv_examples/lib/python3.8/site-packages/srv_examples
[1.837s] copying /home/ubuntu/ROS2-Tutorials/robot_ws/build/srv_examples/build/lib/srv_examples/__init__.py -> /home/ubuntu/ROS2-Tutorials/robot_ws/install/srv_examples/lib/python3.8/site-packages/srv_examples
[1.838s] byte-compiling /home/ubuntu/ROS2-Tutorials/robot_ws/install/srv_examples/lib/python3.8/site-packages/srv_examples/turtlesim_geofence_reset_srv.py to turtlesim_geofence_reset_srv.cpython-38.pyc
[1.838s] byte-compiling /home/ubuntu/ROS2-Tutorials/robot_ws/install/srv_examples/lib/python3.8/site-packages/srv_examples/open_gripper_service_server.py to open_gripper_service_server.cpython-38.pyc
[1.839s] byte-compiling /home/ubuntu/ROS2-Tutorials/robot_ws/install/srv_examples/lib/python3.8/site-packages/srv_examples/invert_gripper_service_client.py to invert_gripper_service_client.cpython-38.pyc
[1.841s] byte-compiling /home/ubuntu/ROS2-Tutorials/robot_ws/install/srv_examples/lib/python3.8/site-packages/srv_examples/invert_mark.py to invert_mark.cpython-38.pyc
[1.841s] byte-compiling /home/ubuntu/ROS2-Tutorials/robot_ws/install/srv_examples/lib/python3.8/site-packages/srv_examples/test.py to test.cpython-38.pyc
[1.842s] byte-compiling /home/ubuntu/ROS2-Tutorials/robot_ws/install/srv_examples/lib/python3.8/site-packages/srv_examples/__init__.py to __init__.cpython-38.pyc
[1.842s] running install_data
[1.843s] creating /home/ubuntu/ROS2-Tutorials/robot_ws/install/srv_examples/share/ament_index
[1.843s] creating /home/ubuntu/ROS2-Tutorials/robot_ws/install/srv_examples/share/ament_index/resource_index
[1.843s] creating /home/ubuntu/ROS2-Tutorials/robot_ws/install/srv_examples/share/ament_index/resource_index/packages
[1.845s] copying resource/srv_examples -> /home/ubuntu/ROS2-Tutorials/robot_ws/install/srv_examples/share/ament_index/resource_index/packages
[1.845s] copying package.xml -> /home/ubuntu/ROS2-Tutorials/robot_ws/install/srv_examples/share/srv_examples
[1.845s] running install_egg_info
[1.845s] Copying ../../build/srv_examples/srv_examples.egg-info to /home/ubuntu/ROS2-Tutorials/robot_ws/install/srv_examples/lib/python3.8/site-packages/srv_examples-0.0.0-py3.8.egg-info
[1.846s] running install_scripts
[1.861s] Installing invert_gripper_service_client script to /home/ubuntu/ROS2-Tutorials/robot_ws/install/srv_examples/lib/srv_examples
[1.861s] Installing open_gripper_service_server script to /home/ubuntu/ROS2-Tutorials/robot_ws/install/srv_examples/lib/srv_examples
[1.861s] Installing turtlesim_geofence_reset_srv script to /home/ubuntu/ROS2-Tutorials/robot_ws/install/srv_examples/lib/srv_examples
[1.861s] writing list of installed files to '/home/ubuntu/ROS2-Tutorials/robot_ws/build/srv_examples/install.log'
