[1.463s] Invoking command in '/home/ubuntu/ROS2-Tutorials/robot_ws/src/pubsub': PYTHONPATH=/home/ubuntu/ROS2-Tutorials/robot_ws/install/pubsub/lib/python3.8/site-packages:${PYTHONPATH} /usr/bin/python3 setup.py egg_info --egg-base ../../build/pubsub build --build-base /home/ubuntu/ROS2-Tutorials/robot_ws/build/pubsub/build install --prefix /home/ubuntu/ROS2-Tutorials/robot_ws/install/pubsub --record /home/ubuntu/ROS2-Tutorials/robot_ws/build/pubsub/install.log --single-version-externally-managed
[1.747s] running egg_info
[1.747s] creating ../../build/pubsub/pubsub.egg-info
[1.749s] writing ../../build/pubsub/pubsub.egg-info/PKG-INFO
[1.749s] writing dependency_links to ../../build/pubsub/pubsub.egg-info/dependency_links.txt
[1.749s] writing entry points to ../../build/pubsub/pubsub.egg-info/entry_points.txt
[1.750s] writing requirements to ../../build/pubsub/pubsub.egg-info/requires.txt
[1.751s] writing top-level names to ../../build/pubsub/pubsub.egg-info/top_level.txt
[1.752s] writing manifest file '../../build/pubsub/pubsub.egg-info/SOURCES.txt'
[1.794s] reading manifest file '../../build/pubsub/pubsub.egg-info/SOURCES.txt'
[1.795s] writing manifest file '../../build/pubsub/pubsub.egg-info/SOURCES.txt'
[1.796s] running build
[1.796s] running build_py
[1.796s] creating /home/ubuntu/ROS2-Tutorials/robot_ws/build/pubsub/build
[1.797s] creating /home/ubuntu/ROS2-Tutorials/robot_ws/build/pubsub/build/lib
[1.797s] creating /home/ubuntu/ROS2-Tutorials/robot_ws/build/pubsub/build/lib/pubsub
[1.797s] copying pubsub/sub.py -> /home/ubuntu/ROS2-Tutorials/robot_ws/build/pubsub/build/lib/pubsub
[1.798s] copying pubsub/publisher.py -> /home/ubuntu/ROS2-Tutorials/robot_ws/build/pubsub/build/lib/pubsub
[1.799s] copying pubsub/__init__.py -> /home/ubuntu/ROS2-Tutorials/robot_ws/build/pubsub/build/lib/pubsub
[1.800s] running install
[1.800s] running install_lib
[1.806s] creating /home/ubuntu/ROS2-Tutorials/robot_ws/install/pubsub/lib/python3.8/site-packages/pubsub
[1.806s] copying /home/ubuntu/ROS2-Tutorials/robot_ws/build/pubsub/build/lib/pubsub/sub.py -> /home/ubuntu/ROS2-Tutorials/robot_ws/install/pubsub/lib/python3.8/site-packages/pubsub
[1.806s] copying /home/ubuntu/ROS2-Tutorials/robot_ws/build/pubsub/build/lib/pubsub/publisher.py -> /home/ubuntu/ROS2-Tutorials/robot_ws/install/pubsub/lib/python3.8/site-packages/pubsub
[1.806s] copying /home/ubuntu/ROS2-Tutorials/robot_ws/build/pubsub/build/lib/pubsub/__init__.py -> /home/ubuntu/ROS2-Tutorials/robot_ws/install/pubsub/lib/python3.8/site-packages/pubsub
[1.807s] byte-compiling /home/ubuntu/ROS2-Tutorials/robot_ws/install/pubsub/lib/python3.8/site-packages/pubsub/sub.py to sub.cpython-38.pyc
[1.813s] byte-compiling /home/ubuntu/ROS2-Tutorials/robot_ws/install/pubsub/lib/python3.8/site-packages/pubsub/publisher.py to publisher.cpython-38.pyc
[1.813s] byte-compiling /home/ubuntu/ROS2-Tutorials/robot_ws/install/pubsub/lib/python3.8/site-packages/pubsub/__init__.py to __init__.cpython-38.pyc
[1.813s] running install_data
[1.814s] creating /home/ubuntu/ROS2-Tutorials/robot_ws/install/pubsub/share/ament_index
[1.814s] creating /home/ubuntu/ROS2-Tutorials/robot_ws/install/pubsub/share/ament_index/resource_index
[1.814s] creating /home/ubuntu/ROS2-Tutorials/robot_ws/install/pubsub/share/ament_index/resource_index/packages
[1.814s] copying resource/pubsub -> /home/ubuntu/ROS2-Tutorials/robot_ws/install/pubsub/share/ament_index/resource_index/packages
[1.816s] copying package.xml -> /home/ubuntu/ROS2-Tutorials/robot_ws/install/pubsub/share/pubsub
[1.816s] running install_egg_info
[1.818s] Copying ../../build/pubsub/pubsub.egg-info to /home/ubuntu/ROS2-Tutorials/robot_ws/install/pubsub/lib/python3.8/site-packages/pubsub-0.0.0-py3.8.egg-info
[1.820s] running install_scripts
[1.838s] Installing myfirstpublisher script to /home/ubuntu/ROS2-Tutorials/robot_ws/install/pubsub/lib/pubsub
[1.838s] Installing myfirstsubscriber script to /home/ubuntu/ROS2-Tutorials/robot_ws/install/pubsub/lib/pubsub
[1.838s] writing list of installed files to '/home/ubuntu/ROS2-Tutorials/robot_ws/build/pubsub/install.log'
[1.888s] Invoked command in '/home/ubuntu/ROS2-Tutorials/robot_ws/src/pubsub' returned '0': PYTHONPATH=/home/ubuntu/ROS2-Tutorials/robot_ws/install/pubsub/lib/python3.8/site-packages:${PYTHONPATH} /usr/bin/python3 setup.py egg_info --egg-base ../../build/pubsub build --build-base /home/ubuntu/ROS2-Tutorials/robot_ws/build/pubsub/build install --prefix /home/ubuntu/ROS2-Tutorials/robot_ws/install/pubsub --record /home/ubuntu/ROS2-Tutorials/robot_ws/build/pubsub/install.log --single-version-externally-managed
