[1.542s] Invoking command in '/home/ubuntu/ROS2-Tutorials/robot_ws/src/pubsub': PYTHONPATH=/home/ubuntu/ROS2-Tutorials/robot_ws/install/pubsub/lib/python3.8/site-packages:${PYTHONPATH} /usr/bin/python3 setup.py egg_info --egg-base ../../build/pubsub build --build-base /home/ubuntu/ROS2-Tutorials/robot_ws/build/pubsub/build install --prefix /home/ubuntu/ROS2-Tutorials/robot_ws/install/pubsub --record /home/ubuntu/ROS2-Tutorials/robot_ws/build/pubsub/install.log --single-version-externally-managed
[1.874s] running egg_info
[1.875s] writing ../../build/pubsub/pubsub.egg-info/PKG-INFO
[1.876s] writing dependency_links to ../../build/pubsub/pubsub.egg-info/dependency_links.txt
[1.876s] writing entry points to ../../build/pubsub/pubsub.egg-info/entry_points.txt
[1.876s] writing requirements to ../../build/pubsub/pubsub.egg-info/requires.txt
[1.877s] writing top-level names to ../../build/pubsub/pubsub.egg-info/top_level.txt
[1.938s] reading manifest file '../../build/pubsub/pubsub.egg-info/SOURCES.txt'
[1.939s] writing manifest file '../../build/pubsub/pubsub.egg-info/SOURCES.txt'
[1.939s] running build
[1.939s] running build_py
[1.939s] running install
[1.940s] running install_lib
[1.941s] running install_data
[1.941s] running install_egg_info
[1.944s] removing '/home/ubuntu/ROS2-Tutorials/robot_ws/install/pubsub/lib/python3.8/site-packages/pubsub-0.0.0-py3.8.egg-info' (and everything under it)
[1.945s] Copying ../../build/pubsub/pubsub.egg-info to /home/ubuntu/ROS2-Tutorials/robot_ws/install/pubsub/lib/python3.8/site-packages/pubsub-0.0.0-py3.8.egg-info
[1.947s] running install_scripts
[1.987s] Installing myfirstpublisher script to /home/ubuntu/ROS2-Tutorials/robot_ws/install/pubsub/lib/pubsub
[1.989s] Installing myfirstsubscriber script to /home/ubuntu/ROS2-Tutorials/robot_ws/install/pubsub/lib/pubsub
[1.989s] writing list of installed files to '/home/ubuntu/ROS2-Tutorials/robot_ws/build/pubsub/install.log'
[2.047s] Invoked command in '/home/ubuntu/ROS2-Tutorials/robot_ws/src/pubsub' returned '0': PYTHONPATH=/home/ubuntu/ROS2-Tutorials/robot_ws/install/pubsub/lib/python3.8/site-packages:${PYTHONPATH} /usr/bin/python3 setup.py egg_info --egg-base ../../build/pubsub build --build-base /home/ubuntu/ROS2-Tutorials/robot_ws/build/pubsub/build install --prefix /home/ubuntu/ROS2-Tutorials/robot_ws/install/pubsub --record /home/ubuntu/ROS2-Tutorials/robot_ws/build/pubsub/install.log --single-version-externally-managed
