[1.476s] Invoking command in '/home/ubuntu/ROS2-Tutorials/robot_ws/src/hello_world': PYTHONPATH=/home/ubuntu/ROS2-Tutorials/robot_ws/install/hello_world/lib/python3.8/site-packages:${PYTHONPATH} /usr/bin/python3 setup.py egg_info --egg-base ../../build/hello_world build --build-base /home/ubuntu/ROS2-Tutorials/robot_ws/build/hello_world/build install --prefix /home/ubuntu/ROS2-Tutorials/robot_ws/install/hello_world --record /home/ubuntu/ROS2-Tutorials/robot_ws/build/hello_world/install.log --single-version-externally-managed
[1.756s] running egg_info
[1.757s] creating ../../build/hello_world/hello_world.egg-info
[1.757s] writing ../../build/hello_world/hello_world.egg-info/PKG-INFO
[1.757s] writing dependency_links to ../../build/hello_world/hello_world.egg-info/dependency_links.txt
[1.758s] writing entry points to ../../build/hello_world/hello_world.egg-info/entry_points.txt
[1.758s] writing requirements to ../../build/hello_world/hello_world.egg-info/requires.txt
[1.758s] writing top-level names to ../../build/hello_world/hello_world.egg-info/top_level.txt
[1.761s] writing manifest file '../../build/hello_world/hello_world.egg-info/SOURCES.txt'
[1.821s] reading manifest file '../../build/hello_world/hello_world.egg-info/SOURCES.txt'
[1.823s] writing manifest file '../../build/hello_world/hello_world.egg-info/SOURCES.txt'
[1.823s] running build
[1.824s] running build_py
[1.824s] creating /home/ubuntu/ROS2-Tutorials/robot_ws/build/hello_world/build
[1.824s] creating /home/ubuntu/ROS2-Tutorials/robot_ws/build/hello_world/build/lib
[1.825s] creating /home/ubuntu/ROS2-Tutorials/robot_ws/build/hello_world/build/lib/hello_world
[1.826s] copying hello_world/hello_world.py -> /home/ubuntu/ROS2-Tutorials/robot_ws/build/hello_world/build/lib/hello_world
[1.826s] copying hello_world/__init__.py -> /home/ubuntu/ROS2-Tutorials/robot_ws/build/hello_world/build/lib/hello_world
[1.827s] running install
[1.832s] running install_lib
[1.834s] creating /home/ubuntu/ROS2-Tutorials/robot_ws/install/hello_world/lib/python3.8/site-packages/hello_world
[1.834s] copying /home/ubuntu/ROS2-Tutorials/robot_ws/build/hello_world/build/lib/hello_world/hello_world.py -> /home/ubuntu/ROS2-Tutorials/robot_ws/install/hello_world/lib/python3.8/site-packages/hello_world
[1.834s] copying /home/ubuntu/ROS2-Tutorials/robot_ws/build/hello_world/build/lib/hello_world/__init__.py -> /home/ubuntu/ROS2-Tutorials/robot_ws/install/hello_world/lib/python3.8/site-packages/hello_world
[1.834s] byte-compiling /home/ubuntu/ROS2-Tutorials/robot_ws/install/hello_world/lib/python3.8/site-packages/hello_world/hello_world.py to hello_world.cpython-38.pyc
[1.839s] byte-compiling /home/ubuntu/ROS2-Tutorials/robot_ws/install/hello_world/lib/python3.8/site-packages/hello_world/__init__.py to __init__.cpython-38.pyc
[1.839s] running install_data
[1.839s] creating /home/ubuntu/ROS2-Tutorials/robot_ws/install/hello_world/share/ament_index
[1.839s] creating /home/ubuntu/ROS2-Tutorials/robot_ws/install/hello_world/share/ament_index/resource_index
[1.840s] creating /home/ubuntu/ROS2-Tutorials/robot_ws/install/hello_world/share/ament_index/resource_index/packages
[1.840s] copying resource/hello_world -> /home/ubuntu/ROS2-Tutorials/robot_ws/install/hello_world/share/ament_index/resource_index/packages
[1.840s] copying package.xml -> /home/ubuntu/ROS2-Tutorials/robot_ws/install/hello_world/share/hello_world
[1.841s] copying launch/hello.launch.py -> /home/ubuntu/ROS2-Tutorials/robot_ws/install/hello_world/share/hello_world
[1.841s] copying config/hello.yaml -> /home/ubuntu/ROS2-Tutorials/robot_ws/install/hello_world/share/hello_world
[1.841s] running install_egg_info
[1.846s] Copying ../../build/hello_world/hello_world.egg-info to /home/ubuntu/ROS2-Tutorials/robot_ws/install/hello_world/lib/python3.8/site-packages/hello_world-0.0.0-py3.8.egg-info
[1.849s] running install_scripts
[1.865s] Installing hello_world script to /home/ubuntu/ROS2-Tutorials/robot_ws/install/hello_world/lib/hello_world
[1.866s] writing list of installed files to '/home/ubuntu/ROS2-Tutorials/robot_ws/build/hello_world/install.log'
[1.933s] Invoked command in '/home/ubuntu/ROS2-Tutorials/robot_ws/src/hello_world' returned '0': PYTHONPATH=/home/ubuntu/ROS2-Tutorials/robot_ws/install/hello_world/lib/python3.8/site-packages:${PYTHONPATH} /usr/bin/python3 setup.py egg_info --egg-base ../../build/hello_world build --build-base /home/ubuntu/ROS2-Tutorials/robot_ws/build/hello_world/build install --prefix /home/ubuntu/ROS2-Tutorials/robot_ws/install/hello_world --record /home/ubuntu/ROS2-Tutorials/robot_ws/build/hello_world/install.log --single-version-externally-managed
