[1.648s] Invoking command in '/home/ubuntu/ROS2-Tutorials/robot_ws/src/srv_examples': PYTHONPATH=/home/ubuntu/ROS2-Tutorials/robot_ws/install/srv_examples/lib/python3.8/site-packages:${PYTHONPATH} /usr/bin/python3 setup.py egg_info --egg-base ../../build/srv_examples build --build-base /home/ubuntu/ROS2-Tutorials/robot_ws/build/srv_examples/build install --prefix /home/ubuntu/ROS2-Tutorials/robot_ws/install/srv_examples --record /home/ubuntu/ROS2-Tutorials/robot_ws/build/srv_examples/install.log --single-version-externally-managed
[2.040s] running egg_info
[2.042s] writing ../../build/srv_examples/srv_examples.egg-info/PKG-INFO
[2.042s] writing dependency_links to ../../build/srv_examples/srv_examples.egg-info/dependency_links.txt
[2.043s] writing entry points to ../../build/srv_examples/srv_examples.egg-info/entry_points.txt
[2.043s] writing requirements to ../../build/srv_examples/srv_examples.egg-info/requires.txt
[2.043s] writing top-level names to ../../build/srv_examples/srv_examples.egg-info/top_level.txt
[2.124s] reading manifest file '../../build/srv_examples/srv_examples.egg-info/SOURCES.txt'
[2.127s] writing manifest file '../../build/srv_examples/srv_examples.egg-info/SOURCES.txt'
[2.127s] running build
[2.128s] running build_py
[2.130s] copying srv_examples/turtlesim_geofence_reset_srv.py -> /home/ubuntu/ROS2-Tutorials/robot_ws/build/srv_examples/build/lib/srv_examples
[2.130s] copying srv_examples/open_gripper_service_server.py -> /home/ubuntu/ROS2-Tutorials/robot_ws/build/srv_examples/build/lib/srv_examples
[2.131s] copying srv_examples/invert_gripper_service_client.py -> /home/ubuntu/ROS2-Tutorials/robot_ws/build/srv_examples/build/lib/srv_examples
[2.131s] copying srv_examples/invert_mark.py -> /home/ubuntu/ROS2-Tutorials/robot_ws/build/srv_examples/build/lib/srv_examples
[2.131s] copying srv_examples/__init__.py -> /home/ubuntu/ROS2-Tutorials/robot_ws/build/srv_examples/build/lib/srv_examples
[2.131s] running install
[2.132s] running install_lib
[2.134s] copying /home/ubuntu/ROS2-Tutorials/robot_ws/build/srv_examples/build/lib/srv_examples/turtlesim_geofence_reset_srv.py -> /home/ubuntu/ROS2-Tutorials/robot_ws/install/srv_examples/lib/python3.8/site-packages/srv_examples
[2.134s] copying /home/ubuntu/ROS2-Tutorials/robot_ws/build/srv_examples/build/lib/srv_examples/open_gripper_service_server.py -> /home/ubuntu/ROS2-Tutorials/robot_ws/install/srv_examples/lib/python3.8/site-packages/srv_examples
[2.135s] copying /home/ubuntu/ROS2-Tutorials/robot_ws/build/srv_examples/build/lib/srv_examples/invert_gripper_service_client.py -> /home/ubuntu/ROS2-Tutorials/robot_ws/install/srv_examples/lib/python3.8/site-packages/srv_examples
[2.135s] copying /home/ubuntu/ROS2-Tutorials/robot_ws/build/srv_examples/build/lib/srv_examples/invert_mark.py -> /home/ubuntu/ROS2-Tutorials/robot_ws/install/srv_examples/lib/python3.8/site-packages/srv_examples
[2.137s] copying /home/ubuntu/ROS2-Tutorials/robot_ws/build/srv_examples/build/lib/srv_examples/__init__.py -> /home/ubuntu/ROS2-Tutorials/robot_ws/install/srv_examples/lib/python3.8/site-packages/srv_examples
[2.137s] byte-compiling /home/ubuntu/ROS2-Tutorials/robot_ws/install/srv_examples/lib/python3.8/site-packages/srv_examples/turtlesim_geofence_reset_srv.py to turtlesim_geofence_reset_srv.cpython-38.pyc
[2.140s] byte-compiling /home/ubuntu/ROS2-Tutorials/robot_ws/install/srv_examples/lib/python3.8/site-packages/srv_examples/open_gripper_service_server.py to open_gripper_service_server.cpython-38.pyc
[2.142s] byte-compiling /home/ubuntu/ROS2-Tutorials/robot_ws/install/srv_examples/lib/python3.8/site-packages/srv_examples/invert_gripper_service_client.py to invert_gripper_service_client.cpython-38.pyc
[2.142s] byte-compiling /home/ubuntu/ROS2-Tutorials/robot_ws/install/srv_examples/lib/python3.8/site-packages/srv_examples/invert_mark.py to invert_mark.cpython-38.pyc
[2.144s] byte-compiling /home/ubuntu/ROS2-Tutorials/robot_ws/install/srv_examples/lib/python3.8/site-packages/srv_examples/__init__.py to __init__.cpython-38.pyc
[2.145s] running install_data
[2.147s] copying resource/srv_examples -> /home/ubuntu/ROS2-Tutorials/robot_ws/install/srv_examples/share/ament_index/resource_index/packages
[2.148s] copying package.xml -> /home/ubuntu/ROS2-Tutorials/robot_ws/install/srv_examples/share/srv_examples
[2.148s] running install_egg_info
[2.154s] removing '/home/ubuntu/ROS2-Tutorials/robot_ws/install/srv_examples/lib/python3.8/site-packages/srv_examples-0.0.0-py3.8.egg-info' (and everything under it)
[2.154s] Copying ../../build/srv_examples/srv_examples.egg-info to /home/ubuntu/ROS2-Tutorials/robot_ws/install/srv_examples/lib/python3.8/site-packages/srv_examples-0.0.0-py3.8.egg-info
[2.156s] running install_scripts
[2.192s] Installing invert_gripper_service_client script to /home/ubuntu/ROS2-Tutorials/robot_ws/install/srv_examples/lib/srv_examples
[2.194s] Installing open_gripper_service_server script to /home/ubuntu/ROS2-Tutorials/robot_ws/install/srv_examples/lib/srv_examples
[2.194s] Installing turtlesim_geofence_reset_srv script to /home/ubuntu/ROS2-Tutorials/robot_ws/install/srv_examples/lib/srv_examples
[2.195s] writing list of installed files to '/home/ubuntu/ROS2-Tutorials/robot_ws/build/srv_examples/install.log'
[2.308s] Invoked command in '/home/ubuntu/ROS2-Tutorials/robot_ws/src/srv_examples' returned '0': PYTHONPATH=/home/ubuntu/ROS2-Tutorials/robot_ws/install/srv_examples/lib/python3.8/site-packages:${PYTHONPATH} /usr/bin/python3 setup.py egg_info --egg-base ../../build/srv_examples build --build-base /home/ubuntu/ROS2-Tutorials/robot_ws/build/srv_examples/build install --prefix /home/ubuntu/ROS2-Tutorials/robot_ws/install/srv_examples --record /home/ubuntu/ROS2-Tutorials/robot_ws/build/srv_examples/install.log --single-version-externally-managed
