[0.364s] DEBUG:colcon:Command line arguments: ['/usr/bin/colcon', 'build']
[0.364s] DEBUG:colcon:Parsed command line arguments: Namespace(ament_cmake_args=None, base_paths=['.'], build_base='build', catkin_cmake_args=None, catkin_skip_building_tests=False, cmake_args=None, cmake_clean_cache=False, cmake_clean_first=False, cmake_force_configure=False, cmake_target=None, cmake_target_skip_unavailable=False, continue_on_error=False, event_handlers=None, executor='parallel', ignore_user_meta=False, install_base='install', log_base=None, log_level=None, main=<bound method BuildVerb.main of <colcon_core.verb.build.BuildVerb object at 0x7fe76270e100>>, merge_install=False, metas=['./colcon.meta'], packages_above=None, packages_above_and_dependencies=None, packages_above_depth=None, packages_end=None, packages_ignore=None, packages_ignore_regex=None, packages_select=None, packages_select_build_failed=False, packages_select_by_dep=None, packages_select_regex=None, packages_select_test_failures=False, packages_skip=None, packages_skip_build_finished=False, packages_skip_by_dep=None, packages_skip_regex=None, packages_skip_test_passed=False, packages_skip_up_to=None, packages_start=None, packages_up_to=None, packages_up_to_regex=None, parallel_workers=12, paths=None, symlink_install=False, test_result_base=None, verb_extension=<colcon_core.verb.build.BuildVerb object at 0x7fe76270e100>, verb_name='build', verb_parser=<colcon_defaults.argument_parser.defaults.DefaultArgumentsDecorator object at 0x7fe76270e580>)
[0.370s] Level 1:colcon.colcon_core.package_discovery:discover_packages(colcon_meta) check parameters
[0.371s] Level 1:colcon.colcon_core.package_discovery:discover_packages(recursive) check parameters
[0.371s] Level 1:colcon.colcon_core.package_discovery:discover_packages(ignore) check parameters
[0.371s] Level 1:colcon.colcon_core.package_discovery:discover_packages(path) check parameters
[0.371s] Level 1:colcon.colcon_core.package_discovery:discover_packages(colcon_meta) discover
[0.371s] Level 1:colcon.colcon_core.package_discovery:discover_packages(recursive) discover
[0.371s] INFO:colcon.colcon_core.package_discovery:Crawling recursively for packages in '/home/ubuntu/ROS2-Tutorials/robot_ws'
[0.371s] Level 1:colcon.colcon_core.package_identification:_identify(.) by extensions ['ignore', 'ignore_ament_install']
[0.371s] Level 1:colcon.colcon_core.package_identification:_identify(.) by extension 'ignore'
[0.371s] Level 1:colcon.colcon_core.package_identification:_identify(.) by extension 'ignore_ament_install'
[0.371s] Level 1:colcon.colcon_core.package_identification:_identify(.) by extensions ['colcon_pkg']
[0.371s] Level 1:colcon.colcon_core.package_identification:_identify(.) by extension 'colcon_pkg'
[0.371s] Level 1:colcon.colcon_core.package_identification:_identify(.) by extensions ['colcon_meta']
[0.371s] Level 1:colcon.colcon_core.package_identification:_identify(.) by extension 'colcon_meta'
[0.371s] Level 1:colcon.colcon_core.package_identification:_identify(.) by extensions ['ros']
[0.372s] Level 1:colcon.colcon_core.package_identification:_identify(.) by extension 'ros'
[0.387s] Level 1:colcon.colcon_core.package_identification:_identify(.) by extensions ['cmake', 'python']
[0.387s] Level 1:colcon.colcon_core.package_identification:_identify(.) by extension 'cmake'
[0.387s] Level 1:colcon.colcon_core.package_identification:_identify(.) by extension 'python'
[0.387s] Level 1:colcon.colcon_core.package_identification:_identify(.) by extensions ['python_setup_py']
[0.387s] Level 1:colcon.colcon_core.package_identification:_identify(.) by extension 'python_setup_py'
[0.387s] Level 1:colcon.colcon_core.package_identification:_identify(build) by extensions ['ignore', 'ignore_ament_install']
[0.388s] Level 1:colcon.colcon_core.package_identification:_identify(build) by extension 'ignore'
[0.388s] Level 1:colcon.colcon_core.package_identification:_identify(build) ignored
[0.388s] Level 1:colcon.colcon_core.package_identification:_identify(install) by extensions ['ignore', 'ignore_ament_install']
[0.388s] Level 1:colcon.colcon_core.package_identification:_identify(install) by extension 'ignore'
[0.388s] Level 1:colcon.colcon_core.package_identification:_identify(install) ignored
[0.388s] Level 1:colcon.colcon_core.package_identification:_identify(log) by extensions ['ignore', 'ignore_ament_install']
[0.388s] Level 1:colcon.colcon_core.package_identification:_identify(log) by extension 'ignore'
[0.388s] Level 1:colcon.colcon_core.package_identification:_identify(log) ignored
[0.388s] Level 1:colcon.colcon_core.package_identification:_identify(src) by extensions ['ignore', 'ignore_ament_install']
[0.389s] Level 1:colcon.colcon_core.package_identification:_identify(src) by extension 'ignore'
[0.389s] Level 1:colcon.colcon_core.package_identification:_identify(src) by extension 'ignore_ament_install'
[0.389s] Level 1:colcon.colcon_core.package_identification:_identify(src) by extensions ['colcon_pkg']
[0.389s] Level 1:colcon.colcon_core.package_identification:_identify(src) by extension 'colcon_pkg'
[0.389s] Level 1:colcon.colcon_core.package_identification:_identify(src) by extensions ['colcon_meta']
[0.389s] Level 1:colcon.colcon_core.package_identification:_identify(src) by extension 'colcon_meta'
[0.389s] Level 1:colcon.colcon_core.package_identification:_identify(src) by extensions ['ros']
[0.389s] Level 1:colcon.colcon_core.package_identification:_identify(src) by extension 'ros'
[0.389s] Level 1:colcon.colcon_core.package_identification:_identify(src) by extensions ['cmake', 'python']
[0.389s] Level 1:colcon.colcon_core.package_identification:_identify(src) by extension 'cmake'
[0.389s] Level 1:colcon.colcon_core.package_identification:_identify(src) by extension 'python'
[0.389s] Level 1:colcon.colcon_core.package_identification:_identify(src) by extensions ['python_setup_py']
[0.389s] Level 1:colcon.colcon_core.package_identification:_identify(src) by extension 'python_setup_py'
[0.389s] Level 1:colcon.colcon_core.package_identification:_identify(src/hello_world) by extensions ['ignore', 'ignore_ament_install']
[0.390s] Level 1:colcon.colcon_core.package_identification:_identify(src/hello_world) by extension 'ignore'
[0.390s] Level 1:colcon.colcon_core.package_identification:_identify(src/hello_world) by extension 'ignore_ament_install'
[0.390s] Level 1:colcon.colcon_core.package_identification:_identify(src/hello_world) by extensions ['colcon_pkg']
[0.390s] Level 1:colcon.colcon_core.package_identification:_identify(src/hello_world) by extension 'colcon_pkg'
[0.390s] Level 1:colcon.colcon_core.package_identification:_identify(src/hello_world) by extensions ['colcon_meta']
[0.390s] Level 1:colcon.colcon_core.package_identification:_identify(src/hello_world) by extension 'colcon_meta'
[0.390s] Level 1:colcon.colcon_core.package_identification:_identify(src/hello_world) by extensions ['ros']
[0.390s] Level 1:colcon.colcon_core.package_identification:_identify(src/hello_world) by extension 'ros'
[0.393s] DEBUG:colcon.colcon_core.package_identification:Package 'src/hello_world' with type 'ros.ament_python' and name 'hello_world'
[0.393s] Level 1:colcon.colcon_core.package_identification:_identify(src/myfirstpackage) by extensions ['ignore', 'ignore_ament_install']
[0.393s] Level 1:colcon.colcon_core.package_identification:_identify(src/myfirstpackage) by extension 'ignore'
[0.393s] Level 1:colcon.colcon_core.package_identification:_identify(src/myfirstpackage) by extension 'ignore_ament_install'
[0.393s] Level 1:colcon.colcon_core.package_identification:_identify(src/myfirstpackage) by extensions ['colcon_pkg']
[0.393s] Level 1:colcon.colcon_core.package_identification:_identify(src/myfirstpackage) by extension 'colcon_pkg'
[0.393s] Level 1:colcon.colcon_core.package_identification:_identify(src/myfirstpackage) by extensions ['colcon_meta']
[0.393s] Level 1:colcon.colcon_core.package_identification:_identify(src/myfirstpackage) by extension 'colcon_meta'
[0.393s] Level 1:colcon.colcon_core.package_identification:_identify(src/myfirstpackage) by extensions ['ros']
[0.393s] Level 1:colcon.colcon_core.package_identification:_identify(src/myfirstpackage) by extension 'ros'
[0.394s] DEBUG:colcon.colcon_core.package_identification:Package 'src/myfirstpackage' with type 'ros.ament_python' and name 'myfirstpackage'
[0.394s] Level 1:colcon.colcon_core.package_identification:_identify(src/pubsub) by extensions ['ignore', 'ignore_ament_install']
[0.394s] Level 1:colcon.colcon_core.package_identification:_identify(src/pubsub) by extension 'ignore'
[0.394s] Level 1:colcon.colcon_core.package_identification:_identify(src/pubsub) by extension 'ignore_ament_install'
[0.394s] Level 1:colcon.colcon_core.package_identification:_identify(src/pubsub) by extensions ['colcon_pkg']
[0.395s] Level 1:colcon.colcon_core.package_identification:_identify(src/pubsub) by extension 'colcon_pkg'
[0.395s] Level 1:colcon.colcon_core.package_identification:_identify(src/pubsub) by extensions ['colcon_meta']
[0.395s] Level 1:colcon.colcon_core.package_identification:_identify(src/pubsub) by extension 'colcon_meta'
[0.395s] Level 1:colcon.colcon_core.package_identification:_identify(src/pubsub) by extensions ['ros']
[0.395s] Level 1:colcon.colcon_core.package_identification:_identify(src/pubsub) by extension 'ros'
[0.395s] DEBUG:colcon.colcon_core.package_identification:Package 'src/pubsub' with type 'ros.ament_python' and name 'pubsub'
[0.396s] Level 1:colcon.colcon_core.package_identification:_identify(src/ros_tutorials) by extensions ['ignore', 'ignore_ament_install']
[0.396s] Level 1:colcon.colcon_core.package_identification:_identify(src/ros_tutorials) by extension 'ignore'
[0.396s] Level 1:colcon.colcon_core.package_identification:_identify(src/ros_tutorials) by extension 'ignore_ament_install'
[0.396s] Level 1:colcon.colcon_core.package_identification:_identify(src/ros_tutorials) by extensions ['colcon_pkg']
[0.396s] Level 1:colcon.colcon_core.package_identification:_identify(src/ros_tutorials) by extension 'colcon_pkg'
[0.396s] Level 1:colcon.colcon_core.package_identification:_identify(src/ros_tutorials) by extensions ['colcon_meta']
[0.396s] Level 1:colcon.colcon_core.package_identification:_identify(src/ros_tutorials) by extension 'colcon_meta'
[0.396s] Level 1:colcon.colcon_core.package_identification:_identify(src/ros_tutorials) by extensions ['ros']
[0.396s] Level 1:colcon.colcon_core.package_identification:_identify(src/ros_tutorials) by extension 'ros'
[0.396s] Level 1:colcon.colcon_core.package_identification:_identify(src/ros_tutorials) by extensions ['cmake', 'python']
[0.396s] Level 1:colcon.colcon_core.package_identification:_identify(src/ros_tutorials) by extension 'cmake'
[0.396s] Level 1:colcon.colcon_core.package_identification:_identify(src/ros_tutorials) by extension 'python'
[0.396s] Level 1:colcon.colcon_core.package_identification:_identify(src/ros_tutorials) by extensions ['python_setup_py']
[0.396s] Level 1:colcon.colcon_core.package_identification:_identify(src/ros_tutorials) by extension 'python_setup_py'
[0.397s] Level 1:colcon.colcon_core.package_identification:_identify(src/ros_tutorials/ros_tutorials) by extensions ['ignore', 'ignore_ament_install']
[0.397s] Level 1:colcon.colcon_core.package_identification:_identify(src/ros_tutorials/ros_tutorials) by extension 'ignore'
[0.397s] Level 1:colcon.colcon_core.package_identification:_identify(src/ros_tutorials/ros_tutorials) ignored
[0.397s] Level 1:colcon.colcon_core.package_identification:_identify(src/ros_tutorials/roscpp_tutorials) by extensions ['ignore', 'ignore_ament_install']
[0.397s] Level 1:colcon.colcon_core.package_identification:_identify(src/ros_tutorials/roscpp_tutorials) by extension 'ignore'
[0.397s] Level 1:colcon.colcon_core.package_identification:_identify(src/ros_tutorials/roscpp_tutorials) ignored
[0.397s] Level 1:colcon.colcon_core.package_identification:_identify(src/ros_tutorials/rospy_tutorials) by extensions ['ignore', 'ignore_ament_install']
[0.397s] Level 1:colcon.colcon_core.package_identification:_identify(src/ros_tutorials/rospy_tutorials) by extension 'ignore'
[0.397s] Level 1:colcon.colcon_core.package_identification:_identify(src/ros_tutorials/rospy_tutorials) ignored
[0.397s] Level 1:colcon.colcon_core.package_identification:_identify(src/ros_tutorials/turtlesim) by extensions ['ignore', 'ignore_ament_install']
[0.398s] Level 1:colcon.colcon_core.package_identification:_identify(src/ros_tutorials/turtlesim) by extension 'ignore'
[0.398s] Level 1:colcon.colcon_core.package_identification:_identify(src/ros_tutorials/turtlesim) by extension 'ignore_ament_install'
[0.398s] Level 1:colcon.colcon_core.package_identification:_identify(src/ros_tutorials/turtlesim) by extensions ['colcon_pkg']
[0.398s] Level 1:colcon.colcon_core.package_identification:_identify(src/ros_tutorials/turtlesim) by extension 'colcon_pkg'
[0.398s] Level 1:colcon.colcon_core.package_identification:_identify(src/ros_tutorials/turtlesim) by extensions ['colcon_meta']
[0.398s] Level 1:colcon.colcon_core.package_identification:_identify(src/ros_tutorials/turtlesim) by extension 'colcon_meta'
[0.398s] Level 1:colcon.colcon_core.package_identification:_identify(src/ros_tutorials/turtlesim) by extensions ['ros']
[0.398s] Level 1:colcon.colcon_core.package_identification:_identify(src/ros_tutorials/turtlesim) by extension 'ros'
[0.399s] DEBUG:colcon.colcon_core.package_identification:Package 'src/ros_tutorials/turtlesim' with type 'ros.ament_cmake' and name 'turtlesim'
[0.399s] Level 1:colcon.colcon_core.package_identification:_identify(src/rqt_joy) by extensions ['ignore', 'ignore_ament_install']
[0.400s] Level 1:colcon.colcon_core.package_identification:_identify(src/rqt_joy) by extension 'ignore'
[0.400s] Level 1:colcon.colcon_core.package_identification:_identify(src/rqt_joy) by extension 'ignore_ament_install'
[0.400s] Level 1:colcon.colcon_core.package_identification:_identify(src/rqt_joy) by extensions ['colcon_pkg']
[0.400s] Level 1:colcon.colcon_core.package_identification:_identify(src/rqt_joy) by extension 'colcon_pkg'
[0.400s] Level 1:colcon.colcon_core.package_identification:_identify(src/rqt_joy) by extensions ['colcon_meta']
[0.400s] Level 1:colcon.colcon_core.package_identification:_identify(src/rqt_joy) by extension 'colcon_meta'
[0.400s] Level 1:colcon.colcon_core.package_identification:_identify(src/rqt_joy) by extensions ['ros']
[0.400s] Level 1:colcon.colcon_core.package_identification:_identify(src/rqt_joy) by extension 'ros'
[0.401s] DEBUG:colcon.colcon_core.package_identification:Package 'src/rqt_joy' with type 'ros.ament_python' and name 'rqt_joy'
[0.401s] Level 1:colcon.colcon_core.package_identification:_identify(src/srv_examples) by extensions ['ignore', 'ignore_ament_install']
[0.401s] Level 1:colcon.colcon_core.package_identification:_identify(src/srv_examples) by extension 'ignore'
[0.401s] Level 1:colcon.colcon_core.package_identification:_identify(src/srv_examples) by extension 'ignore_ament_install'
[0.401s] Level 1:colcon.colcon_core.package_identification:_identify(src/srv_examples) by extensions ['colcon_pkg']
[0.401s] Level 1:colcon.colcon_core.package_identification:_identify(src/srv_examples) by extension 'colcon_pkg'
[0.401s] Level 1:colcon.colcon_core.package_identification:_identify(src/srv_examples) by extensions ['colcon_meta']
[0.401s] Level 1:colcon.colcon_core.package_identification:_identify(src/srv_examples) by extension 'colcon_meta'
[0.401s] Level 1:colcon.colcon_core.package_identification:_identify(src/srv_examples) by extensions ['ros']
[0.401s] Level 1:colcon.colcon_core.package_identification:_identify(src/srv_examples) by extension 'ros'
[0.402s] DEBUG:colcon.colcon_core.package_identification:Package 'src/srv_examples' with type 'ros.ament_python' and name 'srv_examples'
[0.402s] Level 1:colcon.colcon_core.package_identification:_identify(src/tb3_teleop) by extensions ['ignore', 'ignore_ament_install']
[0.403s] Level 1:colcon.colcon_core.package_identification:_identify(src/tb3_teleop) by extension 'ignore'
[0.403s] Level 1:colcon.colcon_core.package_identification:_identify(src/tb3_teleop) by extension 'ignore_ament_install'
[0.403s] Level 1:colcon.colcon_core.package_identification:_identify(src/tb3_teleop) by extensions ['colcon_pkg']
[0.403s] Level 1:colcon.colcon_core.package_identification:_identify(src/tb3_teleop) by extension 'colcon_pkg'
[0.403s] Level 1:colcon.colcon_core.package_identification:_identify(src/tb3_teleop) by extensions ['colcon_meta']
[0.403s] Level 1:colcon.colcon_core.package_identification:_identify(src/tb3_teleop) by extension 'colcon_meta'
[0.403s] Level 1:colcon.colcon_core.package_identification:_identify(src/tb3_teleop) by extensions ['ros']
[0.403s] Level 1:colcon.colcon_core.package_identification:_identify(src/tb3_teleop) by extension 'ros'
[0.404s] DEBUG:colcon.colcon_core.package_identification:Package 'src/tb3_teleop' with type 'ros.ament_python' and name 'tb3_teleop'
[0.404s] Level 1:colcon.colcon_core.package_discovery:discover_packages(recursive) using defaults
[0.404s] Level 1:colcon.colcon_core.package_discovery:discover_packages(ignore) discover
[0.404s] Level 1:colcon.colcon_core.package_discovery:discover_packages(ignore) using defaults
[0.404s] Level 1:colcon.colcon_core.package_discovery:discover_packages(path) discover
[0.404s] Level 1:colcon.colcon_core.package_discovery:discover_packages(path) using defaults
[0.428s] Level 5:colcon.colcon_core.verb:set package 'hello_world' build argument 'cmake_args' from command line to 'None'
[0.428s] Level 5:colcon.colcon_core.verb:set package 'hello_world' build argument 'cmake_target' from command line to 'None'
[0.428s] Level 5:colcon.colcon_core.verb:set package 'hello_world' build argument 'cmake_target_skip_unavailable' from command line to 'False'
[0.428s] Level 5:colcon.colcon_core.verb:set package 'hello_world' build argument 'cmake_clean_cache' from command line to 'False'
[0.429s] Level 5:colcon.colcon_core.verb:set package 'hello_world' build argument 'cmake_clean_first' from command line to 'False'
[0.429s] Level 5:colcon.colcon_core.verb:set package 'hello_world' build argument 'cmake_force_configure' from command line to 'False'
[0.429s] Level 5:colcon.colcon_core.verb:set package 'hello_world' build argument 'ament_cmake_args' from command line to 'None'
[0.429s] Level 5:colcon.colcon_core.verb:set package 'hello_world' build argument 'catkin_cmake_args' from command line to 'None'
[0.429s] Level 5:colcon.colcon_core.verb:set package 'hello_world' build argument 'catkin_skip_building_tests' from command line to 'False'
[0.429s] DEBUG:colcon.colcon_core.verb:Building package 'hello_world' with the following arguments: {'ament_cmake_args': None, 'build_base': '/home/ubuntu/ROS2-Tutorials/robot_ws/build/hello_world', 'catkin_cmake_args': None, 'catkin_skip_building_tests': False, 'cmake_args': None, 'cmake_clean_cache': False, 'cmake_clean_first': False, 'cmake_force_configure': False, 'cmake_target': None, 'cmake_target_skip_unavailable': False, 'install_base': '/home/ubuntu/ROS2-Tutorials/robot_ws/install/hello_world', 'merge_install': False, 'path': '/home/ubuntu/ROS2-Tutorials/robot_ws/src/hello_world', 'symlink_install': False, 'test_result_base': None}
[0.432s] Level 5:colcon.colcon_core.verb:set package 'myfirstpackage' build argument 'cmake_args' from command line to 'None'
[0.432s] Level 5:colcon.colcon_core.verb:set package 'myfirstpackage' build argument 'cmake_target' from command line to 'None'
[0.432s] Level 5:colcon.colcon_core.verb:set package 'myfirstpackage' build argument 'cmake_target_skip_unavailable' from command line to 'False'
[0.432s] Level 5:colcon.colcon_core.verb:set package 'myfirstpackage' build argument 'cmake_clean_cache' from command line to 'False'
[0.432s] Level 5:colcon.colcon_core.verb:set package 'myfirstpackage' build argument 'cmake_clean_first' from command line to 'False'
[0.432s] Level 5:colcon.colcon_core.verb:set package 'myfirstpackage' build argument 'cmake_force_configure' from command line to 'False'
[0.432s] Level 5:colcon.colcon_core.verb:set package 'myfirstpackage' build argument 'ament_cmake_args' from command line to 'None'
[0.432s] Level 5:colcon.colcon_core.verb:set package 'myfirstpackage' build argument 'catkin_cmake_args' from command line to 'None'
[0.432s] Level 5:colcon.colcon_core.verb:set package 'myfirstpackage' build argument 'catkin_skip_building_tests' from command line to 'False'
[0.432s] DEBUG:colcon.colcon_core.verb:Building package 'myfirstpackage' with the following arguments: {'ament_cmake_args': None, 'build_base': '/home/ubuntu/ROS2-Tutorials/robot_ws/build/myfirstpackage', 'catkin_cmake_args': None, 'catkin_skip_building_tests': False, 'cmake_args': None, 'cmake_clean_cache': False, 'cmake_clean_first': False, 'cmake_force_configure': False, 'cmake_target': None, 'cmake_target_skip_unavailable': False, 'install_base': '/home/ubuntu/ROS2-Tutorials/robot_ws/install/myfirstpackage', 'merge_install': False, 'path': '/home/ubuntu/ROS2-Tutorials/robot_ws/src/myfirstpackage', 'symlink_install': False, 'test_result_base': None}
[0.435s] Level 5:colcon.colcon_core.verb:set package 'pubsub' build argument 'cmake_args' from command line to 'None'
[0.435s] Level 5:colcon.colcon_core.verb:set package 'pubsub' build argument 'cmake_target' from command line to 'None'
[0.435s] Level 5:colcon.colcon_core.verb:set package 'pubsub' build argument 'cmake_target_skip_unavailable' from command line to 'False'
[0.435s] Level 5:colcon.colcon_core.verb:set package 'pubsub' build argument 'cmake_clean_cache' from command line to 'False'
[0.435s] Level 5:colcon.colcon_core.verb:set package 'pubsub' build argument 'cmake_clean_first' from command line to 'False'
[0.435s] Level 5:colcon.colcon_core.verb:set package 'pubsub' build argument 'cmake_force_configure' from command line to 'False'
[0.435s] Level 5:colcon.colcon_core.verb:set package 'pubsub' build argument 'ament_cmake_args' from command line to 'None'
[0.435s] Level 5:colcon.colcon_core.verb:set package 'pubsub' build argument 'catkin_cmake_args' from command line to 'None'
[0.435s] Level 5:colcon.colcon_core.verb:set package 'pubsub' build argument 'catkin_skip_building_tests' from command line to 'False'
[0.435s] DEBUG:colcon.colcon_core.verb:Building package 'pubsub' with the following arguments: {'ament_cmake_args': None, 'build_base': '/home/ubuntu/ROS2-Tutorials/robot_ws/build/pubsub', 'catkin_cmake_args': None, 'catkin_skip_building_tests': False, 'cmake_args': None, 'cmake_clean_cache': False, 'cmake_clean_first': False, 'cmake_force_configure': False, 'cmake_target': None, 'cmake_target_skip_unavailable': False, 'install_base': '/home/ubuntu/ROS2-Tutorials/robot_ws/install/pubsub', 'merge_install': False, 'path': '/home/ubuntu/ROS2-Tutorials/robot_ws/src/pubsub', 'symlink_install': False, 'test_result_base': None}
[0.438s] Level 5:colcon.colcon_core.verb:set package 'rqt_joy' build argument 'cmake_args' from command line to 'None'
[0.438s] Level 5:colcon.colcon_core.verb:set package 'rqt_joy' build argument 'cmake_target' from command line to 'None'
[0.438s] Level 5:colcon.colcon_core.verb:set package 'rqt_joy' build argument 'cmake_target_skip_unavailable' from command line to 'False'
[0.438s] Level 5:colcon.colcon_core.verb:set package 'rqt_joy' build argument 'cmake_clean_cache' from command line to 'False'
[0.438s] Level 5:colcon.colcon_core.verb:set package 'rqt_joy' build argument 'cmake_clean_first' from command line to 'False'
[0.438s] Level 5:colcon.colcon_core.verb:set package 'rqt_joy' build argument 'cmake_force_configure' from command line to 'False'
[0.438s] Level 5:colcon.colcon_core.verb:set package 'rqt_joy' build argument 'ament_cmake_args' from command line to 'None'
[0.438s] Level 5:colcon.colcon_core.verb:set package 'rqt_joy' build argument 'catkin_cmake_args' from command line to 'None'
[0.438s] Level 5:colcon.colcon_core.verb:set package 'rqt_joy' build argument 'catkin_skip_building_tests' from command line to 'False'
[0.439s] DEBUG:colcon.colcon_core.verb:Building package 'rqt_joy' with the following arguments: {'ament_cmake_args': None, 'build_base': '/home/ubuntu/ROS2-Tutorials/robot_ws/build/rqt_joy', 'catkin_cmake_args': None, 'catkin_skip_building_tests': False, 'cmake_args': None, 'cmake_clean_cache': False, 'cmake_clean_first': False, 'cmake_force_configure': False, 'cmake_target': None, 'cmake_target_skip_unavailable': False, 'install_base': '/home/ubuntu/ROS2-Tutorials/robot_ws/install/rqt_joy', 'merge_install': False, 'path': '/home/ubuntu/ROS2-Tutorials/robot_ws/src/rqt_joy', 'symlink_install': False, 'test_result_base': None}
[0.441s] Level 5:colcon.colcon_core.verb:set package 'srv_examples' build argument 'cmake_args' from command line to 'None'
[0.441s] Level 5:colcon.colcon_core.verb:set package 'srv_examples' build argument 'cmake_target' from command line to 'None'
[0.441s] Level 5:colcon.colcon_core.verb:set package 'srv_examples' build argument 'cmake_target_skip_unavailable' from command line to 'False'
[0.442s] Level 5:colcon.colcon_core.verb:set package 'srv_examples' build argument 'cmake_clean_cache' from command line to 'False'
[0.442s] Level 5:colcon.colcon_core.verb:set package 'srv_examples' build argument 'cmake_clean_first' from command line to 'False'
[0.442s] Level 5:colcon.colcon_core.verb:set package 'srv_examples' build argument 'cmake_force_configure' from command line to 'False'
[0.442s] Level 5:colcon.colcon_core.verb:set package 'srv_examples' build argument 'ament_cmake_args' from command line to 'None'
[0.442s] Level 5:colcon.colcon_core.verb:set package 'srv_examples' build argument 'catkin_cmake_args' from command line to 'None'
[0.442s] Level 5:colcon.colcon_core.verb:set package 'srv_examples' build argument 'catkin_skip_building_tests' from command line to 'False'
[0.442s] DEBUG:colcon.colcon_core.verb:Building package 'srv_examples' with the following arguments: {'ament_cmake_args': None, 'build_base': '/home/ubuntu/ROS2-Tutorials/robot_ws/build/srv_examples', 'catkin_cmake_args': None, 'catkin_skip_building_tests': False, 'cmake_args': None, 'cmake_clean_cache': False, 'cmake_clean_first': False, 'cmake_force_configure': False, 'cmake_target': None, 'cmake_target_skip_unavailable': False, 'install_base': '/home/ubuntu/ROS2-Tutorials/robot_ws/install/srv_examples', 'merge_install': False, 'path': '/home/ubuntu/ROS2-Tutorials/robot_ws/src/srv_examples', 'symlink_install': False, 'test_result_base': None}
[0.445s] Level 5:colcon.colcon_core.verb:set package 'tb3_teleop' build argument 'cmake_args' from command line to 'None'
[0.445s] Level 5:colcon.colcon_core.verb:set package 'tb3_teleop' build argument 'cmake_target' from command line to 'None'
[0.445s] Level 5:colcon.colcon_core.verb:set package 'tb3_teleop' build argument 'cmake_target_skip_unavailable' from command line to 'False'
[0.445s] Level 5:colcon.colcon_core.verb:set package 'tb3_teleop' build argument 'cmake_clean_cache' from command line to 'False'
[0.445s] Level 5:colcon.colcon_core.verb:set package 'tb3_teleop' build argument 'cmake_clean_first' from command line to 'False'
[0.445s] Level 5:colcon.colcon_core.verb:set package 'tb3_teleop' build argument 'cmake_force_configure' from command line to 'False'
[0.445s] Level 5:colcon.colcon_core.verb:set package 'tb3_teleop' build argument 'ament_cmake_args' from command line to 'None'
[0.445s] Level 5:colcon.colcon_core.verb:set package 'tb3_teleop' build argument 'catkin_cmake_args' from command line to 'None'
[0.445s] Level 5:colcon.colcon_core.verb:set package 'tb3_teleop' build argument 'catkin_skip_building_tests' from command line to 'False'
[0.445s] DEBUG:colcon.colcon_core.verb:Building package 'tb3_teleop' with the following arguments: {'ament_cmake_args': None, 'build_base': '/home/ubuntu/ROS2-Tutorials/robot_ws/build/tb3_teleop', 'catkin_cmake_args': None, 'catkin_skip_building_tests': False, 'cmake_args': None, 'cmake_clean_cache': False, 'cmake_clean_first': False, 'cmake_force_configure': False, 'cmake_target': None, 'cmake_target_skip_unavailable': False, 'install_base': '/home/ubuntu/ROS2-Tutorials/robot_ws/install/tb3_teleop', 'merge_install': False, 'path': '/home/ubuntu/ROS2-Tutorials/robot_ws/src/tb3_teleop', 'symlink_install': False, 'test_result_base': None}
[0.448s] Level 5:colcon.colcon_core.verb:set package 'turtlesim' build argument 'cmake_args' from command line to 'None'
[0.448s] Level 5:colcon.colcon_core.verb:set package 'turtlesim' build argument 'cmake_target' from command line to 'None'
[0.448s] Level 5:colcon.colcon_core.verb:set package 'turtlesim' build argument 'cmake_target_skip_unavailable' from command line to 'False'
[0.448s] Level 5:colcon.colcon_core.verb:set package 'turtlesim' build argument 'cmake_clean_cache' from command line to 'False'
[0.448s] Level 5:colcon.colcon_core.verb:set package 'turtlesim' build argument 'cmake_clean_first' from command line to 'False'
[0.448s] Level 5:colcon.colcon_core.verb:set package 'turtlesim' build argument 'cmake_force_configure' from command line to 'False'
[0.448s] Level 5:colcon.colcon_core.verb:set package 'turtlesim' build argument 'ament_cmake_args' from command line to 'None'
[0.448s] Level 5:colcon.colcon_core.verb:set package 'turtlesim' build argument 'catkin_cmake_args' from command line to 'None'
[0.448s] Level 5:colcon.colcon_core.verb:set package 'turtlesim' build argument 'catkin_skip_building_tests' from command line to 'False'
[0.448s] DEBUG:colcon.colcon_core.verb:Building package 'turtlesim' with the following arguments: {'ament_cmake_args': None, 'build_base': '/home/ubuntu/ROS2-Tutorials/robot_ws/build/turtlesim', 'catkin_cmake_args': None, 'catkin_skip_building_tests': False, 'cmake_args': None, 'cmake_clean_cache': False, 'cmake_clean_first': False, 'cmake_force_configure': False, 'cmake_target': None, 'cmake_target_skip_unavailable': False, 'install_base': '/home/ubuntu/ROS2-Tutorials/robot_ws/install/turtlesim', 'merge_install': False, 'path': '/home/ubuntu/ROS2-Tutorials/robot_ws/src/ros_tutorials/turtlesim', 'symlink_install': False, 'test_result_base': None}
[0.449s] INFO:colcon.colcon_core.executor:Executing jobs using 'parallel' executor
[0.451s] DEBUG:colcon.colcon_parallel_executor.executor.parallel:run_until_complete
[0.451s] INFO:colcon.colcon_ros.task.ament_python.build:Building ROS package in '/home/ubuntu/ROS2-Tutorials/robot_ws/src/hello_world' with build type 'ament_python'
[0.452s] Level 1:colcon.colcon_core.shell:create_environment_hook('hello_world', 'ament_prefix_path')
[0.457s] INFO:colcon.colcon_core.plugin_system:Skipping extension 'colcon_core.shell.bat': Not used on non-Windows systems
[0.457s] INFO:colcon.colcon_core.shell:Creating environment hook '/home/ubuntu/ROS2-Tutorials/robot_ws/install/hello_world/share/hello_world/hook/ament_prefix_path.ps1'
[0.458s] INFO:colcon.colcon_core.shell:Creating environment descriptor '/home/ubuntu/ROS2-Tutorials/robot_ws/install/hello_world/share/hello_world/hook/ament_prefix_path.dsv'
[0.458s] INFO:colcon.colcon_core.shell:Creating environment hook '/home/ubuntu/ROS2-Tutorials/robot_ws/install/hello_world/share/hello_world/hook/ament_prefix_path.sh'
[0.460s] INFO:colcon.colcon_core.shell:Skip shell extension 'powershell' for command environment: Not usable outside of PowerShell
[0.460s] DEBUG:colcon.colcon_core.shell:Skip shell extension 'dsv' for command environment
[0.464s] DEBUG:colcon.colcon_core.shell:Ignoring prefix path '/opt/ros/foxy'
[0.467s] INFO:colcon.colcon_ros.task.ament_python.build:Building ROS package in '/home/ubuntu/ROS2-Tutorials/robot_ws/src/myfirstpackage' with build type 'ament_python'
[0.467s] Level 1:colcon.colcon_core.shell:create_environment_hook('myfirstpackage', 'ament_prefix_path')
[0.468s] INFO:colcon.colcon_core.shell:Creating environment hook '/home/ubuntu/ROS2-Tutorials/robot_ws/install/myfirstpackage/share/myfirstpackage/hook/ament_prefix_path.ps1'
[0.469s] INFO:colcon.colcon_core.shell:Creating environment descriptor '/home/ubuntu/ROS2-Tutorials/robot_ws/install/myfirstpackage/share/myfirstpackage/hook/ament_prefix_path.dsv'
[0.470s] INFO:colcon.colcon_core.shell:Creating environment hook '/home/ubuntu/ROS2-Tutorials/robot_ws/install/myfirstpackage/share/myfirstpackage/hook/ament_prefix_path.sh'
[0.471s] INFO:colcon.colcon_core.shell:Skip shell extension 'powershell' for command environment: Not usable outside of PowerShell
[0.471s] DEBUG:colcon.colcon_core.shell:Skip shell extension 'dsv' for command environment
[0.474s] DEBUG:colcon.colcon_core.shell:Ignoring prefix path '/opt/ros/foxy'
[0.476s] INFO:colcon.colcon_ros.task.ament_python.build:Building ROS package in '/home/ubuntu/ROS2-Tutorials/robot_ws/src/pubsub' with build type 'ament_python'
[0.477s] Level 1:colcon.colcon_core.shell:create_environment_hook('pubsub', 'ament_prefix_path')
[0.478s] INFO:colcon.colcon_core.shell:Creating environment hook '/home/ubuntu/ROS2-Tutorials/robot_ws/install/pubsub/share/pubsub/hook/ament_prefix_path.ps1'
[0.479s] INFO:colcon.colcon_core.shell:Creating environment descriptor '/home/ubuntu/ROS2-Tutorials/robot_ws/install/pubsub/share/pubsub/hook/ament_prefix_path.dsv'
[0.479s] INFO:colcon.colcon_core.shell:Creating environment hook '/home/ubuntu/ROS2-Tutorials/robot_ws/install/pubsub/share/pubsub/hook/ament_prefix_path.sh'
[0.480s] INFO:colcon.colcon_core.shell:Skip shell extension 'powershell' for command environment: Not usable outside of PowerShell
[0.480s] DEBUG:colcon.colcon_core.shell:Skip shell extension 'dsv' for command environment
[0.483s] DEBUG:colcon.colcon_core.shell:Ignoring prefix path '/opt/ros/foxy'
[0.486s] INFO:colcon.colcon_ros.task.ament_python.build:Building ROS package in '/home/ubuntu/ROS2-Tutorials/robot_ws/src/rqt_joy' with build type 'ament_python'
[0.486s] Level 1:colcon.colcon_core.shell:create_environment_hook('rqt_joy', 'ament_prefix_path')
[0.487s] INFO:colcon.colcon_core.shell:Creating environment hook '/home/ubuntu/ROS2-Tutorials/robot_ws/install/rqt_joy/share/rqt_joy/hook/ament_prefix_path.ps1'
[0.488s] INFO:colcon.colcon_core.shell:Creating environment descriptor '/home/ubuntu/ROS2-Tutorials/robot_ws/install/rqt_joy/share/rqt_joy/hook/ament_prefix_path.dsv'
[0.489s] INFO:colcon.colcon_core.shell:Creating environment hook '/home/ubuntu/ROS2-Tutorials/robot_ws/install/rqt_joy/share/rqt_joy/hook/ament_prefix_path.sh'
[0.490s] INFO:colcon.colcon_core.shell:Skip shell extension 'powershell' for command environment: Not usable outside of PowerShell
[0.490s] DEBUG:colcon.colcon_core.shell:Skip shell extension 'dsv' for command environment
[0.492s] DEBUG:colcon.colcon_core.shell:Ignoring prefix path '/opt/ros/foxy'
[0.495s] INFO:colcon.colcon_ros.task.ament_python.build:Building ROS package in '/home/ubuntu/ROS2-Tutorials/robot_ws/src/srv_examples' with build type 'ament_python'
[0.495s] Level 1:colcon.colcon_core.shell:create_environment_hook('srv_examples', 'ament_prefix_path')
[0.496s] INFO:colcon.colcon_core.shell:Creating environment hook '/home/ubuntu/ROS2-Tutorials/robot_ws/install/srv_examples/share/srv_examples/hook/ament_prefix_path.ps1'
[0.497s] INFO:colcon.colcon_core.shell:Creating environment descriptor '/home/ubuntu/ROS2-Tutorials/robot_ws/install/srv_examples/share/srv_examples/hook/ament_prefix_path.dsv'
[0.498s] INFO:colcon.colcon_core.shell:Creating environment hook '/home/ubuntu/ROS2-Tutorials/robot_ws/install/srv_examples/share/srv_examples/hook/ament_prefix_path.sh'
[0.499s] INFO:colcon.colcon_core.shell:Skip shell extension 'powershell' for command environment: Not usable outside of PowerShell
[0.500s] DEBUG:colcon.colcon_core.shell:Skip shell extension 'dsv' for command environment
[0.502s] DEBUG:colcon.colcon_core.shell:Ignoring prefix path '/opt/ros/foxy'
[0.504s] INFO:colcon.colcon_ros.task.ament_python.build:Building ROS package in '/home/ubuntu/ROS2-Tutorials/robot_ws/src/tb3_teleop' with build type 'ament_python'
[0.505s] Level 1:colcon.colcon_core.shell:create_environment_hook('tb3_teleop', 'ament_prefix_path')
[0.506s] INFO:colcon.colcon_core.shell:Creating environment hook '/home/ubuntu/ROS2-Tutorials/robot_ws/install/tb3_teleop/share/tb3_teleop/hook/ament_prefix_path.ps1'
[0.508s] INFO:colcon.colcon_core.shell:Creating environment descriptor '/home/ubuntu/ROS2-Tutorials/robot_ws/install/tb3_teleop/share/tb3_teleop/hook/ament_prefix_path.dsv'
[0.508s] INFO:colcon.colcon_core.shell:Creating environment hook '/home/ubuntu/ROS2-Tutorials/robot_ws/install/tb3_teleop/share/tb3_teleop/hook/ament_prefix_path.sh'
[0.509s] INFO:colcon.colcon_core.shell:Skip shell extension 'powershell' for command environment: Not usable outside of PowerShell
[0.509s] DEBUG:colcon.colcon_core.shell:Skip shell extension 'dsv' for command environment
[0.511s] DEBUG:colcon.colcon_core.shell:Ignoring prefix path '/opt/ros/foxy'
[0.514s] INFO:colcon.colcon_ros.task.ament_cmake.build:Building ROS package in '/home/ubuntu/ROS2-Tutorials/robot_ws/src/ros_tutorials/turtlesim' with build type 'ament_cmake'
[0.515s] INFO:colcon.colcon_cmake.task.cmake.build:Building CMake package in '/home/ubuntu/ROS2-Tutorials/robot_ws/src/ros_tutorials/turtlesim'
[0.515s] INFO:colcon.colcon_core.shell:Skip shell extension 'powershell' for command environment: Not usable outside of PowerShell
[0.516s] DEBUG:colcon.colcon_core.shell:Skip shell extension 'dsv' for command environment
[0.518s] DEBUG:colcon.colcon_core.shell:Ignoring prefix path '/opt/ros/foxy'
[0.780s] INFO:colcon.colcon_core.task.python.build:Building Python package in '/home/ubuntu/ROS2-Tutorials/robot_ws/src/hello_world'
[0.781s] INFO:colcon.colcon_core.shell:Skip shell extension 'powershell' for command environment: Not usable outside of PowerShell
[0.781s] DEBUG:colcon.colcon_core.shell:Skip shell extension 'dsv' for command environment
[0.784s] DEBUG:colcon.colcon_core.shell:Ignoring prefix path '/opt/ros/foxy'
[1.029s] INFO:colcon.colcon_core.task.python.build:Building Python package in '/home/ubuntu/ROS2-Tutorials/robot_ws/src/myfirstpackage'
[1.030s] INFO:colcon.colcon_core.shell:Skip shell extension 'powershell' for command environment: Not usable outside of PowerShell
[1.030s] DEBUG:colcon.colcon_core.shell:Skip shell extension 'dsv' for command environment
[1.033s] DEBUG:colcon.colcon_core.shell:Ignoring prefix path '/opt/ros/foxy'
[1.304s] INFO:colcon.colcon_core.task.python.build:Building Python package in '/home/ubuntu/ROS2-Tutorials/robot_ws/src/pubsub'
[1.306s] INFO:colcon.colcon_core.shell:Skip shell extension 'powershell' for command environment: Not usable outside of PowerShell
[1.306s] DEBUG:colcon.colcon_core.shell:Skip shell extension 'dsv' for command environment
[1.310s] DEBUG:colcon.colcon_core.shell:Ignoring prefix path '/opt/ros/foxy'
[1.584s] INFO:colcon.colcon_core.task.python.build:Building Python package in '/home/ubuntu/ROS2-Tutorials/robot_ws/src/rqt_joy'
[1.585s] INFO:colcon.colcon_core.shell:Skip shell extension 'powershell' for command environment: Not usable outside of PowerShell
[1.585s] DEBUG:colcon.colcon_core.shell:Skip shell extension 'dsv' for command environment
[1.588s] DEBUG:colcon.colcon_core.shell:Ignoring prefix path '/opt/ros/foxy'
[1.832s] INFO:colcon.colcon_core.task.python.build:Building Python package in '/home/ubuntu/ROS2-Tutorials/robot_ws/src/srv_examples'
[1.833s] INFO:colcon.colcon_core.shell:Skip shell extension 'powershell' for command environment: Not usable outside of PowerShell
[1.833s] DEBUG:colcon.colcon_core.shell:Skip shell extension 'dsv' for command environment
[1.836s] DEBUG:colcon.colcon_core.shell:Ignoring prefix path '/opt/ros/foxy'
[2.091s] INFO:colcon.colcon_core.task.python.build:Building Python package in '/home/ubuntu/ROS2-Tutorials/robot_ws/src/tb3_teleop'
[2.092s] INFO:colcon.colcon_core.shell:Skip shell extension 'powershell' for command environment: Not usable outside of PowerShell
[2.092s] DEBUG:colcon.colcon_core.shell:Skip shell extension 'dsv' for command environment
[2.095s] DEBUG:colcon.colcon_core.shell:Ignoring prefix path '/opt/ros/foxy'
[2.106s] DEBUG:colcon.colcon_core.event_handler.log_command:Invoking command in '/home/ubuntu/ROS2-Tutorials/robot_ws/build/turtlesim': CMAKE_PREFIX_PATH=${CMAKE_PREFIX_PATH}:/home/ubuntu/ROS2-Tutorials/robot_ws/install/tb3_teleop:/home/ubuntu/ROS2-Tutorials/robot_ws/install/srv_examples:/home/ubuntu/ROS2-Tutorials/robot_ws/install/rqt_joy:/home/ubuntu/ROS2-Tutorials/robot_ws/install/pubsub:/home/ubuntu/ROS2-Tutorials/robot_ws/install/myfirstpackage:/home/ubuntu/ROS2-Tutorials/robot_ws/install/hello_world:/opt/ros/foxy /usr/bin/cmake --build /home/ubuntu/ROS2-Tutorials/robot_ws/build/turtlesim -- -j12 -l12
[2.118s] DEBUG:colcon.colcon_core.event_handler.log_command:Invoking command in '/home/ubuntu/ROS2-Tutorials/robot_ws/src/hello_world': PYTHONPATH=/home/ubuntu/ROS2-Tutorials/robot_ws/install/hello_world/lib/python3.8/site-packages:${PYTHONPATH} /usr/bin/python3 setup.py egg_info --egg-base ../../build/hello_world build --build-base /home/ubuntu/ROS2-Tutorials/robot_ws/build/hello_world/build install --prefix /home/ubuntu/ROS2-Tutorials/robot_ws/install/hello_world --record /home/ubuntu/ROS2-Tutorials/robot_ws/build/hello_world/install.log --single-version-externally-managed
[2.124s] DEBUG:colcon.colcon_core.event_handler.log_command:Invoking command in '/home/ubuntu/ROS2-Tutorials/robot_ws/src/myfirstpackage': PYTHONPATH=/home/ubuntu/ROS2-Tutorials/robot_ws/install/myfirstpackage/lib/python3.8/site-packages:${PYTHONPATH} /usr/bin/python3 setup.py egg_info --egg-base ../../build/myfirstpackage build --build-base /home/ubuntu/ROS2-Tutorials/robot_ws/build/myfirstpackage/build install --prefix /home/ubuntu/ROS2-Tutorials/robot_ws/install/myfirstpackage --record /home/ubuntu/ROS2-Tutorials/robot_ws/build/myfirstpackage/install.log --single-version-externally-managed
[2.131s] DEBUG:colcon.colcon_core.event_handler.log_command:Invoking command in '/home/ubuntu/ROS2-Tutorials/robot_ws/src/pubsub': PYTHONPATH=/home/ubuntu/ROS2-Tutorials/robot_ws/install/pubsub/lib/python3.8/site-packages:${PYTHONPATH} /usr/bin/python3 setup.py egg_info --egg-base ../../build/pubsub build --build-base /home/ubuntu/ROS2-Tutorials/robot_ws/build/pubsub/build install --prefix /home/ubuntu/ROS2-Tutorials/robot_ws/install/pubsub --record /home/ubuntu/ROS2-Tutorials/robot_ws/build/pubsub/install.log --single-version-externally-managed
[2.136s] DEBUG:colcon.colcon_core.event_handler.log_command:Invoking command in '/home/ubuntu/ROS2-Tutorials/robot_ws/src/rqt_joy': PYTHONPATH=/home/ubuntu/ROS2-Tutorials/robot_ws/install/rqt_joy/lib/python3.8/site-packages:${PYTHONPATH} /usr/bin/python3 setup.py egg_info --egg-base ../../build/rqt_joy build --build-base /home/ubuntu/ROS2-Tutorials/robot_ws/build/rqt_joy/build install --prefix /home/ubuntu/ROS2-Tutorials/robot_ws/install/rqt_joy --record /home/ubuntu/ROS2-Tutorials/robot_ws/build/rqt_joy/install.log --single-version-externally-managed
[2.144s] DEBUG:colcon.colcon_core.event_handler.log_command:Invoking command in '/home/ubuntu/ROS2-Tutorials/robot_ws/src/srv_examples': PYTHONPATH=/home/ubuntu/ROS2-Tutorials/robot_ws/install/srv_examples/lib/python3.8/site-packages:${PYTHONPATH} /usr/bin/python3 setup.py egg_info --egg-base ../../build/srv_examples build --build-base /home/ubuntu/ROS2-Tutorials/robot_ws/build/srv_examples/build install --prefix /home/ubuntu/ROS2-Tutorials/robot_ws/install/srv_examples --record /home/ubuntu/ROS2-Tutorials/robot_ws/build/srv_examples/install.log --single-version-externally-managed
[2.148s] DEBUG:colcon.colcon_core.event_handler.log_command:Invoking command in '/home/ubuntu/ROS2-Tutorials/robot_ws/src/tb3_teleop': PYTHONPATH=/home/ubuntu/ROS2-Tutorials/robot_ws/install/tb3_teleop/lib/python3.8/site-packages:${PYTHONPATH} /usr/bin/python3 setup.py egg_info --egg-base ../../build/tb3_teleop build --build-base /home/ubuntu/ROS2-Tutorials/robot_ws/build/tb3_teleop/build install --prefix /home/ubuntu/ROS2-Tutorials/robot_ws/install/tb3_teleop --record /home/ubuntu/ROS2-Tutorials/robot_ws/build/tb3_teleop/install.log --single-version-externally-managed
[2.711s] DEBUG:colcon.colcon_core.event_handler.log_command:Invoked command in '/home/ubuntu/ROS2-Tutorials/robot_ws/src/hello_world' returned '0': PYTHONPATH=/home/ubuntu/ROS2-Tutorials/robot_ws/install/hello_world/lib/python3.8/site-packages:${PYTHONPATH} /usr/bin/python3 setup.py egg_info --egg-base ../../build/hello_world build --build-base /home/ubuntu/ROS2-Tutorials/robot_ws/build/hello_world/build install --prefix /home/ubuntu/ROS2-Tutorials/robot_ws/install/hello_world --record /home/ubuntu/ROS2-Tutorials/robot_ws/build/hello_world/install.log --single-version-externally-managed
[2.723s] Level 1:colcon.colcon_core.environment:checking '/home/ubuntu/ROS2-Tutorials/robot_ws/install/hello_world' for CMake module files
[2.724s] Level 1:colcon.colcon_core.environment:checking '/home/ubuntu/ROS2-Tutorials/robot_ws/install/hello_world' for CMake config files
[2.726s] Level 1:colcon.colcon_core.environment:checking '/home/ubuntu/ROS2-Tutorials/robot_ws/install/hello_world/lib'
[2.726s] Level 1:colcon.colcon_core.environment:checking '/home/ubuntu/ROS2-Tutorials/robot_ws/install/hello_world/bin'
[2.727s] Level 1:colcon.colcon_core.environment:checking '/home/ubuntu/ROS2-Tutorials/robot_ws/install/hello_world/lib/pkgconfig/hello_world.pc'
[2.727s] Level 1:colcon.colcon_core.environment:checking '/home/ubuntu/ROS2-Tutorials/robot_ws/install/hello_world/lib/python3.8/site-packages'
[2.727s] Level 1:colcon.colcon_core.shell:create_environment_hook('hello_world', 'pythonpath')
[2.728s] INFO:colcon.colcon_core.shell:Creating environment hook '/home/ubuntu/ROS2-Tutorials/robot_ws/install/hello_world/share/hello_world/hook/pythonpath.ps1'
[2.729s] INFO:colcon.colcon_core.shell:Creating environment descriptor '/home/ubuntu/ROS2-Tutorials/robot_ws/install/hello_world/share/hello_world/hook/pythonpath.dsv'
[2.730s] INFO:colcon.colcon_core.shell:Creating environment hook '/home/ubuntu/ROS2-Tutorials/robot_ws/install/hello_world/share/hello_world/hook/pythonpath.sh'
[2.730s] Level 1:colcon.colcon_core.environment:create_environment_scripts_only(hello_world)
[2.731s] INFO:colcon.colcon_core.shell:Creating package script '/home/ubuntu/ROS2-Tutorials/robot_ws/install/hello_world/share/hello_world/package.ps1'
[2.733s] INFO:colcon.colcon_core.shell:Creating package descriptor '/home/ubuntu/ROS2-Tutorials/robot_ws/install/hello_world/share/hello_world/package.dsv'
[2.733s] INFO:colcon.colcon_core.shell:Creating package script '/home/ubuntu/ROS2-Tutorials/robot_ws/install/hello_world/share/hello_world/package.sh'
[2.734s] INFO:colcon.colcon_core.shell:Creating package script '/home/ubuntu/ROS2-Tutorials/robot_ws/install/hello_world/share/hello_world/package.bash'
[2.735s] INFO:colcon.colcon_core.shell:Creating package script '/home/ubuntu/ROS2-Tutorials/robot_ws/install/hello_world/share/hello_world/package.zsh'
[2.736s] Level 1:colcon.colcon_core.environment:create_file_with_runtime_dependencies(/home/ubuntu/ROS2-Tutorials/robot_ws/install/hello_world/share/colcon-core/packages/hello_world)
[2.742s] Level 1:colcon.colcon_core.environment:checking '/home/ubuntu/ROS2-Tutorials/robot_ws/install/myfirstpackage' for CMake module files
[2.745s] DEBUG:colcon.colcon_core.event_handler.log_command:Invoked command in '/home/ubuntu/ROS2-Tutorials/robot_ws/src/myfirstpackage' returned '0': PYTHONPATH=/home/ubuntu/ROS2-Tutorials/robot_ws/install/myfirstpackage/lib/python3.8/site-packages:${PYTHONPATH} /usr/bin/python3 setup.py egg_info --egg-base ../../build/myfirstpackage build --build-base /home/ubuntu/ROS2-Tutorials/robot_ws/build/myfirstpackage/build install --prefix /home/ubuntu/ROS2-Tutorials/robot_ws/install/myfirstpackage --record /home/ubuntu/ROS2-Tutorials/robot_ws/build/myfirstpackage/install.log --single-version-externally-managed
[2.745s] Level 1:colcon.colcon_core.environment:checking '/home/ubuntu/ROS2-Tutorials/robot_ws/install/myfirstpackage' for CMake config files
[2.747s] Level 1:colcon.colcon_core.environment:checking '/home/ubuntu/ROS2-Tutorials/robot_ws/install/myfirstpackage/lib'
[2.747s] Level 1:colcon.colcon_core.environment:checking '/home/ubuntu/ROS2-Tutorials/robot_ws/install/myfirstpackage/bin'
[2.747s] Level 1:colcon.colcon_core.environment:checking '/home/ubuntu/ROS2-Tutorials/robot_ws/install/myfirstpackage/lib/pkgconfig/myfirstpackage.pc'
[2.747s] Level 1:colcon.colcon_core.environment:checking '/home/ubuntu/ROS2-Tutorials/robot_ws/install/myfirstpackage/lib/python3.8/site-packages'
[2.747s] Level 1:colcon.colcon_core.shell:create_environment_hook('myfirstpackage', 'pythonpath')
[2.748s] INFO:colcon.colcon_core.shell:Creating environment hook '/home/ubuntu/ROS2-Tutorials/robot_ws/install/myfirstpackage/share/myfirstpackage/hook/pythonpath.ps1'
[2.749s] INFO:colcon.colcon_core.shell:Creating environment descriptor '/home/ubuntu/ROS2-Tutorials/robot_ws/install/myfirstpackage/share/myfirstpackage/hook/pythonpath.dsv'
[2.750s] INFO:colcon.colcon_core.shell:Creating environment hook '/home/ubuntu/ROS2-Tutorials/robot_ws/install/myfirstpackage/share/myfirstpackage/hook/pythonpath.sh'
[2.750s] Level 1:colcon.colcon_core.environment:create_environment_scripts_only(myfirstpackage)
[2.751s] INFO:colcon.colcon_core.shell:Creating package script '/home/ubuntu/ROS2-Tutorials/robot_ws/install/myfirstpackage/share/myfirstpackage/package.ps1'
[2.752s] INFO:colcon.colcon_core.shell:Creating package descriptor '/home/ubuntu/ROS2-Tutorials/robot_ws/install/myfirstpackage/share/myfirstpackage/package.dsv'
[2.752s] INFO:colcon.colcon_core.shell:Creating package script '/home/ubuntu/ROS2-Tutorials/robot_ws/install/myfirstpackage/share/myfirstpackage/package.sh'
[2.753s] INFO:colcon.colcon_core.shell:Creating package script '/home/ubuntu/ROS2-Tutorials/robot_ws/install/myfirstpackage/share/myfirstpackage/package.bash'
[2.753s] INFO:colcon.colcon_core.shell:Creating package script '/home/ubuntu/ROS2-Tutorials/robot_ws/install/myfirstpackage/share/myfirstpackage/package.zsh'
[2.754s] Level 1:colcon.colcon_core.environment:create_file_with_runtime_dependencies(/home/ubuntu/ROS2-Tutorials/robot_ws/install/myfirstpackage/share/colcon-core/packages/myfirstpackage)
[2.755s] Level 1:colcon.colcon_core.environment:checking '/home/ubuntu/ROS2-Tutorials/robot_ws/install/pubsub' for CMake module files
[2.758s] DEBUG:colcon.colcon_core.event_handler.log_command:Invoked command in '/home/ubuntu/ROS2-Tutorials/robot_ws/src/pubsub' returned '0': PYTHONPATH=/home/ubuntu/ROS2-Tutorials/robot_ws/install/pubsub/lib/python3.8/site-packages:${PYTHONPATH} /usr/bin/python3 setup.py egg_info --egg-base ../../build/pubsub build --build-base /home/ubuntu/ROS2-Tutorials/robot_ws/build/pubsub/build install --prefix /home/ubuntu/ROS2-Tutorials/robot_ws/install/pubsub --record /home/ubuntu/ROS2-Tutorials/robot_ws/build/pubsub/install.log --single-version-externally-managed
[2.758s] Level 1:colcon.colcon_core.environment:checking '/home/ubuntu/ROS2-Tutorials/robot_ws/install/pubsub' for CMake config files
[2.760s] Level 1:colcon.colcon_core.environment:checking '/home/ubuntu/ROS2-Tutorials/robot_ws/install/pubsub/lib'
[2.760s] Level 1:colcon.colcon_core.environment:checking '/home/ubuntu/ROS2-Tutorials/robot_ws/install/pubsub/bin'
[2.760s] Level 1:colcon.colcon_core.environment:checking '/home/ubuntu/ROS2-Tutorials/robot_ws/install/pubsub/lib/pkgconfig/pubsub.pc'
[2.760s] Level 1:colcon.colcon_core.environment:checking '/home/ubuntu/ROS2-Tutorials/robot_ws/install/pubsub/lib/python3.8/site-packages'
[2.761s] Level 1:colcon.colcon_core.shell:create_environment_hook('pubsub', 'pythonpath')
[2.762s] INFO:colcon.colcon_core.shell:Creating environment hook '/home/ubuntu/ROS2-Tutorials/robot_ws/install/pubsub/share/pubsub/hook/pythonpath.ps1'
[2.764s] INFO:colcon.colcon_core.shell:Creating environment descriptor '/home/ubuntu/ROS2-Tutorials/robot_ws/install/pubsub/share/pubsub/hook/pythonpath.dsv'
[2.764s] INFO:colcon.colcon_core.shell:Creating environment hook '/home/ubuntu/ROS2-Tutorials/robot_ws/install/pubsub/share/pubsub/hook/pythonpath.sh'
[2.765s] Level 1:colcon.colcon_core.environment:create_environment_scripts_only(pubsub)
[2.766s] INFO:colcon.colcon_core.shell:Creating package script '/home/ubuntu/ROS2-Tutorials/robot_ws/install/pubsub/share/pubsub/package.ps1'
[2.767s] INFO:colcon.colcon_core.shell:Creating package descriptor '/home/ubuntu/ROS2-Tutorials/robot_ws/install/pubsub/share/pubsub/package.dsv'
[2.768s] INFO:colcon.colcon_core.shell:Creating package script '/home/ubuntu/ROS2-Tutorials/robot_ws/install/pubsub/share/pubsub/package.sh'
[2.769s] INFO:colcon.colcon_core.shell:Creating package script '/home/ubuntu/ROS2-Tutorials/robot_ws/install/pubsub/share/pubsub/package.bash'
[2.769s] INFO:colcon.colcon_core.shell:Creating package script '/home/ubuntu/ROS2-Tutorials/robot_ws/install/pubsub/share/pubsub/package.zsh'
[2.769s] Level 1:colcon.colcon_core.environment:create_file_with_runtime_dependencies(/home/ubuntu/ROS2-Tutorials/robot_ws/install/pubsub/share/colcon-core/packages/pubsub)
[2.773s] Level 1:colcon.colcon_core.environment:checking '/home/ubuntu/ROS2-Tutorials/robot_ws/install/rqt_joy' for CMake module files
[2.775s] DEBUG:colcon.colcon_core.event_handler.log_command:Invoked command in '/home/ubuntu/ROS2-Tutorials/robot_ws/src/rqt_joy' returned '0': PYTHONPATH=/home/ubuntu/ROS2-Tutorials/robot_ws/install/rqt_joy/lib/python3.8/site-packages:${PYTHONPATH} /usr/bin/python3 setup.py egg_info --egg-base ../../build/rqt_joy build --build-base /home/ubuntu/ROS2-Tutorials/robot_ws/build/rqt_joy/build install --prefix /home/ubuntu/ROS2-Tutorials/robot_ws/install/rqt_joy --record /home/ubuntu/ROS2-Tutorials/robot_ws/build/rqt_joy/install.log --single-version-externally-managed
[2.776s] Level 1:colcon.colcon_core.environment:checking '/home/ubuntu/ROS2-Tutorials/robot_ws/install/rqt_joy' for CMake config files
[2.777s] Level 1:colcon.colcon_core.environment:checking '/home/ubuntu/ROS2-Tutorials/robot_ws/install/rqt_joy/lib'
[2.777s] Level 1:colcon.colcon_core.environment:checking '/home/ubuntu/ROS2-Tutorials/robot_ws/install/rqt_joy/bin'
[2.777s] Level 1:colcon.colcon_core.shell:create_environment_hook('rqt_joy', 'path')
[2.779s] INFO:colcon.colcon_core.shell:Creating environment hook '/home/ubuntu/ROS2-Tutorials/robot_ws/install/rqt_joy/share/rqt_joy/hook/path.ps1'
[2.780s] INFO:colcon.colcon_core.shell:Creating environment descriptor '/home/ubuntu/ROS2-Tutorials/robot_ws/install/rqt_joy/share/rqt_joy/hook/path.dsv'
[2.780s] INFO:colcon.colcon_core.shell:Creating environment hook '/home/ubuntu/ROS2-Tutorials/robot_ws/install/rqt_joy/share/rqt_joy/hook/path.sh'
[2.781s] Level 1:colcon.colcon_core.environment:checking '/home/ubuntu/ROS2-Tutorials/robot_ws/install/rqt_joy/lib/pkgconfig/rqt_joy.pc'
[2.781s] Level 1:colcon.colcon_core.environment:checking '/home/ubuntu/ROS2-Tutorials/robot_ws/install/rqt_joy/lib/python3.8/site-packages'
[2.781s] Level 1:colcon.colcon_core.shell:create_environment_hook('rqt_joy', 'pythonpath')
[2.782s] INFO:colcon.colcon_core.shell:Creating environment hook '/home/ubuntu/ROS2-Tutorials/robot_ws/install/rqt_joy/share/rqt_joy/hook/pythonpath.ps1'
[2.783s] INFO:colcon.colcon_core.shell:Creating environment descriptor '/home/ubuntu/ROS2-Tutorials/robot_ws/install/rqt_joy/share/rqt_joy/hook/pythonpath.dsv'
[2.783s] INFO:colcon.colcon_core.shell:Creating environment hook '/home/ubuntu/ROS2-Tutorials/robot_ws/install/rqt_joy/share/rqt_joy/hook/pythonpath.sh'
[2.784s] Level 1:colcon.colcon_core.environment:create_environment_scripts_only(rqt_joy)
[2.785s] INFO:colcon.colcon_core.shell:Creating package script '/home/ubuntu/ROS2-Tutorials/robot_ws/install/rqt_joy/share/rqt_joy/package.ps1'
[2.786s] INFO:colcon.colcon_core.shell:Creating package descriptor '/home/ubuntu/ROS2-Tutorials/robot_ws/install/rqt_joy/share/rqt_joy/package.dsv'
[2.787s] INFO:colcon.colcon_core.shell:Creating package script '/home/ubuntu/ROS2-Tutorials/robot_ws/install/rqt_joy/share/rqt_joy/package.sh'
[2.787s] INFO:colcon.colcon_core.shell:Creating package script '/home/ubuntu/ROS2-Tutorials/robot_ws/install/rqt_joy/share/rqt_joy/package.bash'
[2.787s] INFO:colcon.colcon_core.shell:Creating package script '/home/ubuntu/ROS2-Tutorials/robot_ws/install/rqt_joy/share/rqt_joy/package.zsh'
[2.788s] Level 1:colcon.colcon_core.environment:create_file_with_runtime_dependencies(/home/ubuntu/ROS2-Tutorials/robot_ws/install/rqt_joy/share/colcon-core/packages/rqt_joy)
[2.790s] Level 1:colcon.colcon_core.environment:checking '/home/ubuntu/ROS2-Tutorials/robot_ws/install/tb3_teleop' for CMake module files
[2.793s] DEBUG:colcon.colcon_core.event_handler.log_command:Invoked command in '/home/ubuntu/ROS2-Tutorials/robot_ws/src/tb3_teleop' returned '0': PYTHONPATH=/home/ubuntu/ROS2-Tutorials/robot_ws/install/tb3_teleop/lib/python3.8/site-packages:${PYTHONPATH} /usr/bin/python3 setup.py egg_info --egg-base ../../build/tb3_teleop build --build-base /home/ubuntu/ROS2-Tutorials/robot_ws/build/tb3_teleop/build install --prefix /home/ubuntu/ROS2-Tutorials/robot_ws/install/tb3_teleop --record /home/ubuntu/ROS2-Tutorials/robot_ws/build/tb3_teleop/install.log --single-version-externally-managed
[2.793s] Level 1:colcon.colcon_core.environment:checking '/home/ubuntu/ROS2-Tutorials/robot_ws/install/tb3_teleop' for CMake config files
[2.794s] Level 1:colcon.colcon_core.environment:checking '/home/ubuntu/ROS2-Tutorials/robot_ws/install/tb3_teleop/lib'
[2.794s] Level 1:colcon.colcon_core.environment:checking '/home/ubuntu/ROS2-Tutorials/robot_ws/install/tb3_teleop/bin'
[2.794s] Level 1:colcon.colcon_core.environment:checking '/home/ubuntu/ROS2-Tutorials/robot_ws/install/tb3_teleop/lib/pkgconfig/tb3_teleop.pc'
[2.794s] Level 1:colcon.colcon_core.environment:checking '/home/ubuntu/ROS2-Tutorials/robot_ws/install/tb3_teleop/lib/python3.8/site-packages'
[2.794s] Level 1:colcon.colcon_core.shell:create_environment_hook('tb3_teleop', 'pythonpath')
[2.795s] INFO:colcon.colcon_core.shell:Creating environment hook '/home/ubuntu/ROS2-Tutorials/robot_ws/install/tb3_teleop/share/tb3_teleop/hook/pythonpath.ps1'
[2.796s] INFO:colcon.colcon_core.shell:Creating environment descriptor '/home/ubuntu/ROS2-Tutorials/robot_ws/install/tb3_teleop/share/tb3_teleop/hook/pythonpath.dsv'
[2.796s] INFO:colcon.colcon_core.shell:Creating environment hook '/home/ubuntu/ROS2-Tutorials/robot_ws/install/tb3_teleop/share/tb3_teleop/hook/pythonpath.sh'
[2.797s] Level 1:colcon.colcon_core.environment:create_environment_scripts_only(tb3_teleop)
[2.798s] INFO:colcon.colcon_core.shell:Creating package script '/home/ubuntu/ROS2-Tutorials/robot_ws/install/tb3_teleop/share/tb3_teleop/package.ps1'
[2.798s] INFO:colcon.colcon_core.shell:Creating package descriptor '/home/ubuntu/ROS2-Tutorials/robot_ws/install/tb3_teleop/share/tb3_teleop/package.dsv'
[2.799s] INFO:colcon.colcon_core.shell:Creating package script '/home/ubuntu/ROS2-Tutorials/robot_ws/install/tb3_teleop/share/tb3_teleop/package.sh'
[2.799s] INFO:colcon.colcon_core.shell:Creating package script '/home/ubuntu/ROS2-Tutorials/robot_ws/install/tb3_teleop/share/tb3_teleop/package.bash'
[2.799s] INFO:colcon.colcon_core.shell:Creating package script '/home/ubuntu/ROS2-Tutorials/robot_ws/install/tb3_teleop/share/tb3_teleop/package.zsh'
[2.800s] Level 1:colcon.colcon_core.environment:create_file_with_runtime_dependencies(/home/ubuntu/ROS2-Tutorials/robot_ws/install/tb3_teleop/share/colcon-core/packages/tb3_teleop)
[2.801s] Level 1:colcon.colcon_core.environment:checking '/home/ubuntu/ROS2-Tutorials/robot_ws/install/srv_examples' for CMake module files
[2.804s] DEBUG:colcon.colcon_core.event_handler.log_command:Invoked command in '/home/ubuntu/ROS2-Tutorials/robot_ws/src/srv_examples' returned '0': PYTHONPATH=/home/ubuntu/ROS2-Tutorials/robot_ws/install/srv_examples/lib/python3.8/site-packages:${PYTHONPATH} /usr/bin/python3 setup.py egg_info --egg-base ../../build/srv_examples build --build-base /home/ubuntu/ROS2-Tutorials/robot_ws/build/srv_examples/build install --prefix /home/ubuntu/ROS2-Tutorials/robot_ws/install/srv_examples --record /home/ubuntu/ROS2-Tutorials/robot_ws/build/srv_examples/install.log --single-version-externally-managed
[2.804s] Level 1:colcon.colcon_core.environment:checking '/home/ubuntu/ROS2-Tutorials/robot_ws/install/srv_examples' for CMake config files
[2.805s] Level 1:colcon.colcon_core.environment:checking '/home/ubuntu/ROS2-Tutorials/robot_ws/install/srv_examples/lib'
[2.805s] Level 1:colcon.colcon_core.environment:checking '/home/ubuntu/ROS2-Tutorials/robot_ws/install/srv_examples/bin'
[2.805s] Level 1:colcon.colcon_core.environment:checking '/home/ubuntu/ROS2-Tutorials/robot_ws/install/srv_examples/lib/pkgconfig/srv_examples.pc'
[2.805s] Level 1:colcon.colcon_core.environment:checking '/home/ubuntu/ROS2-Tutorials/robot_ws/install/srv_examples/lib/python3.8/site-packages'
[2.805s] Level 1:colcon.colcon_core.shell:create_environment_hook('srv_examples', 'pythonpath')
[2.806s] INFO:colcon.colcon_core.shell:Creating environment hook '/home/ubuntu/ROS2-Tutorials/robot_ws/install/srv_examples/share/srv_examples/hook/pythonpath.ps1'
[2.807s] INFO:colcon.colcon_core.shell:Creating environment descriptor '/home/ubuntu/ROS2-Tutorials/robot_ws/install/srv_examples/share/srv_examples/hook/pythonpath.dsv'
[2.807s] INFO:colcon.colcon_core.shell:Creating environment hook '/home/ubuntu/ROS2-Tutorials/robot_ws/install/srv_examples/share/srv_examples/hook/pythonpath.sh'
[2.808s] Level 1:colcon.colcon_core.environment:create_environment_scripts_only(srv_examples)
[2.809s] INFO:colcon.colcon_core.shell:Creating package script '/home/ubuntu/ROS2-Tutorials/robot_ws/install/srv_examples/share/srv_examples/package.ps1'
[2.810s] INFO:colcon.colcon_core.shell:Creating package descriptor '/home/ubuntu/ROS2-Tutorials/robot_ws/install/srv_examples/share/srv_examples/package.dsv'
[2.811s] INFO:colcon.colcon_core.shell:Creating package script '/home/ubuntu/ROS2-Tutorials/robot_ws/install/srv_examples/share/srv_examples/package.sh'
[2.812s] INFO:colcon.colcon_core.shell:Creating package script '/home/ubuntu/ROS2-Tutorials/robot_ws/install/srv_examples/share/srv_examples/package.bash'
[2.812s] INFO:colcon.colcon_core.shell:Creating package script '/home/ubuntu/ROS2-Tutorials/robot_ws/install/srv_examples/share/srv_examples/package.zsh'
[2.813s] Level 1:colcon.colcon_core.environment:create_file_with_runtime_dependencies(/home/ubuntu/ROS2-Tutorials/robot_ws/install/srv_examples/share/colcon-core/packages/srv_examples)
[23.033s] DEBUG:colcon.colcon_core.event_handler.log_command:Invoked command in '/home/ubuntu/ROS2-Tutorials/robot_ws/build/turtlesim' returned '0': CMAKE_PREFIX_PATH=${CMAKE_PREFIX_PATH}:/home/ubuntu/ROS2-Tutorials/robot_ws/install/tb3_teleop:/home/ubuntu/ROS2-Tutorials/robot_ws/install/srv_examples:/home/ubuntu/ROS2-Tutorials/robot_ws/install/rqt_joy:/home/ubuntu/ROS2-Tutorials/robot_ws/install/pubsub:/home/ubuntu/ROS2-Tutorials/robot_ws/install/myfirstpackage:/home/ubuntu/ROS2-Tutorials/robot_ws/install/hello_world:/opt/ros/foxy /usr/bin/cmake --build /home/ubuntu/ROS2-Tutorials/robot_ws/build/turtlesim -- -j12 -l12
[23.285s] DEBUG:colcon.colcon_core.event_handler.log_command:Invoking command in '/home/ubuntu/ROS2-Tutorials/robot_ws/build/turtlesim': CMAKE_PREFIX_PATH=${CMAKE_PREFIX_PATH}:/home/ubuntu/ROS2-Tutorials/robot_ws/install/tb3_teleop:/home/ubuntu/ROS2-Tutorials/robot_ws/install/srv_examples:/home/ubuntu/ROS2-Tutorials/robot_ws/install/rqt_joy:/home/ubuntu/ROS2-Tutorials/robot_ws/install/pubsub:/home/ubuntu/ROS2-Tutorials/robot_ws/install/myfirstpackage:/home/ubuntu/ROS2-Tutorials/robot_ws/install/hello_world:/opt/ros/foxy /usr/bin/cmake --install /home/ubuntu/ROS2-Tutorials/robot_ws/build/turtlesim
[23.389s] Level 1:colcon.colcon_core.environment:create_environment_scripts_only(turtlesim)
[23.389s] DEBUG:colcon.colcon_core.event_handler.log_command:Invoked command in '/home/ubuntu/ROS2-Tutorials/robot_ws/build/turtlesim' returned '0': CMAKE_PREFIX_PATH=${CMAKE_PREFIX_PATH}:/home/ubuntu/ROS2-Tutorials/robot_ws/install/tb3_teleop:/home/ubuntu/ROS2-Tutorials/robot_ws/install/srv_examples:/home/ubuntu/ROS2-Tutorials/robot_ws/install/rqt_joy:/home/ubuntu/ROS2-Tutorials/robot_ws/install/pubsub:/home/ubuntu/ROS2-Tutorials/robot_ws/install/myfirstpackage:/home/ubuntu/ROS2-Tutorials/robot_ws/install/hello_world:/opt/ros/foxy /usr/bin/cmake --install /home/ubuntu/ROS2-Tutorials/robot_ws/build/turtlesim
[23.391s] Level 1:colcon.colcon_core.environment:checking '/home/ubuntu/ROS2-Tutorials/robot_ws/install/turtlesim' for CMake module files
[23.392s] Level 1:colcon.colcon_core.environment:checking '/home/ubuntu/ROS2-Tutorials/robot_ws/install/turtlesim' for CMake config files
[23.393s] Level 1:colcon.colcon_core.shell:create_environment_hook('turtlesim', 'cmake_prefix_path')
[23.393s] INFO:colcon.colcon_core.shell:Creating environment hook '/home/ubuntu/ROS2-Tutorials/robot_ws/install/turtlesim/share/turtlesim/hook/cmake_prefix_path.ps1'
[23.394s] INFO:colcon.colcon_core.shell:Creating environment descriptor '/home/ubuntu/ROS2-Tutorials/robot_ws/install/turtlesim/share/turtlesim/hook/cmake_prefix_path.dsv'
[23.394s] INFO:colcon.colcon_core.shell:Creating environment hook '/home/ubuntu/ROS2-Tutorials/robot_ws/install/turtlesim/share/turtlesim/hook/cmake_prefix_path.sh'
[23.395s] Level 1:colcon.colcon_core.environment:checking '/home/ubuntu/ROS2-Tutorials/robot_ws/install/turtlesim/lib'
[23.395s] Level 1:colcon.colcon_core.shell:create_environment_hook('turtlesim', 'ld_library_path_lib')
[23.396s] INFO:colcon.colcon_core.shell:Creating environment hook '/home/ubuntu/ROS2-Tutorials/robot_ws/install/turtlesim/share/turtlesim/hook/ld_library_path_lib.ps1'
[23.396s] INFO:colcon.colcon_core.shell:Creating environment descriptor '/home/ubuntu/ROS2-Tutorials/robot_ws/install/turtlesim/share/turtlesim/hook/ld_library_path_lib.dsv'
[23.396s] INFO:colcon.colcon_core.shell:Creating environment hook '/home/ubuntu/ROS2-Tutorials/robot_ws/install/turtlesim/share/turtlesim/hook/ld_library_path_lib.sh'
[23.397s] Level 1:colcon.colcon_core.environment:checking '/home/ubuntu/ROS2-Tutorials/robot_ws/install/turtlesim/bin'
[23.397s] Level 1:colcon.colcon_core.environment:checking '/home/ubuntu/ROS2-Tutorials/robot_ws/install/turtlesim/lib/pkgconfig/turtlesim.pc'
[23.397s] Level 1:colcon.colcon_core.environment:checking '/home/ubuntu/ROS2-Tutorials/robot_ws/install/turtlesim/lib/python3.8/site-packages'
[23.397s] Level 1:colcon.colcon_core.shell:create_environment_hook('turtlesim', 'pythonpath')
[23.398s] INFO:colcon.colcon_core.shell:Creating environment hook '/home/ubuntu/ROS2-Tutorials/robot_ws/install/turtlesim/share/turtlesim/hook/pythonpath.ps1'
[23.398s] INFO:colcon.colcon_core.shell:Creating environment descriptor '/home/ubuntu/ROS2-Tutorials/robot_ws/install/turtlesim/share/turtlesim/hook/pythonpath.dsv'
[23.398s] INFO:colcon.colcon_core.shell:Creating environment hook '/home/ubuntu/ROS2-Tutorials/robot_ws/install/turtlesim/share/turtlesim/hook/pythonpath.sh'
[23.399s] INFO:colcon.colcon_core.shell:Creating package script '/home/ubuntu/ROS2-Tutorials/robot_ws/install/turtlesim/share/turtlesim/package.ps1'
[23.400s] INFO:colcon.colcon_core.shell:Creating package descriptor '/home/ubuntu/ROS2-Tutorials/robot_ws/install/turtlesim/share/turtlesim/package.dsv'
[23.401s] INFO:colcon.colcon_core.shell:Creating package script '/home/ubuntu/ROS2-Tutorials/robot_ws/install/turtlesim/share/turtlesim/package.sh'
[23.401s] INFO:colcon.colcon_core.shell:Creating package script '/home/ubuntu/ROS2-Tutorials/robot_ws/install/turtlesim/share/turtlesim/package.bash'
[23.401s] INFO:colcon.colcon_core.shell:Creating package script '/home/ubuntu/ROS2-Tutorials/robot_ws/install/turtlesim/share/turtlesim/package.zsh'
[23.402s] Level 1:colcon.colcon_core.environment:create_file_with_runtime_dependencies(/home/ubuntu/ROS2-Tutorials/robot_ws/install/turtlesim/share/colcon-core/packages/turtlesim)
[23.633s] Level 1:colcon.colcon_core.environment:create_environment_scripts_only(turtlesim)
[23.634s] Level 1:colcon.colcon_core.environment:checking '/home/ubuntu/ROS2-Tutorials/robot_ws/install/turtlesim' for CMake module files
[23.635s] Level 1:colcon.colcon_core.environment:checking '/home/ubuntu/ROS2-Tutorials/robot_ws/install/turtlesim' for CMake config files
[23.636s] Level 1:colcon.colcon_core.shell:create_environment_hook('turtlesim', 'cmake_prefix_path')
[23.636s] INFO:colcon.colcon_core.shell:Creating environment hook '/home/ubuntu/ROS2-Tutorials/robot_ws/install/turtlesim/share/turtlesim/hook/cmake_prefix_path.ps1'
[23.637s] INFO:colcon.colcon_core.shell:Creating environment descriptor '/home/ubuntu/ROS2-Tutorials/robot_ws/install/turtlesim/share/turtlesim/hook/cmake_prefix_path.dsv'
[23.637s] INFO:colcon.colcon_core.shell:Creating environment hook '/home/ubuntu/ROS2-Tutorials/robot_ws/install/turtlesim/share/turtlesim/hook/cmake_prefix_path.sh'
[23.638s] Level 1:colcon.colcon_core.environment:checking '/home/ubuntu/ROS2-Tutorials/robot_ws/install/turtlesim/lib'
[23.638s] Level 1:colcon.colcon_core.shell:create_environment_hook('turtlesim', 'ld_library_path_lib')
[23.639s] INFO:colcon.colcon_core.shell:Creating environment hook '/home/ubuntu/ROS2-Tutorials/robot_ws/install/turtlesim/share/turtlesim/hook/ld_library_path_lib.ps1'
[23.639s] INFO:colcon.colcon_core.shell:Creating environment descriptor '/home/ubuntu/ROS2-Tutorials/robot_ws/install/turtlesim/share/turtlesim/hook/ld_library_path_lib.dsv'
[23.639s] INFO:colcon.colcon_core.shell:Creating environment hook '/home/ubuntu/ROS2-Tutorials/robot_ws/install/turtlesim/share/turtlesim/hook/ld_library_path_lib.sh'
[23.640s] Level 1:colcon.colcon_core.environment:checking '/home/ubuntu/ROS2-Tutorials/robot_ws/install/turtlesim/bin'
[23.640s] Level 1:colcon.colcon_core.environment:checking '/home/ubuntu/ROS2-Tutorials/robot_ws/install/turtlesim/lib/pkgconfig/turtlesim.pc'
[23.640s] Level 1:colcon.colcon_core.environment:checking '/home/ubuntu/ROS2-Tutorials/robot_ws/install/turtlesim/lib/python3.8/site-packages'
[23.640s] Level 1:colcon.colcon_core.shell:create_environment_hook('turtlesim', 'pythonpath')
[23.640s] INFO:colcon.colcon_core.shell:Creating environment hook '/home/ubuntu/ROS2-Tutorials/robot_ws/install/turtlesim/share/turtlesim/hook/pythonpath.ps1'
[23.641s] INFO:colcon.colcon_core.shell:Creating environment descriptor '/home/ubuntu/ROS2-Tutorials/robot_ws/install/turtlesim/share/turtlesim/hook/pythonpath.dsv'
[23.641s] INFO:colcon.colcon_core.shell:Creating environment hook '/home/ubuntu/ROS2-Tutorials/robot_ws/install/turtlesim/share/turtlesim/hook/pythonpath.sh'
[23.643s] INFO:colcon.colcon_core.shell:Creating package script '/home/ubuntu/ROS2-Tutorials/robot_ws/install/turtlesim/share/turtlesim/package.ps1'
[23.643s] INFO:colcon.colcon_core.shell:Creating package descriptor '/home/ubuntu/ROS2-Tutorials/robot_ws/install/turtlesim/share/turtlesim/package.dsv'
[23.644s] INFO:colcon.colcon_core.shell:Creating package script '/home/ubuntu/ROS2-Tutorials/robot_ws/install/turtlesim/share/turtlesim/package.sh'
[23.644s] INFO:colcon.colcon_core.shell:Creating package script '/home/ubuntu/ROS2-Tutorials/robot_ws/install/turtlesim/share/turtlesim/package.bash'
[23.645s] INFO:colcon.colcon_core.shell:Creating package script '/home/ubuntu/ROS2-Tutorials/robot_ws/install/turtlesim/share/turtlesim/package.zsh'
[23.645s] Level 1:colcon.colcon_core.environment:create_file_with_runtime_dependencies(/home/ubuntu/ROS2-Tutorials/robot_ws/install/turtlesim/share/colcon-core/packages/turtlesim)
[23.645s] DEBUG:colcon.colcon_parallel_executor.executor.parallel:closing loop
[23.646s] DEBUG:colcon.colcon_parallel_executor.executor.parallel:loop closed
[23.646s] DEBUG:colcon.colcon_parallel_executor.executor.parallel:run_until_complete finished with '0'
[23.646s] DEBUG:colcon.colcon_core.event_reactor:joining thread
[23.658s] INFO:colcon.colcon_core.plugin_system:Skipping extension 'colcon_notification.desktop_notification.notify_send': Could not find 'notify-send'
[23.658s] INFO:colcon.colcon_core.plugin_system:Skipping extension 'colcon_notification.desktop_notification.terminal_notifier': Not used on non-Darwin systems
[23.658s] INFO:colcon.colcon_core.plugin_system:Skipping extension 'colcon_notification.desktop_notification.win32': Not used on non-Windows systems
[23.658s] INFO:colcon.colcon_notification.desktop_notification:Sending desktop notification using 'notify2'
[23.665s] DEBUG:colcon.colcon_notification.desktop_notification.notify2:Failed to initialize notify2: org.freedesktop.DBus.Error.ServiceUnknown: The name org.freedesktop.Notifications was not provided by any .service files
[23.665s] DEBUG:colcon.colcon_core.event_reactor:joined thread
[23.666s] INFO:colcon.colcon_core.shell:Creating prefix script '/home/ubuntu/ROS2-Tutorials/robot_ws/install/local_setup.ps1'
[23.667s] INFO:colcon.colcon_core.shell:Creating prefix util module '/home/ubuntu/ROS2-Tutorials/robot_ws/install/_local_setup_util_ps1.py'
[23.669s] INFO:colcon.colcon_core.shell:Creating prefix chain script '/home/ubuntu/ROS2-Tutorials/robot_ws/install/setup.ps1'
[23.672s] INFO:colcon.colcon_core.shell:Creating prefix script '/home/ubuntu/ROS2-Tutorials/robot_ws/install/local_setup.sh'
[23.672s] INFO:colcon.colcon_core.shell:Creating prefix util module '/home/ubuntu/ROS2-Tutorials/robot_ws/install/_local_setup_util_sh.py'
[23.673s] INFO:colcon.colcon_core.shell:Creating prefix chain script '/home/ubuntu/ROS2-Tutorials/robot_ws/install/setup.sh'
[23.676s] INFO:colcon.colcon_core.shell:Creating prefix script '/home/ubuntu/ROS2-Tutorials/robot_ws/install/local_setup.bash'
[23.676s] INFO:colcon.colcon_core.shell:Creating prefix chain script '/home/ubuntu/ROS2-Tutorials/robot_ws/install/setup.bash'
[23.679s] INFO:colcon.colcon_core.shell:Creating prefix script '/home/ubuntu/ROS2-Tutorials/robot_ws/install/local_setup.zsh'
[23.680s] INFO:colcon.colcon_core.shell:Creating prefix chain script '/home/ubuntu/ROS2-Tutorials/robot_ws/install/setup.zsh'
