[1.460s] Invoking command in '/home/ubuntu/ROS2-Tutorials/robot_ws/src/srv_examples': PYTHONPATH=/home/ubuntu/ROS2-Tutorials/robot_ws/install/srv_examples/lib/python3.8/site-packages:${PYTHONPATH} /usr/bin/python3 setup.py egg_info --egg-base ../../build/srv_examples build --build-base /home/ubuntu/ROS2-Tutorials/robot_ws/build/srv_examples/build install --prefix /home/ubuntu/ROS2-Tutorials/robot_ws/install/srv_examples --record /home/ubuntu/ROS2-Tutorials/robot_ws/build/srv_examples/install.log --single-version-externally-managed
[1.732s] running egg_info
[1.732s] writing ../../build/srv_examples/srv_examples.egg-info/PKG-INFO
[1.733s] writing dependency_links to ../../build/srv_examples/srv_examples.egg-info/dependency_links.txt
[1.733s] writing entry points to ../../build/srv_examples/srv_examples.egg-info/entry_points.txt
[1.733s] writing requirements to ../../build/srv_examples/srv_examples.egg-info/requires.txt
[1.734s] writing top-level names to ../../build/srv_examples/srv_examples.egg-info/top_level.txt
[1.788s] reading manifest file '../../build/srv_examples/srv_examples.egg-info/SOURCES.txt'
[1.790s] writing manifest file '../../build/srv_examples/srv_examples.egg-info/SOURCES.txt'
[1.790s] running build
[1.790s] running build_py
[1.791s] running install
[1.792s] running install_lib
[1.795s] running install_data
[1.796s] running install_egg_info
[1.798s] removing '/home/ubuntu/ROS2-Tutorials/robot_ws/install/srv_examples/lib/python3.8/site-packages/srv_examples-0.0.0-py3.8.egg-info' (and everything under it)
[1.799s] Copying ../../build/srv_examples/srv_examples.egg-info to /home/ubuntu/ROS2-Tutorials/robot_ws/install/srv_examples/lib/python3.8/site-packages/srv_examples-0.0.0-py3.8.egg-info
[1.800s] running install_scripts
[1.822s] Installing invert_gripper_service_client script to /home/ubuntu/ROS2-Tutorials/robot_ws/install/srv_examples/lib/srv_examples
[1.823s] Installing open_gripper_service_server script to /home/ubuntu/ROS2-Tutorials/robot_ws/install/srv_examples/lib/srv_examples
[1.823s] Installing turtlesim_geofence_reset_srv script to /home/ubuntu/ROS2-Tutorials/robot_ws/install/srv_examples/lib/srv_examples
[1.823s] writing list of installed files to '/home/ubuntu/ROS2-Tutorials/robot_ws/build/srv_examples/install.log'
