[0.267s] Invoking command in '/home/ubuntu/robot_ws/src/myfirstpackage': PYTHONPATH=/home/ubuntu/robot_ws/install/myfirstpackage/lib/python3.8/site-packages:${PYTHONPATH} /usr/bin/python3 setup.py egg_info --egg-base ../../build/myfirstpackage build --build-base /home/ubuntu/robot_ws/build/myfirstpackage/build install --prefix /home/ubuntu/robot_ws/install/myfirstpackage --record /home/ubuntu/robot_ws/build/myfirstpackage/install.log --single-version-externally-managed
[0.522s] running egg_info
[0.523s] writing ../../build/myfirstpackage/myfirstpackage.egg-info/PKG-INFO
[0.523s] writing dependency_links to ../../build/myfirstpackage/myfirstpackage.egg-info/dependency_links.txt
[0.523s] writing entry points to ../../build/myfirstpackage/myfirstpackage.egg-info/entry_points.txt
[0.524s] writing requirements to ../../build/myfirstpackage/myfirstpackage.egg-info/requires.txt
[0.524s] writing top-level names to ../../build/myfirstpackage/myfirstpackage.egg-info/top_level.txt
[0.584s] reading manifest file '../../build/myfirstpackage/myfirstpackage.egg-info/SOURCES.txt'
[0.586s] writing manifest file '../../build/myfirstpackage/myfirstpackage.egg-info/SOURCES.txt'
[0.587s] running build
[0.587s] running build_py
[0.587s] copying myfirstpackage/param_node.py -> /home/ubuntu/robot_ws/build/myfirstpackage/build/lib/myfirstpackage
[0.588s] running install
[0.590s] running install_lib
[0.595s] copying /home/ubuntu/robot_ws/build/myfirstpackage/build/lib/myfirstpackage/param_node.py -> /home/ubuntu/robot_ws/install/myfirstpackage/lib/python3.8/site-packages/myfirstpackage
[0.596s] byte-compiling /home/ubuntu/robot_ws/install/myfirstpackage/lib/python3.8/site-packages/myfirstpackage/param_node.py to param_node.cpython-38.pyc
[0.597s] running install_data
[0.597s] running install_egg_info
[0.599s] removing '/home/ubuntu/robot_ws/install/myfirstpackage/lib/python3.8/site-packages/myfirstpackage-0.0.0-py3.8.egg-info' (and everything under it)
[0.600s] Copying ../../build/myfirstpackage/myfirstpackage.egg-info to /home/ubuntu/robot_ws/install/myfirstpackage/lib/python3.8/site-packages/myfirstpackage-0.0.0-py3.8.egg-info
[0.602s] running install_scripts
[0.627s] Installing myfirstnode script to /home/ubuntu/robot_ws/install/myfirstpackage/lib/myfirstpackage
[0.628s] Installing param_node script to /home/ubuntu/robot_ws/install/myfirstpackage/lib/myfirstpackage
[0.628s] writing list of installed files to '/home/ubuntu/robot_ws/build/myfirstpackage/install.log'
[0.661s] Invoked command in '/home/ubuntu/robot_ws/src/myfirstpackage' returned '0': PYTHONPATH=/home/ubuntu/robot_ws/install/myfirstpackage/lib/python3.8/site-packages:${PYTHONPATH} /usr/bin/python3 setup.py egg_info --egg-base ../../build/myfirstpackage build --build-base /home/ubuntu/robot_ws/build/myfirstpackage/build install --prefix /home/ubuntu/robot_ws/install/myfirstpackage --record /home/ubuntu/robot_ws/build/myfirstpackage/install.log --single-version-externally-managed
