[1.447s] Invoking command in '/home/ubuntu/ROS2-Tutorials/robot_ws/src/srv_examples': PYTHONPATH=/home/ubuntu/ROS2-Tutorials/robot_ws/install/srv_examples/lib/python3.8/site-packages:${PYTHONPATH} /usr/bin/python3 setup.py egg_info --egg-base ../../build/srv_examples build --build-base /home/ubuntu/ROS2-Tutorials/robot_ws/build/srv_examples/build install --prefix /home/ubuntu/ROS2-Tutorials/robot_ws/install/srv_examples --record /home/ubuntu/ROS2-Tutorials/robot_ws/build/srv_examples/install.log --single-version-externally-managed
[1.736s] running egg_info
[1.738s] writing ../../build/srv_examples/srv_examples.egg-info/PKG-INFO
[1.738s] writing dependency_links to ../../build/srv_examples/srv_examples.egg-info/dependency_links.txt
[1.738s] writing entry points to ../../build/srv_examples/srv_examples.egg-info/entry_points.txt
[1.738s] writing requirements to ../../build/srv_examples/srv_examples.egg-info/requires.txt
[1.739s] writing top-level names to ../../build/srv_examples/srv_examples.egg-info/top_level.txt
[1.795s] reading manifest file '../../build/srv_examples/srv_examples.egg-info/SOURCES.txt'
[1.797s] writing manifest file '../../build/srv_examples/srv_examples.egg-info/SOURCES.txt'
[1.799s] running build
[1.800s] running build_py
[1.803s] copying srv_examples/invert_gripper_service_client.py -> /home/ubuntu/ROS2-Tutorials/robot_ws/build/srv_examples/build/lib/srv_examples
[1.805s] running install
[1.805s] running install_lib
[1.808s] copying /home/ubuntu/ROS2-Tutorials/robot_ws/build/srv_examples/build/lib/srv_examples/invert_gripper_service_client.py -> /home/ubuntu/ROS2-Tutorials/robot_ws/install/srv_examples/lib/python3.8/site-packages/srv_examples
[1.811s] byte-compiling /home/ubuntu/ROS2-Tutorials/robot_ws/install/srv_examples/lib/python3.8/site-packages/srv_examples/invert_gripper_service_client.py to invert_gripper_service_client.cpython-38.pyc
[1.814s] running install_data
[1.815s] running install_egg_info
[1.820s] removing '/home/ubuntu/ROS2-Tutorials/robot_ws/install/srv_examples/lib/python3.8/site-packages/srv_examples-0.0.0-py3.8.egg-info' (and everything under it)
[1.823s] Copying ../../build/srv_examples/srv_examples.egg-info to /home/ubuntu/ROS2-Tutorials/robot_ws/install/srv_examples/lib/python3.8/site-packages/srv_examples-0.0.0-py3.8.egg-info
[1.828s] running install_scripts
[1.844s] Installing invert_gripper_service_client script to /home/ubuntu/ROS2-Tutorials/robot_ws/install/srv_examples/lib/srv_examples
[1.844s] Installing open_gripper_service_server script to /home/ubuntu/ROS2-Tutorials/robot_ws/install/srv_examples/lib/srv_examples
[1.845s] Installing turtlesim_geofence_reset_srv script to /home/ubuntu/ROS2-Tutorials/robot_ws/install/srv_examples/lib/srv_examples
[1.845s] writing list of installed files to '/home/ubuntu/ROS2-Tutorials/robot_ws/build/srv_examples/install.log'
