[1.494s] Invoking command in '/home/ubuntu/robot_ws/src/srv_examples': PYTHONPATH=/home/ubuntu/robot_ws/install/srv_examples/lib/python3.8/site-packages:${PYTHONPATH} /usr/bin/python3 setup.py egg_info --egg-base ../../build/srv_examples build --build-base /home/ubuntu/robot_ws/build/srv_examples/build install --prefix /home/ubuntu/robot_ws/install/srv_examples --record /home/ubuntu/robot_ws/build/srv_examples/install.log --single-version-externally-managed
[1.800s] running egg_info
[1.801s] writing ../../build/srv_examples/srv_examples.egg-info/PKG-INFO
[1.802s] writing dependency_links to ../../build/srv_examples/srv_examples.egg-info/dependency_links.txt
[1.802s] writing entry points to ../../build/srv_examples/srv_examples.egg-info/entry_points.txt
[1.802s] writing requirements to ../../build/srv_examples/srv_examples.egg-info/requires.txt
[1.802s] writing top-level names to ../../build/srv_examples/srv_examples.egg-info/top_level.txt
[1.858s] reading manifest file '../../build/srv_examples/srv_examples.egg-info/SOURCES.txt'
[1.860s] writing manifest file '../../build/srv_examples/srv_examples.egg-info/SOURCES.txt'
[1.860s] running build
[1.861s] running build_py
[1.861s] copying srv_examples/invert_gripper_service_client.py -> /home/ubuntu/robot_ws/build/srv_examples/build/lib/srv_examples
[1.861s] running install
[1.862s] running install_lib
[1.863s] copying /home/ubuntu/robot_ws/build/srv_examples/build/lib/srv_examples/invert_gripper_service_client.py -> /home/ubuntu/robot_ws/install/srv_examples/lib/python3.8/site-packages/srv_examples
[1.863s] byte-compiling /home/ubuntu/robot_ws/install/srv_examples/lib/python3.8/site-packages/srv_examples/invert_gripper_service_client.py to invert_gripper_service_client.cpython-38.pyc
[1.864s] running install_data
[1.865s] running install_egg_info
[1.866s] removing '/home/ubuntu/robot_ws/install/srv_examples/lib/python3.8/site-packages/srv_examples-0.0.0-py3.8.egg-info' (and everything under it)
[1.867s] Copying ../../build/srv_examples/srv_examples.egg-info to /home/ubuntu/robot_ws/install/srv_examples/lib/python3.8/site-packages/srv_examples-0.0.0-py3.8.egg-info
[1.868s] running install_scripts
[1.893s] Installing invert_gripper_service_client script to /home/ubuntu/robot_ws/install/srv_examples/lib/srv_examples
[1.893s] Installing open_gripper_service_server script to /home/ubuntu/robot_ws/install/srv_examples/lib/srv_examples
[1.893s] Installing turtlesim_geofence_reset_srv script to /home/ubuntu/robot_ws/install/srv_examples/lib/srv_examples
[1.894s] writing list of installed files to '/home/ubuntu/robot_ws/build/srv_examples/install.log'
[1.975s] Invoked command in '/home/ubuntu/robot_ws/src/srv_examples' returned '0': PYTHONPATH=/home/ubuntu/robot_ws/install/srv_examples/lib/python3.8/site-packages:${PYTHONPATH} /usr/bin/python3 setup.py egg_info --egg-base ../../build/srv_examples build --build-base /home/ubuntu/robot_ws/build/srv_examples/build install --prefix /home/ubuntu/robot_ws/install/srv_examples --record /home/ubuntu/robot_ws/build/srv_examples/install.log --single-version-externally-managed
