[1.444s] Invoking command in '/home/ubuntu/ROS2-Tutorials/robot_ws/src/tb3_teleop': PYTHONPATH=/home/ubuntu/ROS2-Tutorials/robot_ws/install/tb3_teleop/lib/python3.8/site-packages:${PYTHONPATH} /usr/bin/python3 setup.py egg_info --egg-base ../../build/tb3_teleop build --build-base /home/ubuntu/ROS2-Tutorials/robot_ws/build/tb3_teleop/build install --prefix /home/ubuntu/ROS2-Tutorials/robot_ws/install/tb3_teleop --record /home/ubuntu/ROS2-Tutorials/robot_ws/build/tb3_teleop/install.log --single-version-externally-managed
[1.737s] running egg_info
[1.738s] writing ../../build/tb3_teleop/tb3_teleop.egg-info/PKG-INFO
[1.740s] writing dependency_links to ../../build/tb3_teleop/tb3_teleop.egg-info/dependency_links.txt
[1.740s] writing entry points to ../../build/tb3_teleop/tb3_teleop.egg-info/entry_points.txt
[1.741s] writing requirements to ../../build/tb3_teleop/tb3_teleop.egg-info/requires.txt
[1.741s] writing top-level names to ../../build/tb3_teleop/tb3_teleop.egg-info/top_level.txt
[1.801s] reading manifest file '../../build/tb3_teleop/tb3_teleop.egg-info/SOURCES.txt'
[1.805s] writing manifest file '../../build/tb3_teleop/tb3_teleop.egg-info/SOURCES.txt'
[1.805s] running build
[1.805s] running build_py
[1.812s] running install
[1.813s] running install_lib
[1.819s] running install_data
[1.820s] running install_egg_info
[1.821s] removing '/home/ubuntu/ROS2-Tutorials/robot_ws/install/tb3_teleop/lib/python3.8/site-packages/tb3_teleop-0.0.0-py3.8.egg-info' (and everything under it)
[1.821s] Copying ../../build/tb3_teleop/tb3_teleop.egg-info to /home/ubuntu/ROS2-Tutorials/robot_ws/install/tb3_teleop/lib/python3.8/site-packages/tb3_teleop-0.0.0-py3.8.egg-info
[1.822s] running install_scripts
[1.836s] Installing teleop script to /home/ubuntu/ROS2-Tutorials/robot_ws/install/tb3_teleop/lib/tb3_teleop
[1.836s] writing list of installed files to '/home/ubuntu/ROS2-Tutorials/robot_ws/build/tb3_teleop/install.log'
