[0.490s] Invoking command in '/home/ubuntu/robot_ws/src/hello_world': PYTHONPATH=/home/ubuntu/robot_ws/install/hello_world/lib/python3.8/site-packages:${PYTHONPATH} /usr/bin/python3 setup.py egg_info --egg-base ../../build/hello_world build --build-base /home/ubuntu/robot_ws/build/hello_world/build install --prefix /home/ubuntu/robot_ws/install/hello_world --record /home/ubuntu/robot_ws/build/hello_world/install.log --single-version-externally-managed
[0.746s] running egg_info
[0.747s] creating ../../build/hello_world/hello_world.egg-info
[0.747s] writing ../../build/hello_world/hello_world.egg-info/PKG-INFO
[0.748s] writing dependency_links to ../../build/hello_world/hello_world.egg-info/dependency_links.txt
[0.748s] writing entry points to ../../build/hello_world/hello_world.egg-info/entry_points.txt
[0.748s] writing requirements to ../../build/hello_world/hello_world.egg-info/requires.txt
[0.748s] writing top-level names to ../../build/hello_world/hello_world.egg-info/top_level.txt
[0.749s] writing manifest file '../../build/hello_world/hello_world.egg-info/SOURCES.txt'
[0.788s] reading manifest file '../../build/hello_world/hello_world.egg-info/SOURCES.txt'
[0.789s] writing manifest file '../../build/hello_world/hello_world.egg-info/SOURCES.txt'
[0.789s] running build
[0.790s] running build_py
[0.790s] creating /home/ubuntu/robot_ws/build/hello_world/build
[0.791s] creating /home/ubuntu/robot_ws/build/hello_world/build/lib
[0.791s] creating /home/ubuntu/robot_ws/build/hello_world/build/lib/hello_world
[0.791s] copying hello_world/hello_world.py -> /home/ubuntu/robot_ws/build/hello_world/build/lib/hello_world
[0.792s] copying hello_world/__init__.py -> /home/ubuntu/robot_ws/build/hello_world/build/lib/hello_world
[0.792s] running install
[0.792s] running install_lib
[0.793s] creating /home/ubuntu/robot_ws/install/hello_world/lib/python3.8/site-packages/hello_world
[0.793s] copying /home/ubuntu/robot_ws/build/hello_world/build/lib/hello_world/hello_world.py -> /home/ubuntu/robot_ws/install/hello_world/lib/python3.8/site-packages/hello_world
[0.793s] copying /home/ubuntu/robot_ws/build/hello_world/build/lib/hello_world/__init__.py -> /home/ubuntu/robot_ws/install/hello_world/lib/python3.8/site-packages/hello_world
[0.794s] byte-compiling /home/ubuntu/robot_ws/install/hello_world/lib/python3.8/site-packages/hello_world/hello_world.py to hello_world.cpython-38.pyc
[0.794s] byte-compiling /home/ubuntu/robot_ws/install/hello_world/lib/python3.8/site-packages/hello_world/__init__.py to __init__.cpython-38.pyc
[0.794s] running install_data
[0.795s] copying resource/hello_world -> /home/ubuntu/robot_ws/install/hello_world/share/ament_index/resource_index/packages
[0.795s] copying package.xml -> /home/ubuntu/robot_ws/install/hello_world/share/hello_world
[0.795s] running install_egg_info
[0.796s] Copying ../../build/hello_world/hello_world.egg-info to /home/ubuntu/robot_ws/install/hello_world/lib/python3.8/site-packages/hello_world-0.0.0-py3.8.egg-info
[0.798s] running install_scripts
[0.816s] Installing hello_world script to /home/ubuntu/robot_ws/install/hello_world/lib/hello_world
[0.817s] writing list of installed files to '/home/ubuntu/robot_ws/build/hello_world/install.log'
[0.857s] Invoked command in '/home/ubuntu/robot_ws/src/hello_world' returned '0': PYTHONPATH=/home/ubuntu/robot_ws/install/hello_world/lib/python3.8/site-packages:${PYTHONPATH} /usr/bin/python3 setup.py egg_info --egg-base ../../build/hello_world build --build-base /home/ubuntu/robot_ws/build/hello_world/build install --prefix /home/ubuntu/robot_ws/install/hello_world --record /home/ubuntu/robot_ws/build/hello_world/install.log --single-version-externally-managed
