[1.587s] Invoking command in '/home/ubuntu/ROS2-Tutorials/robot_ws/src/rqt_joy': PYTHONPATH=/home/ubuntu/ROS2-Tutorials/robot_ws/install/rqt_joy/lib/python3.8/site-packages:${PYTHONPATH} /usr/bin/python3 setup.py egg_info --egg-base ../../build/rqt_joy build --build-base /home/ubuntu/ROS2-Tutorials/robot_ws/build/rqt_joy/build install --prefix /home/ubuntu/ROS2-Tutorials/robot_ws/install/rqt_joy --record /home/ubuntu/ROS2-Tutorials/robot_ws/build/rqt_joy/install.log --single-version-externally-managed
[1.892s] running egg_info
[1.892s] writing ../../build/rqt_joy/rqt_joy.egg-info/PKG-INFO
[1.893s] writing dependency_links to ../../build/rqt_joy/rqt_joy.egg-info/dependency_links.txt
[1.893s] writing requirements to ../../build/rqt_joy/rqt_joy.egg-info/requires.txt
[1.894s] writing top-level names to ../../build/rqt_joy/rqt_joy.egg-info/top_level.txt
[1.944s] reading manifest file '../../build/rqt_joy/rqt_joy.egg-info/SOURCES.txt'
[1.946s] writing manifest file '../../build/rqt_joy/rqt_joy.egg-info/SOURCES.txt'
[1.947s] running build
[1.947s] running build_py
[1.947s] running build_scripts
[1.947s] running install
[1.948s] running install_lib
[1.950s] running install_data
[1.951s] running install_egg_info
[1.954s] removing '/home/ubuntu/ROS2-Tutorials/robot_ws/install/rqt_joy/lib/python3.8/site-packages/rqt_joy-1.0.0-py3.8.egg-info' (and everything under it)
[1.954s] Copying ../../build/rqt_joy/rqt_joy.egg-info to /home/ubuntu/ROS2-Tutorials/robot_ws/install/rqt_joy/lib/python3.8/site-packages/rqt_joy-1.0.0-py3.8.egg-info
[1.956s] running install_scripts
[1.983s] changing mode of /home/ubuntu/ROS2-Tutorials/robot_ws/install/rqt_joy/bin/rqt_joy to 755
[1.986s] writing list of installed files to '/home/ubuntu/ROS2-Tutorials/robot_ws/build/rqt_joy/install.log'
