[1.459s] Invoking command in '/home/ubuntu/ROS2-Tutorials/robot_ws/src/rqt_joy': PYTHONPATH=/home/ubuntu/ROS2-Tutorials/robot_ws/install/rqt_joy/lib/python3.8/site-packages:${PYTHONPATH} /usr/bin/python3 setup.py egg_info --egg-base ../../build/rqt_joy build --build-base /home/ubuntu/ROS2-Tutorials/robot_ws/build/rqt_joy/build install --prefix /home/ubuntu/ROS2-Tutorials/robot_ws/install/rqt_joy --record /home/ubuntu/ROS2-Tutorials/robot_ws/build/rqt_joy/install.log --single-version-externally-managed
[1.740s] running egg_info
[1.741s] creating ../../build/rqt_joy/rqt_joy.egg-info
[1.742s] writing ../../build/rqt_joy/rqt_joy.egg-info/PKG-INFO
[1.743s] writing dependency_links to ../../build/rqt_joy/rqt_joy.egg-info/dependency_links.txt
[1.743s] writing requirements to ../../build/rqt_joy/rqt_joy.egg-info/requires.txt
[1.743s] writing top-level names to ../../build/rqt_joy/rqt_joy.egg-info/top_level.txt
[1.743s] writing manifest file '../../build/rqt_joy/rqt_joy.egg-info/SOURCES.txt'
[1.812s] reading manifest file '../../build/rqt_joy/rqt_joy.egg-info/SOURCES.txt'
[1.814s] writing manifest file '../../build/rqt_joy/rqt_joy.egg-info/SOURCES.txt'
[1.814s] running build
[1.814s] running build_py
[1.815s] creating /home/ubuntu/ROS2-Tutorials/robot_ws/build/rqt_joy/build
[1.815s] creating /home/ubuntu/ROS2-Tutorials/robot_ws/build/rqt_joy/build/lib
[1.815s] creating /home/ubuntu/ROS2-Tutorials/robot_ws/build/rqt_joy/build/lib/rqt_joy
[1.816s] copying src/rqt_joy/joy.py -> /home/ubuntu/ROS2-Tutorials/robot_ws/build/rqt_joy/build/lib/rqt_joy
[1.816s] copying src/rqt_joy/__init__.py -> /home/ubuntu/ROS2-Tutorials/robot_ws/build/rqt_joy/build/lib/rqt_joy
[1.817s] running build_scripts
[1.818s] creating /home/ubuntu/ROS2-Tutorials/robot_ws/build/rqt_joy/build/scripts-3.8
[1.818s] copying and adjusting scripts/rqt_joy -> /home/ubuntu/ROS2-Tutorials/robot_ws/build/rqt_joy/build/scripts-3.8
[1.819s] changing mode of /home/ubuntu/ROS2-Tutorials/robot_ws/build/rqt_joy/build/scripts-3.8/rqt_joy from 644 to 755
[1.819s] running install
[1.820s] running install_lib
[1.823s] creating /home/ubuntu/ROS2-Tutorials/robot_ws/install/rqt_joy/lib/python3.8/site-packages/rqt_joy
[1.823s] copying /home/ubuntu/ROS2-Tutorials/robot_ws/build/rqt_joy/build/lib/rqt_joy/joy.py -> /home/ubuntu/ROS2-Tutorials/robot_ws/install/rqt_joy/lib/python3.8/site-packages/rqt_joy
[1.823s] copying /home/ubuntu/ROS2-Tutorials/robot_ws/build/rqt_joy/build/lib/rqt_joy/__init__.py -> /home/ubuntu/ROS2-Tutorials/robot_ws/install/rqt_joy/lib/python3.8/site-packages/rqt_joy
[1.823s] byte-compiling /home/ubuntu/ROS2-Tutorials/robot_ws/install/rqt_joy/lib/python3.8/site-packages/rqt_joy/joy.py to joy.cpython-38.pyc
[1.825s] byte-compiling /home/ubuntu/ROS2-Tutorials/robot_ws/install/rqt_joy/lib/python3.8/site-packages/rqt_joy/__init__.py to __init__.cpython-38.pyc
[1.825s] running install_data
[1.825s] creating /home/ubuntu/ROS2-Tutorials/robot_ws/install/rqt_joy/share/ament_index
[1.825s] creating /home/ubuntu/ROS2-Tutorials/robot_ws/install/rqt_joy/share/ament_index/resource_index
[1.826s] creating /home/ubuntu/ROS2-Tutorials/robot_ws/install/rqt_joy/share/ament_index/resource_index/packages
[1.826s] copying resource/rqt_joy -> /home/ubuntu/ROS2-Tutorials/robot_ws/install/rqt_joy/share/ament_index/resource_index/packages
[1.826s] creating /home/ubuntu/ROS2-Tutorials/robot_ws/install/rqt_joy/share/rqt_joy/resource
[1.826s] copying resource/VirtualJoy.ui -> /home/ubuntu/ROS2-Tutorials/robot_ws/install/rqt_joy/share/rqt_joy/resource
[1.827s] copying package.xml -> /home/ubuntu/ROS2-Tutorials/robot_ws/install/rqt_joy/share/rqt_joy
[1.827s] copying plugin.xml -> /home/ubuntu/ROS2-Tutorials/robot_ws/install/rqt_joy/share/rqt_joy
[1.827s] creating /home/ubuntu/ROS2-Tutorials/robot_ws/install/rqt_joy/lib/rqt_joy
[1.828s] copying scripts/rqt_joy -> /home/ubuntu/ROS2-Tutorials/robot_ws/install/rqt_joy/lib/rqt_joy
[1.828s] running install_egg_info
[1.829s] Copying ../../build/rqt_joy/rqt_joy.egg-info to /home/ubuntu/ROS2-Tutorials/robot_ws/install/rqt_joy/lib/python3.8/site-packages/rqt_joy-1.0.0-py3.8.egg-info
[1.829s] running install_scripts
[1.851s] creating /home/ubuntu/ROS2-Tutorials/robot_ws/install/rqt_joy/bin
[1.851s] copying /home/ubuntu/ROS2-Tutorials/robot_ws/build/rqt_joy/build/scripts-3.8/rqt_joy -> /home/ubuntu/ROS2-Tutorials/robot_ws/install/rqt_joy/bin
[1.852s] changing mode of /home/ubuntu/ROS2-Tutorials/robot_ws/install/rqt_joy/bin/rqt_joy to 755
[1.853s] writing list of installed files to '/home/ubuntu/ROS2-Tutorials/robot_ws/build/rqt_joy/install.log'
[1.914s] Invoked command in '/home/ubuntu/ROS2-Tutorials/robot_ws/src/rqt_joy' returned '0': PYTHONPATH=/home/ubuntu/ROS2-Tutorials/robot_ws/install/rqt_joy/lib/python3.8/site-packages:${PYTHONPATH} /usr/bin/python3 setup.py egg_info --egg-base ../../build/rqt_joy build --build-base /home/ubuntu/ROS2-Tutorials/robot_ws/build/rqt_joy/build install --prefix /home/ubuntu/ROS2-Tutorials/robot_ws/install/rqt_joy --record /home/ubuntu/ROS2-Tutorials/robot_ws/build/rqt_joy/install.log --single-version-externally-managed
