[1.596s] Invoking command in '/home/ubuntu/ROS2-Tutorials/robot_ws/src/hello_world': PYTHONPATH=/home/ubuntu/ROS2-Tutorials/robot_ws/install/hello_world/lib/python3.8/site-packages:${PYTHONPATH} /usr/bin/python3 setup.py egg_info --egg-base ../../build/hello_world build --build-base /home/ubuntu/ROS2-Tutorials/robot_ws/build/hello_world/build install --prefix /home/ubuntu/ROS2-Tutorials/robot_ws/install/hello_world --record /home/ubuntu/ROS2-Tutorials/robot_ws/build/hello_world/install.log --single-version-externally-managed
[1.924s] running egg_info
[1.925s] writing ../../build/hello_world/hello_world.egg-info/PKG-INFO
[1.925s] writing dependency_links to ../../build/hello_world/hello_world.egg-info/dependency_links.txt
[1.926s] writing entry points to ../../build/hello_world/hello_world.egg-info/entry_points.txt
[1.926s] writing requirements to ../../build/hello_world/hello_world.egg-info/requires.txt
[1.926s] writing top-level names to ../../build/hello_world/hello_world.egg-info/top_level.txt
[1.987s] reading manifest file '../../build/hello_world/hello_world.egg-info/SOURCES.txt'
[1.989s] writing manifest file '../../build/hello_world/hello_world.egg-info/SOURCES.txt'
[1.989s] running build
[1.989s] running build_py
[1.990s] running install
[1.991s] running install_lib
[1.994s] running install_data
[1.994s] running install_egg_info
[1.999s] removing '/home/ubuntu/ROS2-Tutorials/robot_ws/install/hello_world/lib/python3.8/site-packages/hello_world-0.0.0-py3.8.egg-info' (and everything under it)
[1.999s] Copying ../../build/hello_world/hello_world.egg-info to /home/ubuntu/ROS2-Tutorials/robot_ws/install/hello_world/lib/python3.8/site-packages/hello_world-0.0.0-py3.8.egg-info
[2.002s] running install_scripts
[2.034s] Installing hello_world script to /home/ubuntu/ROS2-Tutorials/robot_ws/install/hello_world/lib/hello_world
[2.034s] writing list of installed files to '/home/ubuntu/ROS2-Tutorials/robot_ws/build/hello_world/install.log'
