[0.314s] DEBUG:colcon:Command line arguments: ['/usr/bin/colcon', 'build']
[0.314s] DEBUG:colcon:Parsed command line arguments: Namespace(ament_cmake_args=None, base_paths=['.'], build_base='build', catkin_cmake_args=None, catkin_skip_building_tests=False, cmake_args=None, cmake_clean_cache=False, cmake_clean_first=False, cmake_force_configure=False, cmake_target=None, cmake_target_skip_unavailable=False, continue_on_error=False, event_handlers=None, executor='parallel', ignore_user_meta=False, install_base='install', log_base=None, log_level=None, main=<bound method BuildVerb.main of <colcon_core.verb.build.BuildVerb object at 0x7f183a394910>>, merge_install=False, metas=['./colcon.meta'], packages_above=None, packages_above_and_dependencies=None, packages_above_depth=None, packages_end=None, packages_ignore=None, packages_ignore_regex=None, packages_select=None, packages_select_build_failed=False, packages_select_by_dep=None, packages_select_regex=None, packages_select_test_failures=False, packages_skip=None, packages_skip_build_finished=False, packages_skip_by_dep=None, packages_skip_regex=None, packages_skip_test_passed=False, packages_skip_up_to=None, packages_start=None, packages_up_to=None, packages_up_to_regex=None, parallel_workers=12, paths=None, symlink_install=False, test_result_base=None, verb_extension=<colcon_core.verb.build.BuildVerb object at 0x7f183a394910>, verb_name='build', verb_parser=<colcon_defaults.argument_parser.defaults.DefaultArgumentsDecorator object at 0x7f183a394e80>)
[0.320s] Level 1:colcon.colcon_core.package_discovery:discover_packages(colcon_meta) check parameters
[0.320s] Level 1:colcon.colcon_core.package_discovery:discover_packages(recursive) check parameters
[0.320s] Level 1:colcon.colcon_core.package_discovery:discover_packages(ignore) check parameters
[0.320s] Level 1:colcon.colcon_core.package_discovery:discover_packages(path) check parameters
[0.320s] Level 1:colcon.colcon_core.package_discovery:discover_packages(colcon_meta) discover
[0.320s] Level 1:colcon.colcon_core.package_discovery:discover_packages(recursive) discover
[0.320s] INFO:colcon.colcon_core.package_discovery:Crawling recursively for packages in '/home/ubuntu/ROS2-Tutorials/robot_ws'
[0.320s] Level 1:colcon.colcon_core.package_identification:_identify(.) by extensions ['ignore', 'ignore_ament_install']
[0.320s] Level 1:colcon.colcon_core.package_identification:_identify(.) by extension 'ignore'
[0.320s] Level 1:colcon.colcon_core.package_identification:_identify(.) by extension 'ignore_ament_install'
[0.321s] Level 1:colcon.colcon_core.package_identification:_identify(.) by extensions ['colcon_pkg']
[0.321s] Level 1:colcon.colcon_core.package_identification:_identify(.) by extension 'colcon_pkg'
[0.321s] Level 1:colcon.colcon_core.package_identification:_identify(.) by extensions ['colcon_meta']
[0.321s] Level 1:colcon.colcon_core.package_identification:_identify(.) by extension 'colcon_meta'
[0.321s] Level 1:colcon.colcon_core.package_identification:_identify(.) by extensions ['ros']
[0.321s] Level 1:colcon.colcon_core.package_identification:_identify(.) by extension 'ros'
[0.333s] Level 1:colcon.colcon_core.package_identification:_identify(.) by extensions ['cmake', 'python']
[0.333s] Level 1:colcon.colcon_core.package_identification:_identify(.) by extension 'cmake'
[0.333s] Level 1:colcon.colcon_core.package_identification:_identify(.) by extension 'python'
[0.333s] Level 1:colcon.colcon_core.package_identification:_identify(.) by extensions ['python_setup_py']
[0.333s] Level 1:colcon.colcon_core.package_identification:_identify(.) by extension 'python_setup_py'
[0.333s] Level 1:colcon.colcon_core.package_identification:_identify(build) by extensions ['ignore', 'ignore_ament_install']
[0.333s] Level 1:colcon.colcon_core.package_identification:_identify(build) by extension 'ignore'
[0.333s] Level 1:colcon.colcon_core.package_identification:_identify(build) ignored
[0.333s] Level 1:colcon.colcon_core.package_identification:_identify(install) by extensions ['ignore', 'ignore_ament_install']
[0.334s] Level 1:colcon.colcon_core.package_identification:_identify(install) by extension 'ignore'
[0.334s] Level 1:colcon.colcon_core.package_identification:_identify(install) ignored
[0.334s] Level 1:colcon.colcon_core.package_identification:_identify(log) by extensions ['ignore', 'ignore_ament_install']
[0.334s] Level 1:colcon.colcon_core.package_identification:_identify(log) by extension 'ignore'
[0.334s] Level 1:colcon.colcon_core.package_identification:_identify(log) ignored
[0.334s] Level 1:colcon.colcon_core.package_identification:_identify(src) by extensions ['ignore', 'ignore_ament_install']
[0.334s] Level 1:colcon.colcon_core.package_identification:_identify(src) by extension 'ignore'
[0.334s] Level 1:colcon.colcon_core.package_identification:_identify(src) by extension 'ignore_ament_install'
[0.334s] Level 1:colcon.colcon_core.package_identification:_identify(src) by extensions ['colcon_pkg']
[0.334s] Level 1:colcon.colcon_core.package_identification:_identify(src) by extension 'colcon_pkg'
[0.334s] Level 1:colcon.colcon_core.package_identification:_identify(src) by extensions ['colcon_meta']
[0.335s] Level 1:colcon.colcon_core.package_identification:_identify(src) by extension 'colcon_meta'
[0.335s] Level 1:colcon.colcon_core.package_identification:_identify(src) by extensions ['ros']
[0.335s] Level 1:colcon.colcon_core.package_identification:_identify(src) by extension 'ros'
[0.335s] Level 1:colcon.colcon_core.package_identification:_identify(src) by extensions ['cmake', 'python']
[0.335s] Level 1:colcon.colcon_core.package_identification:_identify(src) by extension 'cmake'
[0.335s] Level 1:colcon.colcon_core.package_identification:_identify(src) by extension 'python'
[0.335s] Level 1:colcon.colcon_core.package_identification:_identify(src) by extensions ['python_setup_py']
[0.335s] Level 1:colcon.colcon_core.package_identification:_identify(src) by extension 'python_setup_py'
[0.335s] Level 1:colcon.colcon_core.package_identification:_identify(src/hello_world) by extensions ['ignore', 'ignore_ament_install']
[0.335s] Level 1:colcon.colcon_core.package_identification:_identify(src/hello_world) by extension 'ignore'
[0.335s] Level 1:colcon.colcon_core.package_identification:_identify(src/hello_world) by extension 'ignore_ament_install'
[0.335s] Level 1:colcon.colcon_core.package_identification:_identify(src/hello_world) by extensions ['colcon_pkg']
[0.335s] Level 1:colcon.colcon_core.package_identification:_identify(src/hello_world) by extension 'colcon_pkg'
[0.335s] Level 1:colcon.colcon_core.package_identification:_identify(src/hello_world) by extensions ['colcon_meta']
[0.335s] Level 1:colcon.colcon_core.package_identification:_identify(src/hello_world) by extension 'colcon_meta'
[0.335s] Level 1:colcon.colcon_core.package_identification:_identify(src/hello_world) by extensions ['ros']
[0.336s] Level 1:colcon.colcon_core.package_identification:_identify(src/hello_world) by extension 'ros'
[0.338s] DEBUG:colcon.colcon_core.package_identification:Package 'src/hello_world' with type 'ros.ament_python' and name 'hello_world'
[0.338s] Level 1:colcon.colcon_core.package_identification:_identify(src/myfirstpackage) by extensions ['ignore', 'ignore_ament_install']
[0.338s] Level 1:colcon.colcon_core.package_identification:_identify(src/myfirstpackage) by extension 'ignore'
[0.338s] Level 1:colcon.colcon_core.package_identification:_identify(src/myfirstpackage) by extension 'ignore_ament_install'
[0.338s] Level 1:colcon.colcon_core.package_identification:_identify(src/myfirstpackage) by extensions ['colcon_pkg']
[0.338s] Level 1:colcon.colcon_core.package_identification:_identify(src/myfirstpackage) by extension 'colcon_pkg'
[0.338s] Level 1:colcon.colcon_core.package_identification:_identify(src/myfirstpackage) by extensions ['colcon_meta']
[0.339s] Level 1:colcon.colcon_core.package_identification:_identify(src/myfirstpackage) by extension 'colcon_meta'
[0.339s] Level 1:colcon.colcon_core.package_identification:_identify(src/myfirstpackage) by extensions ['ros']
[0.339s] Level 1:colcon.colcon_core.package_identification:_identify(src/myfirstpackage) by extension 'ros'
[0.339s] DEBUG:colcon.colcon_core.package_identification:Package 'src/myfirstpackage' with type 'ros.ament_python' and name 'myfirstpackage'
[0.339s] Level 1:colcon.colcon_core.package_identification:_identify(src/pubsub) by extensions ['ignore', 'ignore_ament_install']
[0.340s] Level 1:colcon.colcon_core.package_identification:_identify(src/pubsub) by extension 'ignore'
[0.340s] Level 1:colcon.colcon_core.package_identification:_identify(src/pubsub) by extension 'ignore_ament_install'
[0.340s] Level 1:colcon.colcon_core.package_identification:_identify(src/pubsub) by extensions ['colcon_pkg']
[0.340s] Level 1:colcon.colcon_core.package_identification:_identify(src/pubsub) by extension 'colcon_pkg'
[0.340s] Level 1:colcon.colcon_core.package_identification:_identify(src/pubsub) by extensions ['colcon_meta']
[0.340s] Level 1:colcon.colcon_core.package_identification:_identify(src/pubsub) by extension 'colcon_meta'
[0.340s] Level 1:colcon.colcon_core.package_identification:_identify(src/pubsub) by extensions ['ros']
[0.340s] Level 1:colcon.colcon_core.package_identification:_identify(src/pubsub) by extension 'ros'
[0.341s] DEBUG:colcon.colcon_core.package_identification:Package 'src/pubsub' with type 'ros.ament_python' and name 'pubsub'
[0.341s] Level 1:colcon.colcon_core.package_identification:_identify(src/ros_tutorials) by extensions ['ignore', 'ignore_ament_install']
[0.341s] Level 1:colcon.colcon_core.package_identification:_identify(src/ros_tutorials) by extension 'ignore'
[0.341s] Level 1:colcon.colcon_core.package_identification:_identify(src/ros_tutorials) by extension 'ignore_ament_install'
[0.341s] Level 1:colcon.colcon_core.package_identification:_identify(src/ros_tutorials) by extensions ['colcon_pkg']
[0.341s] Level 1:colcon.colcon_core.package_identification:_identify(src/ros_tutorials) by extension 'colcon_pkg'
[0.341s] Level 1:colcon.colcon_core.package_identification:_identify(src/ros_tutorials) by extensions ['colcon_meta']
[0.341s] Level 1:colcon.colcon_core.package_identification:_identify(src/ros_tutorials) by extension 'colcon_meta'
[0.341s] Level 1:colcon.colcon_core.package_identification:_identify(src/ros_tutorials) by extensions ['ros']
[0.341s] Level 1:colcon.colcon_core.package_identification:_identify(src/ros_tutorials) by extension 'ros'
[0.341s] Level 1:colcon.colcon_core.package_identification:_identify(src/ros_tutorials) by extensions ['cmake', 'python']
[0.341s] Level 1:colcon.colcon_core.package_identification:_identify(src/ros_tutorials) by extension 'cmake'
[0.341s] Level 1:colcon.colcon_core.package_identification:_identify(src/ros_tutorials) by extension 'python'
[0.341s] Level 1:colcon.colcon_core.package_identification:_identify(src/ros_tutorials) by extensions ['python_setup_py']
[0.341s] Level 1:colcon.colcon_core.package_identification:_identify(src/ros_tutorials) by extension 'python_setup_py'
[0.342s] Level 1:colcon.colcon_core.package_identification:_identify(src/ros_tutorials/ros_tutorials) by extensions ['ignore', 'ignore_ament_install']
[0.342s] Level 1:colcon.colcon_core.package_identification:_identify(src/ros_tutorials/ros_tutorials) by extension 'ignore'
[0.342s] Level 1:colcon.colcon_core.package_identification:_identify(src/ros_tutorials/ros_tutorials) ignored
[0.342s] Level 1:colcon.colcon_core.package_identification:_identify(src/ros_tutorials/roscpp_tutorials) by extensions ['ignore', 'ignore_ament_install']
[0.342s] Level 1:colcon.colcon_core.package_identification:_identify(src/ros_tutorials/roscpp_tutorials) by extension 'ignore'
[0.342s] Level 1:colcon.colcon_core.package_identification:_identify(src/ros_tutorials/roscpp_tutorials) ignored
[0.342s] Level 1:colcon.colcon_core.package_identification:_identify(src/ros_tutorials/rospy_tutorials) by extensions ['ignore', 'ignore_ament_install']
[0.342s] Level 1:colcon.colcon_core.package_identification:_identify(src/ros_tutorials/rospy_tutorials) by extension 'ignore'
[0.342s] Level 1:colcon.colcon_core.package_identification:_identify(src/ros_tutorials/rospy_tutorials) ignored
[0.342s] Level 1:colcon.colcon_core.package_identification:_identify(src/ros_tutorials/turtlesim) by extensions ['ignore', 'ignore_ament_install']
[0.343s] Level 1:colcon.colcon_core.package_identification:_identify(src/ros_tutorials/turtlesim) by extension 'ignore'
[0.343s] Level 1:colcon.colcon_core.package_identification:_identify(src/ros_tutorials/turtlesim) by extension 'ignore_ament_install'
[0.343s] Level 1:colcon.colcon_core.package_identification:_identify(src/ros_tutorials/turtlesim) by extensions ['colcon_pkg']
[0.343s] Level 1:colcon.colcon_core.package_identification:_identify(src/ros_tutorials/turtlesim) by extension 'colcon_pkg'
[0.343s] Level 1:colcon.colcon_core.package_identification:_identify(src/ros_tutorials/turtlesim) by extensions ['colcon_meta']
[0.343s] Level 1:colcon.colcon_core.package_identification:_identify(src/ros_tutorials/turtlesim) by extension 'colcon_meta'
[0.343s] Level 1:colcon.colcon_core.package_identification:_identify(src/ros_tutorials/turtlesim) by extensions ['ros']
[0.343s] Level 1:colcon.colcon_core.package_identification:_identify(src/ros_tutorials/turtlesim) by extension 'ros'
[0.344s] DEBUG:colcon.colcon_core.package_identification:Package 'src/ros_tutorials/turtlesim' with type 'ros.ament_cmake' and name 'turtlesim'
[0.344s] Level 1:colcon.colcon_core.package_identification:_identify(src/rqt_joy) by extensions ['ignore', 'ignore_ament_install']
[0.345s] Level 1:colcon.colcon_core.package_identification:_identify(src/rqt_joy) by extension 'ignore'
[0.345s] Level 1:colcon.colcon_core.package_identification:_identify(src/rqt_joy) by extension 'ignore_ament_install'
[0.345s] Level 1:colcon.colcon_core.package_identification:_identify(src/rqt_joy) by extensions ['colcon_pkg']
[0.345s] Level 1:colcon.colcon_core.package_identification:_identify(src/rqt_joy) by extension 'colcon_pkg'
[0.345s] Level 1:colcon.colcon_core.package_identification:_identify(src/rqt_joy) by extensions ['colcon_meta']
[0.345s] Level 1:colcon.colcon_core.package_identification:_identify(src/rqt_joy) by extension 'colcon_meta'
[0.345s] Level 1:colcon.colcon_core.package_identification:_identify(src/rqt_joy) by extensions ['ros']
[0.345s] Level 1:colcon.colcon_core.package_identification:_identify(src/rqt_joy) by extension 'ros'
[0.346s] DEBUG:colcon.colcon_core.package_identification:Package 'src/rqt_joy' with type 'ros.ament_python' and name 'rqt_joy'
[0.346s] Level 1:colcon.colcon_core.package_identification:_identify(src/srv_examples) by extensions ['ignore', 'ignore_ament_install']
[0.346s] Level 1:colcon.colcon_core.package_identification:_identify(src/srv_examples) by extension 'ignore'
[0.346s] Level 1:colcon.colcon_core.package_identification:_identify(src/srv_examples) by extension 'ignore_ament_install'
[0.346s] Level 1:colcon.colcon_core.package_identification:_identify(src/srv_examples) by extensions ['colcon_pkg']
[0.346s] Level 1:colcon.colcon_core.package_identification:_identify(src/srv_examples) by extension 'colcon_pkg'
[0.346s] Level 1:colcon.colcon_core.package_identification:_identify(src/srv_examples) by extensions ['colcon_meta']
[0.346s] Level 1:colcon.colcon_core.package_identification:_identify(src/srv_examples) by extension 'colcon_meta'
[0.346s] Level 1:colcon.colcon_core.package_identification:_identify(src/srv_examples) by extensions ['ros']
[0.346s] Level 1:colcon.colcon_core.package_identification:_identify(src/srv_examples) by extension 'ros'
[0.347s] DEBUG:colcon.colcon_core.package_identification:Package 'src/srv_examples' with type 'ros.ament_python' and name 'srv_examples'
[0.347s] Level 1:colcon.colcon_core.package_identification:_identify(src/tb3_teleop) by extensions ['ignore', 'ignore_ament_install']
[0.348s] Level 1:colcon.colcon_core.package_identification:_identify(src/tb3_teleop) by extension 'ignore'
[0.348s] Level 1:colcon.colcon_core.package_identification:_identify(src/tb3_teleop) by extension 'ignore_ament_install'
[0.348s] Level 1:colcon.colcon_core.package_identification:_identify(src/tb3_teleop) by extensions ['colcon_pkg']
[0.348s] Level 1:colcon.colcon_core.package_identification:_identify(src/tb3_teleop) by extension 'colcon_pkg'
[0.348s] Level 1:colcon.colcon_core.package_identification:_identify(src/tb3_teleop) by extensions ['colcon_meta']
[0.348s] Level 1:colcon.colcon_core.package_identification:_identify(src/tb3_teleop) by extension 'colcon_meta'
[0.348s] Level 1:colcon.colcon_core.package_identification:_identify(src/tb3_teleop) by extensions ['ros']
[0.348s] Level 1:colcon.colcon_core.package_identification:_identify(src/tb3_teleop) by extension 'ros'
[0.349s] DEBUG:colcon.colcon_core.package_identification:Package 'src/tb3_teleop' with type 'ros.ament_python' and name 'tb3_teleop'
[0.349s] Level 1:colcon.colcon_core.package_discovery:discover_packages(recursive) using defaults
[0.349s] Level 1:colcon.colcon_core.package_discovery:discover_packages(ignore) discover
[0.349s] Level 1:colcon.colcon_core.package_discovery:discover_packages(ignore) using defaults
[0.349s] Level 1:colcon.colcon_core.package_discovery:discover_packages(path) discover
[0.349s] Level 1:colcon.colcon_core.package_discovery:discover_packages(path) using defaults
[0.370s] Level 5:colcon.colcon_core.verb:set package 'hello_world' build argument 'cmake_args' from command line to 'None'
[0.371s] Level 5:colcon.colcon_core.verb:set package 'hello_world' build argument 'cmake_target' from command line to 'None'
[0.371s] Level 5:colcon.colcon_core.verb:set package 'hello_world' build argument 'cmake_target_skip_unavailable' from command line to 'False'
[0.371s] Level 5:colcon.colcon_core.verb:set package 'hello_world' build argument 'cmake_clean_cache' from command line to 'False'
[0.371s] Level 5:colcon.colcon_core.verb:set package 'hello_world' build argument 'cmake_clean_first' from command line to 'False'
[0.371s] Level 5:colcon.colcon_core.verb:set package 'hello_world' build argument 'cmake_force_configure' from command line to 'False'
[0.371s] Level 5:colcon.colcon_core.verb:set package 'hello_world' build argument 'ament_cmake_args' from command line to 'None'
[0.371s] Level 5:colcon.colcon_core.verb:set package 'hello_world' build argument 'catkin_cmake_args' from command line to 'None'
[0.371s] Level 5:colcon.colcon_core.verb:set package 'hello_world' build argument 'catkin_skip_building_tests' from command line to 'False'
[0.371s] DEBUG:colcon.colcon_core.verb:Building package 'hello_world' with the following arguments: {'ament_cmake_args': None, 'build_base': '/home/ubuntu/ROS2-Tutorials/robot_ws/build/hello_world', 'catkin_cmake_args': None, 'catkin_skip_building_tests': False, 'cmake_args': None, 'cmake_clean_cache': False, 'cmake_clean_first': False, 'cmake_force_configure': False, 'cmake_target': None, 'cmake_target_skip_unavailable': False, 'install_base': '/home/ubuntu/ROS2-Tutorials/robot_ws/install/hello_world', 'merge_install': False, 'path': '/home/ubuntu/ROS2-Tutorials/robot_ws/src/hello_world', 'symlink_install': False, 'test_result_base': None}
[0.374s] Level 5:colcon.colcon_core.verb:set package 'myfirstpackage' build argument 'cmake_args' from command line to 'None'
[0.374s] Level 5:colcon.colcon_core.verb:set package 'myfirstpackage' build argument 'cmake_target' from command line to 'None'
[0.374s] Level 5:colcon.colcon_core.verb:set package 'myfirstpackage' build argument 'cmake_target_skip_unavailable' from command line to 'False'
[0.374s] Level 5:colcon.colcon_core.verb:set package 'myfirstpackage' build argument 'cmake_clean_cache' from command line to 'False'
[0.374s] Level 5:colcon.colcon_core.verb:set package 'myfirstpackage' build argument 'cmake_clean_first' from command line to 'False'
[0.374s] Level 5:colcon.colcon_core.verb:set package 'myfirstpackage' build argument 'cmake_force_configure' from command line to 'False'
[0.374s] Level 5:colcon.colcon_core.verb:set package 'myfirstpackage' build argument 'ament_cmake_args' from command line to 'None'
[0.374s] Level 5:colcon.colcon_core.verb:set package 'myfirstpackage' build argument 'catkin_cmake_args' from command line to 'None'
[0.374s] Level 5:colcon.colcon_core.verb:set package 'myfirstpackage' build argument 'catkin_skip_building_tests' from command line to 'False'
[0.374s] DEBUG:colcon.colcon_core.verb:Building package 'myfirstpackage' with the following arguments: {'ament_cmake_args': None, 'build_base': '/home/ubuntu/ROS2-Tutorials/robot_ws/build/myfirstpackage', 'catkin_cmake_args': None, 'catkin_skip_building_tests': False, 'cmake_args': None, 'cmake_clean_cache': False, 'cmake_clean_first': False, 'cmake_force_configure': False, 'cmake_target': None, 'cmake_target_skip_unavailable': False, 'install_base': '/home/ubuntu/ROS2-Tutorials/robot_ws/install/myfirstpackage', 'merge_install': False, 'path': '/home/ubuntu/ROS2-Tutorials/robot_ws/src/myfirstpackage', 'symlink_install': False, 'test_result_base': None}
[0.377s] Level 5:colcon.colcon_core.verb:set package 'pubsub' build argument 'cmake_args' from command line to 'None'
[0.377s] Level 5:colcon.colcon_core.verb:set package 'pubsub' build argument 'cmake_target' from command line to 'None'
[0.377s] Level 5:colcon.colcon_core.verb:set package 'pubsub' build argument 'cmake_target_skip_unavailable' from command line to 'False'
[0.377s] Level 5:colcon.colcon_core.verb:set package 'pubsub' build argument 'cmake_clean_cache' from command line to 'False'
[0.377s] Level 5:colcon.colcon_core.verb:set package 'pubsub' build argument 'cmake_clean_first' from command line to 'False'
[0.377s] Level 5:colcon.colcon_core.verb:set package 'pubsub' build argument 'cmake_force_configure' from command line to 'False'
[0.377s] Level 5:colcon.colcon_core.verb:set package 'pubsub' build argument 'ament_cmake_args' from command line to 'None'
[0.377s] Level 5:colcon.colcon_core.verb:set package 'pubsub' build argument 'catkin_cmake_args' from command line to 'None'
[0.377s] Level 5:colcon.colcon_core.verb:set package 'pubsub' build argument 'catkin_skip_building_tests' from command line to 'False'
[0.378s] DEBUG:colcon.colcon_core.verb:Building package 'pubsub' with the following arguments: {'ament_cmake_args': None, 'build_base': '/home/ubuntu/ROS2-Tutorials/robot_ws/build/pubsub', 'catkin_cmake_args': None, 'catkin_skip_building_tests': False, 'cmake_args': None, 'cmake_clean_cache': False, 'cmake_clean_first': False, 'cmake_force_configure': False, 'cmake_target': None, 'cmake_target_skip_unavailable': False, 'install_base': '/home/ubuntu/ROS2-Tutorials/robot_ws/install/pubsub', 'merge_install': False, 'path': '/home/ubuntu/ROS2-Tutorials/robot_ws/src/pubsub', 'symlink_install': False, 'test_result_base': None}
[0.380s] Level 5:colcon.colcon_core.verb:set package 'rqt_joy' build argument 'cmake_args' from command line to 'None'
[0.380s] Level 5:colcon.colcon_core.verb:set package 'rqt_joy' build argument 'cmake_target' from command line to 'None'
[0.380s] Level 5:colcon.colcon_core.verb:set package 'rqt_joy' build argument 'cmake_target_skip_unavailable' from command line to 'False'
[0.381s] Level 5:colcon.colcon_core.verb:set package 'rqt_joy' build argument 'cmake_clean_cache' from command line to 'False'
[0.381s] Level 5:colcon.colcon_core.verb:set package 'rqt_joy' build argument 'cmake_clean_first' from command line to 'False'
[0.381s] Level 5:colcon.colcon_core.verb:set package 'rqt_joy' build argument 'cmake_force_configure' from command line to 'False'
[0.381s] Level 5:colcon.colcon_core.verb:set package 'rqt_joy' build argument 'ament_cmake_args' from command line to 'None'
[0.381s] Level 5:colcon.colcon_core.verb:set package 'rqt_joy' build argument 'catkin_cmake_args' from command line to 'None'
[0.381s] Level 5:colcon.colcon_core.verb:set package 'rqt_joy' build argument 'catkin_skip_building_tests' from command line to 'False'
[0.381s] DEBUG:colcon.colcon_core.verb:Building package 'rqt_joy' with the following arguments: {'ament_cmake_args': None, 'build_base': '/home/ubuntu/ROS2-Tutorials/robot_ws/build/rqt_joy', 'catkin_cmake_args': None, 'catkin_skip_building_tests': False, 'cmake_args': None, 'cmake_clean_cache': False, 'cmake_clean_first': False, 'cmake_force_configure': False, 'cmake_target': None, 'cmake_target_skip_unavailable': False, 'install_base': '/home/ubuntu/ROS2-Tutorials/robot_ws/install/rqt_joy', 'merge_install': False, 'path': '/home/ubuntu/ROS2-Tutorials/robot_ws/src/rqt_joy', 'symlink_install': False, 'test_result_base': None}
[0.384s] Level 5:colcon.colcon_core.verb:set package 'srv_examples' build argument 'cmake_args' from command line to 'None'
[0.384s] Level 5:colcon.colcon_core.verb:set package 'srv_examples' build argument 'cmake_target' from command line to 'None'
[0.384s] Level 5:colcon.colcon_core.verb:set package 'srv_examples' build argument 'cmake_target_skip_unavailable' from command line to 'False'
[0.384s] Level 5:colcon.colcon_core.verb:set package 'srv_examples' build argument 'cmake_clean_cache' from command line to 'False'
[0.384s] Level 5:colcon.colcon_core.verb:set package 'srv_examples' build argument 'cmake_clean_first' from command line to 'False'
[0.384s] Level 5:colcon.colcon_core.verb:set package 'srv_examples' build argument 'cmake_force_configure' from command line to 'False'
[0.384s] Level 5:colcon.colcon_core.verb:set package 'srv_examples' build argument 'ament_cmake_args' from command line to 'None'
[0.384s] Level 5:colcon.colcon_core.verb:set package 'srv_examples' build argument 'catkin_cmake_args' from command line to 'None'
[0.384s] Level 5:colcon.colcon_core.verb:set package 'srv_examples' build argument 'catkin_skip_building_tests' from command line to 'False'
[0.384s] DEBUG:colcon.colcon_core.verb:Building package 'srv_examples' with the following arguments: {'ament_cmake_args': None, 'build_base': '/home/ubuntu/ROS2-Tutorials/robot_ws/build/srv_examples', 'catkin_cmake_args': None, 'catkin_skip_building_tests': False, 'cmake_args': None, 'cmake_clean_cache': False, 'cmake_clean_first': False, 'cmake_force_configure': False, 'cmake_target': None, 'cmake_target_skip_unavailable': False, 'install_base': '/home/ubuntu/ROS2-Tutorials/robot_ws/install/srv_examples', 'merge_install': False, 'path': '/home/ubuntu/ROS2-Tutorials/robot_ws/src/srv_examples', 'symlink_install': False, 'test_result_base': None}
[0.387s] Level 5:colcon.colcon_core.verb:set package 'tb3_teleop' build argument 'cmake_args' from command line to 'None'
[0.387s] Level 5:colcon.colcon_core.verb:set package 'tb3_teleop' build argument 'cmake_target' from command line to 'None'
[0.387s] Level 5:colcon.colcon_core.verb:set package 'tb3_teleop' build argument 'cmake_target_skip_unavailable' from command line to 'False'
[0.387s] Level 5:colcon.colcon_core.verb:set package 'tb3_teleop' build argument 'cmake_clean_cache' from command line to 'False'
[0.387s] Level 5:colcon.colcon_core.verb:set package 'tb3_teleop' build argument 'cmake_clean_first' from command line to 'False'
[0.387s] Level 5:colcon.colcon_core.verb:set package 'tb3_teleop' build argument 'cmake_force_configure' from command line to 'False'
[0.387s] Level 5:colcon.colcon_core.verb:set package 'tb3_teleop' build argument 'ament_cmake_args' from command line to 'None'
[0.387s] Level 5:colcon.colcon_core.verb:set package 'tb3_teleop' build argument 'catkin_cmake_args' from command line to 'None'
[0.387s] Level 5:colcon.colcon_core.verb:set package 'tb3_teleop' build argument 'catkin_skip_building_tests' from command line to 'False'
[0.387s] DEBUG:colcon.colcon_core.verb:Building package 'tb3_teleop' with the following arguments: {'ament_cmake_args': None, 'build_base': '/home/ubuntu/ROS2-Tutorials/robot_ws/build/tb3_teleop', 'catkin_cmake_args': None, 'catkin_skip_building_tests': False, 'cmake_args': None, 'cmake_clean_cache': False, 'cmake_clean_first': False, 'cmake_force_configure': False, 'cmake_target': None, 'cmake_target_skip_unavailable': False, 'install_base': '/home/ubuntu/ROS2-Tutorials/robot_ws/install/tb3_teleop', 'merge_install': False, 'path': '/home/ubuntu/ROS2-Tutorials/robot_ws/src/tb3_teleop', 'symlink_install': False, 'test_result_base': None}
[0.390s] Level 5:colcon.colcon_core.verb:set package 'turtlesim' build argument 'cmake_args' from command line to 'None'
[0.390s] Level 5:colcon.colcon_core.verb:set package 'turtlesim' build argument 'cmake_target' from command line to 'None'
[0.390s] Level 5:colcon.colcon_core.verb:set package 'turtlesim' build argument 'cmake_target_skip_unavailable' from command line to 'False'
[0.390s] Level 5:colcon.colcon_core.verb:set package 'turtlesim' build argument 'cmake_clean_cache' from command line to 'False'
[0.390s] Level 5:colcon.colcon_core.verb:set package 'turtlesim' build argument 'cmake_clean_first' from command line to 'False'
[0.390s] Level 5:colcon.colcon_core.verb:set package 'turtlesim' build argument 'cmake_force_configure' from command line to 'False'
[0.390s] Level 5:colcon.colcon_core.verb:set package 'turtlesim' build argument 'ament_cmake_args' from command line to 'None'
[0.390s] Level 5:colcon.colcon_core.verb:set package 'turtlesim' build argument 'catkin_cmake_args' from command line to 'None'
[0.390s] Level 5:colcon.colcon_core.verb:set package 'turtlesim' build argument 'catkin_skip_building_tests' from command line to 'False'
[0.390s] DEBUG:colcon.colcon_core.verb:Building package 'turtlesim' with the following arguments: {'ament_cmake_args': None, 'build_base': '/home/ubuntu/ROS2-Tutorials/robot_ws/build/turtlesim', 'catkin_cmake_args': None, 'catkin_skip_building_tests': False, 'cmake_args': None, 'cmake_clean_cache': False, 'cmake_clean_first': False, 'cmake_force_configure': False, 'cmake_target': None, 'cmake_target_skip_unavailable': False, 'install_base': '/home/ubuntu/ROS2-Tutorials/robot_ws/install/turtlesim', 'merge_install': False, 'path': '/home/ubuntu/ROS2-Tutorials/robot_ws/src/ros_tutorials/turtlesim', 'symlink_install': False, 'test_result_base': None}
[0.391s] INFO:colcon.colcon_core.executor:Executing jobs using 'parallel' executor
[0.393s] DEBUG:colcon.colcon_parallel_executor.executor.parallel:run_until_complete
[0.394s] INFO:colcon.colcon_ros.task.ament_python.build:Building ROS package in '/home/ubuntu/ROS2-Tutorials/robot_ws/src/hello_world' with build type 'ament_python'
[0.394s] Level 1:colcon.colcon_core.shell:create_environment_hook('hello_world', 'ament_prefix_path')
[0.399s] INFO:colcon.colcon_core.plugin_system:Skipping extension 'colcon_core.shell.bat': Not used on non-Windows systems
[0.399s] INFO:colcon.colcon_core.shell:Creating environment hook '/home/ubuntu/ROS2-Tutorials/robot_ws/install/hello_world/share/hello_world/hook/ament_prefix_path.ps1'
[0.400s] INFO:colcon.colcon_core.shell:Creating environment descriptor '/home/ubuntu/ROS2-Tutorials/robot_ws/install/hello_world/share/hello_world/hook/ament_prefix_path.dsv'
[0.400s] INFO:colcon.colcon_core.shell:Creating environment hook '/home/ubuntu/ROS2-Tutorials/robot_ws/install/hello_world/share/hello_world/hook/ament_prefix_path.sh'
[0.401s] INFO:colcon.colcon_core.shell:Skip shell extension 'powershell' for command environment: Not usable outside of PowerShell
[0.401s] DEBUG:colcon.colcon_core.shell:Skip shell extension 'dsv' for command environment
[0.404s] WARNING:colcon.colcon_core.prefix_path.colcon:The path '/home/ubuntu/robot_ws/install' in the environment variable COLCON_PREFIX_PATH doesn't exist
[0.404s] WARNING:colcon.colcon_ros.prefix_path.ament:The path '/home/ubuntu/robot_ws/install/turtlesim' in the environment variable AMENT_PREFIX_PATH doesn't exist
[0.404s] WARNING:colcon.colcon_ros.prefix_path.ament:The path '/home/ubuntu/robot_ws/install/tb3_teleop' in the environment variable AMENT_PREFIX_PATH doesn't exist
[0.404s] WARNING:colcon.colcon_ros.prefix_path.ament:The path '/home/ubuntu/robot_ws/install/srv_examples' in the environment variable AMENT_PREFIX_PATH doesn't exist
[0.404s] WARNING:colcon.colcon_ros.prefix_path.ament:The path '/home/ubuntu/robot_ws/install/rqt_joy' in the environment variable AMENT_PREFIX_PATH doesn't exist
[0.404s] WARNING:colcon.colcon_ros.prefix_path.ament:The path '/home/ubuntu/robot_ws/install/pubsub' in the environment variable AMENT_PREFIX_PATH doesn't exist
[0.404s] WARNING:colcon.colcon_ros.prefix_path.ament:The path '/home/ubuntu/robot_ws/install/myfirstpackage' in the environment variable AMENT_PREFIX_PATH doesn't exist
[0.404s] WARNING:colcon.colcon_ros.prefix_path.ament:The path '/home/ubuntu/robot_ws/install/hello_world' in the environment variable AMENT_PREFIX_PATH doesn't exist
[0.404s] WARNING:colcon.colcon_ros.prefix_path.catkin:The path '/home/ubuntu/robot_ws/install/turtlesim' in the environment variable CMAKE_PREFIX_PATH doesn't exist
[0.404s] WARNING:colcon.colcon_ros.prefix_path.catkin:The path '/home/ubuntu/robot_ws/install/hello_world' in the environment variable CMAKE_PREFIX_PATH doesn't exist
[0.405s] DEBUG:colcon.colcon_core.shell:Ignoring prefix path '/opt/ros/foxy'
[0.408s] INFO:colcon.colcon_ros.task.ament_python.build:Building ROS package in '/home/ubuntu/ROS2-Tutorials/robot_ws/src/myfirstpackage' with build type 'ament_python'
[0.408s] Level 1:colcon.colcon_core.shell:create_environment_hook('myfirstpackage', 'ament_prefix_path')
[0.409s] INFO:colcon.colcon_core.shell:Creating environment hook '/home/ubuntu/ROS2-Tutorials/robot_ws/install/myfirstpackage/share/myfirstpackage/hook/ament_prefix_path.ps1'
[0.410s] INFO:colcon.colcon_core.shell:Creating environment descriptor '/home/ubuntu/ROS2-Tutorials/robot_ws/install/myfirstpackage/share/myfirstpackage/hook/ament_prefix_path.dsv'
[0.410s] INFO:colcon.colcon_core.shell:Creating environment hook '/home/ubuntu/ROS2-Tutorials/robot_ws/install/myfirstpackage/share/myfirstpackage/hook/ament_prefix_path.sh'
[0.411s] INFO:colcon.colcon_core.shell:Skip shell extension 'powershell' for command environment: Not usable outside of PowerShell
[0.411s] DEBUG:colcon.colcon_core.shell:Skip shell extension 'dsv' for command environment
[0.413s] DEBUG:colcon.colcon_core.shell:Ignoring prefix path '/opt/ros/foxy'
[0.415s] INFO:colcon.colcon_ros.task.ament_python.build:Building ROS package in '/home/ubuntu/ROS2-Tutorials/robot_ws/src/pubsub' with build type 'ament_python'
[0.416s] Level 1:colcon.colcon_core.shell:create_environment_hook('pubsub', 'ament_prefix_path')
[0.416s] INFO:colcon.colcon_core.shell:Creating environment hook '/home/ubuntu/ROS2-Tutorials/robot_ws/install/pubsub/share/pubsub/hook/ament_prefix_path.ps1'
[0.418s] INFO:colcon.colcon_core.shell:Creating environment descriptor '/home/ubuntu/ROS2-Tutorials/robot_ws/install/pubsub/share/pubsub/hook/ament_prefix_path.dsv'
[0.418s] INFO:colcon.colcon_core.shell:Creating environment hook '/home/ubuntu/ROS2-Tutorials/robot_ws/install/pubsub/share/pubsub/hook/ament_prefix_path.sh'
[0.419s] INFO:colcon.colcon_core.shell:Skip shell extension 'powershell' for command environment: Not usable outside of PowerShell
[0.419s] DEBUG:colcon.colcon_core.shell:Skip shell extension 'dsv' for command environment
[0.420s] DEBUG:colcon.colcon_core.shell:Ignoring prefix path '/opt/ros/foxy'
[0.423s] INFO:colcon.colcon_ros.task.ament_python.build:Building ROS package in '/home/ubuntu/ROS2-Tutorials/robot_ws/src/rqt_joy' with build type 'ament_python'
[0.423s] Level 1:colcon.colcon_core.shell:create_environment_hook('rqt_joy', 'ament_prefix_path')
[0.424s] INFO:colcon.colcon_core.shell:Creating environment hook '/home/ubuntu/ROS2-Tutorials/robot_ws/install/rqt_joy/share/rqt_joy/hook/ament_prefix_path.ps1'
[0.426s] INFO:colcon.colcon_core.shell:Creating environment descriptor '/home/ubuntu/ROS2-Tutorials/robot_ws/install/rqt_joy/share/rqt_joy/hook/ament_prefix_path.dsv'
[0.426s] INFO:colcon.colcon_core.shell:Creating environment hook '/home/ubuntu/ROS2-Tutorials/robot_ws/install/rqt_joy/share/rqt_joy/hook/ament_prefix_path.sh'
[0.427s] INFO:colcon.colcon_core.shell:Skip shell extension 'powershell' for command environment: Not usable outside of PowerShell
[0.427s] DEBUG:colcon.colcon_core.shell:Skip shell extension 'dsv' for command environment
[0.429s] DEBUG:colcon.colcon_core.shell:Ignoring prefix path '/opt/ros/foxy'
[0.431s] INFO:colcon.colcon_ros.task.ament_python.build:Building ROS package in '/home/ubuntu/ROS2-Tutorials/robot_ws/src/srv_examples' with build type 'ament_python'
[0.431s] Level 1:colcon.colcon_core.shell:create_environment_hook('srv_examples', 'ament_prefix_path')
[0.432s] INFO:colcon.colcon_core.shell:Creating environment hook '/home/ubuntu/ROS2-Tutorials/robot_ws/install/srv_examples/share/srv_examples/hook/ament_prefix_path.ps1'
[0.433s] INFO:colcon.colcon_core.shell:Creating environment descriptor '/home/ubuntu/ROS2-Tutorials/robot_ws/install/srv_examples/share/srv_examples/hook/ament_prefix_path.dsv'
[0.434s] INFO:colcon.colcon_core.shell:Creating environment hook '/home/ubuntu/ROS2-Tutorials/robot_ws/install/srv_examples/share/srv_examples/hook/ament_prefix_path.sh'
[0.435s] INFO:colcon.colcon_core.shell:Skip shell extension 'powershell' for command environment: Not usable outside of PowerShell
[0.435s] DEBUG:colcon.colcon_core.shell:Skip shell extension 'dsv' for command environment
[0.436s] DEBUG:colcon.colcon_core.shell:Ignoring prefix path '/opt/ros/foxy'
[0.439s] INFO:colcon.colcon_ros.task.ament_python.build:Building ROS package in '/home/ubuntu/ROS2-Tutorials/robot_ws/src/tb3_teleop' with build type 'ament_python'
[0.440s] Level 1:colcon.colcon_core.shell:create_environment_hook('tb3_teleop', 'ament_prefix_path')
[0.440s] INFO:colcon.colcon_core.shell:Creating environment hook '/home/ubuntu/ROS2-Tutorials/robot_ws/install/tb3_teleop/share/tb3_teleop/hook/ament_prefix_path.ps1'
[0.442s] INFO:colcon.colcon_core.shell:Creating environment descriptor '/home/ubuntu/ROS2-Tutorials/robot_ws/install/tb3_teleop/share/tb3_teleop/hook/ament_prefix_path.dsv'
[0.442s] INFO:colcon.colcon_core.shell:Creating environment hook '/home/ubuntu/ROS2-Tutorials/robot_ws/install/tb3_teleop/share/tb3_teleop/hook/ament_prefix_path.sh'
[0.443s] INFO:colcon.colcon_core.shell:Skip shell extension 'powershell' for command environment: Not usable outside of PowerShell
[0.443s] DEBUG:colcon.colcon_core.shell:Skip shell extension 'dsv' for command environment
[0.445s] DEBUG:colcon.colcon_core.shell:Ignoring prefix path '/opt/ros/foxy'
[0.447s] INFO:colcon.colcon_ros.task.ament_cmake.build:Building ROS package in '/home/ubuntu/ROS2-Tutorials/robot_ws/src/ros_tutorials/turtlesim' with build type 'ament_cmake'
[0.447s] INFO:colcon.colcon_cmake.task.cmake.build:Building CMake package in '/home/ubuntu/ROS2-Tutorials/robot_ws/src/ros_tutorials/turtlesim'
[0.448s] INFO:colcon.colcon_core.shell:Skip shell extension 'powershell' for command environment: Not usable outside of PowerShell
[0.449s] DEBUG:colcon.colcon_core.shell:Skip shell extension 'dsv' for command environment
[0.450s] DEBUG:colcon.colcon_core.shell:Ignoring prefix path '/opt/ros/foxy'
[0.691s] INFO:colcon.colcon_core.task.python.build:Building Python package in '/home/ubuntu/ROS2-Tutorials/robot_ws/src/hello_world'
[0.692s] INFO:colcon.colcon_core.shell:Skip shell extension 'powershell' for command environment: Not usable outside of PowerShell
[0.692s] DEBUG:colcon.colcon_core.shell:Skip shell extension 'dsv' for command environment
[0.694s] DEBUG:colcon.colcon_core.shell:Ignoring prefix path '/opt/ros/foxy'
[0.923s] INFO:colcon.colcon_core.task.python.build:Building Python package in '/home/ubuntu/ROS2-Tutorials/robot_ws/src/myfirstpackage'
[0.924s] INFO:colcon.colcon_core.shell:Skip shell extension 'powershell' for command environment: Not usable outside of PowerShell
[0.924s] DEBUG:colcon.colcon_core.shell:Skip shell extension 'dsv' for command environment
[0.926s] DEBUG:colcon.colcon_core.shell:Ignoring prefix path '/opt/ros/foxy'
[1.152s] INFO:colcon.colcon_core.task.python.build:Building Python package in '/home/ubuntu/ROS2-Tutorials/robot_ws/src/pubsub'
[1.153s] INFO:colcon.colcon_core.shell:Skip shell extension 'powershell' for command environment: Not usable outside of PowerShell
[1.153s] DEBUG:colcon.colcon_core.shell:Skip shell extension 'dsv' for command environment
[1.155s] DEBUG:colcon.colcon_core.shell:Ignoring prefix path '/opt/ros/foxy'
[1.383s] INFO:colcon.colcon_core.task.python.build:Building Python package in '/home/ubuntu/ROS2-Tutorials/robot_ws/src/rqt_joy'
[1.384s] INFO:colcon.colcon_core.shell:Skip shell extension 'powershell' for command environment: Not usable outside of PowerShell
[1.385s] DEBUG:colcon.colcon_core.shell:Skip shell extension 'dsv' for command environment
[1.386s] DEBUG:colcon.colcon_core.shell:Ignoring prefix path '/opt/ros/foxy'
[1.616s] INFO:colcon.colcon_core.task.python.build:Building Python package in '/home/ubuntu/ROS2-Tutorials/robot_ws/src/srv_examples'
[1.617s] INFO:colcon.colcon_core.shell:Skip shell extension 'powershell' for command environment: Not usable outside of PowerShell
[1.617s] DEBUG:colcon.colcon_core.shell:Skip shell extension 'dsv' for command environment
[1.619s] DEBUG:colcon.colcon_core.shell:Ignoring prefix path '/opt/ros/foxy'
[1.848s] INFO:colcon.colcon_core.task.python.build:Building Python package in '/home/ubuntu/ROS2-Tutorials/robot_ws/src/tb3_teleop'
[1.849s] INFO:colcon.colcon_core.shell:Skip shell extension 'powershell' for command environment: Not usable outside of PowerShell
[1.849s] DEBUG:colcon.colcon_core.shell:Skip shell extension 'dsv' for command environment
[1.851s] DEBUG:colcon.colcon_core.shell:Ignoring prefix path '/opt/ros/foxy'
[1.862s] DEBUG:colcon.colcon_core.event_handler.log_command:Invoking command in '/home/ubuntu/ROS2-Tutorials/robot_ws/build/turtlesim': CMAKE_PREFIX_PATH=${CMAKE_PREFIX_PATH}:/home/ubuntu/robot_ws/install/tb3_teleop:/home/ubuntu/robot_ws/install/srv_examples:/home/ubuntu/robot_ws/install/rqt_joy:/home/ubuntu/robot_ws/install/pubsub:/home/ubuntu/robot_ws/install/myfirstpackage:/opt/ros/foxy /usr/bin/cmake /home/ubuntu/ROS2-Tutorials/robot_ws/src/ros_tutorials/turtlesim -DCMAKE_INSTALL_PREFIX=/home/ubuntu/ROS2-Tutorials/robot_ws/install/turtlesim
[1.871s] DEBUG:colcon.colcon_core.event_handler.log_command:Invoking command in '/home/ubuntu/ROS2-Tutorials/robot_ws/src/hello_world': PYTHONPATH=/home/ubuntu/ROS2-Tutorials/robot_ws/install/hello_world/lib/python3.8/site-packages:${PYTHONPATH} /usr/bin/python3 setup.py egg_info --egg-base ../../build/hello_world build --build-base /home/ubuntu/ROS2-Tutorials/robot_ws/build/hello_world/build install --prefix /home/ubuntu/ROS2-Tutorials/robot_ws/install/hello_world --record /home/ubuntu/ROS2-Tutorials/robot_ws/build/hello_world/install.log --single-version-externally-managed
[1.876s] DEBUG:colcon.colcon_core.event_handler.log_command:Invoking command in '/home/ubuntu/ROS2-Tutorials/robot_ws/src/myfirstpackage': PYTHONPATH=/home/ubuntu/ROS2-Tutorials/robot_ws/install/myfirstpackage/lib/python3.8/site-packages:${PYTHONPATH} /usr/bin/python3 setup.py egg_info --egg-base ../../build/myfirstpackage build --build-base /home/ubuntu/ROS2-Tutorials/robot_ws/build/myfirstpackage/build install --prefix /home/ubuntu/ROS2-Tutorials/robot_ws/install/myfirstpackage --record /home/ubuntu/ROS2-Tutorials/robot_ws/build/myfirstpackage/install.log --single-version-externally-managed
[1.879s] DEBUG:colcon.colcon_core.event_handler.log_command:Invoking command in '/home/ubuntu/ROS2-Tutorials/robot_ws/src/pubsub': PYTHONPATH=/home/ubuntu/ROS2-Tutorials/robot_ws/install/pubsub/lib/python3.8/site-packages:${PYTHONPATH} /usr/bin/python3 setup.py egg_info --egg-base ../../build/pubsub build --build-base /home/ubuntu/ROS2-Tutorials/robot_ws/build/pubsub/build install --prefix /home/ubuntu/ROS2-Tutorials/robot_ws/install/pubsub --record /home/ubuntu/ROS2-Tutorials/robot_ws/build/pubsub/install.log --single-version-externally-managed
[1.884s] DEBUG:colcon.colcon_core.event_handler.log_command:Invoking command in '/home/ubuntu/ROS2-Tutorials/robot_ws/src/rqt_joy': PYTHONPATH=/home/ubuntu/ROS2-Tutorials/robot_ws/install/rqt_joy/lib/python3.8/site-packages:${PYTHONPATH} /usr/bin/python3 setup.py egg_info --egg-base ../../build/rqt_joy build --build-base /home/ubuntu/ROS2-Tutorials/robot_ws/build/rqt_joy/build install --prefix /home/ubuntu/ROS2-Tutorials/robot_ws/install/rqt_joy --record /home/ubuntu/ROS2-Tutorials/robot_ws/build/rqt_joy/install.log --single-version-externally-managed
[1.891s] DEBUG:colcon.colcon_core.event_handler.log_command:Invoking command in '/home/ubuntu/ROS2-Tutorials/robot_ws/src/srv_examples': PYTHONPATH=/home/ubuntu/ROS2-Tutorials/robot_ws/install/srv_examples/lib/python3.8/site-packages:${PYTHONPATH} /usr/bin/python3 setup.py egg_info --egg-base ../../build/srv_examples build --build-base /home/ubuntu/ROS2-Tutorials/robot_ws/build/srv_examples/build install --prefix /home/ubuntu/ROS2-Tutorials/robot_ws/install/srv_examples --record /home/ubuntu/ROS2-Tutorials/robot_ws/build/srv_examples/install.log --single-version-externally-managed
[1.896s] DEBUG:colcon.colcon_core.event_handler.log_command:Invoking command in '/home/ubuntu/ROS2-Tutorials/robot_ws/src/tb3_teleop': PYTHONPATH=/home/ubuntu/ROS2-Tutorials/robot_ws/install/tb3_teleop/lib/python3.8/site-packages:${PYTHONPATH} /usr/bin/python3 setup.py egg_info --egg-base ../../build/tb3_teleop build --build-base /home/ubuntu/ROS2-Tutorials/robot_ws/build/tb3_teleop/build install --prefix /home/ubuntu/ROS2-Tutorials/robot_ws/install/tb3_teleop --record /home/ubuntu/ROS2-Tutorials/robot_ws/build/tb3_teleop/install.log --single-version-externally-managed
[2.262s] DEBUG:colcon.colcon_core.event_handler.log_command:Invoked command in '/home/ubuntu/ROS2-Tutorials/robot_ws/src/myfirstpackage' returned '0': PYTHONPATH=/home/ubuntu/ROS2-Tutorials/robot_ws/install/myfirstpackage/lib/python3.8/site-packages:${PYTHONPATH} /usr/bin/python3 setup.py egg_info --egg-base ../../build/myfirstpackage build --build-base /home/ubuntu/ROS2-Tutorials/robot_ws/build/myfirstpackage/build install --prefix /home/ubuntu/ROS2-Tutorials/robot_ws/install/myfirstpackage --record /home/ubuntu/ROS2-Tutorials/robot_ws/build/myfirstpackage/install.log --single-version-externally-managed
[2.270s] Level 1:colcon.colcon_core.environment:checking '/home/ubuntu/ROS2-Tutorials/robot_ws/install/myfirstpackage' for CMake module files
[2.271s] Level 1:colcon.colcon_core.environment:checking '/home/ubuntu/ROS2-Tutorials/robot_ws/install/myfirstpackage' for CMake config files
[2.273s] Level 1:colcon.colcon_core.environment:checking '/home/ubuntu/ROS2-Tutorials/robot_ws/install/myfirstpackage/lib'
[2.273s] Level 1:colcon.colcon_core.environment:checking '/home/ubuntu/ROS2-Tutorials/robot_ws/install/myfirstpackage/bin'
[2.273s] Level 1:colcon.colcon_core.environment:checking '/home/ubuntu/ROS2-Tutorials/robot_ws/install/myfirstpackage/lib/pkgconfig/myfirstpackage.pc'
[2.273s] Level 1:colcon.colcon_core.environment:checking '/home/ubuntu/ROS2-Tutorials/robot_ws/install/myfirstpackage/lib/python3.8/site-packages'
[2.273s] Level 1:colcon.colcon_core.shell:create_environment_hook('myfirstpackage', 'pythonpath')
[2.275s] INFO:colcon.colcon_core.shell:Creating environment hook '/home/ubuntu/ROS2-Tutorials/robot_ws/install/myfirstpackage/share/myfirstpackage/hook/pythonpath.ps1'
[2.279s] INFO:colcon.colcon_core.shell:Creating environment descriptor '/home/ubuntu/ROS2-Tutorials/robot_ws/install/myfirstpackage/share/myfirstpackage/hook/pythonpath.dsv'
[2.281s] INFO:colcon.colcon_core.shell:Creating environment hook '/home/ubuntu/ROS2-Tutorials/robot_ws/install/myfirstpackage/share/myfirstpackage/hook/pythonpath.sh'
[2.282s] Level 1:colcon.colcon_core.environment:create_environment_scripts_only(myfirstpackage)
[2.284s] INFO:colcon.colcon_core.shell:Creating package script '/home/ubuntu/ROS2-Tutorials/robot_ws/install/myfirstpackage/share/myfirstpackage/package.ps1'
[2.286s] INFO:colcon.colcon_core.shell:Creating package descriptor '/home/ubuntu/ROS2-Tutorials/robot_ws/install/myfirstpackage/share/myfirstpackage/package.dsv'
[2.289s] INFO:colcon.colcon_core.shell:Creating package script '/home/ubuntu/ROS2-Tutorials/robot_ws/install/myfirstpackage/share/myfirstpackage/package.sh'
[2.293s] INFO:colcon.colcon_core.shell:Creating package script '/home/ubuntu/ROS2-Tutorials/robot_ws/install/myfirstpackage/share/myfirstpackage/package.bash'
[2.295s] INFO:colcon.colcon_core.shell:Creating package script '/home/ubuntu/ROS2-Tutorials/robot_ws/install/myfirstpackage/share/myfirstpackage/package.zsh'
[2.297s] Level 1:colcon.colcon_core.environment:create_file_with_runtime_dependencies(/home/ubuntu/ROS2-Tutorials/robot_ws/install/myfirstpackage/share/colcon-core/packages/myfirstpackage)
[2.302s] Level 1:colcon.colcon_core.environment:checking '/home/ubuntu/ROS2-Tutorials/robot_ws/install/pubsub' for CMake module files
[2.304s] DEBUG:colcon.colcon_core.event_handler.log_command:Invoked command in '/home/ubuntu/ROS2-Tutorials/robot_ws/src/pubsub' returned '0': PYTHONPATH=/home/ubuntu/ROS2-Tutorials/robot_ws/install/pubsub/lib/python3.8/site-packages:${PYTHONPATH} /usr/bin/python3 setup.py egg_info --egg-base ../../build/pubsub build --build-base /home/ubuntu/ROS2-Tutorials/robot_ws/build/pubsub/build install --prefix /home/ubuntu/ROS2-Tutorials/robot_ws/install/pubsub --record /home/ubuntu/ROS2-Tutorials/robot_ws/build/pubsub/install.log --single-version-externally-managed
[2.305s] Level 1:colcon.colcon_core.environment:checking '/home/ubuntu/ROS2-Tutorials/robot_ws/install/pubsub' for CMake config files
[2.306s] Level 1:colcon.colcon_core.environment:checking '/home/ubuntu/ROS2-Tutorials/robot_ws/install/pubsub/lib'
[2.306s] Level 1:colcon.colcon_core.environment:checking '/home/ubuntu/ROS2-Tutorials/robot_ws/install/pubsub/bin'
[2.306s] Level 1:colcon.colcon_core.environment:checking '/home/ubuntu/ROS2-Tutorials/robot_ws/install/pubsub/lib/pkgconfig/pubsub.pc'
[2.306s] Level 1:colcon.colcon_core.environment:checking '/home/ubuntu/ROS2-Tutorials/robot_ws/install/pubsub/lib/python3.8/site-packages'
[2.306s] Level 1:colcon.colcon_core.shell:create_environment_hook('pubsub', 'pythonpath')
[2.307s] INFO:colcon.colcon_core.shell:Creating environment hook '/home/ubuntu/ROS2-Tutorials/robot_ws/install/pubsub/share/pubsub/hook/pythonpath.ps1'
[2.307s] INFO:colcon.colcon_core.shell:Creating environment descriptor '/home/ubuntu/ROS2-Tutorials/robot_ws/install/pubsub/share/pubsub/hook/pythonpath.dsv'
[2.308s] INFO:colcon.colcon_core.shell:Creating environment hook '/home/ubuntu/ROS2-Tutorials/robot_ws/install/pubsub/share/pubsub/hook/pythonpath.sh'
[2.308s] Level 1:colcon.colcon_core.environment:create_environment_scripts_only(pubsub)
[2.309s] INFO:colcon.colcon_core.shell:Creating package script '/home/ubuntu/ROS2-Tutorials/robot_ws/install/pubsub/share/pubsub/package.ps1'
[2.310s] INFO:colcon.colcon_core.shell:Creating package descriptor '/home/ubuntu/ROS2-Tutorials/robot_ws/install/pubsub/share/pubsub/package.dsv'
[2.310s] INFO:colcon.colcon_core.shell:Creating package script '/home/ubuntu/ROS2-Tutorials/robot_ws/install/pubsub/share/pubsub/package.sh'
[2.311s] INFO:colcon.colcon_core.shell:Creating package script '/home/ubuntu/ROS2-Tutorials/robot_ws/install/pubsub/share/pubsub/package.bash'
[2.311s] INFO:colcon.colcon_core.shell:Creating package script '/home/ubuntu/ROS2-Tutorials/robot_ws/install/pubsub/share/pubsub/package.zsh'
[2.312s] Level 1:colcon.colcon_core.environment:create_file_with_runtime_dependencies(/home/ubuntu/ROS2-Tutorials/robot_ws/install/pubsub/share/colcon-core/packages/pubsub)
[2.317s] Level 1:colcon.colcon_core.environment:checking '/home/ubuntu/ROS2-Tutorials/robot_ws/install/tb3_teleop' for CMake module files
[2.318s] DEBUG:colcon.colcon_core.event_handler.log_command:Invoked command in '/home/ubuntu/ROS2-Tutorials/robot_ws/src/tb3_teleop' returned '0': PYTHONPATH=/home/ubuntu/ROS2-Tutorials/robot_ws/install/tb3_teleop/lib/python3.8/site-packages:${PYTHONPATH} /usr/bin/python3 setup.py egg_info --egg-base ../../build/tb3_teleop build --build-base /home/ubuntu/ROS2-Tutorials/robot_ws/build/tb3_teleop/build install --prefix /home/ubuntu/ROS2-Tutorials/robot_ws/install/tb3_teleop --record /home/ubuntu/ROS2-Tutorials/robot_ws/build/tb3_teleop/install.log --single-version-externally-managed
[2.318s] Level 1:colcon.colcon_core.environment:checking '/home/ubuntu/ROS2-Tutorials/robot_ws/install/tb3_teleop' for CMake config files
[2.319s] Level 1:colcon.colcon_core.environment:checking '/home/ubuntu/ROS2-Tutorials/robot_ws/install/tb3_teleop/lib'
[2.319s] Level 1:colcon.colcon_core.environment:checking '/home/ubuntu/ROS2-Tutorials/robot_ws/install/tb3_teleop/bin'
[2.319s] Level 1:colcon.colcon_core.environment:checking '/home/ubuntu/ROS2-Tutorials/robot_ws/install/tb3_teleop/lib/pkgconfig/tb3_teleop.pc'
[2.319s] Level 1:colcon.colcon_core.environment:checking '/home/ubuntu/ROS2-Tutorials/robot_ws/install/tb3_teleop/lib/python3.8/site-packages'
[2.320s] Level 1:colcon.colcon_core.shell:create_environment_hook('tb3_teleop', 'pythonpath')
[2.320s] INFO:colcon.colcon_core.shell:Creating environment hook '/home/ubuntu/ROS2-Tutorials/robot_ws/install/tb3_teleop/share/tb3_teleop/hook/pythonpath.ps1'
[2.321s] INFO:colcon.colcon_core.shell:Creating environment descriptor '/home/ubuntu/ROS2-Tutorials/robot_ws/install/tb3_teleop/share/tb3_teleop/hook/pythonpath.dsv'
[2.321s] INFO:colcon.colcon_core.shell:Creating environment hook '/home/ubuntu/ROS2-Tutorials/robot_ws/install/tb3_teleop/share/tb3_teleop/hook/pythonpath.sh'
[2.321s] Level 1:colcon.colcon_core.environment:create_environment_scripts_only(tb3_teleop)
[2.322s] INFO:colcon.colcon_core.shell:Creating package script '/home/ubuntu/ROS2-Tutorials/robot_ws/install/tb3_teleop/share/tb3_teleop/package.ps1'
[2.323s] INFO:colcon.colcon_core.shell:Creating package descriptor '/home/ubuntu/ROS2-Tutorials/robot_ws/install/tb3_teleop/share/tb3_teleop/package.dsv'
[2.323s] INFO:colcon.colcon_core.shell:Creating package script '/home/ubuntu/ROS2-Tutorials/robot_ws/install/tb3_teleop/share/tb3_teleop/package.sh'
[2.324s] INFO:colcon.colcon_core.shell:Creating package script '/home/ubuntu/ROS2-Tutorials/robot_ws/install/tb3_teleop/share/tb3_teleop/package.bash'
[2.324s] INFO:colcon.colcon_core.shell:Creating package script '/home/ubuntu/ROS2-Tutorials/robot_ws/install/tb3_teleop/share/tb3_teleop/package.zsh'
[2.324s] Level 1:colcon.colcon_core.environment:create_file_with_runtime_dependencies(/home/ubuntu/ROS2-Tutorials/robot_ws/install/tb3_teleop/share/colcon-core/packages/tb3_teleop)
[2.326s] Level 1:colcon.colcon_core.environment:checking '/home/ubuntu/ROS2-Tutorials/robot_ws/install/hello_world' for CMake module files
[2.328s] Level 1:colcon.colcon_core.environment:checking '/home/ubuntu/ROS2-Tutorials/robot_ws/install/hello_world' for CMake config files
[2.328s] DEBUG:colcon.colcon_core.event_handler.log_command:Invoked command in '/home/ubuntu/ROS2-Tutorials/robot_ws/src/hello_world' returned '0': PYTHONPATH=/home/ubuntu/ROS2-Tutorials/robot_ws/install/hello_world/lib/python3.8/site-packages:${PYTHONPATH} /usr/bin/python3 setup.py egg_info --egg-base ../../build/hello_world build --build-base /home/ubuntu/ROS2-Tutorials/robot_ws/build/hello_world/build install --prefix /home/ubuntu/ROS2-Tutorials/robot_ws/install/hello_world --record /home/ubuntu/ROS2-Tutorials/robot_ws/build/hello_world/install.log --single-version-externally-managed
[2.329s] Level 1:colcon.colcon_core.environment:checking '/home/ubuntu/ROS2-Tutorials/robot_ws/install/hello_world/lib'
[2.329s] Level 1:colcon.colcon_core.environment:checking '/home/ubuntu/ROS2-Tutorials/robot_ws/install/hello_world/bin'
[2.329s] Level 1:colcon.colcon_core.environment:checking '/home/ubuntu/ROS2-Tutorials/robot_ws/install/hello_world/lib/pkgconfig/hello_world.pc'
[2.330s] Level 1:colcon.colcon_core.environment:checking '/home/ubuntu/ROS2-Tutorials/robot_ws/install/hello_world/lib/python3.8/site-packages'
[2.330s] Level 1:colcon.colcon_core.shell:create_environment_hook('hello_world', 'pythonpath')
[2.330s] INFO:colcon.colcon_core.shell:Creating environment hook '/home/ubuntu/ROS2-Tutorials/robot_ws/install/hello_world/share/hello_world/hook/pythonpath.ps1'
[2.331s] INFO:colcon.colcon_core.shell:Creating environment descriptor '/home/ubuntu/ROS2-Tutorials/robot_ws/install/hello_world/share/hello_world/hook/pythonpath.dsv'
[2.331s] INFO:colcon.colcon_core.shell:Creating environment hook '/home/ubuntu/ROS2-Tutorials/robot_ws/install/hello_world/share/hello_world/hook/pythonpath.sh'
[2.331s] Level 1:colcon.colcon_core.environment:create_environment_scripts_only(hello_world)
[2.332s] INFO:colcon.colcon_core.shell:Creating package script '/home/ubuntu/ROS2-Tutorials/robot_ws/install/hello_world/share/hello_world/package.ps1'
[2.333s] INFO:colcon.colcon_core.shell:Creating package descriptor '/home/ubuntu/ROS2-Tutorials/robot_ws/install/hello_world/share/hello_world/package.dsv'
[2.333s] INFO:colcon.colcon_core.shell:Creating package script '/home/ubuntu/ROS2-Tutorials/robot_ws/install/hello_world/share/hello_world/package.sh'
[2.334s] INFO:colcon.colcon_core.shell:Creating package script '/home/ubuntu/ROS2-Tutorials/robot_ws/install/hello_world/share/hello_world/package.bash'
[2.334s] INFO:colcon.colcon_core.shell:Creating package script '/home/ubuntu/ROS2-Tutorials/robot_ws/install/hello_world/share/hello_world/package.zsh'
[2.334s] Level 1:colcon.colcon_core.environment:create_file_with_runtime_dependencies(/home/ubuntu/ROS2-Tutorials/robot_ws/install/hello_world/share/colcon-core/packages/hello_world)
[2.338s] Level 1:colcon.colcon_core.environment:checking '/home/ubuntu/ROS2-Tutorials/robot_ws/install/rqt_joy' for CMake module files
[2.340s] DEBUG:colcon.colcon_core.event_handler.log_command:Invoked command in '/home/ubuntu/ROS2-Tutorials/robot_ws/src/rqt_joy' returned '0': PYTHONPATH=/home/ubuntu/ROS2-Tutorials/robot_ws/install/rqt_joy/lib/python3.8/site-packages:${PYTHONPATH} /usr/bin/python3 setup.py egg_info --egg-base ../../build/rqt_joy build --build-base /home/ubuntu/ROS2-Tutorials/robot_ws/build/rqt_joy/build install --prefix /home/ubuntu/ROS2-Tutorials/robot_ws/install/rqt_joy --record /home/ubuntu/ROS2-Tutorials/robot_ws/build/rqt_joy/install.log --single-version-externally-managed
[2.340s] Level 1:colcon.colcon_core.environment:checking '/home/ubuntu/ROS2-Tutorials/robot_ws/install/rqt_joy' for CMake config files
[2.341s] Level 1:colcon.colcon_core.environment:checking '/home/ubuntu/ROS2-Tutorials/robot_ws/install/rqt_joy/lib'
[2.341s] Level 1:colcon.colcon_core.environment:checking '/home/ubuntu/ROS2-Tutorials/robot_ws/install/rqt_joy/bin'
[2.341s] Level 1:colcon.colcon_core.shell:create_environment_hook('rqt_joy', 'path')
[2.342s] INFO:colcon.colcon_core.shell:Creating environment hook '/home/ubuntu/ROS2-Tutorials/robot_ws/install/rqt_joy/share/rqt_joy/hook/path.ps1'
[2.343s] INFO:colcon.colcon_core.shell:Creating environment descriptor '/home/ubuntu/ROS2-Tutorials/robot_ws/install/rqt_joy/share/rqt_joy/hook/path.dsv'
[2.344s] INFO:colcon.colcon_core.shell:Creating environment hook '/home/ubuntu/ROS2-Tutorials/robot_ws/install/rqt_joy/share/rqt_joy/hook/path.sh'
[2.344s] Level 1:colcon.colcon_core.environment:checking '/home/ubuntu/ROS2-Tutorials/robot_ws/install/rqt_joy/lib/pkgconfig/rqt_joy.pc'
[2.344s] Level 1:colcon.colcon_core.environment:checking '/home/ubuntu/ROS2-Tutorials/robot_ws/install/rqt_joy/lib/python3.8/site-packages'
[2.344s] Level 1:colcon.colcon_core.shell:create_environment_hook('rqt_joy', 'pythonpath')
[2.345s] INFO:colcon.colcon_core.shell:Creating environment hook '/home/ubuntu/ROS2-Tutorials/robot_ws/install/rqt_joy/share/rqt_joy/hook/pythonpath.ps1'
[2.345s] INFO:colcon.colcon_core.shell:Creating environment descriptor '/home/ubuntu/ROS2-Tutorials/robot_ws/install/rqt_joy/share/rqt_joy/hook/pythonpath.dsv'
[2.346s] INFO:colcon.colcon_core.shell:Creating environment hook '/home/ubuntu/ROS2-Tutorials/robot_ws/install/rqt_joy/share/rqt_joy/hook/pythonpath.sh'
[2.347s] Level 1:colcon.colcon_core.environment:create_environment_scripts_only(rqt_joy)
[2.347s] INFO:colcon.colcon_core.shell:Creating package script '/home/ubuntu/ROS2-Tutorials/robot_ws/install/rqt_joy/share/rqt_joy/package.ps1'
[2.348s] INFO:colcon.colcon_core.shell:Creating package descriptor '/home/ubuntu/ROS2-Tutorials/robot_ws/install/rqt_joy/share/rqt_joy/package.dsv'
[2.349s] INFO:colcon.colcon_core.shell:Creating package script '/home/ubuntu/ROS2-Tutorials/robot_ws/install/rqt_joy/share/rqt_joy/package.sh'
[2.349s] INFO:colcon.colcon_core.shell:Creating package script '/home/ubuntu/ROS2-Tutorials/robot_ws/install/rqt_joy/share/rqt_joy/package.bash'
[2.350s] INFO:colcon.colcon_core.shell:Creating package script '/home/ubuntu/ROS2-Tutorials/robot_ws/install/rqt_joy/share/rqt_joy/package.zsh'
[2.350s] Level 1:colcon.colcon_core.environment:create_file_with_runtime_dependencies(/home/ubuntu/ROS2-Tutorials/robot_ws/install/rqt_joy/share/colcon-core/packages/rqt_joy)
[2.352s] Level 1:colcon.colcon_core.environment:checking '/home/ubuntu/ROS2-Tutorials/robot_ws/install/srv_examples' for CMake module files
[2.355s] DEBUG:colcon.colcon_core.event_handler.log_command:Invoked command in '/home/ubuntu/ROS2-Tutorials/robot_ws/src/srv_examples' returned '0': PYTHONPATH=/home/ubuntu/ROS2-Tutorials/robot_ws/install/srv_examples/lib/python3.8/site-packages:${PYTHONPATH} /usr/bin/python3 setup.py egg_info --egg-base ../../build/srv_examples build --build-base /home/ubuntu/ROS2-Tutorials/robot_ws/build/srv_examples/build install --prefix /home/ubuntu/ROS2-Tutorials/robot_ws/install/srv_examples --record /home/ubuntu/ROS2-Tutorials/robot_ws/build/srv_examples/install.log --single-version-externally-managed
[2.355s] Level 1:colcon.colcon_core.environment:checking '/home/ubuntu/ROS2-Tutorials/robot_ws/install/srv_examples' for CMake config files
[2.356s] Level 1:colcon.colcon_core.environment:checking '/home/ubuntu/ROS2-Tutorials/robot_ws/install/srv_examples/lib'
[2.356s] Level 1:colcon.colcon_core.environment:checking '/home/ubuntu/ROS2-Tutorials/robot_ws/install/srv_examples/bin'
[2.356s] Level 1:colcon.colcon_core.environment:checking '/home/ubuntu/ROS2-Tutorials/robot_ws/install/srv_examples/lib/pkgconfig/srv_examples.pc'
[2.356s] Level 1:colcon.colcon_core.environment:checking '/home/ubuntu/ROS2-Tutorials/robot_ws/install/srv_examples/lib/python3.8/site-packages'
[2.356s] Level 1:colcon.colcon_core.shell:create_environment_hook('srv_examples', 'pythonpath')
[2.357s] INFO:colcon.colcon_core.shell:Creating environment hook '/home/ubuntu/ROS2-Tutorials/robot_ws/install/srv_examples/share/srv_examples/hook/pythonpath.ps1'
[2.357s] INFO:colcon.colcon_core.shell:Creating environment descriptor '/home/ubuntu/ROS2-Tutorials/robot_ws/install/srv_examples/share/srv_examples/hook/pythonpath.dsv'
[2.358s] INFO:colcon.colcon_core.shell:Creating environment hook '/home/ubuntu/ROS2-Tutorials/robot_ws/install/srv_examples/share/srv_examples/hook/pythonpath.sh'
[2.358s] Level 1:colcon.colcon_core.environment:create_environment_scripts_only(srv_examples)
[2.359s] INFO:colcon.colcon_core.shell:Creating package script '/home/ubuntu/ROS2-Tutorials/robot_ws/install/srv_examples/share/srv_examples/package.ps1'
[2.359s] INFO:colcon.colcon_core.shell:Creating package descriptor '/home/ubuntu/ROS2-Tutorials/robot_ws/install/srv_examples/share/srv_examples/package.dsv'
[2.360s] INFO:colcon.colcon_core.shell:Creating package script '/home/ubuntu/ROS2-Tutorials/robot_ws/install/srv_examples/share/srv_examples/package.sh'
[2.360s] INFO:colcon.colcon_core.shell:Creating package script '/home/ubuntu/ROS2-Tutorials/robot_ws/install/srv_examples/share/srv_examples/package.bash'
[2.360s] INFO:colcon.colcon_core.shell:Creating package script '/home/ubuntu/ROS2-Tutorials/robot_ws/install/srv_examples/share/srv_examples/package.zsh'
[2.361s] Level 1:colcon.colcon_core.environment:create_file_with_runtime_dependencies(/home/ubuntu/ROS2-Tutorials/robot_ws/install/srv_examples/share/colcon-core/packages/srv_examples)
[4.470s] DEBUG:colcon.colcon_core.event_handler.log_command:Invoked command in '/home/ubuntu/ROS2-Tutorials/robot_ws/build/turtlesim' returned '0': CMAKE_PREFIX_PATH=${CMAKE_PREFIX_PATH}:/home/ubuntu/robot_ws/install/tb3_teleop:/home/ubuntu/robot_ws/install/srv_examples:/home/ubuntu/robot_ws/install/rqt_joy:/home/ubuntu/robot_ws/install/pubsub:/home/ubuntu/robot_ws/install/myfirstpackage:/opt/ros/foxy /usr/bin/cmake /home/ubuntu/ROS2-Tutorials/robot_ws/src/ros_tutorials/turtlesim -DCMAKE_INSTALL_PREFIX=/home/ubuntu/ROS2-Tutorials/robot_ws/install/turtlesim
[4.474s] DEBUG:colcon.colcon_core.event_handler.log_command:Invoking command in '/home/ubuntu/ROS2-Tutorials/robot_ws/build/turtlesim': CMAKE_PREFIX_PATH=${CMAKE_PREFIX_PATH}:/home/ubuntu/robot_ws/install/tb3_teleop:/home/ubuntu/robot_ws/install/srv_examples:/home/ubuntu/robot_ws/install/rqt_joy:/home/ubuntu/robot_ws/install/pubsub:/home/ubuntu/robot_ws/install/myfirstpackage:/opt/ros/foxy /usr/bin/cmake --build /home/ubuntu/ROS2-Tutorials/robot_ws/build/turtlesim -- -j12 -l12
[24.142s] DEBUG:colcon.colcon_core.event_handler.log_command:Invoked command in '/home/ubuntu/ROS2-Tutorials/robot_ws/build/turtlesim' returned '0': CMAKE_PREFIX_PATH=${CMAKE_PREFIX_PATH}:/home/ubuntu/robot_ws/install/tb3_teleop:/home/ubuntu/robot_ws/install/srv_examples:/home/ubuntu/robot_ws/install/rqt_joy:/home/ubuntu/robot_ws/install/pubsub:/home/ubuntu/robot_ws/install/myfirstpackage:/opt/ros/foxy /usr/bin/cmake --build /home/ubuntu/ROS2-Tutorials/robot_ws/build/turtlesim -- -j12 -l12
[24.417s] DEBUG:colcon.colcon_core.event_handler.log_command:Invoking command in '/home/ubuntu/ROS2-Tutorials/robot_ws/build/turtlesim': CMAKE_PREFIX_PATH=${CMAKE_PREFIX_PATH}:/home/ubuntu/robot_ws/install/tb3_teleop:/home/ubuntu/robot_ws/install/srv_examples:/home/ubuntu/robot_ws/install/rqt_joy:/home/ubuntu/robot_ws/install/pubsub:/home/ubuntu/robot_ws/install/myfirstpackage:/opt/ros/foxy /usr/bin/cmake --install /home/ubuntu/ROS2-Tutorials/robot_ws/build/turtlesim
[24.555s] Level 1:colcon.colcon_core.environment:create_environment_scripts_only(turtlesim)
[24.556s] Level 1:colcon.colcon_core.environment:checking '/home/ubuntu/ROS2-Tutorials/robot_ws/install/turtlesim' for CMake module files
[24.558s] DEBUG:colcon.colcon_core.event_handler.log_command:Invoked command in '/home/ubuntu/ROS2-Tutorials/robot_ws/build/turtlesim' returned '0': CMAKE_PREFIX_PATH=${CMAKE_PREFIX_PATH}:/home/ubuntu/robot_ws/install/tb3_teleop:/home/ubuntu/robot_ws/install/srv_examples:/home/ubuntu/robot_ws/install/rqt_joy:/home/ubuntu/robot_ws/install/pubsub:/home/ubuntu/robot_ws/install/myfirstpackage:/opt/ros/foxy /usr/bin/cmake --install /home/ubuntu/ROS2-Tutorials/robot_ws/build/turtlesim
[24.559s] Level 1:colcon.colcon_core.environment:checking '/home/ubuntu/ROS2-Tutorials/robot_ws/install/turtlesim' for CMake config files
[24.560s] Level 1:colcon.colcon_core.shell:create_environment_hook('turtlesim', 'cmake_prefix_path')
[24.561s] INFO:colcon.colcon_core.shell:Creating environment hook '/home/ubuntu/ROS2-Tutorials/robot_ws/install/turtlesim/share/turtlesim/hook/cmake_prefix_path.ps1'
[24.562s] INFO:colcon.colcon_core.shell:Creating environment descriptor '/home/ubuntu/ROS2-Tutorials/robot_ws/install/turtlesim/share/turtlesim/hook/cmake_prefix_path.dsv'
[24.562s] INFO:colcon.colcon_core.shell:Creating environment hook '/home/ubuntu/ROS2-Tutorials/robot_ws/install/turtlesim/share/turtlesim/hook/cmake_prefix_path.sh'
[24.563s] Level 1:colcon.colcon_core.environment:checking '/home/ubuntu/ROS2-Tutorials/robot_ws/install/turtlesim/lib'
[24.563s] Level 1:colcon.colcon_core.shell:create_environment_hook('turtlesim', 'ld_library_path_lib')
[24.564s] INFO:colcon.colcon_core.shell:Creating environment hook '/home/ubuntu/ROS2-Tutorials/robot_ws/install/turtlesim/share/turtlesim/hook/ld_library_path_lib.ps1'
[24.564s] INFO:colcon.colcon_core.shell:Creating environment descriptor '/home/ubuntu/ROS2-Tutorials/robot_ws/install/turtlesim/share/turtlesim/hook/ld_library_path_lib.dsv'
[24.565s] INFO:colcon.colcon_core.shell:Creating environment hook '/home/ubuntu/ROS2-Tutorials/robot_ws/install/turtlesim/share/turtlesim/hook/ld_library_path_lib.sh'
[24.565s] Level 1:colcon.colcon_core.environment:checking '/home/ubuntu/ROS2-Tutorials/robot_ws/install/turtlesim/bin'
[24.565s] Level 1:colcon.colcon_core.environment:checking '/home/ubuntu/ROS2-Tutorials/robot_ws/install/turtlesim/lib/pkgconfig/turtlesim.pc'
[24.565s] Level 1:colcon.colcon_core.environment:checking '/home/ubuntu/ROS2-Tutorials/robot_ws/install/turtlesim/lib/python3.8/site-packages'
[24.565s] Level 1:colcon.colcon_core.shell:create_environment_hook('turtlesim', 'pythonpath')
[24.566s] INFO:colcon.colcon_core.shell:Creating environment hook '/home/ubuntu/ROS2-Tutorials/robot_ws/install/turtlesim/share/turtlesim/hook/pythonpath.ps1'
[24.567s] INFO:colcon.colcon_core.shell:Creating environment descriptor '/home/ubuntu/ROS2-Tutorials/robot_ws/install/turtlesim/share/turtlesim/hook/pythonpath.dsv'
[24.567s] INFO:colcon.colcon_core.shell:Creating environment hook '/home/ubuntu/ROS2-Tutorials/robot_ws/install/turtlesim/share/turtlesim/hook/pythonpath.sh'
[24.568s] INFO:colcon.colcon_core.shell:Creating package script '/home/ubuntu/ROS2-Tutorials/robot_ws/install/turtlesim/share/turtlesim/package.ps1'
[24.569s] INFO:colcon.colcon_core.shell:Creating package descriptor '/home/ubuntu/ROS2-Tutorials/robot_ws/install/turtlesim/share/turtlesim/package.dsv'
[24.570s] INFO:colcon.colcon_core.shell:Creating package script '/home/ubuntu/ROS2-Tutorials/robot_ws/install/turtlesim/share/turtlesim/package.sh'
[24.570s] INFO:colcon.colcon_core.shell:Creating package script '/home/ubuntu/ROS2-Tutorials/robot_ws/install/turtlesim/share/turtlesim/package.bash'
[24.570s] INFO:colcon.colcon_core.shell:Creating package script '/home/ubuntu/ROS2-Tutorials/robot_ws/install/turtlesim/share/turtlesim/package.zsh'
[24.571s] Level 1:colcon.colcon_core.environment:create_file_with_runtime_dependencies(/home/ubuntu/ROS2-Tutorials/robot_ws/install/turtlesim/share/colcon-core/packages/turtlesim)
[24.798s] Level 1:colcon.colcon_core.environment:create_environment_scripts_only(turtlesim)
[24.799s] Level 1:colcon.colcon_core.environment:checking '/home/ubuntu/ROS2-Tutorials/robot_ws/install/turtlesim' for CMake module files
[24.800s] Level 1:colcon.colcon_core.environment:checking '/home/ubuntu/ROS2-Tutorials/robot_ws/install/turtlesim' for CMake config files
[24.801s] Level 1:colcon.colcon_core.shell:create_environment_hook('turtlesim', 'cmake_prefix_path')
[24.801s] INFO:colcon.colcon_core.shell:Creating environment hook '/home/ubuntu/ROS2-Tutorials/robot_ws/install/turtlesim/share/turtlesim/hook/cmake_prefix_path.ps1'
[24.802s] INFO:colcon.colcon_core.shell:Creating environment descriptor '/home/ubuntu/ROS2-Tutorials/robot_ws/install/turtlesim/share/turtlesim/hook/cmake_prefix_path.dsv'
[24.802s] INFO:colcon.colcon_core.shell:Creating environment hook '/home/ubuntu/ROS2-Tutorials/robot_ws/install/turtlesim/share/turtlesim/hook/cmake_prefix_path.sh'
[24.803s] Level 1:colcon.colcon_core.environment:checking '/home/ubuntu/ROS2-Tutorials/robot_ws/install/turtlesim/lib'
[24.803s] Level 1:colcon.colcon_core.shell:create_environment_hook('turtlesim', 'ld_library_path_lib')
[24.804s] INFO:colcon.colcon_core.shell:Creating environment hook '/home/ubuntu/ROS2-Tutorials/robot_ws/install/turtlesim/share/turtlesim/hook/ld_library_path_lib.ps1'
[24.804s] INFO:colcon.colcon_core.shell:Creating environment descriptor '/home/ubuntu/ROS2-Tutorials/robot_ws/install/turtlesim/share/turtlesim/hook/ld_library_path_lib.dsv'
[24.804s] INFO:colcon.colcon_core.shell:Creating environment hook '/home/ubuntu/ROS2-Tutorials/robot_ws/install/turtlesim/share/turtlesim/hook/ld_library_path_lib.sh'
[24.805s] Level 1:colcon.colcon_core.environment:checking '/home/ubuntu/ROS2-Tutorials/robot_ws/install/turtlesim/bin'
[24.805s] Level 1:colcon.colcon_core.environment:checking '/home/ubuntu/ROS2-Tutorials/robot_ws/install/turtlesim/lib/pkgconfig/turtlesim.pc'
[24.805s] Level 1:colcon.colcon_core.environment:checking '/home/ubuntu/ROS2-Tutorials/robot_ws/install/turtlesim/lib/python3.8/site-packages'
[24.805s] Level 1:colcon.colcon_core.shell:create_environment_hook('turtlesim', 'pythonpath')
[24.806s] INFO:colcon.colcon_core.shell:Creating environment hook '/home/ubuntu/ROS2-Tutorials/robot_ws/install/turtlesim/share/turtlesim/hook/pythonpath.ps1'
[24.806s] INFO:colcon.colcon_core.shell:Creating environment descriptor '/home/ubuntu/ROS2-Tutorials/robot_ws/install/turtlesim/share/turtlesim/hook/pythonpath.dsv'
[24.807s] INFO:colcon.colcon_core.shell:Creating environment hook '/home/ubuntu/ROS2-Tutorials/robot_ws/install/turtlesim/share/turtlesim/hook/pythonpath.sh'
[24.808s] INFO:colcon.colcon_core.shell:Creating package script '/home/ubuntu/ROS2-Tutorials/robot_ws/install/turtlesim/share/turtlesim/package.ps1'
[24.808s] INFO:colcon.colcon_core.shell:Creating package descriptor '/home/ubuntu/ROS2-Tutorials/robot_ws/install/turtlesim/share/turtlesim/package.dsv'
[24.809s] INFO:colcon.colcon_core.shell:Creating package script '/home/ubuntu/ROS2-Tutorials/robot_ws/install/turtlesim/share/turtlesim/package.sh'
[24.809s] INFO:colcon.colcon_core.shell:Creating package script '/home/ubuntu/ROS2-Tutorials/robot_ws/install/turtlesim/share/turtlesim/package.bash'
[24.810s] INFO:colcon.colcon_core.shell:Creating package script '/home/ubuntu/ROS2-Tutorials/robot_ws/install/turtlesim/share/turtlesim/package.zsh'
[24.811s] Level 1:colcon.colcon_core.environment:create_file_with_runtime_dependencies(/home/ubuntu/ROS2-Tutorials/robot_ws/install/turtlesim/share/colcon-core/packages/turtlesim)
[24.811s] DEBUG:colcon.colcon_parallel_executor.executor.parallel:closing loop
[24.812s] DEBUG:colcon.colcon_parallel_executor.executor.parallel:loop closed
[24.812s] DEBUG:colcon.colcon_parallel_executor.executor.parallel:run_until_complete finished with '0'
[24.812s] DEBUG:colcon.colcon_core.event_reactor:joining thread
[24.821s] INFO:colcon.colcon_core.plugin_system:Skipping extension 'colcon_notification.desktop_notification.notify_send': Could not find 'notify-send'
[24.821s] INFO:colcon.colcon_core.plugin_system:Skipping extension 'colcon_notification.desktop_notification.terminal_notifier': Not used on non-Darwin systems
[24.821s] INFO:colcon.colcon_core.plugin_system:Skipping extension 'colcon_notification.desktop_notification.win32': Not used on non-Windows systems
[24.821s] INFO:colcon.colcon_notification.desktop_notification:Sending desktop notification using 'notify2'
[24.827s] DEBUG:colcon.colcon_notification.desktop_notification.notify2:Failed to initialize notify2: org.freedesktop.DBus.Error.ServiceUnknown: The name org.freedesktop.Notifications was not provided by any .service files
[24.828s] DEBUG:colcon.colcon_core.event_reactor:joined thread
[24.829s] INFO:colcon.colcon_core.shell:Creating prefix script '/home/ubuntu/ROS2-Tutorials/robot_ws/install/local_setup.ps1'
[24.830s] INFO:colcon.colcon_core.shell:Creating prefix util module '/home/ubuntu/ROS2-Tutorials/robot_ws/install/_local_setup_util_ps1.py'
[24.831s] INFO:colcon.colcon_core.shell:Creating prefix chain script '/home/ubuntu/ROS2-Tutorials/robot_ws/install/setup.ps1'
[24.833s] INFO:colcon.colcon_core.shell:Creating prefix script '/home/ubuntu/ROS2-Tutorials/robot_ws/install/local_setup.sh'
[24.834s] INFO:colcon.colcon_core.shell:Creating prefix util module '/home/ubuntu/ROS2-Tutorials/robot_ws/install/_local_setup_util_sh.py'
[24.834s] INFO:colcon.colcon_core.shell:Creating prefix chain script '/home/ubuntu/ROS2-Tutorials/robot_ws/install/setup.sh'
[24.837s] INFO:colcon.colcon_core.shell:Creating prefix script '/home/ubuntu/ROS2-Tutorials/robot_ws/install/local_setup.bash'
[24.837s] INFO:colcon.colcon_core.shell:Creating prefix chain script '/home/ubuntu/ROS2-Tutorials/robot_ws/install/setup.bash'
[24.839s] INFO:colcon.colcon_core.shell:Creating prefix script '/home/ubuntu/ROS2-Tutorials/robot_ws/install/local_setup.zsh'
[24.840s] INFO:colcon.colcon_core.shell:Creating prefix chain script '/home/ubuntu/ROS2-Tutorials/robot_ws/install/setup.zsh'
