[1.486s] Invoking command in '/home/ubuntu/ROS2-Tutorials/robot_ws/src/myfirstpackage': PYTHONPATH=/home/ubuntu/ROS2-Tutorials/robot_ws/install/myfirstpackage/lib/python3.8/site-packages:${PYTHONPATH} /usr/bin/python3 setup.py egg_info --egg-base ../../build/myfirstpackage build --build-base /home/ubuntu/ROS2-Tutorials/robot_ws/build/myfirstpackage/build install --prefix /home/ubuntu/ROS2-Tutorials/robot_ws/install/myfirstpackage --record /home/ubuntu/ROS2-Tutorials/robot_ws/build/myfirstpackage/install.log --single-version-externally-managed
[1.771s] running egg_info
[1.772s] creating ../../build/myfirstpackage/myfirstpackage.egg-info
[1.772s] writing ../../build/myfirstpackage/myfirstpackage.egg-info/PKG-INFO
[1.772s] writing dependency_links to ../../build/myfirstpackage/myfirstpackage.egg-info/dependency_links.txt
[1.773s] writing entry points to ../../build/myfirstpackage/myfirstpackage.egg-info/entry_points.txt
[1.773s] writing requirements to ../../build/myfirstpackage/myfirstpackage.egg-info/requires.txt
[1.773s] writing top-level names to ../../build/myfirstpackage/myfirstpackage.egg-info/top_level.txt
[1.774s] writing manifest file '../../build/myfirstpackage/myfirstpackage.egg-info/SOURCES.txt'
[1.828s] reading manifest file '../../build/myfirstpackage/myfirstpackage.egg-info/SOURCES.txt'
[1.829s] writing manifest file '../../build/myfirstpackage/myfirstpackage.egg-info/SOURCES.txt'
[1.830s] running build
[1.830s] running build_py
[1.830s] creating /home/ubuntu/ROS2-Tutorials/robot_ws/build/myfirstpackage/build
[1.831s] creating /home/ubuntu/ROS2-Tutorials/robot_ws/build/myfirstpackage/build/lib
[1.831s] creating /home/ubuntu/ROS2-Tutorials/robot_ws/build/myfirstpackage/build/lib/myfirstpackage
[1.832s] copying myfirstpackage/param_node.py -> /home/ubuntu/ROS2-Tutorials/robot_ws/build/myfirstpackage/build/lib/myfirstpackage
[1.832s] copying myfirstpackage/myfirstnode.py -> /home/ubuntu/ROS2-Tutorials/robot_ws/build/myfirstpackage/build/lib/myfirstpackage
[1.832s] copying myfirstpackage/__init__.py -> /home/ubuntu/ROS2-Tutorials/robot_ws/build/myfirstpackage/build/lib/myfirstpackage
[1.832s] running install
[1.832s] running install_lib
[1.834s] running install_data
[1.835s] running install_egg_info
[1.837s] removing '/home/ubuntu/ROS2-Tutorials/robot_ws/install/myfirstpackage/lib/python3.8/site-packages/myfirstpackage-0.0.0-py3.8.egg-info' (and everything under it)
[1.837s] Copying ../../build/myfirstpackage/myfirstpackage.egg-info to /home/ubuntu/ROS2-Tutorials/robot_ws/install/myfirstpackage/lib/python3.8/site-packages/myfirstpackage-0.0.0-py3.8.egg-info
[1.839s] running install_scripts
[1.869s] Installing myfirstnode script to /home/ubuntu/ROS2-Tutorials/robot_ws/install/myfirstpackage/lib/myfirstpackage
[1.870s] Installing param_node script to /home/ubuntu/ROS2-Tutorials/robot_ws/install/myfirstpackage/lib/myfirstpackage
[1.870s] writing list of installed files to '/home/ubuntu/ROS2-Tutorials/robot_ws/build/myfirstpackage/install.log'
[1.919s] Invoked command in '/home/ubuntu/ROS2-Tutorials/robot_ws/src/myfirstpackage' returned '0': PYTHONPATH=/home/ubuntu/ROS2-Tutorials/robot_ws/install/myfirstpackage/lib/python3.8/site-packages:${PYTHONPATH} /usr/bin/python3 setup.py egg_info --egg-base ../../build/myfirstpackage build --build-base /home/ubuntu/ROS2-Tutorials/robot_ws/build/myfirstpackage/build install --prefix /home/ubuntu/ROS2-Tutorials/robot_ws/install/myfirstpackage --record /home/ubuntu/ROS2-Tutorials/robot_ws/build/myfirstpackage/install.log --single-version-externally-managed
