[1.466s] Invoking command in '/home/ubuntu/ROS2-Tutorials/robot_ws/src/pubsub': PYTHONPATH=/home/ubuntu/ROS2-Tutorials/robot_ws/install/pubsub/lib/python3.8/site-packages:${PYTHONPATH} /usr/bin/python3 setup.py egg_info --egg-base ../../build/pubsub build --build-base /home/ubuntu/ROS2-Tutorials/robot_ws/build/pubsub/build install --prefix /home/ubuntu/ROS2-Tutorials/robot_ws/install/pubsub --record /home/ubuntu/ROS2-Tutorials/robot_ws/build/pubsub/install.log --single-version-externally-managed
[1.780s] running egg_info
[1.781s] writing ../../build/pubsub/pubsub.egg-info/PKG-INFO
[1.781s] writing dependency_links to ../../build/pubsub/pubsub.egg-info/dependency_links.txt
[1.782s] writing entry points to ../../build/pubsub/pubsub.egg-info/entry_points.txt
[1.782s] writing requirements to ../../build/pubsub/pubsub.egg-info/requires.txt
[1.783s] writing top-level names to ../../build/pubsub/pubsub.egg-info/top_level.txt
[1.842s] reading manifest file '../../build/pubsub/pubsub.egg-info/SOURCES.txt'
[1.844s] writing manifest file '../../build/pubsub/pubsub.egg-info/SOURCES.txt'
[1.844s] running build
[1.844s] running build_py
[1.844s] running install
[1.846s] running install_lib
[1.848s] running install_data
[1.849s] running install_egg_info
[1.853s] removing '/home/ubuntu/ROS2-Tutorials/robot_ws/install/pubsub/lib/python3.8/site-packages/pubsub-0.0.0-py3.8.egg-info' (and everything under it)
[1.854s] Copying ../../build/pubsub/pubsub.egg-info to /home/ubuntu/ROS2-Tutorials/robot_ws/install/pubsub/lib/python3.8/site-packages/pubsub-0.0.0-py3.8.egg-info
[1.855s] running install_scripts
[1.895s] Installing myfirstpublisher script to /home/ubuntu/ROS2-Tutorials/robot_ws/install/pubsub/lib/pubsub
[1.896s] Installing myfirstsubscriber script to /home/ubuntu/ROS2-Tutorials/robot_ws/install/pubsub/lib/pubsub
[1.897s] writing list of installed files to '/home/ubuntu/ROS2-Tutorials/robot_ws/build/pubsub/install.log'
[1.950s] Invoked command in '/home/ubuntu/ROS2-Tutorials/robot_ws/src/pubsub' returned '0': PYTHONPATH=/home/ubuntu/ROS2-Tutorials/robot_ws/install/pubsub/lib/python3.8/site-packages:${PYTHONPATH} /usr/bin/python3 setup.py egg_info --egg-base ../../build/pubsub build --build-base /home/ubuntu/ROS2-Tutorials/robot_ws/build/pubsub/build install --prefix /home/ubuntu/ROS2-Tutorials/robot_ws/install/pubsub --record /home/ubuntu/ROS2-Tutorials/robot_ws/build/pubsub/install.log --single-version-externally-managed
