[1.497s] Invoking command in '/home/ubuntu/robot_ws/src/tb3_teleop': PYTHONPATH=/home/ubuntu/robot_ws/install/tb3_teleop/lib/python3.8/site-packages:${PYTHONPATH} /usr/bin/python3 setup.py egg_info --egg-base ../../build/tb3_teleop build --build-base /home/ubuntu/robot_ws/build/tb3_teleop/build install --prefix /home/ubuntu/robot_ws/install/tb3_teleop --record /home/ubuntu/robot_ws/build/tb3_teleop/install.log --single-version-externally-managed
[1.839s] running egg_info
[1.840s] writing ../../build/tb3_teleop/tb3_teleop.egg-info/PKG-INFO
[1.840s] writing dependency_links to ../../build/tb3_teleop/tb3_teleop.egg-info/dependency_links.txt
[1.841s] writing entry points to ../../build/tb3_teleop/tb3_teleop.egg-info/entry_points.txt
[1.841s] writing requirements to ../../build/tb3_teleop/tb3_teleop.egg-info/requires.txt
[1.841s] writing top-level names to ../../build/tb3_teleop/tb3_teleop.egg-info/top_level.txt
[1.900s] reading manifest file '../../build/tb3_teleop/tb3_teleop.egg-info/SOURCES.txt'
[1.901s] writing manifest file '../../build/tb3_teleop/tb3_teleop.egg-info/SOURCES.txt'
[1.902s] running build
[1.903s] running build_py
[1.903s] running install
[1.904s] running install_lib
[1.907s] running install_data
[1.909s] running install_egg_info
[1.913s] removing '/home/ubuntu/robot_ws/install/tb3_teleop/lib/python3.8/site-packages/tb3_teleop-0.0.0-py3.8.egg-info' (and everything under it)
[1.914s] Copying ../../build/tb3_teleop/tb3_teleop.egg-info to /home/ubuntu/robot_ws/install/tb3_teleop/lib/python3.8/site-packages/tb3_teleop-0.0.0-py3.8.egg-info
[1.916s] running install_scripts
[1.957s] Installing teleop script to /home/ubuntu/robot_ws/install/tb3_teleop/lib/tb3_teleop
[1.959s] writing list of installed files to '/home/ubuntu/robot_ws/build/tb3_teleop/install.log'
[2.016s] Invoked command in '/home/ubuntu/robot_ws/src/tb3_teleop' returned '0': PYTHONPATH=/home/ubuntu/robot_ws/install/tb3_teleop/lib/python3.8/site-packages:${PYTHONPATH} /usr/bin/python3 setup.py egg_info --egg-base ../../build/tb3_teleop build --build-base /home/ubuntu/robot_ws/build/tb3_teleop/build install --prefix /home/ubuntu/robot_ws/install/tb3_teleop --record /home/ubuntu/robot_ws/build/tb3_teleop/install.log --single-version-externally-managed
