[1.630s] Invoking command in '/home/ubuntu/robot_ws/src/pubsub': PYTHONPATH=/home/ubuntu/robot_ws/install/pubsub/lib/python3.8/site-packages:${PYTHONPATH} /usr/bin/python3 setup.py egg_info --egg-base ../../build/pubsub build --build-base /home/ubuntu/robot_ws/build/pubsub/build install --prefix /home/ubuntu/robot_ws/install/pubsub --record /home/ubuntu/robot_ws/build/pubsub/install.log --single-version-externally-managed
[1.959s] running egg_info
[1.960s] writing ../../build/pubsub/pubsub.egg-info/PKG-INFO
[1.961s] writing dependency_links to ../../build/pubsub/pubsub.egg-info/dependency_links.txt
[1.961s] writing entry points to ../../build/pubsub/pubsub.egg-info/entry_points.txt
[1.961s] writing requirements to ../../build/pubsub/pubsub.egg-info/requires.txt
[1.962s] writing top-level names to ../../build/pubsub/pubsub.egg-info/top_level.txt
[2.017s] reading manifest file '../../build/pubsub/pubsub.egg-info/SOURCES.txt'
[2.018s] writing manifest file '../../build/pubsub/pubsub.egg-info/SOURCES.txt'
[2.018s] running build
[2.019s] running build_py
[2.019s] running install
[2.021s] running install_lib
[2.022s] running install_data
[2.023s] running install_egg_info
[2.026s] removing '/home/ubuntu/robot_ws/install/pubsub/lib/python3.8/site-packages/pubsub-0.0.0-py3.8.egg-info' (and everything under it)
[2.026s] Copying ../../build/pubsub/pubsub.egg-info to /home/ubuntu/robot_ws/install/pubsub/lib/python3.8/site-packages/pubsub-0.0.0-py3.8.egg-info
[2.029s] running install_scripts
[2.061s] Installing myfirstpublisher script to /home/ubuntu/robot_ws/install/pubsub/lib/pubsub
[2.061s] Installing myfirstsubscriber script to /home/ubuntu/robot_ws/install/pubsub/lib/pubsub
[2.062s] writing list of installed files to '/home/ubuntu/robot_ws/build/pubsub/install.log'
[2.147s] Invoked command in '/home/ubuntu/robot_ws/src/pubsub' returned '0': PYTHONPATH=/home/ubuntu/robot_ws/install/pubsub/lib/python3.8/site-packages:${PYTHONPATH} /usr/bin/python3 setup.py egg_info --egg-base ../../build/pubsub build --build-base /home/ubuntu/robot_ws/build/pubsub/build install --prefix /home/ubuntu/robot_ws/install/pubsub --record /home/ubuntu/robot_ws/build/pubsub/install.log --single-version-externally-managed
