[1.656s] Invoking command in '/home/ubuntu/ROS2-Tutorials/robot_ws/src/myfirstpackage': PYTHONPATH=/home/ubuntu/ROS2-Tutorials/robot_ws/install/myfirstpackage/lib/python3.8/site-packages:${PYTHONPATH} /usr/bin/python3 setup.py egg_info --egg-base ../../build/myfirstpackage build --build-base /home/ubuntu/ROS2-Tutorials/robot_ws/build/myfirstpackage/build install --prefix /home/ubuntu/ROS2-Tutorials/robot_ws/install/myfirstpackage --record /home/ubuntu/ROS2-Tutorials/robot_ws/build/myfirstpackage/install.log --single-version-externally-managed
[2.041s] running egg_info
[2.041s] writing ../../build/myfirstpackage/myfirstpackage.egg-info/PKG-INFO
[2.041s] writing dependency_links to ../../build/myfirstpackage/myfirstpackage.egg-info/dependency_links.txt
[2.042s] writing entry points to ../../build/myfirstpackage/myfirstpackage.egg-info/entry_points.txt
[2.042s] writing requirements to ../../build/myfirstpackage/myfirstpackage.egg-info/requires.txt
[2.042s] writing top-level names to ../../build/myfirstpackage/myfirstpackage.egg-info/top_level.txt
[2.122s] reading manifest file '../../build/myfirstpackage/myfirstpackage.egg-info/SOURCES.txt'
[2.126s] writing manifest file '../../build/myfirstpackage/myfirstpackage.egg-info/SOURCES.txt'
[2.127s] running build
[2.127s] running build_py
[2.127s] copying myfirstpackage/param_node.py -> /home/ubuntu/ROS2-Tutorials/robot_ws/build/myfirstpackage/build/lib/myfirstpackage
[2.127s] copying myfirstpackage/myfirstnode.py -> /home/ubuntu/ROS2-Tutorials/robot_ws/build/myfirstpackage/build/lib/myfirstpackage
[2.127s] copying myfirstpackage/__init__.py -> /home/ubuntu/ROS2-Tutorials/robot_ws/build/myfirstpackage/build/lib/myfirstpackage
[2.128s] running install
[2.132s] running install_lib
[2.134s] copying /home/ubuntu/ROS2-Tutorials/robot_ws/build/myfirstpackage/build/lib/myfirstpackage/param_node.py -> /home/ubuntu/ROS2-Tutorials/robot_ws/install/myfirstpackage/lib/python3.8/site-packages/myfirstpackage
[2.135s] copying /home/ubuntu/ROS2-Tutorials/robot_ws/build/myfirstpackage/build/lib/myfirstpackage/myfirstnode.py -> /home/ubuntu/ROS2-Tutorials/robot_ws/install/myfirstpackage/lib/python3.8/site-packages/myfirstpackage
[2.135s] copying /home/ubuntu/ROS2-Tutorials/robot_ws/build/myfirstpackage/build/lib/myfirstpackage/__init__.py -> /home/ubuntu/ROS2-Tutorials/robot_ws/install/myfirstpackage/lib/python3.8/site-packages/myfirstpackage
[2.139s] byte-compiling /home/ubuntu/ROS2-Tutorials/robot_ws/install/myfirstpackage/lib/python3.8/site-packages/myfirstpackage/param_node.py to param_node.cpython-38.pyc
[2.141s] byte-compiling /home/ubuntu/ROS2-Tutorials/robot_ws/install/myfirstpackage/lib/python3.8/site-packages/myfirstpackage/myfirstnode.py to myfirstnode.cpython-38.pyc
[2.142s] byte-compiling /home/ubuntu/ROS2-Tutorials/robot_ws/install/myfirstpackage/lib/python3.8/site-packages/myfirstpackage/__init__.py to __init__.cpython-38.pyc
[2.142s] running install_data
[2.143s] copying resource/myfirstpackage -> /home/ubuntu/ROS2-Tutorials/robot_ws/install/myfirstpackage/share/ament_index/resource_index/packages
[2.143s] copying package.xml -> /home/ubuntu/ROS2-Tutorials/robot_ws/install/myfirstpackage/share/myfirstpackage
[2.143s] copying launch/multi_turtle.launch.py -> /home/ubuntu/ROS2-Tutorials/robot_ws/install/myfirstpackage/share/myfirstpackage
[2.144s] copying launch/turtle2.launch.py -> /home/ubuntu/ROS2-Tutorials/robot_ws/install/myfirstpackage/share/myfirstpackage
[2.144s] copying launch/turtle.launch.py -> /home/ubuntu/ROS2-Tutorials/robot_ws/install/myfirstpackage/share/myfirstpackage
[2.144s] copying config/turtlesim_random.yaml -> /home/ubuntu/ROS2-Tutorials/robot_ws/install/myfirstpackage/share/myfirstpackage
[2.144s] copying config/turtlesim_fh.yaml -> /home/ubuntu/ROS2-Tutorials/robot_ws/install/myfirstpackage/share/myfirstpackage
[2.145s] copying config/turtlesim.yaml -> /home/ubuntu/ROS2-Tutorials/robot_ws/install/myfirstpackage/share/myfirstpackage
[2.145s] running install_egg_info
[2.146s] removing '/home/ubuntu/ROS2-Tutorials/robot_ws/install/myfirstpackage/lib/python3.8/site-packages/myfirstpackage-0.0.0-py3.8.egg-info' (and everything under it)
[2.146s] Copying ../../build/myfirstpackage/myfirstpackage.egg-info to /home/ubuntu/ROS2-Tutorials/robot_ws/install/myfirstpackage/lib/python3.8/site-packages/myfirstpackage-0.0.0-py3.8.egg-info
[2.149s] running install_scripts
[2.194s] Installing myfirstnode script to /home/ubuntu/ROS2-Tutorials/robot_ws/install/myfirstpackage/lib/myfirstpackage
[2.194s] Installing param_node script to /home/ubuntu/ROS2-Tutorials/robot_ws/install/myfirstpackage/lib/myfirstpackage
[2.196s] writing list of installed files to '/home/ubuntu/ROS2-Tutorials/robot_ws/build/myfirstpackage/install.log'
[2.276s] Invoked command in '/home/ubuntu/ROS2-Tutorials/robot_ws/src/myfirstpackage' returned '0': PYTHONPATH=/home/ubuntu/ROS2-Tutorials/robot_ws/install/myfirstpackage/lib/python3.8/site-packages:${PYTHONPATH} /usr/bin/python3 setup.py egg_info --egg-base ../../build/myfirstpackage build --build-base /home/ubuntu/ROS2-Tutorials/robot_ws/build/myfirstpackage/build install --prefix /home/ubuntu/ROS2-Tutorials/robot_ws/install/myfirstpackage --record /home/ubuntu/ROS2-Tutorials/robot_ws/build/myfirstpackage/install.log --single-version-externally-managed
