[1.489s] Invoking command in '/home/ubuntu/robot_ws/src/hello_world': PYTHONPATH=/home/ubuntu/robot_ws/install/hello_world/lib/python3.8/site-packages:${PYTHONPATH} /usr/bin/python3 setup.py egg_info --egg-base ../../build/hello_world build --build-base /home/ubuntu/robot_ws/build/hello_world/build install --prefix /home/ubuntu/robot_ws/install/hello_world --record /home/ubuntu/robot_ws/build/hello_world/install.log --single-version-externally-managed
[1.785s] running egg_info
[1.787s] writing ../../build/hello_world/hello_world.egg-info/PKG-INFO
[1.787s] writing dependency_links to ../../build/hello_world/hello_world.egg-info/dependency_links.txt
[1.787s] writing entry points to ../../build/hello_world/hello_world.egg-info/entry_points.txt
[1.788s] writing requirements to ../../build/hello_world/hello_world.egg-info/requires.txt
[1.788s] writing top-level names to ../../build/hello_world/hello_world.egg-info/top_level.txt
[1.841s] reading manifest file '../../build/hello_world/hello_world.egg-info/SOURCES.txt'
[1.842s] writing manifest file '../../build/hello_world/hello_world.egg-info/SOURCES.txt'
[1.843s] running build
[1.843s] running build_py
[1.843s] running install
[1.845s] running install_lib
[1.847s] running install_data
[1.848s] running install_egg_info
[1.850s] removing '/home/ubuntu/robot_ws/install/hello_world/lib/python3.8/site-packages/hello_world-0.0.0-py3.8.egg-info' (and everything under it)
[1.851s] Copying ../../build/hello_world/hello_world.egg-info to /home/ubuntu/robot_ws/install/hello_world/lib/python3.8/site-packages/hello_world-0.0.0-py3.8.egg-info
[1.852s] running install_scripts
[1.875s] Installing hello_world script to /home/ubuntu/robot_ws/install/hello_world/lib/hello_world
[1.876s] writing list of installed files to '/home/ubuntu/robot_ws/build/hello_world/install.log'
[1.915s] Invoked command in '/home/ubuntu/robot_ws/src/hello_world' returned '0': PYTHONPATH=/home/ubuntu/robot_ws/install/hello_world/lib/python3.8/site-packages:${PYTHONPATH} /usr/bin/python3 setup.py egg_info --egg-base ../../build/hello_world build --build-base /home/ubuntu/robot_ws/build/hello_world/build install --prefix /home/ubuntu/robot_ws/install/hello_world --record /home/ubuntu/robot_ws/build/hello_world/install.log --single-version-externally-managed
