[1.642s] Invoking command in '/home/ubuntu/robot_ws/src/hello_world': PYTHONPATH=/home/ubuntu/robot_ws/install/hello_world/lib/python3.8/site-packages:${PYTHONPATH} /usr/bin/python3 setup.py egg_info --egg-base ../../build/hello_world build --build-base /home/ubuntu/robot_ws/build/hello_world/build install --prefix /home/ubuntu/robot_ws/install/hello_world --record /home/ubuntu/robot_ws/build/hello_world/install.log --single-version-externally-managed
[1.979s] running egg_info
[1.980s] writing ../../build/hello_world/hello_world.egg-info/PKG-INFO
[1.981s] writing dependency_links to ../../build/hello_world/hello_world.egg-info/dependency_links.txt
[1.981s] writing entry points to ../../build/hello_world/hello_world.egg-info/entry_points.txt
[1.982s] writing requirements to ../../build/hello_world/hello_world.egg-info/requires.txt
[1.982s] writing top-level names to ../../build/hello_world/hello_world.egg-info/top_level.txt
[2.034s] reading manifest file '../../build/hello_world/hello_world.egg-info/SOURCES.txt'
[2.035s] writing manifest file '../../build/hello_world/hello_world.egg-info/SOURCES.txt'
[2.036s] running build
[2.036s] running build_py
[2.037s] running install
[2.038s] running install_lib
[2.040s] running install_data
[2.041s] running install_egg_info
[2.043s] removing '/home/ubuntu/robot_ws/install/hello_world/lib/python3.8/site-packages/hello_world-0.0.0-py3.8.egg-info' (and everything under it)
[2.044s] Copying ../../build/hello_world/hello_world.egg-info to /home/ubuntu/robot_ws/install/hello_world/lib/python3.8/site-packages/hello_world-0.0.0-py3.8.egg-info
[2.045s] running install_scripts
[2.075s] Installing hello_world script to /home/ubuntu/robot_ws/install/hello_world/lib/hello_world
[2.076s] writing list of installed files to '/home/ubuntu/robot_ws/build/hello_world/install.log'
[2.155s] Invoked command in '/home/ubuntu/robot_ws/src/hello_world' returned '0': PYTHONPATH=/home/ubuntu/robot_ws/install/hello_world/lib/python3.8/site-packages:${PYTHONPATH} /usr/bin/python3 setup.py egg_info --egg-base ../../build/hello_world build --build-base /home/ubuntu/robot_ws/build/hello_world/build install --prefix /home/ubuntu/robot_ws/install/hello_world --record /home/ubuntu/robot_ws/build/hello_world/install.log --single-version-externally-managed
