[1.452s] Invoking command in '/home/ubuntu/ROS2-Tutorials/robot_ws/src/tb3_teleop': PYTHONPATH=/home/ubuntu/ROS2-Tutorials/robot_ws/install/tb3_teleop/lib/python3.8/site-packages:${PYTHONPATH} /usr/bin/python3 setup.py egg_info --egg-base ../../build/tb3_teleop build --build-base /home/ubuntu/ROS2-Tutorials/robot_ws/build/tb3_teleop/build install --prefix /home/ubuntu/ROS2-Tutorials/robot_ws/install/tb3_teleop --record /home/ubuntu/ROS2-Tutorials/robot_ws/build/tb3_teleop/install.log --single-version-externally-managed
[1.730s] running egg_info
[1.731s] writing ../../build/tb3_teleop/tb3_teleop.egg-info/PKG-INFO
[1.732s] writing dependency_links to ../../build/tb3_teleop/tb3_teleop.egg-info/dependency_links.txt
[1.733s] writing entry points to ../../build/tb3_teleop/tb3_teleop.egg-info/entry_points.txt
[1.734s] writing requirements to ../../build/tb3_teleop/tb3_teleop.egg-info/requires.txt
[1.734s] writing top-level names to ../../build/tb3_teleop/tb3_teleop.egg-info/top_level.txt
[1.801s] reading manifest file '../../build/tb3_teleop/tb3_teleop.egg-info/SOURCES.txt'
[1.804s] writing manifest file '../../build/tb3_teleop/tb3_teleop.egg-info/SOURCES.txt'
[1.805s] running build
[1.806s] running build_py
[1.806s] running install
[1.808s] running install_lib
[1.810s] creating /home/ubuntu/ROS2-Tutorials/robot_ws/install/tb3_teleop/lib/python3.8/site-packages/tb3_teleop
[1.810s] copying /home/ubuntu/ROS2-Tutorials/robot_ws/build/tb3_teleop/build/lib/tb3_teleop/teleop.py -> /home/ubuntu/ROS2-Tutorials/robot_ws/install/tb3_teleop/lib/python3.8/site-packages/tb3_teleop
[1.812s] copying /home/ubuntu/ROS2-Tutorials/robot_ws/build/tb3_teleop/build/lib/tb3_teleop/__init__.py -> /home/ubuntu/ROS2-Tutorials/robot_ws/install/tb3_teleop/lib/python3.8/site-packages/tb3_teleop
[1.815s] byte-compiling /home/ubuntu/ROS2-Tutorials/robot_ws/install/tb3_teleop/lib/python3.8/site-packages/tb3_teleop/teleop.py to teleop.cpython-38.pyc
[1.818s] byte-compiling /home/ubuntu/ROS2-Tutorials/robot_ws/install/tb3_teleop/lib/python3.8/site-packages/tb3_teleop/__init__.py to __init__.cpython-38.pyc
[1.818s] running install_data
[1.819s] creating /home/ubuntu/ROS2-Tutorials/robot_ws/install/tb3_teleop/share/ament_index
[1.820s] creating /home/ubuntu/ROS2-Tutorials/robot_ws/install/tb3_teleop/share/ament_index/resource_index
[1.820s] creating /home/ubuntu/ROS2-Tutorials/robot_ws/install/tb3_teleop/share/ament_index/resource_index/packages
[1.821s] copying resource/tb3_teleop -> /home/ubuntu/ROS2-Tutorials/robot_ws/install/tb3_teleop/share/ament_index/resource_index/packages
[1.822s] copying package.xml -> /home/ubuntu/ROS2-Tutorials/robot_ws/install/tb3_teleop/share/tb3_teleop
[1.822s] running install_egg_info
[1.823s] Copying ../../build/tb3_teleop/tb3_teleop.egg-info to /home/ubuntu/ROS2-Tutorials/robot_ws/install/tb3_teleop/lib/python3.8/site-packages/tb3_teleop-0.0.0-py3.8.egg-info
[1.826s] running install_scripts
[1.845s] Installing teleop script to /home/ubuntu/ROS2-Tutorials/robot_ws/install/tb3_teleop/lib/tb3_teleop
[1.846s] writing list of installed files to '/home/ubuntu/ROS2-Tutorials/robot_ws/build/tb3_teleop/install.log'
