[0.506s] Invoking command in '/home/ubuntu/robot_ws/src/hello_world': PYTHONPATH=/home/ubuntu/robot_ws/install/hello_world/lib/python3.8/site-packages:${PYTHONPATH} /usr/bin/python3 setup.py egg_info --egg-base ../../build/hello_world build --build-base /home/ubuntu/robot_ws/build/hello_world/build install --prefix /home/ubuntu/robot_ws/install/hello_world --record /home/ubuntu/robot_ws/build/hello_world/install.log --single-version-externally-managed
[0.762s] running egg_info
[0.763s] writing ../../build/hello_world/hello_world.egg-info/PKG-INFO
[0.763s] writing dependency_links to ../../build/hello_world/hello_world.egg-info/dependency_links.txt
[0.763s] writing entry points to ../../build/hello_world/hello_world.egg-info/entry_points.txt
[0.764s] writing requirements to ../../build/hello_world/hello_world.egg-info/requires.txt
[0.764s] writing top-level names to ../../build/hello_world/hello_world.egg-info/top_level.txt
[0.808s] reading manifest file '../../build/hello_world/hello_world.egg-info/SOURCES.txt'
[0.810s] writing manifest file '../../build/hello_world/hello_world.egg-info/SOURCES.txt'
[0.811s] running build
[0.811s] running build_py
[0.811s] running install
[0.812s] running install_lib
[0.812s] running install_data
[0.813s] copying launch/hello.launch.py -> /home/ubuntu/robot_ws/install/hello_world/share/hello_world
[0.813s] running install_egg_info
[0.815s] removing '/home/ubuntu/robot_ws/install/hello_world/lib/python3.8/site-packages/hello_world-0.0.0-py3.8.egg-info' (and everything under it)
[0.816s] Copying ../../build/hello_world/hello_world.egg-info to /home/ubuntu/robot_ws/install/hello_world/lib/python3.8/site-packages/hello_world-0.0.0-py3.8.egg-info
[0.817s] running install_scripts
[0.837s] Installing hello_world script to /home/ubuntu/robot_ws/install/hello_world/lib/hello_world
[0.837s] writing list of installed files to '/home/ubuntu/robot_ws/build/hello_world/install.log'
[0.892s] Invoked command in '/home/ubuntu/robot_ws/src/hello_world' returned '0': PYTHONPATH=/home/ubuntu/robot_ws/install/hello_world/lib/python3.8/site-packages:${PYTHONPATH} /usr/bin/python3 setup.py egg_info --egg-base ../../build/hello_world build --build-base /home/ubuntu/robot_ws/build/hello_world/build install --prefix /home/ubuntu/robot_ws/install/hello_world --record /home/ubuntu/robot_ws/build/hello_world/install.log --single-version-externally-managed
