[1.627s] Invoking command in '/home/ubuntu/robot_ws/src/srv_examples': PYTHONPATH=/home/ubuntu/robot_ws/install/srv_examples/lib/python3.8/site-packages:${PYTHONPATH} /usr/bin/python3 setup.py egg_info --egg-base ../../build/srv_examples build --build-base /home/ubuntu/robot_ws/build/srv_examples/build install --prefix /home/ubuntu/robot_ws/install/srv_examples --record /home/ubuntu/robot_ws/build/srv_examples/install.log --single-version-externally-managed
[1.958s] running egg_info
[1.959s] writing ../../build/srv_examples/srv_examples.egg-info/PKG-INFO
[1.960s] writing dependency_links to ../../build/srv_examples/srv_examples.egg-info/dependency_links.txt
[1.960s] writing entry points to ../../build/srv_examples/srv_examples.egg-info/entry_points.txt
[1.960s] writing requirements to ../../build/srv_examples/srv_examples.egg-info/requires.txt
[1.961s] writing top-level names to ../../build/srv_examples/srv_examples.egg-info/top_level.txt
[2.015s] reading manifest file '../../build/srv_examples/srv_examples.egg-info/SOURCES.txt'
[2.016s] writing manifest file '../../build/srv_examples/srv_examples.egg-info/SOURCES.txt'
[2.017s] running build
[2.017s] running build_py
[2.018s] copying srv_examples/invert_gripper_service_client.py -> /home/ubuntu/robot_ws/build/srv_examples/build/lib/srv_examples
[2.018s] running install
[2.018s] running install_lib
[2.020s] copying /home/ubuntu/robot_ws/build/srv_examples/build/lib/srv_examples/invert_gripper_service_client.py -> /home/ubuntu/robot_ws/install/srv_examples/lib/python3.8/site-packages/srv_examples
[2.021s] byte-compiling /home/ubuntu/robot_ws/install/srv_examples/lib/python3.8/site-packages/srv_examples/invert_gripper_service_client.py to invert_gripper_service_client.cpython-38.pyc
[2.025s] running install_data
[2.026s] running install_egg_info
[2.028s] removing '/home/ubuntu/robot_ws/install/srv_examples/lib/python3.8/site-packages/srv_examples-0.0.0-py3.8.egg-info' (and everything under it)
[2.030s] Copying ../../build/srv_examples/srv_examples.egg-info to /home/ubuntu/robot_ws/install/srv_examples/lib/python3.8/site-packages/srv_examples-0.0.0-py3.8.egg-info
[2.032s] running install_scripts
[2.068s] Installing invert_gripper_service_client script to /home/ubuntu/robot_ws/install/srv_examples/lib/srv_examples
[2.069s] Installing open_gripper_service_server script to /home/ubuntu/robot_ws/install/srv_examples/lib/srv_examples
[2.069s] Installing turtlesim_geofence_reset_srv script to /home/ubuntu/robot_ws/install/srv_examples/lib/srv_examples
[2.070s] writing list of installed files to '/home/ubuntu/robot_ws/build/srv_examples/install.log'
[2.166s] Invoked command in '/home/ubuntu/robot_ws/src/srv_examples' returned '0': PYTHONPATH=/home/ubuntu/robot_ws/install/srv_examples/lib/python3.8/site-packages:${PYTHONPATH} /usr/bin/python3 setup.py egg_info --egg-base ../../build/srv_examples build --build-base /home/ubuntu/robot_ws/build/srv_examples/build install --prefix /home/ubuntu/robot_ws/install/srv_examples --record /home/ubuntu/robot_ws/build/srv_examples/install.log --single-version-externally-managed
