[1.504s] Invoking command in '/home/ubuntu/ROS2-Tutorials/robot_ws/src/hello_world': PYTHONPATH=/home/ubuntu/ROS2-Tutorials/robot_ws/install/hello_world/lib/python3.8/site-packages:${PYTHONPATH} /usr/bin/python3 setup.py egg_info --egg-base ../../build/hello_world build --build-base /home/ubuntu/ROS2-Tutorials/robot_ws/build/hello_world/build install --prefix /home/ubuntu/ROS2-Tutorials/robot_ws/install/hello_world --record /home/ubuntu/ROS2-Tutorials/robot_ws/build/hello_world/install.log --single-version-externally-managed
[1.790s] running egg_info
[1.790s] creating ../../build/hello_world/hello_world.egg-info
[1.791s] writing ../../build/hello_world/hello_world.egg-info/PKG-INFO
[1.792s] writing dependency_links to ../../build/hello_world/hello_world.egg-info/dependency_links.txt
[1.792s] writing entry points to ../../build/hello_world/hello_world.egg-info/entry_points.txt
[1.792s] writing requirements to ../../build/hello_world/hello_world.egg-info/requires.txt
[1.792s] writing top-level names to ../../build/hello_world/hello_world.egg-info/top_level.txt
[1.794s] writing manifest file '../../build/hello_world/hello_world.egg-info/SOURCES.txt'
[1.837s] reading manifest file '../../build/hello_world/hello_world.egg-info/SOURCES.txt'
[1.839s] writing manifest file '../../build/hello_world/hello_world.egg-info/SOURCES.txt'
[1.839s] running build
[1.840s] running build_py
[1.840s] creating /home/ubuntu/ROS2-Tutorials/robot_ws/build/hello_world/build
[1.840s] creating /home/ubuntu/ROS2-Tutorials/robot_ws/build/hello_world/build/lib
[1.840s] creating /home/ubuntu/ROS2-Tutorials/robot_ws/build/hello_world/build/lib/hello_world
[1.841s] copying hello_world/hello_world.py -> /home/ubuntu/ROS2-Tutorials/robot_ws/build/hello_world/build/lib/hello_world
[1.841s] copying hello_world/__init__.py -> /home/ubuntu/ROS2-Tutorials/robot_ws/build/hello_world/build/lib/hello_world
[1.841s] running install
[1.841s] running install_lib
[1.843s] creating /home/ubuntu/ROS2-Tutorials/robot_ws/install/hello_world/lib/python3.8/site-packages/hello_world
[1.843s] copying /home/ubuntu/ROS2-Tutorials/robot_ws/build/hello_world/build/lib/hello_world/hello_world.py -> /home/ubuntu/ROS2-Tutorials/robot_ws/install/hello_world/lib/python3.8/site-packages/hello_world
[1.843s] copying /home/ubuntu/ROS2-Tutorials/robot_ws/build/hello_world/build/lib/hello_world/__init__.py -> /home/ubuntu/ROS2-Tutorials/robot_ws/install/hello_world/lib/python3.8/site-packages/hello_world
[1.844s] byte-compiling /home/ubuntu/ROS2-Tutorials/robot_ws/install/hello_world/lib/python3.8/site-packages/hello_world/hello_world.py to hello_world.cpython-38.pyc
[1.846s] byte-compiling /home/ubuntu/ROS2-Tutorials/robot_ws/install/hello_world/lib/python3.8/site-packages/hello_world/__init__.py to __init__.cpython-38.pyc
[1.847s] running install_data
[1.847s] creating /home/ubuntu/ROS2-Tutorials/robot_ws/install/hello_world/share/ament_index
[1.848s] creating /home/ubuntu/ROS2-Tutorials/robot_ws/install/hello_world/share/ament_index/resource_index
[1.848s] creating /home/ubuntu/ROS2-Tutorials/robot_ws/install/hello_world/share/ament_index/resource_index/packages
[1.849s] copying resource/hello_world -> /home/ubuntu/ROS2-Tutorials/robot_ws/install/hello_world/share/ament_index/resource_index/packages
[1.850s] copying package.xml -> /home/ubuntu/ROS2-Tutorials/robot_ws/install/hello_world/share/hello_world
[1.850s] copying launch/hello.launch.py -> /home/ubuntu/ROS2-Tutorials/robot_ws/install/hello_world/share/hello_world
[1.851s] copying config/hello.yaml -> /home/ubuntu/ROS2-Tutorials/robot_ws/install/hello_world/share/hello_world
[1.852s] running install_egg_info
[1.854s] Copying ../../build/hello_world/hello_world.egg-info to /home/ubuntu/ROS2-Tutorials/robot_ws/install/hello_world/lib/python3.8/site-packages/hello_world-0.0.0-py3.8.egg-info
[1.854s] running install_scripts
[1.881s] Installing hello_world script to /home/ubuntu/ROS2-Tutorials/robot_ws/install/hello_world/lib/hello_world
[1.881s] writing list of installed files to '/home/ubuntu/ROS2-Tutorials/robot_ws/build/hello_world/install.log'
