[0.320s] DEBUG:colcon:Command line arguments: ['/usr/bin/colcon', 'build']
[0.320s] DEBUG:colcon:Parsed command line arguments: Namespace(ament_cmake_args=None, base_paths=['.'], build_base='build', catkin_cmake_args=None, catkin_skip_building_tests=False, cmake_args=None, cmake_clean_cache=False, cmake_clean_first=False, cmake_force_configure=False, cmake_target=None, cmake_target_skip_unavailable=False, continue_on_error=False, event_handlers=None, executor='parallel', ignore_user_meta=False, install_base='install', log_base=None, log_level=None, main=<bound method BuildVerb.main of <colcon_core.verb.build.BuildVerb object at 0x7f47b2c3feb0>>, merge_install=False, metas=['./colcon.meta'], packages_above=None, packages_above_and_dependencies=None, packages_above_depth=None, packages_end=None, packages_ignore=None, packages_ignore_regex=None, packages_select=None, packages_select_build_failed=False, packages_select_by_dep=None, packages_select_regex=None, packages_select_test_failures=False, packages_skip=None, packages_skip_build_finished=False, packages_skip_by_dep=None, packages_skip_regex=None, packages_skip_test_passed=False, packages_skip_up_to=None, packages_start=None, packages_up_to=None, packages_up_to_regex=None, parallel_workers=12, paths=None, symlink_install=False, test_result_base=None, verb_extension=<colcon_core.verb.build.BuildVerb object at 0x7f47b2c3feb0>, verb_name='build', verb_parser=<colcon_defaults.argument_parser.defaults.DefaultArgumentsDecorator object at 0x7f47b2c49460>)
[0.326s] Level 1:colcon.colcon_core.package_discovery:discover_packages(colcon_meta) check parameters
[0.326s] Level 1:colcon.colcon_core.package_discovery:discover_packages(recursive) check parameters
[0.326s] Level 1:colcon.colcon_core.package_discovery:discover_packages(ignore) check parameters
[0.326s] Level 1:colcon.colcon_core.package_discovery:discover_packages(path) check parameters
[0.326s] Level 1:colcon.colcon_core.package_discovery:discover_packages(colcon_meta) discover
[0.326s] Level 1:colcon.colcon_core.package_discovery:discover_packages(recursive) discover
[0.326s] INFO:colcon.colcon_core.package_discovery:Crawling recursively for packages in '/home/ubuntu/robot_ws'
[0.326s] Level 1:colcon.colcon_core.package_identification:_identify(.) by extensions ['ignore', 'ignore_ament_install']
[0.327s] Level 1:colcon.colcon_core.package_identification:_identify(.) by extension 'ignore'
[0.327s] Level 1:colcon.colcon_core.package_identification:_identify(.) by extension 'ignore_ament_install'
[0.327s] Level 1:colcon.colcon_core.package_identification:_identify(.) by extensions ['colcon_pkg']
[0.327s] Level 1:colcon.colcon_core.package_identification:_identify(.) by extension 'colcon_pkg'
[0.327s] Level 1:colcon.colcon_core.package_identification:_identify(.) by extensions ['colcon_meta']
[0.327s] Level 1:colcon.colcon_core.package_identification:_identify(.) by extension 'colcon_meta'
[0.327s] Level 1:colcon.colcon_core.package_identification:_identify(.) by extensions ['ros']
[0.327s] Level 1:colcon.colcon_core.package_identification:_identify(.) by extension 'ros'
[0.338s] Level 1:colcon.colcon_core.package_identification:_identify(.) by extensions ['cmake', 'python']
[0.338s] Level 1:colcon.colcon_core.package_identification:_identify(.) by extension 'cmake'
[0.338s] Level 1:colcon.colcon_core.package_identification:_identify(.) by extension 'python'
[0.339s] Level 1:colcon.colcon_core.package_identification:_identify(.) by extensions ['python_setup_py']
[0.339s] Level 1:colcon.colcon_core.package_identification:_identify(.) by extension 'python_setup_py'
[0.339s] Level 1:colcon.colcon_core.package_identification:_identify(build) by extensions ['ignore', 'ignore_ament_install']
[0.339s] Level 1:colcon.colcon_core.package_identification:_identify(build) by extension 'ignore'
[0.339s] Level 1:colcon.colcon_core.package_identification:_identify(build) ignored
[0.339s] Level 1:colcon.colcon_core.package_identification:_identify(install) by extensions ['ignore', 'ignore_ament_install']
[0.339s] Level 1:colcon.colcon_core.package_identification:_identify(install) by extension 'ignore'
[0.339s] Level 1:colcon.colcon_core.package_identification:_identify(install) ignored
[0.339s] Level 1:colcon.colcon_core.package_identification:_identify(log) by extensions ['ignore', 'ignore_ament_install']
[0.339s] Level 1:colcon.colcon_core.package_identification:_identify(log) by extension 'ignore'
[0.340s] Level 1:colcon.colcon_core.package_identification:_identify(log) ignored
[0.340s] Level 1:colcon.colcon_core.package_identification:_identify(src) by extensions ['ignore', 'ignore_ament_install']
[0.340s] Level 1:colcon.colcon_core.package_identification:_identify(src) by extension 'ignore'
[0.340s] Level 1:colcon.colcon_core.package_identification:_identify(src) by extension 'ignore_ament_install'
[0.340s] Level 1:colcon.colcon_core.package_identification:_identify(src) by extensions ['colcon_pkg']
[0.340s] Level 1:colcon.colcon_core.package_identification:_identify(src) by extension 'colcon_pkg'
[0.340s] Level 1:colcon.colcon_core.package_identification:_identify(src) by extensions ['colcon_meta']
[0.340s] Level 1:colcon.colcon_core.package_identification:_identify(src) by extension 'colcon_meta'
[0.340s] Level 1:colcon.colcon_core.package_identification:_identify(src) by extensions ['ros']
[0.340s] Level 1:colcon.colcon_core.package_identification:_identify(src) by extension 'ros'
[0.340s] Level 1:colcon.colcon_core.package_identification:_identify(src) by extensions ['cmake', 'python']
[0.340s] Level 1:colcon.colcon_core.package_identification:_identify(src) by extension 'cmake'
[0.340s] Level 1:colcon.colcon_core.package_identification:_identify(src) by extension 'python'
[0.340s] Level 1:colcon.colcon_core.package_identification:_identify(src) by extensions ['python_setup_py']
[0.340s] Level 1:colcon.colcon_core.package_identification:_identify(src) by extension 'python_setup_py'
[0.341s] Level 1:colcon.colcon_core.package_identification:_identify(src/hello_world) by extensions ['ignore', 'ignore_ament_install']
[0.341s] Level 1:colcon.colcon_core.package_identification:_identify(src/hello_world) by extension 'ignore'
[0.341s] Level 1:colcon.colcon_core.package_identification:_identify(src/hello_world) by extension 'ignore_ament_install'
[0.341s] Level 1:colcon.colcon_core.package_identification:_identify(src/hello_world) by extensions ['colcon_pkg']
[0.341s] Level 1:colcon.colcon_core.package_identification:_identify(src/hello_world) by extension 'colcon_pkg'
[0.341s] Level 1:colcon.colcon_core.package_identification:_identify(src/hello_world) by extensions ['colcon_meta']
[0.341s] Level 1:colcon.colcon_core.package_identification:_identify(src/hello_world) by extension 'colcon_meta'
[0.341s] Level 1:colcon.colcon_core.package_identification:_identify(src/hello_world) by extensions ['ros']
[0.341s] Level 1:colcon.colcon_core.package_identification:_identify(src/hello_world) by extension 'ros'
[0.343s] DEBUG:colcon.colcon_core.package_identification:Package 'src/hello_world' with type 'ros.ament_python' and name 'hello_world'
[0.343s] Level 1:colcon.colcon_core.package_identification:_identify(src/myfirstpackage) by extensions ['ignore', 'ignore_ament_install']
[0.344s] Level 1:colcon.colcon_core.package_identification:_identify(src/myfirstpackage) by extension 'ignore'
[0.344s] Level 1:colcon.colcon_core.package_identification:_identify(src/myfirstpackage) by extension 'ignore_ament_install'
[0.344s] Level 1:colcon.colcon_core.package_identification:_identify(src/myfirstpackage) by extensions ['colcon_pkg']
[0.344s] Level 1:colcon.colcon_core.package_identification:_identify(src/myfirstpackage) by extension 'colcon_pkg'
[0.344s] Level 1:colcon.colcon_core.package_identification:_identify(src/myfirstpackage) by extensions ['colcon_meta']
[0.344s] Level 1:colcon.colcon_core.package_identification:_identify(src/myfirstpackage) by extension 'colcon_meta'
[0.344s] Level 1:colcon.colcon_core.package_identification:_identify(src/myfirstpackage) by extensions ['ros']
[0.344s] Level 1:colcon.colcon_core.package_identification:_identify(src/myfirstpackage) by extension 'ros'
[0.345s] DEBUG:colcon.colcon_core.package_identification:Package 'src/myfirstpackage' with type 'ros.ament_python' and name 'myfirstpackage'
[0.345s] Level 1:colcon.colcon_core.package_identification:_identify(src/pubsub) by extensions ['ignore', 'ignore_ament_install']
[0.345s] Level 1:colcon.colcon_core.package_identification:_identify(src/pubsub) by extension 'ignore'
[0.345s] Level 1:colcon.colcon_core.package_identification:_identify(src/pubsub) by extension 'ignore_ament_install'
[0.345s] Level 1:colcon.colcon_core.package_identification:_identify(src/pubsub) by extensions ['colcon_pkg']
[0.345s] Level 1:colcon.colcon_core.package_identification:_identify(src/pubsub) by extension 'colcon_pkg'
[0.345s] Level 1:colcon.colcon_core.package_identification:_identify(src/pubsub) by extensions ['colcon_meta']
[0.345s] Level 1:colcon.colcon_core.package_identification:_identify(src/pubsub) by extension 'colcon_meta'
[0.345s] Level 1:colcon.colcon_core.package_identification:_identify(src/pubsub) by extensions ['ros']
[0.345s] Level 1:colcon.colcon_core.package_identification:_identify(src/pubsub) by extension 'ros'
[0.346s] DEBUG:colcon.colcon_core.package_identification:Package 'src/pubsub' with type 'ros.ament_python' and name 'pubsub'
[0.346s] Level 1:colcon.colcon_core.package_identification:_identify(src/ros_tutorials) by extensions ['ignore', 'ignore_ament_install']
[0.346s] Level 1:colcon.colcon_core.package_identification:_identify(src/ros_tutorials) by extension 'ignore'
[0.346s] Level 1:colcon.colcon_core.package_identification:_identify(src/ros_tutorials) by extension 'ignore_ament_install'
[0.346s] Level 1:colcon.colcon_core.package_identification:_identify(src/ros_tutorials) by extensions ['colcon_pkg']
[0.346s] Level 1:colcon.colcon_core.package_identification:_identify(src/ros_tutorials) by extension 'colcon_pkg'
[0.346s] Level 1:colcon.colcon_core.package_identification:_identify(src/ros_tutorials) by extensions ['colcon_meta']
[0.346s] Level 1:colcon.colcon_core.package_identification:_identify(src/ros_tutorials) by extension 'colcon_meta'
[0.346s] Level 1:colcon.colcon_core.package_identification:_identify(src/ros_tutorials) by extensions ['ros']
[0.346s] Level 1:colcon.colcon_core.package_identification:_identify(src/ros_tutorials) by extension 'ros'
[0.346s] Level 1:colcon.colcon_core.package_identification:_identify(src/ros_tutorials) by extensions ['cmake', 'python']
[0.347s] Level 1:colcon.colcon_core.package_identification:_identify(src/ros_tutorials) by extension 'cmake'
[0.347s] Level 1:colcon.colcon_core.package_identification:_identify(src/ros_tutorials) by extension 'python'
[0.347s] Level 1:colcon.colcon_core.package_identification:_identify(src/ros_tutorials) by extensions ['python_setup_py']
[0.347s] Level 1:colcon.colcon_core.package_identification:_identify(src/ros_tutorials) by extension 'python_setup_py'
[0.347s] Level 1:colcon.colcon_core.package_identification:_identify(src/ros_tutorials/ros_tutorials) by extensions ['ignore', 'ignore_ament_install']
[0.347s] Level 1:colcon.colcon_core.package_identification:_identify(src/ros_tutorials/ros_tutorials) by extension 'ignore'
[0.347s] Level 1:colcon.colcon_core.package_identification:_identify(src/ros_tutorials/ros_tutorials) ignored
[0.347s] Level 1:colcon.colcon_core.package_identification:_identify(src/ros_tutorials/roscpp_tutorials) by extensions ['ignore', 'ignore_ament_install']
[0.347s] Level 1:colcon.colcon_core.package_identification:_identify(src/ros_tutorials/roscpp_tutorials) by extension 'ignore'
[0.347s] Level 1:colcon.colcon_core.package_identification:_identify(src/ros_tutorials/roscpp_tutorials) ignored
[0.347s] Level 1:colcon.colcon_core.package_identification:_identify(src/ros_tutorials/rospy_tutorials) by extensions ['ignore', 'ignore_ament_install']
[0.347s] Level 1:colcon.colcon_core.package_identification:_identify(src/ros_tutorials/rospy_tutorials) by extension 'ignore'
[0.348s] Level 1:colcon.colcon_core.package_identification:_identify(src/ros_tutorials/rospy_tutorials) ignored
[0.348s] Level 1:colcon.colcon_core.package_identification:_identify(src/ros_tutorials/turtlesim) by extensions ['ignore', 'ignore_ament_install']
[0.348s] Level 1:colcon.colcon_core.package_identification:_identify(src/ros_tutorials/turtlesim) by extension 'ignore'
[0.348s] Level 1:colcon.colcon_core.package_identification:_identify(src/ros_tutorials/turtlesim) by extension 'ignore_ament_install'
[0.348s] Level 1:colcon.colcon_core.package_identification:_identify(src/ros_tutorials/turtlesim) by extensions ['colcon_pkg']
[0.348s] Level 1:colcon.colcon_core.package_identification:_identify(src/ros_tutorials/turtlesim) by extension 'colcon_pkg'
[0.348s] Level 1:colcon.colcon_core.package_identification:_identify(src/ros_tutorials/turtlesim) by extensions ['colcon_meta']
[0.348s] Level 1:colcon.colcon_core.package_identification:_identify(src/ros_tutorials/turtlesim) by extension 'colcon_meta'
[0.348s] Level 1:colcon.colcon_core.package_identification:_identify(src/ros_tutorials/turtlesim) by extensions ['ros']
[0.348s] Level 1:colcon.colcon_core.package_identification:_identify(src/ros_tutorials/turtlesim) by extension 'ros'
[0.349s] DEBUG:colcon.colcon_core.package_identification:Package 'src/ros_tutorials/turtlesim' with type 'ros.ament_cmake' and name 'turtlesim'
[0.350s] Level 1:colcon.colcon_core.package_identification:_identify(src/rqt_joy) by extensions ['ignore', 'ignore_ament_install']
[0.350s] Level 1:colcon.colcon_core.package_identification:_identify(src/rqt_joy) by extension 'ignore'
[0.350s] Level 1:colcon.colcon_core.package_identification:_identify(src/rqt_joy) by extension 'ignore_ament_install'
[0.350s] Level 1:colcon.colcon_core.package_identification:_identify(src/rqt_joy) by extensions ['colcon_pkg']
[0.350s] Level 1:colcon.colcon_core.package_identification:_identify(src/rqt_joy) by extension 'colcon_pkg'
[0.350s] Level 1:colcon.colcon_core.package_identification:_identify(src/rqt_joy) by extensions ['colcon_meta']
[0.350s] Level 1:colcon.colcon_core.package_identification:_identify(src/rqt_joy) by extension 'colcon_meta'
[0.350s] Level 1:colcon.colcon_core.package_identification:_identify(src/rqt_joy) by extensions ['ros']
[0.350s] Level 1:colcon.colcon_core.package_identification:_identify(src/rqt_joy) by extension 'ros'
[0.351s] DEBUG:colcon.colcon_core.package_identification:Package 'src/rqt_joy' with type 'ros.ament_python' and name 'rqt_joy'
[0.351s] Level 1:colcon.colcon_core.package_identification:_identify(src/srv_examples) by extensions ['ignore', 'ignore_ament_install']
[0.351s] Level 1:colcon.colcon_core.package_identification:_identify(src/srv_examples) by extension 'ignore'
[0.351s] Level 1:colcon.colcon_core.package_identification:_identify(src/srv_examples) by extension 'ignore_ament_install'
[0.351s] Level 1:colcon.colcon_core.package_identification:_identify(src/srv_examples) by extensions ['colcon_pkg']
[0.351s] Level 1:colcon.colcon_core.package_identification:_identify(src/srv_examples) by extension 'colcon_pkg'
[0.351s] Level 1:colcon.colcon_core.package_identification:_identify(src/srv_examples) by extensions ['colcon_meta']
[0.351s] Level 1:colcon.colcon_core.package_identification:_identify(src/srv_examples) by extension 'colcon_meta'
[0.351s] Level 1:colcon.colcon_core.package_identification:_identify(src/srv_examples) by extensions ['ros']
[0.351s] Level 1:colcon.colcon_core.package_identification:_identify(src/srv_examples) by extension 'ros'
[0.352s] DEBUG:colcon.colcon_core.package_identification:Package 'src/srv_examples' with type 'ros.ament_python' and name 'srv_examples'
[0.352s] Level 1:colcon.colcon_core.package_identification:_identify(src/tb3_teleop) by extensions ['ignore', 'ignore_ament_install']
[0.353s] Level 1:colcon.colcon_core.package_identification:_identify(src/tb3_teleop) by extension 'ignore'
[0.353s] Level 1:colcon.colcon_core.package_identification:_identify(src/tb3_teleop) by extension 'ignore_ament_install'
[0.353s] Level 1:colcon.colcon_core.package_identification:_identify(src/tb3_teleop) by extensions ['colcon_pkg']
[0.353s] Level 1:colcon.colcon_core.package_identification:_identify(src/tb3_teleop) by extension 'colcon_pkg'
[0.353s] Level 1:colcon.colcon_core.package_identification:_identify(src/tb3_teleop) by extensions ['colcon_meta']
[0.353s] Level 1:colcon.colcon_core.package_identification:_identify(src/tb3_teleop) by extension 'colcon_meta'
[0.353s] Level 1:colcon.colcon_core.package_identification:_identify(src/tb3_teleop) by extensions ['ros']
[0.353s] Level 1:colcon.colcon_core.package_identification:_identify(src/tb3_teleop) by extension 'ros'
[0.354s] DEBUG:colcon.colcon_core.package_identification:Package 'src/tb3_teleop' with type 'ros.ament_python' and name 'tb3_teleop'
[0.354s] Level 1:colcon.colcon_core.package_discovery:discover_packages(recursive) using defaults
[0.354s] Level 1:colcon.colcon_core.package_discovery:discover_packages(ignore) discover
[0.354s] Level 1:colcon.colcon_core.package_discovery:discover_packages(ignore) using defaults
[0.354s] Level 1:colcon.colcon_core.package_discovery:discover_packages(path) discover
[0.354s] Level 1:colcon.colcon_core.package_discovery:discover_packages(path) using defaults
[0.375s] Level 5:colcon.colcon_core.verb:set package 'hello_world' build argument 'cmake_args' from command line to 'None'
[0.375s] Level 5:colcon.colcon_core.verb:set package 'hello_world' build argument 'cmake_target' from command line to 'None'
[0.375s] Level 5:colcon.colcon_core.verb:set package 'hello_world' build argument 'cmake_target_skip_unavailable' from command line to 'False'
[0.375s] Level 5:colcon.colcon_core.verb:set package 'hello_world' build argument 'cmake_clean_cache' from command line to 'False'
[0.375s] Level 5:colcon.colcon_core.verb:set package 'hello_world' build argument 'cmake_clean_first' from command line to 'False'
[0.375s] Level 5:colcon.colcon_core.verb:set package 'hello_world' build argument 'cmake_force_configure' from command line to 'False'
[0.375s] Level 5:colcon.colcon_core.verb:set package 'hello_world' build argument 'ament_cmake_args' from command line to 'None'
[0.375s] Level 5:colcon.colcon_core.verb:set package 'hello_world' build argument 'catkin_cmake_args' from command line to 'None'
[0.375s] Level 5:colcon.colcon_core.verb:set package 'hello_world' build argument 'catkin_skip_building_tests' from command line to 'False'
[0.375s] DEBUG:colcon.colcon_core.verb:Building package 'hello_world' with the following arguments: {'ament_cmake_args': None, 'build_base': '/home/ubuntu/robot_ws/build/hello_world', 'catkin_cmake_args': None, 'catkin_skip_building_tests': False, 'cmake_args': None, 'cmake_clean_cache': False, 'cmake_clean_first': False, 'cmake_force_configure': False, 'cmake_target': None, 'cmake_target_skip_unavailable': False, 'install_base': '/home/ubuntu/robot_ws/install/hello_world', 'merge_install': False, 'path': '/home/ubuntu/robot_ws/src/hello_world', 'symlink_install': False, 'test_result_base': None}
[0.378s] Level 5:colcon.colcon_core.verb:set package 'myfirstpackage' build argument 'cmake_args' from command line to 'None'
[0.378s] Level 5:colcon.colcon_core.verb:set package 'myfirstpackage' build argument 'cmake_target' from command line to 'None'
[0.378s] Level 5:colcon.colcon_core.verb:set package 'myfirstpackage' build argument 'cmake_target_skip_unavailable' from command line to 'False'
[0.378s] Level 5:colcon.colcon_core.verb:set package 'myfirstpackage' build argument 'cmake_clean_cache' from command line to 'False'
[0.378s] Level 5:colcon.colcon_core.verb:set package 'myfirstpackage' build argument 'cmake_clean_first' from command line to 'False'
[0.378s] Level 5:colcon.colcon_core.verb:set package 'myfirstpackage' build argument 'cmake_force_configure' from command line to 'False'
[0.378s] Level 5:colcon.colcon_core.verb:set package 'myfirstpackage' build argument 'ament_cmake_args' from command line to 'None'
[0.379s] Level 5:colcon.colcon_core.verb:set package 'myfirstpackage' build argument 'catkin_cmake_args' from command line to 'None'
[0.379s] Level 5:colcon.colcon_core.verb:set package 'myfirstpackage' build argument 'catkin_skip_building_tests' from command line to 'False'
[0.379s] DEBUG:colcon.colcon_core.verb:Building package 'myfirstpackage' with the following arguments: {'ament_cmake_args': None, 'build_base': '/home/ubuntu/robot_ws/build/myfirstpackage', 'catkin_cmake_args': None, 'catkin_skip_building_tests': False, 'cmake_args': None, 'cmake_clean_cache': False, 'cmake_clean_first': False, 'cmake_force_configure': False, 'cmake_target': None, 'cmake_target_skip_unavailable': False, 'install_base': '/home/ubuntu/robot_ws/install/myfirstpackage', 'merge_install': False, 'path': '/home/ubuntu/robot_ws/src/myfirstpackage', 'symlink_install': False, 'test_result_base': None}
[0.381s] Level 5:colcon.colcon_core.verb:set package 'pubsub' build argument 'cmake_args' from command line to 'None'
[0.381s] Level 5:colcon.colcon_core.verb:set package 'pubsub' build argument 'cmake_target' from command line to 'None'
[0.382s] Level 5:colcon.colcon_core.verb:set package 'pubsub' build argument 'cmake_target_skip_unavailable' from command line to 'False'
[0.382s] Level 5:colcon.colcon_core.verb:set package 'pubsub' build argument 'cmake_clean_cache' from command line to 'False'
[0.382s] Level 5:colcon.colcon_core.verb:set package 'pubsub' build argument 'cmake_clean_first' from command line to 'False'
[0.382s] Level 5:colcon.colcon_core.verb:set package 'pubsub' build argument 'cmake_force_configure' from command line to 'False'
[0.382s] Level 5:colcon.colcon_core.verb:set package 'pubsub' build argument 'ament_cmake_args' from command line to 'None'
[0.382s] Level 5:colcon.colcon_core.verb:set package 'pubsub' build argument 'catkin_cmake_args' from command line to 'None'
[0.382s] Level 5:colcon.colcon_core.verb:set package 'pubsub' build argument 'catkin_skip_building_tests' from command line to 'False'
[0.382s] DEBUG:colcon.colcon_core.verb:Building package 'pubsub' with the following arguments: {'ament_cmake_args': None, 'build_base': '/home/ubuntu/robot_ws/build/pubsub', 'catkin_cmake_args': None, 'catkin_skip_building_tests': False, 'cmake_args': None, 'cmake_clean_cache': False, 'cmake_clean_first': False, 'cmake_force_configure': False, 'cmake_target': None, 'cmake_target_skip_unavailable': False, 'install_base': '/home/ubuntu/robot_ws/install/pubsub', 'merge_install': False, 'path': '/home/ubuntu/robot_ws/src/pubsub', 'symlink_install': False, 'test_result_base': None}
[0.385s] Level 5:colcon.colcon_core.verb:set package 'rqt_joy' build argument 'cmake_args' from command line to 'None'
[0.385s] Level 5:colcon.colcon_core.verb:set package 'rqt_joy' build argument 'cmake_target' from command line to 'None'
[0.385s] Level 5:colcon.colcon_core.verb:set package 'rqt_joy' build argument 'cmake_target_skip_unavailable' from command line to 'False'
[0.385s] Level 5:colcon.colcon_core.verb:set package 'rqt_joy' build argument 'cmake_clean_cache' from command line to 'False'
[0.385s] Level 5:colcon.colcon_core.verb:set package 'rqt_joy' build argument 'cmake_clean_first' from command line to 'False'
[0.385s] Level 5:colcon.colcon_core.verb:set package 'rqt_joy' build argument 'cmake_force_configure' from command line to 'False'
[0.385s] Level 5:colcon.colcon_core.verb:set package 'rqt_joy' build argument 'ament_cmake_args' from command line to 'None'
[0.385s] Level 5:colcon.colcon_core.verb:set package 'rqt_joy' build argument 'catkin_cmake_args' from command line to 'None'
[0.385s] Level 5:colcon.colcon_core.verb:set package 'rqt_joy' build argument 'catkin_skip_building_tests' from command line to 'False'
[0.385s] DEBUG:colcon.colcon_core.verb:Building package 'rqt_joy' with the following arguments: {'ament_cmake_args': None, 'build_base': '/home/ubuntu/robot_ws/build/rqt_joy', 'catkin_cmake_args': None, 'catkin_skip_building_tests': False, 'cmake_args': None, 'cmake_clean_cache': False, 'cmake_clean_first': False, 'cmake_force_configure': False, 'cmake_target': None, 'cmake_target_skip_unavailable': False, 'install_base': '/home/ubuntu/robot_ws/install/rqt_joy', 'merge_install': False, 'path': '/home/ubuntu/robot_ws/src/rqt_joy', 'symlink_install': False, 'test_result_base': None}
[0.388s] Level 5:colcon.colcon_core.verb:set package 'srv_examples' build argument 'cmake_args' from command line to 'None'
[0.388s] Level 5:colcon.colcon_core.verb:set package 'srv_examples' build argument 'cmake_target' from command line to 'None'
[0.388s] Level 5:colcon.colcon_core.verb:set package 'srv_examples' build argument 'cmake_target_skip_unavailable' from command line to 'False'
[0.388s] Level 5:colcon.colcon_core.verb:set package 'srv_examples' build argument 'cmake_clean_cache' from command line to 'False'
[0.388s] Level 5:colcon.colcon_core.verb:set package 'srv_examples' build argument 'cmake_clean_first' from command line to 'False'
[0.388s] Level 5:colcon.colcon_core.verb:set package 'srv_examples' build argument 'cmake_force_configure' from command line to 'False'
[0.388s] Level 5:colcon.colcon_core.verb:set package 'srv_examples' build argument 'ament_cmake_args' from command line to 'None'
[0.388s] Level 5:colcon.colcon_core.verb:set package 'srv_examples' build argument 'catkin_cmake_args' from command line to 'None'
[0.388s] Level 5:colcon.colcon_core.verb:set package 'srv_examples' build argument 'catkin_skip_building_tests' from command line to 'False'
[0.388s] DEBUG:colcon.colcon_core.verb:Building package 'srv_examples' with the following arguments: {'ament_cmake_args': None, 'build_base': '/home/ubuntu/robot_ws/build/srv_examples', 'catkin_cmake_args': None, 'catkin_skip_building_tests': False, 'cmake_args': None, 'cmake_clean_cache': False, 'cmake_clean_first': False, 'cmake_force_configure': False, 'cmake_target': None, 'cmake_target_skip_unavailable': False, 'install_base': '/home/ubuntu/robot_ws/install/srv_examples', 'merge_install': False, 'path': '/home/ubuntu/robot_ws/src/srv_examples', 'symlink_install': False, 'test_result_base': None}
[0.391s] Level 5:colcon.colcon_core.verb:set package 'tb3_teleop' build argument 'cmake_args' from command line to 'None'
[0.391s] Level 5:colcon.colcon_core.verb:set package 'tb3_teleop' build argument 'cmake_target' from command line to 'None'
[0.391s] Level 5:colcon.colcon_core.verb:set package 'tb3_teleop' build argument 'cmake_target_skip_unavailable' from command line to 'False'
[0.391s] Level 5:colcon.colcon_core.verb:set package 'tb3_teleop' build argument 'cmake_clean_cache' from command line to 'False'
[0.391s] Level 5:colcon.colcon_core.verb:set package 'tb3_teleop' build argument 'cmake_clean_first' from command line to 'False'
[0.391s] Level 5:colcon.colcon_core.verb:set package 'tb3_teleop' build argument 'cmake_force_configure' from command line to 'False'
[0.391s] Level 5:colcon.colcon_core.verb:set package 'tb3_teleop' build argument 'ament_cmake_args' from command line to 'None'
[0.391s] Level 5:colcon.colcon_core.verb:set package 'tb3_teleop' build argument 'catkin_cmake_args' from command line to 'None'
[0.391s] Level 5:colcon.colcon_core.verb:set package 'tb3_teleop' build argument 'catkin_skip_building_tests' from command line to 'False'
[0.391s] DEBUG:colcon.colcon_core.verb:Building package 'tb3_teleop' with the following arguments: {'ament_cmake_args': None, 'build_base': '/home/ubuntu/robot_ws/build/tb3_teleop', 'catkin_cmake_args': None, 'catkin_skip_building_tests': False, 'cmake_args': None, 'cmake_clean_cache': False, 'cmake_clean_first': False, 'cmake_force_configure': False, 'cmake_target': None, 'cmake_target_skip_unavailable': False, 'install_base': '/home/ubuntu/robot_ws/install/tb3_teleop', 'merge_install': False, 'path': '/home/ubuntu/robot_ws/src/tb3_teleop', 'symlink_install': False, 'test_result_base': None}
[0.394s] Level 5:colcon.colcon_core.verb:set package 'turtlesim' build argument 'cmake_args' from command line to 'None'
[0.394s] Level 5:colcon.colcon_core.verb:set package 'turtlesim' build argument 'cmake_target' from command line to 'None'
[0.394s] Level 5:colcon.colcon_core.verb:set package 'turtlesim' build argument 'cmake_target_skip_unavailable' from command line to 'False'
[0.394s] Level 5:colcon.colcon_core.verb:set package 'turtlesim' build argument 'cmake_clean_cache' from command line to 'False'
[0.394s] Level 5:colcon.colcon_core.verb:set package 'turtlesim' build argument 'cmake_clean_first' from command line to 'False'
[0.394s] Level 5:colcon.colcon_core.verb:set package 'turtlesim' build argument 'cmake_force_configure' from command line to 'False'
[0.394s] Level 5:colcon.colcon_core.verb:set package 'turtlesim' build argument 'ament_cmake_args' from command line to 'None'
[0.394s] Level 5:colcon.colcon_core.verb:set package 'turtlesim' build argument 'catkin_cmake_args' from command line to 'None'
[0.394s] Level 5:colcon.colcon_core.verb:set package 'turtlesim' build argument 'catkin_skip_building_tests' from command line to 'False'
[0.395s] DEBUG:colcon.colcon_core.verb:Building package 'turtlesim' with the following arguments: {'ament_cmake_args': None, 'build_base': '/home/ubuntu/robot_ws/build/turtlesim', 'catkin_cmake_args': None, 'catkin_skip_building_tests': False, 'cmake_args': None, 'cmake_clean_cache': False, 'cmake_clean_first': False, 'cmake_force_configure': False, 'cmake_target': None, 'cmake_target_skip_unavailable': False, 'install_base': '/home/ubuntu/robot_ws/install/turtlesim', 'merge_install': False, 'path': '/home/ubuntu/robot_ws/src/ros_tutorials/turtlesim', 'symlink_install': False, 'test_result_base': None}
[0.395s] INFO:colcon.colcon_core.executor:Executing jobs using 'parallel' executor
[0.397s] DEBUG:colcon.colcon_parallel_executor.executor.parallel:run_until_complete
[0.397s] INFO:colcon.colcon_ros.task.ament_python.build:Building ROS package in '/home/ubuntu/robot_ws/src/hello_world' with build type 'ament_python'
[0.397s] Level 1:colcon.colcon_core.shell:create_environment_hook('hello_world', 'ament_prefix_path')
[0.402s] INFO:colcon.colcon_core.plugin_system:Skipping extension 'colcon_core.shell.bat': Not used on non-Windows systems
[0.403s] INFO:colcon.colcon_core.shell:Creating environment hook '/home/ubuntu/robot_ws/install/hello_world/share/hello_world/hook/ament_prefix_path.ps1'
[0.403s] INFO:colcon.colcon_core.shell:Creating environment descriptor '/home/ubuntu/robot_ws/install/hello_world/share/hello_world/hook/ament_prefix_path.dsv'
[0.404s] INFO:colcon.colcon_core.shell:Creating environment hook '/home/ubuntu/robot_ws/install/hello_world/share/hello_world/hook/ament_prefix_path.sh'
[0.405s] INFO:colcon.colcon_core.shell:Skip shell extension 'powershell' for command environment: Not usable outside of PowerShell
[0.405s] DEBUG:colcon.colcon_core.shell:Skip shell extension 'dsv' for command environment
[0.408s] DEBUG:colcon.colcon_core.shell:Ignoring prefix path '/opt/ros/foxy'
[0.410s] INFO:colcon.colcon_ros.task.ament_python.build:Building ROS package in '/home/ubuntu/robot_ws/src/myfirstpackage' with build type 'ament_python'
[0.411s] Level 1:colcon.colcon_core.shell:create_environment_hook('myfirstpackage', 'ament_prefix_path')
[0.412s] INFO:colcon.colcon_core.shell:Creating environment hook '/home/ubuntu/robot_ws/install/myfirstpackage/share/myfirstpackage/hook/ament_prefix_path.ps1'
[0.413s] INFO:colcon.colcon_core.shell:Creating environment descriptor '/home/ubuntu/robot_ws/install/myfirstpackage/share/myfirstpackage/hook/ament_prefix_path.dsv'
[0.413s] INFO:colcon.colcon_core.shell:Creating environment hook '/home/ubuntu/robot_ws/install/myfirstpackage/share/myfirstpackage/hook/ament_prefix_path.sh'
[0.414s] INFO:colcon.colcon_core.shell:Skip shell extension 'powershell' for command environment: Not usable outside of PowerShell
[0.414s] DEBUG:colcon.colcon_core.shell:Skip shell extension 'dsv' for command environment
[0.417s] DEBUG:colcon.colcon_core.shell:Ignoring prefix path '/opt/ros/foxy'
[0.419s] INFO:colcon.colcon_ros.task.ament_python.build:Building ROS package in '/home/ubuntu/robot_ws/src/pubsub' with build type 'ament_python'
[0.419s] Level 1:colcon.colcon_core.shell:create_environment_hook('pubsub', 'ament_prefix_path')
[0.420s] INFO:colcon.colcon_core.shell:Creating environment hook '/home/ubuntu/robot_ws/install/pubsub/share/pubsub/hook/ament_prefix_path.ps1'
[0.421s] INFO:colcon.colcon_core.shell:Creating environment descriptor '/home/ubuntu/robot_ws/install/pubsub/share/pubsub/hook/ament_prefix_path.dsv'
[0.422s] INFO:colcon.colcon_core.shell:Creating environment hook '/home/ubuntu/robot_ws/install/pubsub/share/pubsub/hook/ament_prefix_path.sh'
[0.423s] INFO:colcon.colcon_core.shell:Skip shell extension 'powershell' for command environment: Not usable outside of PowerShell
[0.423s] DEBUG:colcon.colcon_core.shell:Skip shell extension 'dsv' for command environment
[0.425s] DEBUG:colcon.colcon_core.shell:Ignoring prefix path '/opt/ros/foxy'
[0.428s] INFO:colcon.colcon_ros.task.ament_python.build:Building ROS package in '/home/ubuntu/robot_ws/src/rqt_joy' with build type 'ament_python'
[0.428s] Level 1:colcon.colcon_core.shell:create_environment_hook('rqt_joy', 'ament_prefix_path')
[0.429s] INFO:colcon.colcon_core.shell:Creating environment hook '/home/ubuntu/robot_ws/install/rqt_joy/share/rqt_joy/hook/ament_prefix_path.ps1'
[0.430s] INFO:colcon.colcon_core.shell:Creating environment descriptor '/home/ubuntu/robot_ws/install/rqt_joy/share/rqt_joy/hook/ament_prefix_path.dsv'
[0.431s] INFO:colcon.colcon_core.shell:Creating environment hook '/home/ubuntu/robot_ws/install/rqt_joy/share/rqt_joy/hook/ament_prefix_path.sh'
[0.432s] INFO:colcon.colcon_core.shell:Skip shell extension 'powershell' for command environment: Not usable outside of PowerShell
[0.432s] DEBUG:colcon.colcon_core.shell:Skip shell extension 'dsv' for command environment
[0.434s] DEBUG:colcon.colcon_core.shell:Ignoring prefix path '/opt/ros/foxy'
[0.436s] INFO:colcon.colcon_ros.task.ament_python.build:Building ROS package in '/home/ubuntu/robot_ws/src/srv_examples' with build type 'ament_python'
[0.436s] Level 1:colcon.colcon_core.shell:create_environment_hook('srv_examples', 'ament_prefix_path')
[0.437s] INFO:colcon.colcon_core.shell:Creating environment hook '/home/ubuntu/robot_ws/install/srv_examples/share/srv_examples/hook/ament_prefix_path.ps1'
[0.438s] INFO:colcon.colcon_core.shell:Creating environment descriptor '/home/ubuntu/robot_ws/install/srv_examples/share/srv_examples/hook/ament_prefix_path.dsv'
[0.438s] INFO:colcon.colcon_core.shell:Creating environment hook '/home/ubuntu/robot_ws/install/srv_examples/share/srv_examples/hook/ament_prefix_path.sh'
[0.439s] INFO:colcon.colcon_core.shell:Skip shell extension 'powershell' for command environment: Not usable outside of PowerShell
[0.440s] DEBUG:colcon.colcon_core.shell:Skip shell extension 'dsv' for command environment
[0.442s] DEBUG:colcon.colcon_core.shell:Ignoring prefix path '/opt/ros/foxy'
[0.444s] INFO:colcon.colcon_ros.task.ament_python.build:Building ROS package in '/home/ubuntu/robot_ws/src/tb3_teleop' with build type 'ament_python'
[0.444s] Level 1:colcon.colcon_core.shell:create_environment_hook('tb3_teleop', 'ament_prefix_path')
[0.445s] INFO:colcon.colcon_core.shell:Creating environment hook '/home/ubuntu/robot_ws/install/tb3_teleop/share/tb3_teleop/hook/ament_prefix_path.ps1'
[0.446s] INFO:colcon.colcon_core.shell:Creating environment descriptor '/home/ubuntu/robot_ws/install/tb3_teleop/share/tb3_teleop/hook/ament_prefix_path.dsv'
[0.446s] INFO:colcon.colcon_core.shell:Creating environment hook '/home/ubuntu/robot_ws/install/tb3_teleop/share/tb3_teleop/hook/ament_prefix_path.sh'
[0.447s] INFO:colcon.colcon_core.shell:Skip shell extension 'powershell' for command environment: Not usable outside of PowerShell
[0.447s] DEBUG:colcon.colcon_core.shell:Skip shell extension 'dsv' for command environment
[0.449s] DEBUG:colcon.colcon_core.shell:Ignoring prefix path '/opt/ros/foxy'
[0.451s] INFO:colcon.colcon_ros.task.ament_cmake.build:Building ROS package in '/home/ubuntu/robot_ws/src/ros_tutorials/turtlesim' with build type 'ament_cmake'
[0.452s] INFO:colcon.colcon_cmake.task.cmake.build:Building CMake package in '/home/ubuntu/robot_ws/src/ros_tutorials/turtlesim'
[0.452s] INFO:colcon.colcon_core.shell:Skip shell extension 'powershell' for command environment: Not usable outside of PowerShell
[0.453s] DEBUG:colcon.colcon_core.shell:Skip shell extension 'dsv' for command environment
[0.455s] DEBUG:colcon.colcon_core.shell:Ignoring prefix path '/opt/ros/foxy'
[0.702s] INFO:colcon.colcon_core.task.python.build:Building Python package in '/home/ubuntu/robot_ws/src/hello_world'
[0.703s] INFO:colcon.colcon_core.shell:Skip shell extension 'powershell' for command environment: Not usable outside of PowerShell
[0.703s] DEBUG:colcon.colcon_core.shell:Skip shell extension 'dsv' for command environment
[0.705s] DEBUG:colcon.colcon_core.shell:Ignoring prefix path '/opt/ros/foxy'
[0.942s] INFO:colcon.colcon_core.task.python.build:Building Python package in '/home/ubuntu/robot_ws/src/myfirstpackage'
[0.943s] INFO:colcon.colcon_core.shell:Skip shell extension 'powershell' for command environment: Not usable outside of PowerShell
[0.943s] DEBUG:colcon.colcon_core.shell:Skip shell extension 'dsv' for command environment
[0.945s] DEBUG:colcon.colcon_core.shell:Ignoring prefix path '/opt/ros/foxy'
[1.181s] INFO:colcon.colcon_core.task.python.build:Building Python package in '/home/ubuntu/robot_ws/src/pubsub'
[1.182s] INFO:colcon.colcon_core.shell:Skip shell extension 'powershell' for command environment: Not usable outside of PowerShell
[1.182s] DEBUG:colcon.colcon_core.shell:Skip shell extension 'dsv' for command environment
[1.185s] DEBUG:colcon.colcon_core.shell:Ignoring prefix path '/opt/ros/foxy'
[1.419s] INFO:colcon.colcon_core.task.python.build:Building Python package in '/home/ubuntu/robot_ws/src/rqt_joy'
[1.420s] INFO:colcon.colcon_core.shell:Skip shell extension 'powershell' for command environment: Not usable outside of PowerShell
[1.420s] DEBUG:colcon.colcon_core.shell:Skip shell extension 'dsv' for command environment
[1.422s] DEBUG:colcon.colcon_core.shell:Ignoring prefix path '/opt/ros/foxy'
[1.656s] INFO:colcon.colcon_core.task.python.build:Building Python package in '/home/ubuntu/robot_ws/src/srv_examples'
[1.657s] INFO:colcon.colcon_core.shell:Skip shell extension 'powershell' for command environment: Not usable outside of PowerShell
[1.657s] DEBUG:colcon.colcon_core.shell:Skip shell extension 'dsv' for command environment
[1.659s] DEBUG:colcon.colcon_core.shell:Ignoring prefix path '/opt/ros/foxy'
[1.895s] INFO:colcon.colcon_core.task.python.build:Building Python package in '/home/ubuntu/robot_ws/src/tb3_teleop'
[1.896s] INFO:colcon.colcon_core.shell:Skip shell extension 'powershell' for command environment: Not usable outside of PowerShell
[1.896s] DEBUG:colcon.colcon_core.shell:Skip shell extension 'dsv' for command environment
[1.899s] DEBUG:colcon.colcon_core.shell:Ignoring prefix path '/opt/ros/foxy'
[1.910s] DEBUG:colcon.colcon_core.event_handler.log_command:Invoking command in '/home/ubuntu/robot_ws/build/turtlesim': CMAKE_PREFIX_PATH=${CMAKE_PREFIX_PATH}:/home/ubuntu/robot_ws/install/tb3_teleop:/home/ubuntu/robot_ws/install/srv_examples:/home/ubuntu/robot_ws/install/rqt_joy:/home/ubuntu/robot_ws/install/pubsub:/home/ubuntu/robot_ws/install/myfirstpackage:/opt/ros/foxy /usr/bin/cmake --build /home/ubuntu/robot_ws/build/turtlesim -- -j12 -l12
[1.921s] DEBUG:colcon.colcon_core.event_handler.log_command:Invoking command in '/home/ubuntu/robot_ws/src/hello_world': PYTHONPATH=/home/ubuntu/robot_ws/install/hello_world/lib/python3.8/site-packages:${PYTHONPATH} /usr/bin/python3 setup.py egg_info --egg-base ../../build/hello_world build --build-base /home/ubuntu/robot_ws/build/hello_world/build install --prefix /home/ubuntu/robot_ws/install/hello_world --record /home/ubuntu/robot_ws/build/hello_world/install.log --single-version-externally-managed
[1.925s] DEBUG:colcon.colcon_core.event_handler.log_command:Invoking command in '/home/ubuntu/robot_ws/src/myfirstpackage': PYTHONPATH=/home/ubuntu/robot_ws/install/myfirstpackage/lib/python3.8/site-packages:${PYTHONPATH} /usr/bin/python3 setup.py egg_info --egg-base ../../build/myfirstpackage build --build-base /home/ubuntu/robot_ws/build/myfirstpackage/build install --prefix /home/ubuntu/robot_ws/install/myfirstpackage --record /home/ubuntu/robot_ws/build/myfirstpackage/install.log --single-version-externally-managed
[1.926s] DEBUG:colcon.colcon_core.event_handler.log_command:Invoking command in '/home/ubuntu/robot_ws/src/pubsub': PYTHONPATH=/home/ubuntu/robot_ws/install/pubsub/lib/python3.8/site-packages:${PYTHONPATH} /usr/bin/python3 setup.py egg_info --egg-base ../../build/pubsub build --build-base /home/ubuntu/robot_ws/build/pubsub/build install --prefix /home/ubuntu/robot_ws/install/pubsub --record /home/ubuntu/robot_ws/build/pubsub/install.log --single-version-externally-managed
[1.936s] DEBUG:colcon.colcon_core.event_handler.log_command:Invoking command in '/home/ubuntu/robot_ws/src/rqt_joy': PYTHONPATH=/home/ubuntu/robot_ws/install/rqt_joy/lib/python3.8/site-packages:${PYTHONPATH} /usr/bin/python3 setup.py egg_info --egg-base ../../build/rqt_joy build --build-base /home/ubuntu/robot_ws/build/rqt_joy/build install --prefix /home/ubuntu/robot_ws/install/rqt_joy --record /home/ubuntu/robot_ws/build/rqt_joy/install.log --single-version-externally-managed
[1.939s] DEBUG:colcon.colcon_core.event_handler.log_command:Invoking command in '/home/ubuntu/robot_ws/src/srv_examples': PYTHONPATH=/home/ubuntu/robot_ws/install/srv_examples/lib/python3.8/site-packages:${PYTHONPATH} /usr/bin/python3 setup.py egg_info --egg-base ../../build/srv_examples build --build-base /home/ubuntu/robot_ws/build/srv_examples/build install --prefix /home/ubuntu/robot_ws/install/srv_examples --record /home/ubuntu/robot_ws/build/srv_examples/install.log --single-version-externally-managed
[1.946s] DEBUG:colcon.colcon_core.event_handler.log_command:Invoking command in '/home/ubuntu/robot_ws/src/tb3_teleop': PYTHONPATH=/home/ubuntu/robot_ws/install/tb3_teleop/lib/python3.8/site-packages:${PYTHONPATH} /usr/bin/python3 setup.py egg_info --egg-base ../../build/tb3_teleop build --build-base /home/ubuntu/robot_ws/build/tb3_teleop/build install --prefix /home/ubuntu/robot_ws/install/tb3_teleop --record /home/ubuntu/robot_ws/build/tb3_teleop/install.log --single-version-externally-managed
[2.264s] DEBUG:colcon.colcon_core.event_handler.log_command:Invoked command in '/home/ubuntu/robot_ws/build/turtlesim' returned '0': CMAKE_PREFIX_PATH=${CMAKE_PREFIX_PATH}:/home/ubuntu/robot_ws/install/tb3_teleop:/home/ubuntu/robot_ws/install/srv_examples:/home/ubuntu/robot_ws/install/rqt_joy:/home/ubuntu/robot_ws/install/pubsub:/home/ubuntu/robot_ws/install/myfirstpackage:/opt/ros/foxy /usr/bin/cmake --build /home/ubuntu/robot_ws/build/turtlesim -- -j12 -l12
[2.329s] DEBUG:colcon.colcon_core.event_handler.log_command:Invoked command in '/home/ubuntu/robot_ws/src/hello_world' returned '0': PYTHONPATH=/home/ubuntu/robot_ws/install/hello_world/lib/python3.8/site-packages:${PYTHONPATH} /usr/bin/python3 setup.py egg_info --egg-base ../../build/hello_world build --build-base /home/ubuntu/robot_ws/build/hello_world/build install --prefix /home/ubuntu/robot_ws/install/hello_world --record /home/ubuntu/robot_ws/build/hello_world/install.log --single-version-externally-managed
[2.348s] Level 1:colcon.colcon_core.environment:checking '/home/ubuntu/robot_ws/install/hello_world' for CMake module files
[2.350s] Level 1:colcon.colcon_core.environment:checking '/home/ubuntu/robot_ws/install/hello_world' for CMake config files
[2.352s] Level 1:colcon.colcon_core.shell:create_environment_hook('hello_world', 'cmake_prefix_path')
[2.353s] INFO:colcon.colcon_core.shell:Creating environment hook '/home/ubuntu/robot_ws/install/hello_world/share/hello_world/hook/cmake_prefix_path.ps1'
[2.354s] INFO:colcon.colcon_core.shell:Creating environment descriptor '/home/ubuntu/robot_ws/install/hello_world/share/hello_world/hook/cmake_prefix_path.dsv'
[2.355s] INFO:colcon.colcon_core.shell:Creating environment hook '/home/ubuntu/robot_ws/install/hello_world/share/hello_world/hook/cmake_prefix_path.sh'
[2.356s] Level 1:colcon.colcon_core.environment:checking '/home/ubuntu/robot_ws/install/hello_world/lib'
[2.356s] Level 1:colcon.colcon_core.environment:checking '/home/ubuntu/robot_ws/install/hello_world/bin'
[2.356s] Level 1:colcon.colcon_core.environment:checking '/home/ubuntu/robot_ws/install/hello_world/lib/pkgconfig/hello_world.pc'
[2.356s] Level 1:colcon.colcon_core.environment:checking '/home/ubuntu/robot_ws/install/hello_world/lib/python3.8/site-packages'
[2.356s] Level 1:colcon.colcon_core.shell:create_environment_hook('hello_world', 'pythonpath')
[2.357s] INFO:colcon.colcon_core.shell:Creating environment hook '/home/ubuntu/robot_ws/install/hello_world/share/hello_world/hook/pythonpath.ps1'
[2.357s] INFO:colcon.colcon_core.shell:Creating environment descriptor '/home/ubuntu/robot_ws/install/hello_world/share/hello_world/hook/pythonpath.dsv'
[2.358s] INFO:colcon.colcon_core.shell:Creating environment hook '/home/ubuntu/robot_ws/install/hello_world/share/hello_world/hook/pythonpath.sh'
[2.358s] Level 1:colcon.colcon_core.environment:create_environment_scripts_only(hello_world)
[2.360s] INFO:colcon.colcon_core.shell:Creating package script '/home/ubuntu/robot_ws/install/hello_world/share/hello_world/package.ps1'
[2.363s] INFO:colcon.colcon_core.shell:Creating package descriptor '/home/ubuntu/robot_ws/install/hello_world/share/hello_world/package.dsv'
[2.365s] INFO:colcon.colcon_core.shell:Creating package script '/home/ubuntu/robot_ws/install/hello_world/share/hello_world/package.sh'
[2.367s] INFO:colcon.colcon_core.shell:Creating package script '/home/ubuntu/robot_ws/install/hello_world/share/hello_world/package.bash'
[2.370s] INFO:colcon.colcon_core.shell:Creating package script '/home/ubuntu/robot_ws/install/hello_world/share/hello_world/package.zsh'
[2.373s] Level 1:colcon.colcon_core.environment:create_file_with_runtime_dependencies(/home/ubuntu/robot_ws/install/hello_world/share/colcon-core/packages/hello_world)
[2.379s] Level 1:colcon.colcon_core.environment:checking '/home/ubuntu/robot_ws/install/pubsub' for CMake module files
[2.380s] DEBUG:colcon.colcon_core.event_handler.log_command:Invoked command in '/home/ubuntu/robot_ws/src/pubsub' returned '0': PYTHONPATH=/home/ubuntu/robot_ws/install/pubsub/lib/python3.8/site-packages:${PYTHONPATH} /usr/bin/python3 setup.py egg_info --egg-base ../../build/pubsub build --build-base /home/ubuntu/robot_ws/build/pubsub/build install --prefix /home/ubuntu/robot_ws/install/pubsub --record /home/ubuntu/robot_ws/build/pubsub/install.log --single-version-externally-managed
[2.380s] Level 1:colcon.colcon_core.environment:checking '/home/ubuntu/robot_ws/install/pubsub' for CMake config files
[2.381s] Level 1:colcon.colcon_core.environment:checking '/home/ubuntu/robot_ws/install/pubsub/lib'
[2.381s] Level 1:colcon.colcon_core.environment:checking '/home/ubuntu/robot_ws/install/pubsub/bin'
[2.381s] Level 1:colcon.colcon_core.environment:checking '/home/ubuntu/robot_ws/install/pubsub/lib/pkgconfig/pubsub.pc'
[2.381s] Level 1:colcon.colcon_core.environment:checking '/home/ubuntu/robot_ws/install/pubsub/lib/python3.8/site-packages'
[2.381s] Level 1:colcon.colcon_core.shell:create_environment_hook('pubsub', 'pythonpath')
[2.382s] INFO:colcon.colcon_core.shell:Creating environment hook '/home/ubuntu/robot_ws/install/pubsub/share/pubsub/hook/pythonpath.ps1'
[2.384s] INFO:colcon.colcon_core.shell:Creating environment descriptor '/home/ubuntu/robot_ws/install/pubsub/share/pubsub/hook/pythonpath.dsv'
[2.385s] INFO:colcon.colcon_core.shell:Creating environment hook '/home/ubuntu/robot_ws/install/pubsub/share/pubsub/hook/pythonpath.sh'
[2.385s] Level 1:colcon.colcon_core.environment:create_environment_scripts_only(pubsub)
[2.386s] INFO:colcon.colcon_core.shell:Creating package script '/home/ubuntu/robot_ws/install/pubsub/share/pubsub/package.ps1'
[2.387s] INFO:colcon.colcon_core.shell:Creating package descriptor '/home/ubuntu/robot_ws/install/pubsub/share/pubsub/package.dsv'
[2.387s] INFO:colcon.colcon_core.shell:Creating package script '/home/ubuntu/robot_ws/install/pubsub/share/pubsub/package.sh'
[2.388s] INFO:colcon.colcon_core.shell:Creating package script '/home/ubuntu/robot_ws/install/pubsub/share/pubsub/package.bash'
[2.388s] INFO:colcon.colcon_core.shell:Creating package script '/home/ubuntu/robot_ws/install/pubsub/share/pubsub/package.zsh'
[2.388s] Level 1:colcon.colcon_core.environment:create_file_with_runtime_dependencies(/home/ubuntu/robot_ws/install/pubsub/share/colcon-core/packages/pubsub)
[2.389s] Level 1:colcon.colcon_core.environment:checking '/home/ubuntu/robot_ws/install/myfirstpackage' for CMake module files
[2.392s] DEBUG:colcon.colcon_core.event_handler.log_command:Invoked command in '/home/ubuntu/robot_ws/src/myfirstpackage' returned '0': PYTHONPATH=/home/ubuntu/robot_ws/install/myfirstpackage/lib/python3.8/site-packages:${PYTHONPATH} /usr/bin/python3 setup.py egg_info --egg-base ../../build/myfirstpackage build --build-base /home/ubuntu/robot_ws/build/myfirstpackage/build install --prefix /home/ubuntu/robot_ws/install/myfirstpackage --record /home/ubuntu/robot_ws/build/myfirstpackage/install.log --single-version-externally-managed
[2.392s] Level 1:colcon.colcon_core.environment:checking '/home/ubuntu/robot_ws/install/myfirstpackage' for CMake config files
[2.393s] Level 1:colcon.colcon_core.environment:checking '/home/ubuntu/robot_ws/install/myfirstpackage/lib'
[2.393s] Level 1:colcon.colcon_core.environment:checking '/home/ubuntu/robot_ws/install/myfirstpackage/bin'
[2.393s] Level 1:colcon.colcon_core.environment:checking '/home/ubuntu/robot_ws/install/myfirstpackage/lib/pkgconfig/myfirstpackage.pc'
[2.394s] Level 1:colcon.colcon_core.environment:checking '/home/ubuntu/robot_ws/install/myfirstpackage/lib/python3.8/site-packages'
[2.394s] Level 1:colcon.colcon_core.shell:create_environment_hook('myfirstpackage', 'pythonpath')
[2.394s] INFO:colcon.colcon_core.shell:Creating environment hook '/home/ubuntu/robot_ws/install/myfirstpackage/share/myfirstpackage/hook/pythonpath.ps1'
[2.395s] INFO:colcon.colcon_core.shell:Creating environment descriptor '/home/ubuntu/robot_ws/install/myfirstpackage/share/myfirstpackage/hook/pythonpath.dsv'
[2.395s] INFO:colcon.colcon_core.shell:Creating environment hook '/home/ubuntu/robot_ws/install/myfirstpackage/share/myfirstpackage/hook/pythonpath.sh'
[2.396s] Level 1:colcon.colcon_core.environment:create_environment_scripts_only(myfirstpackage)
[2.396s] INFO:colcon.colcon_core.shell:Creating package script '/home/ubuntu/robot_ws/install/myfirstpackage/share/myfirstpackage/package.ps1'
[2.397s] INFO:colcon.colcon_core.shell:Creating package descriptor '/home/ubuntu/robot_ws/install/myfirstpackage/share/myfirstpackage/package.dsv'
[2.398s] INFO:colcon.colcon_core.shell:Creating package script '/home/ubuntu/robot_ws/install/myfirstpackage/share/myfirstpackage/package.sh'
[2.398s] INFO:colcon.colcon_core.shell:Creating package script '/home/ubuntu/robot_ws/install/myfirstpackage/share/myfirstpackage/package.bash'
[2.398s] INFO:colcon.colcon_core.shell:Creating package script '/home/ubuntu/robot_ws/install/myfirstpackage/share/myfirstpackage/package.zsh'
[2.399s] Level 1:colcon.colcon_core.environment:create_file_with_runtime_dependencies(/home/ubuntu/robot_ws/install/myfirstpackage/share/colcon-core/packages/myfirstpackage)
[2.403s] Level 1:colcon.colcon_core.environment:checking '/home/ubuntu/robot_ws/install/srv_examples' for CMake module files
[2.405s] DEBUG:colcon.colcon_core.event_handler.log_command:Invoked command in '/home/ubuntu/robot_ws/src/srv_examples' returned '0': PYTHONPATH=/home/ubuntu/robot_ws/install/srv_examples/lib/python3.8/site-packages:${PYTHONPATH} /usr/bin/python3 setup.py egg_info --egg-base ../../build/srv_examples build --build-base /home/ubuntu/robot_ws/build/srv_examples/build install --prefix /home/ubuntu/robot_ws/install/srv_examples --record /home/ubuntu/robot_ws/build/srv_examples/install.log --single-version-externally-managed
[2.406s] Level 1:colcon.colcon_core.environment:checking '/home/ubuntu/robot_ws/install/srv_examples' for CMake config files
[2.406s] Level 1:colcon.colcon_core.environment:checking '/home/ubuntu/robot_ws/install/srv_examples/lib'
[2.407s] Level 1:colcon.colcon_core.environment:checking '/home/ubuntu/robot_ws/install/srv_examples/bin'
[2.407s] Level 1:colcon.colcon_core.environment:checking '/home/ubuntu/robot_ws/install/srv_examples/lib/pkgconfig/srv_examples.pc'
[2.407s] Level 1:colcon.colcon_core.environment:checking '/home/ubuntu/robot_ws/install/srv_examples/lib/python3.8/site-packages'
[2.407s] Level 1:colcon.colcon_core.shell:create_environment_hook('srv_examples', 'pythonpath')
[2.408s] INFO:colcon.colcon_core.shell:Creating environment hook '/home/ubuntu/robot_ws/install/srv_examples/share/srv_examples/hook/pythonpath.ps1'
[2.408s] INFO:colcon.colcon_core.shell:Creating environment descriptor '/home/ubuntu/robot_ws/install/srv_examples/share/srv_examples/hook/pythonpath.dsv'
[2.408s] INFO:colcon.colcon_core.shell:Creating environment hook '/home/ubuntu/robot_ws/install/srv_examples/share/srv_examples/hook/pythonpath.sh'
[2.409s] Level 1:colcon.colcon_core.environment:create_environment_scripts_only(srv_examples)
[2.409s] INFO:colcon.colcon_core.shell:Creating package script '/home/ubuntu/robot_ws/install/srv_examples/share/srv_examples/package.ps1'
[2.410s] INFO:colcon.colcon_core.shell:Creating package descriptor '/home/ubuntu/robot_ws/install/srv_examples/share/srv_examples/package.dsv'
[2.410s] INFO:colcon.colcon_core.shell:Creating package script '/home/ubuntu/robot_ws/install/srv_examples/share/srv_examples/package.sh'
[2.411s] INFO:colcon.colcon_core.shell:Creating package script '/home/ubuntu/robot_ws/install/srv_examples/share/srv_examples/package.bash'
[2.411s] INFO:colcon.colcon_core.shell:Creating package script '/home/ubuntu/robot_ws/install/srv_examples/share/srv_examples/package.zsh'
[2.412s] Level 1:colcon.colcon_core.environment:create_file_with_runtime_dependencies(/home/ubuntu/robot_ws/install/srv_examples/share/colcon-core/packages/srv_examples)
[2.414s] Level 1:colcon.colcon_core.environment:checking '/home/ubuntu/robot_ws/install/tb3_teleop' for CMake module files
[2.416s] DEBUG:colcon.colcon_core.event_handler.log_command:Invoked command in '/home/ubuntu/robot_ws/src/tb3_teleop' returned '0': PYTHONPATH=/home/ubuntu/robot_ws/install/tb3_teleop/lib/python3.8/site-packages:${PYTHONPATH} /usr/bin/python3 setup.py egg_info --egg-base ../../build/tb3_teleop build --build-base /home/ubuntu/robot_ws/build/tb3_teleop/build install --prefix /home/ubuntu/robot_ws/install/tb3_teleop --record /home/ubuntu/robot_ws/build/tb3_teleop/install.log --single-version-externally-managed
[2.416s] Level 1:colcon.colcon_core.environment:checking '/home/ubuntu/robot_ws/install/tb3_teleop' for CMake config files
[2.417s] Level 1:colcon.colcon_core.environment:checking '/home/ubuntu/robot_ws/install/tb3_teleop/lib'
[2.417s] Level 1:colcon.colcon_core.environment:checking '/home/ubuntu/robot_ws/install/tb3_teleop/bin'
[2.417s] Level 1:colcon.colcon_core.environment:checking '/home/ubuntu/robot_ws/install/tb3_teleop/lib/pkgconfig/tb3_teleop.pc'
[2.417s] Level 1:colcon.colcon_core.environment:checking '/home/ubuntu/robot_ws/install/tb3_teleop/lib/python3.8/site-packages'
[2.417s] Level 1:colcon.colcon_core.shell:create_environment_hook('tb3_teleop', 'pythonpath')
[2.418s] INFO:colcon.colcon_core.shell:Creating environment hook '/home/ubuntu/robot_ws/install/tb3_teleop/share/tb3_teleop/hook/pythonpath.ps1'
[2.418s] INFO:colcon.colcon_core.shell:Creating environment descriptor '/home/ubuntu/robot_ws/install/tb3_teleop/share/tb3_teleop/hook/pythonpath.dsv'
[2.419s] INFO:colcon.colcon_core.shell:Creating environment hook '/home/ubuntu/robot_ws/install/tb3_teleop/share/tb3_teleop/hook/pythonpath.sh'
[2.419s] Level 1:colcon.colcon_core.environment:create_environment_scripts_only(tb3_teleop)
[2.420s] INFO:colcon.colcon_core.shell:Creating package script '/home/ubuntu/robot_ws/install/tb3_teleop/share/tb3_teleop/package.ps1'
[2.420s] INFO:colcon.colcon_core.shell:Creating package descriptor '/home/ubuntu/robot_ws/install/tb3_teleop/share/tb3_teleop/package.dsv'
[2.421s] INFO:colcon.colcon_core.shell:Creating package script '/home/ubuntu/robot_ws/install/tb3_teleop/share/tb3_teleop/package.sh'
[2.421s] INFO:colcon.colcon_core.shell:Creating package script '/home/ubuntu/robot_ws/install/tb3_teleop/share/tb3_teleop/package.bash'
[2.422s] INFO:colcon.colcon_core.shell:Creating package script '/home/ubuntu/robot_ws/install/tb3_teleop/share/tb3_teleop/package.zsh'
[2.422s] Level 1:colcon.colcon_core.environment:create_file_with_runtime_dependencies(/home/ubuntu/robot_ws/install/tb3_teleop/share/colcon-core/packages/tb3_teleop)
[2.424s] Level 1:colcon.colcon_core.environment:checking '/home/ubuntu/robot_ws/install/rqt_joy' for CMake module files
[2.425s] DEBUG:colcon.colcon_core.event_handler.log_command:Invoked command in '/home/ubuntu/robot_ws/src/rqt_joy' returned '0': PYTHONPATH=/home/ubuntu/robot_ws/install/rqt_joy/lib/python3.8/site-packages:${PYTHONPATH} /usr/bin/python3 setup.py egg_info --egg-base ../../build/rqt_joy build --build-base /home/ubuntu/robot_ws/build/rqt_joy/build install --prefix /home/ubuntu/robot_ws/install/rqt_joy --record /home/ubuntu/robot_ws/build/rqt_joy/install.log --single-version-externally-managed
[2.426s] Level 1:colcon.colcon_core.environment:checking '/home/ubuntu/robot_ws/install/rqt_joy' for CMake config files
[2.427s] Level 1:colcon.colcon_core.environment:checking '/home/ubuntu/robot_ws/install/rqt_joy/lib'
[2.427s] Level 1:colcon.colcon_core.environment:checking '/home/ubuntu/robot_ws/install/rqt_joy/bin'
[2.427s] Level 1:colcon.colcon_core.shell:create_environment_hook('rqt_joy', 'path')
[2.428s] INFO:colcon.colcon_core.shell:Creating environment hook '/home/ubuntu/robot_ws/install/rqt_joy/share/rqt_joy/hook/path.ps1'
[2.428s] INFO:colcon.colcon_core.shell:Creating environment descriptor '/home/ubuntu/robot_ws/install/rqt_joy/share/rqt_joy/hook/path.dsv'
[2.428s] INFO:colcon.colcon_core.shell:Creating environment hook '/home/ubuntu/robot_ws/install/rqt_joy/share/rqt_joy/hook/path.sh'
[2.429s] Level 1:colcon.colcon_core.environment:checking '/home/ubuntu/robot_ws/install/rqt_joy/lib/pkgconfig/rqt_joy.pc'
[2.429s] Level 1:colcon.colcon_core.environment:checking '/home/ubuntu/robot_ws/install/rqt_joy/lib/python3.8/site-packages'
[2.429s] Level 1:colcon.colcon_core.shell:create_environment_hook('rqt_joy', 'pythonpath')
[2.429s] INFO:colcon.colcon_core.shell:Creating environment hook '/home/ubuntu/robot_ws/install/rqt_joy/share/rqt_joy/hook/pythonpath.ps1'
[2.430s] INFO:colcon.colcon_core.shell:Creating environment descriptor '/home/ubuntu/robot_ws/install/rqt_joy/share/rqt_joy/hook/pythonpath.dsv'
[2.430s] INFO:colcon.colcon_core.shell:Creating environment hook '/home/ubuntu/robot_ws/install/rqt_joy/share/rqt_joy/hook/pythonpath.sh'
[2.430s] Level 1:colcon.colcon_core.environment:create_environment_scripts_only(rqt_joy)
[2.431s] INFO:colcon.colcon_core.shell:Creating package script '/home/ubuntu/robot_ws/install/rqt_joy/share/rqt_joy/package.ps1'
[2.432s] INFO:colcon.colcon_core.shell:Creating package descriptor '/home/ubuntu/robot_ws/install/rqt_joy/share/rqt_joy/package.dsv'
[2.432s] INFO:colcon.colcon_core.shell:Creating package script '/home/ubuntu/robot_ws/install/rqt_joy/share/rqt_joy/package.sh'
[2.433s] INFO:colcon.colcon_core.shell:Creating package script '/home/ubuntu/robot_ws/install/rqt_joy/share/rqt_joy/package.bash'
[2.433s] INFO:colcon.colcon_core.shell:Creating package script '/home/ubuntu/robot_ws/install/rqt_joy/share/rqt_joy/package.zsh'
[2.433s] Level 1:colcon.colcon_core.environment:create_file_with_runtime_dependencies(/home/ubuntu/robot_ws/install/rqt_joy/share/colcon-core/packages/rqt_joy)
[2.534s] DEBUG:colcon.colcon_core.event_handler.log_command:Invoking command in '/home/ubuntu/robot_ws/build/turtlesim': CMAKE_PREFIX_PATH=${CMAKE_PREFIX_PATH}:/home/ubuntu/robot_ws/install/tb3_teleop:/home/ubuntu/robot_ws/install/srv_examples:/home/ubuntu/robot_ws/install/rqt_joy:/home/ubuntu/robot_ws/install/pubsub:/home/ubuntu/robot_ws/install/myfirstpackage:/opt/ros/foxy /usr/bin/cmake --install /home/ubuntu/robot_ws/build/turtlesim
[2.616s] Level 1:colcon.colcon_core.environment:create_environment_scripts_only(turtlesim)
[2.617s] Level 1:colcon.colcon_core.environment:checking '/home/ubuntu/robot_ws/install/turtlesim' for CMake module files
[2.620s] DEBUG:colcon.colcon_core.event_handler.log_command:Invoked command in '/home/ubuntu/robot_ws/build/turtlesim' returned '0': CMAKE_PREFIX_PATH=${CMAKE_PREFIX_PATH}:/home/ubuntu/robot_ws/install/tb3_teleop:/home/ubuntu/robot_ws/install/srv_examples:/home/ubuntu/robot_ws/install/rqt_joy:/home/ubuntu/robot_ws/install/pubsub:/home/ubuntu/robot_ws/install/myfirstpackage:/opt/ros/foxy /usr/bin/cmake --install /home/ubuntu/robot_ws/build/turtlesim
[2.621s] Level 1:colcon.colcon_core.environment:checking '/home/ubuntu/robot_ws/install/turtlesim' for CMake config files
[2.622s] Level 1:colcon.colcon_core.shell:create_environment_hook('turtlesim', 'cmake_prefix_path')
[2.623s] INFO:colcon.colcon_core.shell:Creating environment hook '/home/ubuntu/robot_ws/install/turtlesim/share/turtlesim/hook/cmake_prefix_path.ps1'
[2.623s] INFO:colcon.colcon_core.shell:Creating environment descriptor '/home/ubuntu/robot_ws/install/turtlesim/share/turtlesim/hook/cmake_prefix_path.dsv'
[2.623s] INFO:colcon.colcon_core.shell:Creating environment hook '/home/ubuntu/robot_ws/install/turtlesim/share/turtlesim/hook/cmake_prefix_path.sh'
[2.624s] Level 1:colcon.colcon_core.environment:checking '/home/ubuntu/robot_ws/install/turtlesim/lib'
[2.624s] Level 1:colcon.colcon_core.shell:create_environment_hook('turtlesim', 'ld_library_path_lib')
[2.625s] INFO:colcon.colcon_core.shell:Creating environment hook '/home/ubuntu/robot_ws/install/turtlesim/share/turtlesim/hook/ld_library_path_lib.ps1'
[2.625s] INFO:colcon.colcon_core.shell:Creating environment descriptor '/home/ubuntu/robot_ws/install/turtlesim/share/turtlesim/hook/ld_library_path_lib.dsv'
[2.625s] INFO:colcon.colcon_core.shell:Creating environment hook '/home/ubuntu/robot_ws/install/turtlesim/share/turtlesim/hook/ld_library_path_lib.sh'
[2.626s] Level 1:colcon.colcon_core.environment:checking '/home/ubuntu/robot_ws/install/turtlesim/bin'
[2.626s] Level 1:colcon.colcon_core.environment:checking '/home/ubuntu/robot_ws/install/turtlesim/lib/pkgconfig/turtlesim.pc'
[2.626s] Level 1:colcon.colcon_core.environment:checking '/home/ubuntu/robot_ws/install/turtlesim/lib/python3.8/site-packages'
[2.626s] Level 1:colcon.colcon_core.shell:create_environment_hook('turtlesim', 'pythonpath')
[2.626s] INFO:colcon.colcon_core.shell:Creating environment hook '/home/ubuntu/robot_ws/install/turtlesim/share/turtlesim/hook/pythonpath.ps1'
[2.627s] INFO:colcon.colcon_core.shell:Creating environment descriptor '/home/ubuntu/robot_ws/install/turtlesim/share/turtlesim/hook/pythonpath.dsv'
[2.627s] INFO:colcon.colcon_core.shell:Creating environment hook '/home/ubuntu/robot_ws/install/turtlesim/share/turtlesim/hook/pythonpath.sh'
[2.628s] INFO:colcon.colcon_core.shell:Creating package script '/home/ubuntu/robot_ws/install/turtlesim/share/turtlesim/package.ps1'
[2.629s] INFO:colcon.colcon_core.shell:Creating package descriptor '/home/ubuntu/robot_ws/install/turtlesim/share/turtlesim/package.dsv'
[2.629s] INFO:colcon.colcon_core.shell:Creating package script '/home/ubuntu/robot_ws/install/turtlesim/share/turtlesim/package.sh'
[2.629s] INFO:colcon.colcon_core.shell:Creating package script '/home/ubuntu/robot_ws/install/turtlesim/share/turtlesim/package.bash'
[2.630s] INFO:colcon.colcon_core.shell:Creating package script '/home/ubuntu/robot_ws/install/turtlesim/share/turtlesim/package.zsh'
[2.630s] Level 1:colcon.colcon_core.environment:create_file_with_runtime_dependencies(/home/ubuntu/robot_ws/install/turtlesim/share/colcon-core/packages/turtlesim)
[2.838s] Level 1:colcon.colcon_core.environment:create_environment_scripts_only(turtlesim)
[2.839s] Level 1:colcon.colcon_core.environment:checking '/home/ubuntu/robot_ws/install/turtlesim' for CMake module files
[2.840s] Level 1:colcon.colcon_core.environment:checking '/home/ubuntu/robot_ws/install/turtlesim' for CMake config files
[2.841s] Level 1:colcon.colcon_core.shell:create_environment_hook('turtlesim', 'cmake_prefix_path')
[2.841s] INFO:colcon.colcon_core.shell:Creating environment hook '/home/ubuntu/robot_ws/install/turtlesim/share/turtlesim/hook/cmake_prefix_path.ps1'
[2.842s] INFO:colcon.colcon_core.shell:Creating environment descriptor '/home/ubuntu/robot_ws/install/turtlesim/share/turtlesim/hook/cmake_prefix_path.dsv'
[2.842s] INFO:colcon.colcon_core.shell:Creating environment hook '/home/ubuntu/robot_ws/install/turtlesim/share/turtlesim/hook/cmake_prefix_path.sh'
[2.843s] Level 1:colcon.colcon_core.environment:checking '/home/ubuntu/robot_ws/install/turtlesim/lib'
[2.843s] Level 1:colcon.colcon_core.shell:create_environment_hook('turtlesim', 'ld_library_path_lib')
[2.843s] INFO:colcon.colcon_core.shell:Creating environment hook '/home/ubuntu/robot_ws/install/turtlesim/share/turtlesim/hook/ld_library_path_lib.ps1'
[2.844s] INFO:colcon.colcon_core.shell:Creating environment descriptor '/home/ubuntu/robot_ws/install/turtlesim/share/turtlesim/hook/ld_library_path_lib.dsv'
[2.844s] INFO:colcon.colcon_core.shell:Creating environment hook '/home/ubuntu/robot_ws/install/turtlesim/share/turtlesim/hook/ld_library_path_lib.sh'
[2.845s] Level 1:colcon.colcon_core.environment:checking '/home/ubuntu/robot_ws/install/turtlesim/bin'
[2.845s] Level 1:colcon.colcon_core.environment:checking '/home/ubuntu/robot_ws/install/turtlesim/lib/pkgconfig/turtlesim.pc'
[2.845s] Level 1:colcon.colcon_core.environment:checking '/home/ubuntu/robot_ws/install/turtlesim/lib/python3.8/site-packages'
[2.845s] Level 1:colcon.colcon_core.shell:create_environment_hook('turtlesim', 'pythonpath')
[2.846s] INFO:colcon.colcon_core.shell:Creating environment hook '/home/ubuntu/robot_ws/install/turtlesim/share/turtlesim/hook/pythonpath.ps1'
[2.846s] INFO:colcon.colcon_core.shell:Creating environment descriptor '/home/ubuntu/robot_ws/install/turtlesim/share/turtlesim/hook/pythonpath.dsv'
[2.846s] INFO:colcon.colcon_core.shell:Creating environment hook '/home/ubuntu/robot_ws/install/turtlesim/share/turtlesim/hook/pythonpath.sh'
[2.847s] INFO:colcon.colcon_core.shell:Creating package script '/home/ubuntu/robot_ws/install/turtlesim/share/turtlesim/package.ps1'
[2.848s] INFO:colcon.colcon_core.shell:Creating package descriptor '/home/ubuntu/robot_ws/install/turtlesim/share/turtlesim/package.dsv'
[2.848s] INFO:colcon.colcon_core.shell:Creating package script '/home/ubuntu/robot_ws/install/turtlesim/share/turtlesim/package.sh'
[2.849s] INFO:colcon.colcon_core.shell:Creating package script '/home/ubuntu/robot_ws/install/turtlesim/share/turtlesim/package.bash'
[2.849s] INFO:colcon.colcon_core.shell:Creating package script '/home/ubuntu/robot_ws/install/turtlesim/share/turtlesim/package.zsh'
[2.850s] Level 1:colcon.colcon_core.environment:create_file_with_runtime_dependencies(/home/ubuntu/robot_ws/install/turtlesim/share/colcon-core/packages/turtlesim)
[2.850s] DEBUG:colcon.colcon_parallel_executor.executor.parallel:closing loop
[2.851s] DEBUG:colcon.colcon_parallel_executor.executor.parallel:loop closed
[2.851s] DEBUG:colcon.colcon_parallel_executor.executor.parallel:run_until_complete finished with '0'
[2.851s] DEBUG:colcon.colcon_core.event_reactor:joining thread
[2.859s] INFO:colcon.colcon_core.plugin_system:Skipping extension 'colcon_notification.desktop_notification.notify_send': Could not find 'notify-send'
[2.859s] INFO:colcon.colcon_core.plugin_system:Skipping extension 'colcon_notification.desktop_notification.terminal_notifier': Not used on non-Darwin systems
[2.859s] INFO:colcon.colcon_core.plugin_system:Skipping extension 'colcon_notification.desktop_notification.win32': Not used on non-Windows systems
[2.860s] INFO:colcon.colcon_notification.desktop_notification:Sending desktop notification using 'notify2'
[2.867s] DEBUG:colcon.colcon_notification.desktop_notification.notify2:Failed to initialize notify2: org.freedesktop.DBus.Error.ServiceUnknown: The name org.freedesktop.Notifications was not provided by any .service files
[2.868s] DEBUG:colcon.colcon_core.event_reactor:joined thread
[2.869s] INFO:colcon.colcon_core.shell:Creating prefix script '/home/ubuntu/robot_ws/install/local_setup.ps1'
[2.870s] INFO:colcon.colcon_core.shell:Creating prefix util module '/home/ubuntu/robot_ws/install/_local_setup_util_ps1.py'
[2.871s] INFO:colcon.colcon_core.shell:Creating prefix chain script '/home/ubuntu/robot_ws/install/setup.ps1'
[2.874s] INFO:colcon.colcon_core.shell:Creating prefix script '/home/ubuntu/robot_ws/install/local_setup.sh'
[2.875s] INFO:colcon.colcon_core.shell:Creating prefix util module '/home/ubuntu/robot_ws/install/_local_setup_util_sh.py'
[2.875s] INFO:colcon.colcon_core.shell:Creating prefix chain script '/home/ubuntu/robot_ws/install/setup.sh'
[2.878s] INFO:colcon.colcon_core.shell:Creating prefix script '/home/ubuntu/robot_ws/install/local_setup.bash'
[2.879s] INFO:colcon.colcon_core.shell:Creating prefix chain script '/home/ubuntu/robot_ws/install/setup.bash'
[2.881s] INFO:colcon.colcon_core.shell:Creating prefix script '/home/ubuntu/robot_ws/install/local_setup.zsh'
[2.882s] INFO:colcon.colcon_core.shell:Creating prefix chain script '/home/ubuntu/robot_ws/install/setup.zsh'
