[1.485s] Invoking command in '/home/ubuntu/robot_ws/src/myfirstpackage': PYTHONPATH=/home/ubuntu/robot_ws/install/myfirstpackage/lib/python3.8/site-packages:${PYTHONPATH} /usr/bin/python3 setup.py egg_info --egg-base ../../build/myfirstpackage build --build-base /home/ubuntu/robot_ws/build/myfirstpackage/build install --prefix /home/ubuntu/robot_ws/install/myfirstpackage --record /home/ubuntu/robot_ws/build/myfirstpackage/install.log --single-version-externally-managed
[1.819s] running egg_info
[1.820s] writing ../../build/myfirstpackage/myfirstpackage.egg-info/PKG-INFO
[1.820s] writing dependency_links to ../../build/myfirstpackage/myfirstpackage.egg-info/dependency_links.txt
[1.821s] writing entry points to ../../build/myfirstpackage/myfirstpackage.egg-info/entry_points.txt
[1.821s] writing requirements to ../../build/myfirstpackage/myfirstpackage.egg-info/requires.txt
[1.821s] writing top-level names to ../../build/myfirstpackage/myfirstpackage.egg-info/top_level.txt
[1.873s] reading manifest file '../../build/myfirstpackage/myfirstpackage.egg-info/SOURCES.txt'
[1.875s] writing manifest file '../../build/myfirstpackage/myfirstpackage.egg-info/SOURCES.txt'
[1.876s] running build
[1.876s] running build_py
[1.876s] running install
[1.878s] running install_lib
[1.883s] running install_data
[1.885s] running install_egg_info
[1.887s] removing '/home/ubuntu/robot_ws/install/myfirstpackage/lib/python3.8/site-packages/myfirstpackage-0.0.0-py3.8.egg-info' (and everything under it)
[1.887s] Copying ../../build/myfirstpackage/myfirstpackage.egg-info to /home/ubuntu/robot_ws/install/myfirstpackage/lib/python3.8/site-packages/myfirstpackage-0.0.0-py3.8.egg-info
[1.888s] running install_scripts
[1.916s] Installing myfirstnode script to /home/ubuntu/robot_ws/install/myfirstpackage/lib/myfirstpackage
[1.916s] Installing param_node script to /home/ubuntu/robot_ws/install/myfirstpackage/lib/myfirstpackage
[1.917s] writing list of installed files to '/home/ubuntu/robot_ws/build/myfirstpackage/install.log'
[1.966s] Invoked command in '/home/ubuntu/robot_ws/src/myfirstpackage' returned '0': PYTHONPATH=/home/ubuntu/robot_ws/install/myfirstpackage/lib/python3.8/site-packages:${PYTHONPATH} /usr/bin/python3 setup.py egg_info --egg-base ../../build/myfirstpackage build --build-base /home/ubuntu/robot_ws/build/myfirstpackage/build install --prefix /home/ubuntu/robot_ws/install/myfirstpackage --record /home/ubuntu/robot_ws/build/myfirstpackage/install.log --single-version-externally-managed
