-- The C compiler identification is GNU 9.3.0
-- The CXX compiler identification is GNU 9.3.0
-- Check for working C compiler: /usr/bin/cc
-- Check for working C compiler: /usr/bin/cc -- works
-- Detecting C compiler ABI info
-- Detecting C compiler ABI info - done
-- Detecting C compile features
-- Detecting C compile features - done
-- Check for working CXX compiler: /usr/bin/c++
-- Check for working CXX compiler: /usr/bin/c++ -- works
-- Detecting CXX compiler ABI info
-- Detecting CXX compiler ABI info - done
-- Detecting CXX compile features
-- Detecting CXX compile features - done
-- Found ament_cmake: 0.9.8 (/opt/ros/foxy/share/ament_cmake/cmake)
-- Found PythonInterp: /usr/bin/python3 (found suitable version "3.8.5", minimum required is "3") 
-- Using PYTHON_EXECUTABLE: /usr/bin/python3
-- Found ament_lint_auto: 0.9.6 (/opt/ros/foxy/share/ament_lint_auto/cmake)
-- Added test 'copyright' to check source files copyright and LICENSE
-- Added test 'lint_cmake' to check CMake code style
-- Added test 'xmllint' to check XML markup files
-- Configuring done
-- Generating done
-- Build files have been written to: /home/ubuntu/robot_ws/build/hello_world
-- Install configuration: ""
-- Installing: /home/ubuntu/robot_ws/install/hello_world/share/ament_index/resource_index/package_run_dependencies/hello_world
-- Installing: /home/ubuntu/robot_ws/install/hello_world/share/ament_index/resource_index/parent_prefix_path/hello_world
-- Installing: /home/ubuntu/robot_ws/install/hello_world/share/hello_world/environment/ament_prefix_path.sh
-- Installing: /home/ubuntu/robot_ws/install/hello_world/share/hello_world/environment/ament_prefix_path.dsv
-- Installing: /home/ubuntu/robot_ws/install/hello_world/share/hello_world/environment/path.sh
-- Installing: /home/ubuntu/robot_ws/install/hello_world/share/hello_world/environment/path.dsv
-- Installing: /home/ubuntu/robot_ws/install/hello_world/share/hello_world/local_setup.bash
-- Installing: /home/ubuntu/robot_ws/install/hello_world/share/hello_world/local_setup.sh
-- Installing: /home/ubuntu/robot_ws/install/hello_world/share/hello_world/local_setup.zsh
-- Installing: /home/ubuntu/robot_ws/install/hello_world/share/hello_world/local_setup.dsv
-- Installing: /home/ubuntu/robot_ws/install/hello_world/share/hello_world/package.dsv
-- Installing: /home/ubuntu/robot_ws/install/hello_world/share/ament_index/resource_index/packages/hello_world
-- Installing: /home/ubuntu/robot_ws/install/hello_world/share/hello_world/cmake/hello_worldConfig.cmake
-- Installing: /home/ubuntu/robot_ws/install/hello_world/share/hello_world/cmake/hello_worldConfig-version.cmake
-- Installing: /home/ubuntu/robot_ws/install/hello_world/share/hello_world/package.xml
