[0.039s] Invoking command in '/home/ubuntu/robot_ws/build/hello_world': CMAKE_PREFIX_PATH=${CMAKE_PREFIX_PATH}:/home/ubuntu/robot_ws/install/myfirstpackage:/opt/ros/foxy /usr/bin/cmake /home/ubuntu/robot_ws/src/hello_world -DCMAKE_INSTALL_PREFIX=/home/ubuntu/robot_ws/install/hello_world
[0.293s] -- The C compiler identification is GNU 9.3.0
[0.361s] -- The CXX compiler identification is GNU 9.3.0
[0.374s] -- Check for working C compiler: /usr/bin/cc
[0.459s] -- Check for working C compiler: /usr/bin/cc -- works
[0.461s] -- Detecting C compiler ABI info
[0.544s] -- Detecting C compiler ABI info - done
[0.563s] -- Detecting C compile features
[0.563s] -- Detecting C compile features - done
[0.568s] -- Check for working CXX compiler: /usr/bin/c++
[0.667s] -- Check for working CXX compiler: /usr/bin/c++ -- works
[0.668s] -- Detecting CXX compiler ABI info
[0.755s] -- Detecting CXX compiler ABI info - done
[0.769s] -- Detecting CXX compile features
[0.770s] -- Detecting CXX compile features - done
[0.775s] -- Found ament_cmake: 0.9.8 (/opt/ros/foxy/share/ament_cmake/cmake)
[0.806s] -- Found PythonInterp: /usr/bin/python3 (found suitable version "3.8.5", minimum required is "3") 
[0.807s] -- Using PYTHON_EXECUTABLE: /usr/bin/python3
[1.057s] -- Found ament_lint_auto: 0.9.6 (/opt/ros/foxy/share/ament_lint_auto/cmake)
[1.163s] -- Added test 'copyright' to check source files copyright and LICENSE
[1.166s] -- Added test 'lint_cmake' to check CMake code style
[1.168s] -- Added test 'xmllint' to check XML markup files
[1.172s] -- Configuring done
[1.174s] -- Generating done
[1.175s] -- Build files have been written to: /home/ubuntu/robot_ws/build/hello_world
[1.179s] Invoked command in '/home/ubuntu/robot_ws/build/hello_world' returned '0': CMAKE_PREFIX_PATH=${CMAKE_PREFIX_PATH}:/home/ubuntu/robot_ws/install/myfirstpackage:/opt/ros/foxy /usr/bin/cmake /home/ubuntu/robot_ws/src/hello_world -DCMAKE_INSTALL_PREFIX=/home/ubuntu/robot_ws/install/hello_world
[1.182s] Invoking command in '/home/ubuntu/robot_ws/build/hello_world': CMAKE_PREFIX_PATH=${CMAKE_PREFIX_PATH}:/home/ubuntu/robot_ws/install/myfirstpackage:/opt/ros/foxy /usr/bin/cmake --build /home/ubuntu/robot_ws/build/hello_world -- -j12 -l12
[1.224s] Invoked command in '/home/ubuntu/robot_ws/build/hello_world' returned '0': CMAKE_PREFIX_PATH=${CMAKE_PREFIX_PATH}:/home/ubuntu/robot_ws/install/myfirstpackage:/opt/ros/foxy /usr/bin/cmake --build /home/ubuntu/robot_ws/build/hello_world -- -j12 -l12
[1.251s] Invoking command in '/home/ubuntu/robot_ws/build/hello_world': CMAKE_PREFIX_PATH=${CMAKE_PREFIX_PATH}:/home/ubuntu/robot_ws/install/myfirstpackage:/opt/ros/foxy /usr/bin/cmake --install /home/ubuntu/robot_ws/build/hello_world
[1.259s] -- Install configuration: ""
[1.260s] -- Installing: /home/ubuntu/robot_ws/install/hello_world/share/ament_index/resource_index/package_run_dependencies/hello_world
[1.260s] -- Installing: /home/ubuntu/robot_ws/install/hello_world/share/ament_index/resource_index/parent_prefix_path/hello_world
[1.260s] -- Installing: /home/ubuntu/robot_ws/install/hello_world/share/hello_world/environment/ament_prefix_path.sh
[1.260s] -- Installing: /home/ubuntu/robot_ws/install/hello_world/share/hello_world/environment/ament_prefix_path.dsv
[1.260s] -- Installing: /home/ubuntu/robot_ws/install/hello_world/share/hello_world/environment/path.sh
[1.261s] -- Installing: /home/ubuntu/robot_ws/install/hello_world/share/hello_world/environment/path.dsv
[1.261s] -- Installing: /home/ubuntu/robot_ws/install/hello_world/share/hello_world/local_setup.bash
[1.261s] -- Installing: /home/ubuntu/robot_ws/install/hello_world/share/hello_world/local_setup.sh
[1.261s] -- Installing: /home/ubuntu/robot_ws/install/hello_world/share/hello_world/local_setup.zsh
[1.261s] -- Installing: /home/ubuntu/robot_ws/install/hello_world/share/hello_world/local_setup.dsv
[1.262s] -- Installing: /home/ubuntu/robot_ws/install/hello_world/share/hello_world/package.dsv
[1.262s] -- Installing: /home/ubuntu/robot_ws/install/hello_world/share/ament_index/resource_index/packages/hello_world
[1.262s] -- Installing: /home/ubuntu/robot_ws/install/hello_world/share/hello_world/cmake/hello_worldConfig.cmake
[1.262s] -- Installing: /home/ubuntu/robot_ws/install/hello_world/share/hello_world/cmake/hello_worldConfig-version.cmake
[1.263s] -- Installing: /home/ubuntu/robot_ws/install/hello_world/share/hello_world/package.xml
[1.266s] Invoked command in '/home/ubuntu/robot_ws/build/hello_world' returned '0': CMAKE_PREFIX_PATH=${CMAKE_PREFIX_PATH}:/home/ubuntu/robot_ws/install/myfirstpackage:/opt/ros/foxy /usr/bin/cmake --install /home/ubuntu/robot_ws/build/hello_world
