running egg_info
creating ../../build/srv_examples/srv_examples.egg-info
writing ../../build/srv_examples/srv_examples.egg-info/PKG-INFO
writing dependency_links to ../../build/srv_examples/srv_examples.egg-info/dependency_links.txt
writing entry points to ../../build/srv_examples/srv_examples.egg-info/entry_points.txt
writing requirements to ../../build/srv_examples/srv_examples.egg-info/requires.txt
writing top-level names to ../../build/srv_examples/srv_examples.egg-info/top_level.txt
writing manifest file '../../build/srv_examples/srv_examples.egg-info/SOURCES.txt'
reading manifest file '../../build/srv_examples/srv_examples.egg-info/SOURCES.txt'
writing manifest file '../../build/srv_examples/srv_examples.egg-info/SOURCES.txt'
running build
running build_py
creating /home/ubuntu/robot_ws/build/srv_examples/build
creating /home/ubuntu/robot_ws/build/srv_examples/build/lib
creating /home/ubuntu/robot_ws/build/srv_examples/build/lib/srv_examples
copying srv_examples/turtlesim_geofence_reset_srv.py -> /home/ubuntu/robot_ws/build/srv_examples/build/lib/srv_examples
copying srv_examples/__init__.py -> /home/ubuntu/robot_ws/build/srv_examples/build/lib/srv_examples
running install
running install_lib
creating /home/ubuntu/robot_ws/install/srv_examples/lib/python3.8/site-packages/srv_examples
copying /home/ubuntu/robot_ws/build/srv_examples/build/lib/srv_examples/turtlesim_geofence_reset_srv.py -> /home/ubuntu/robot_ws/install/srv_examples/lib/python3.8/site-packages/srv_examples
copying /home/ubuntu/robot_ws/build/srv_examples/build/lib/srv_examples/__init__.py -> /home/ubuntu/robot_ws/install/srv_examples/lib/python3.8/site-packages/srv_examples
byte-compiling /home/ubuntu/robot_ws/install/srv_examples/lib/python3.8/site-packages/srv_examples/turtlesim_geofence_reset_srv.py to turtlesim_geofence_reset_srv.cpython-38.pyc
byte-compiling /home/ubuntu/robot_ws/install/srv_examples/lib/python3.8/site-packages/srv_examples/__init__.py to __init__.cpython-38.pyc
running install_data
creating /home/ubuntu/robot_ws/install/srv_examples/share/ament_index
creating /home/ubuntu/robot_ws/install/srv_examples/share/ament_index/resource_index
creating /home/ubuntu/robot_ws/install/srv_examples/share/ament_index/resource_index/packages
copying resource/srv_examples -> /home/ubuntu/robot_ws/install/srv_examples/share/ament_index/resource_index/packages
copying package.xml -> /home/ubuntu/robot_ws/install/srv_examples/share/srv_examples
running install_egg_info
Copying ../../build/srv_examples/srv_examples.egg-info to /home/ubuntu/robot_ws/install/srv_examples/lib/python3.8/site-packages/srv_examples-0.0.0-py3.8.egg-info
running install_scripts
Installing myfirstserviceclient script to /home/ubuntu/robot_ws/install/srv_examples/lib/srv_examples
writing list of installed files to '/home/ubuntu/robot_ws/build/srv_examples/install.log'
