[1.140s] Invoking command in '/home/ubuntu/robot_ws/src/srv_examples': PYTHONPATH=/home/ubuntu/robot_ws/install/srv_examples/lib/python3.8/site-packages:${PYTHONPATH} /usr/bin/python3 setup.py egg_info --egg-base ../../build/srv_examples build --build-base /home/ubuntu/robot_ws/build/srv_examples/build install --prefix /home/ubuntu/robot_ws/install/srv_examples --record /home/ubuntu/robot_ws/build/srv_examples/install.log --single-version-externally-managed
[1.492s] running egg_info
[1.492s] creating ../../build/srv_examples/srv_examples.egg-info
[1.493s] writing ../../build/srv_examples/srv_examples.egg-info/PKG-INFO
[1.494s] writing dependency_links to ../../build/srv_examples/srv_examples.egg-info/dependency_links.txt
[1.494s] writing entry points to ../../build/srv_examples/srv_examples.egg-info/entry_points.txt
[1.495s] writing requirements to ../../build/srv_examples/srv_examples.egg-info/requires.txt
[1.495s] writing top-level names to ../../build/srv_examples/srv_examples.egg-info/top_level.txt
[1.497s] writing manifest file '../../build/srv_examples/srv_examples.egg-info/SOURCES.txt'
[1.571s] reading manifest file '../../build/srv_examples/srv_examples.egg-info/SOURCES.txt'
[1.573s] writing manifest file '../../build/srv_examples/srv_examples.egg-info/SOURCES.txt'
[1.575s] running build
[1.579s] running build_py
[1.579s] creating /home/ubuntu/robot_ws/build/srv_examples/build
[1.580s] creating /home/ubuntu/robot_ws/build/srv_examples/build/lib
[1.581s] creating /home/ubuntu/robot_ws/build/srv_examples/build/lib/srv_examples
[1.581s] copying srv_examples/turtlesim_geofence_reset_srv.py -> /home/ubuntu/robot_ws/build/srv_examples/build/lib/srv_examples
[1.581s] copying srv_examples/__init__.py -> /home/ubuntu/robot_ws/build/srv_examples/build/lib/srv_examples
[1.584s] running install
[1.584s] running install_lib
[1.584s] creating /home/ubuntu/robot_ws/install/srv_examples/lib/python3.8/site-packages/srv_examples
[1.585s] copying /home/ubuntu/robot_ws/build/srv_examples/build/lib/srv_examples/turtlesim_geofence_reset_srv.py -> /home/ubuntu/robot_ws/install/srv_examples/lib/python3.8/site-packages/srv_examples
[1.587s] copying /home/ubuntu/robot_ws/build/srv_examples/build/lib/srv_examples/__init__.py -> /home/ubuntu/robot_ws/install/srv_examples/lib/python3.8/site-packages/srv_examples
[1.587s] byte-compiling /home/ubuntu/robot_ws/install/srv_examples/lib/python3.8/site-packages/srv_examples/turtlesim_geofence_reset_srv.py to turtlesim_geofence_reset_srv.cpython-38.pyc
[1.589s] byte-compiling /home/ubuntu/robot_ws/install/srv_examples/lib/python3.8/site-packages/srv_examples/__init__.py to __init__.cpython-38.pyc
[1.589s] running install_data
[1.590s] creating /home/ubuntu/robot_ws/install/srv_examples/share/ament_index
[1.590s] creating /home/ubuntu/robot_ws/install/srv_examples/share/ament_index/resource_index
[1.591s] creating /home/ubuntu/robot_ws/install/srv_examples/share/ament_index/resource_index/packages
[1.591s] copying resource/srv_examples -> /home/ubuntu/robot_ws/install/srv_examples/share/ament_index/resource_index/packages
[1.591s] copying package.xml -> /home/ubuntu/robot_ws/install/srv_examples/share/srv_examples
[1.592s] running install_egg_info
[1.593s] Copying ../../build/srv_examples/srv_examples.egg-info to /home/ubuntu/robot_ws/install/srv_examples/lib/python3.8/site-packages/srv_examples-0.0.0-py3.8.egg-info
[1.594s] running install_scripts
[1.630s] Installing myfirstserviceclient script to /home/ubuntu/robot_ws/install/srv_examples/lib/srv_examples
[1.631s] writing list of installed files to '/home/ubuntu/robot_ws/build/srv_examples/install.log'
[1.714s] Invoked command in '/home/ubuntu/robot_ws/src/srv_examples' returned '0': PYTHONPATH=/home/ubuntu/robot_ws/install/srv_examples/lib/python3.8/site-packages:${PYTHONPATH} /usr/bin/python3 setup.py egg_info --egg-base ../../build/srv_examples build --build-base /home/ubuntu/robot_ws/build/srv_examples/build install --prefix /home/ubuntu/robot_ws/install/srv_examples --record /home/ubuntu/robot_ws/build/srv_examples/install.log --single-version-externally-managed
