[1.455s] Invoking command in '/home/ubuntu/ROS2-Tutorials/robot_ws/src/tb3_teleop': PYTHONPATH=/home/ubuntu/ROS2-Tutorials/robot_ws/install/tb3_teleop/lib/python3.8/site-packages:${PYTHONPATH} /usr/bin/python3 setup.py egg_info --egg-base ../../build/tb3_teleop build --build-base /home/ubuntu/ROS2-Tutorials/robot_ws/build/tb3_teleop/build install --prefix /home/ubuntu/ROS2-Tutorials/robot_ws/install/tb3_teleop --record /home/ubuntu/ROS2-Tutorials/robot_ws/build/tb3_teleop/install.log --single-version-externally-managed
[1.730s] running egg_info
[1.731s] creating ../../build/tb3_teleop/tb3_teleop.egg-info
[1.731s] writing ../../build/tb3_teleop/tb3_teleop.egg-info/PKG-INFO
[1.732s] writing dependency_links to ../../build/tb3_teleop/tb3_teleop.egg-info/dependency_links.txt
[1.732s] writing entry points to ../../build/tb3_teleop/tb3_teleop.egg-info/entry_points.txt
[1.732s] writing requirements to ../../build/tb3_teleop/tb3_teleop.egg-info/requires.txt
[1.732s] writing top-level names to ../../build/tb3_teleop/tb3_teleop.egg-info/top_level.txt
[1.733s] writing manifest file '../../build/tb3_teleop/tb3_teleop.egg-info/SOURCES.txt'
[1.781s] reading manifest file '../../build/tb3_teleop/tb3_teleop.egg-info/SOURCES.txt'
[1.783s] writing manifest file '../../build/tb3_teleop/tb3_teleop.egg-info/SOURCES.txt'
[1.783s] running build
[1.784s] running build_py
[1.784s] creating /home/ubuntu/ROS2-Tutorials/robot_ws/build/tb3_teleop/build
[1.785s] creating /home/ubuntu/ROS2-Tutorials/robot_ws/build/tb3_teleop/build/lib
[1.785s] creating /home/ubuntu/ROS2-Tutorials/robot_ws/build/tb3_teleop/build/lib/tb3_teleop
[1.785s] copying tb3_teleop/teleop.py -> /home/ubuntu/ROS2-Tutorials/robot_ws/build/tb3_teleop/build/lib/tb3_teleop
[1.786s] copying tb3_teleop/__init__.py -> /home/ubuntu/ROS2-Tutorials/robot_ws/build/tb3_teleop/build/lib/tb3_teleop
[1.787s] running install
[1.788s] running install_lib
[1.791s] creating /home/ubuntu/ROS2-Tutorials/robot_ws/install/tb3_teleop/lib/python3.8/site-packages/tb3_teleop
[1.791s] copying /home/ubuntu/ROS2-Tutorials/robot_ws/build/tb3_teleop/build/lib/tb3_teleop/teleop.py -> /home/ubuntu/ROS2-Tutorials/robot_ws/install/tb3_teleop/lib/python3.8/site-packages/tb3_teleop
[1.791s] copying /home/ubuntu/ROS2-Tutorials/robot_ws/build/tb3_teleop/build/lib/tb3_teleop/__init__.py -> /home/ubuntu/ROS2-Tutorials/robot_ws/install/tb3_teleop/lib/python3.8/site-packages/tb3_teleop
[1.792s] byte-compiling /home/ubuntu/ROS2-Tutorials/robot_ws/install/tb3_teleop/lib/python3.8/site-packages/tb3_teleop/teleop.py to teleop.cpython-38.pyc
[1.796s] byte-compiling /home/ubuntu/ROS2-Tutorials/robot_ws/install/tb3_teleop/lib/python3.8/site-packages/tb3_teleop/__init__.py to __init__.cpython-38.pyc
[1.796s] running install_data
[1.797s] creating /home/ubuntu/ROS2-Tutorials/robot_ws/install/tb3_teleop/share/ament_index
[1.797s] creating /home/ubuntu/ROS2-Tutorials/robot_ws/install/tb3_teleop/share/ament_index/resource_index
[1.797s] creating /home/ubuntu/ROS2-Tutorials/robot_ws/install/tb3_teleop/share/ament_index/resource_index/packages
[1.797s] copying resource/tb3_teleop -> /home/ubuntu/ROS2-Tutorials/robot_ws/install/tb3_teleop/share/ament_index/resource_index/packages
[1.798s] copying package.xml -> /home/ubuntu/ROS2-Tutorials/robot_ws/install/tb3_teleop/share/tb3_teleop
[1.798s] running install_egg_info
[1.801s] Copying ../../build/tb3_teleop/tb3_teleop.egg-info to /home/ubuntu/ROS2-Tutorials/robot_ws/install/tb3_teleop/lib/python3.8/site-packages/tb3_teleop-0.0.0-py3.8.egg-info
[1.804s] running install_scripts
[1.824s] Installing teleop script to /home/ubuntu/ROS2-Tutorials/robot_ws/install/tb3_teleop/lib/tb3_teleop
[1.825s] writing list of installed files to '/home/ubuntu/ROS2-Tutorials/robot_ws/build/tb3_teleop/install.log'
[1.877s] Invoked command in '/home/ubuntu/ROS2-Tutorials/robot_ws/src/tb3_teleop' returned '0': PYTHONPATH=/home/ubuntu/ROS2-Tutorials/robot_ws/install/tb3_teleop/lib/python3.8/site-packages:${PYTHONPATH} /usr/bin/python3 setup.py egg_info --egg-base ../../build/tb3_teleop build --build-base /home/ubuntu/ROS2-Tutorials/robot_ws/build/tb3_teleop/build install --prefix /home/ubuntu/ROS2-Tutorials/robot_ws/install/tb3_teleop --record /home/ubuntu/ROS2-Tutorials/robot_ws/build/tb3_teleop/install.log --single-version-externally-managed
