[1.592s] Invoking command in '/home/ubuntu/ROS2-Tutorials/robot_ws/src/pubsub': PYTHONPATH=/home/ubuntu/ROS2-Tutorials/robot_ws/install/pubsub/lib/python3.8/site-packages:${PYTHONPATH} /usr/bin/python3 setup.py egg_info --egg-base ../../build/pubsub build --build-base /home/ubuntu/ROS2-Tutorials/robot_ws/build/pubsub/build install --prefix /home/ubuntu/ROS2-Tutorials/robot_ws/install/pubsub --record /home/ubuntu/ROS2-Tutorials/robot_ws/build/pubsub/install.log --single-version-externally-managed
[1.893s] running egg_info
[1.894s] writing ../../build/pubsub/pubsub.egg-info/PKG-INFO
[1.894s] writing dependency_links to ../../build/pubsub/pubsub.egg-info/dependency_links.txt
[1.895s] writing entry points to ../../build/pubsub/pubsub.egg-info/entry_points.txt
[1.895s] writing requirements to ../../build/pubsub/pubsub.egg-info/requires.txt
[1.895s] writing top-level names to ../../build/pubsub/pubsub.egg-info/top_level.txt
[1.945s] reading manifest file '../../build/pubsub/pubsub.egg-info/SOURCES.txt'
[1.946s] writing manifest file '../../build/pubsub/pubsub.egg-info/SOURCES.txt'
[1.946s] running build
[1.946s] running build_py
[1.953s] running install
[1.953s] running install_lib
[1.953s] running install_data
[1.954s] running install_egg_info
[1.955s] removing '/home/ubuntu/ROS2-Tutorials/robot_ws/install/pubsub/lib/python3.8/site-packages/pubsub-0.0.0-py3.8.egg-info' (and everything under it)
[1.955s] Copying ../../build/pubsub/pubsub.egg-info to /home/ubuntu/ROS2-Tutorials/robot_ws/install/pubsub/lib/python3.8/site-packages/pubsub-0.0.0-py3.8.egg-info
[1.957s] running install_scripts
[1.991s] Installing myfirstpublisher script to /home/ubuntu/ROS2-Tutorials/robot_ws/install/pubsub/lib/pubsub
[1.992s] Installing myfirstsubscriber script to /home/ubuntu/ROS2-Tutorials/robot_ws/install/pubsub/lib/pubsub
[1.993s] writing list of installed files to '/home/ubuntu/ROS2-Tutorials/robot_ws/build/pubsub/install.log'
