[1.413s] Invoking command in '/home/ubuntu/ROS2-Tutorials/robot_ws/build/turtlesim': CMAKE_PREFIX_PATH=${CMAKE_PREFIX_PATH}:/home/ubuntu/robot_ws/install/tb3_teleop:/home/ubuntu/robot_ws/install/srv_examples:/home/ubuntu/robot_ws/install/rqt_joy:/home/ubuntu/robot_ws/install/pubsub:/home/ubuntu/robot_ws/install/myfirstpackage:/opt/ros/foxy /usr/bin/cmake /home/ubuntu/ROS2-Tutorials/robot_ws/src/ros_tutorials/turtlesim -DCMAKE_INSTALL_PREFIX=/home/ubuntu/ROS2-Tutorials/robot_ws/install/turtlesim
[1.474s] -- The C compiler identification is GNU 9.3.0
[1.555s] -- The CXX compiler identification is GNU 9.3.0
[1.562s] -- Check for working C compiler: /usr/bin/cc
[1.655s] -- Check for working C compiler: /usr/bin/cc -- works
[1.656s] -- Detecting C compiler ABI info
[1.752s] -- Detecting C compiler ABI info - done
[1.770s] -- Detecting C compile features
[1.771s] -- Detecting C compile features - done
[1.780s] -- Check for working CXX compiler: /usr/bin/c++
[1.893s] -- Check for working CXX compiler: /usr/bin/c++ -- works
[1.894s] -- Detecting CXX compiler ABI info
[1.986s] -- Detecting CXX compiler ABI info - done
[2.002s] -- Detecting CXX compile features
[2.002s] -- Detecting CXX compile features - done
[2.006s] -- Found ament_cmake: 0.9.8 (/opt/ros/foxy/share/ament_cmake/cmake)
[2.034s] -- Found PythonInterp: /usr/bin/python3 (found suitable version "3.8.5", minimum required is "3") 
[2.034s] -- Using PYTHON_EXECUTABLE: /usr/bin/python3
[2.247s] -- Found ament_index_cpp: 1.0.2 (/opt/ros/foxy/share/ament_index_cpp/cmake)
[2.252s] -- Found geometry_msgs: 2.0.3 (/opt/ros/foxy/share/geometry_msgs/cmake)
[2.291s] -- Using all available rosidl_typesupport_c: rosidl_typesupport_fastrtps_c;rosidl_typesupport_introspection_c
[2.301s] -- Found rosidl_adapter: 1.2.0 (/opt/ros/foxy/share/rosidl_adapter/cmake)
[2.406s] -- Found OpenSSL: /usr/lib/x86_64-linux-gnu/libcrypto.so (found version "1.1.1f")  
[2.445s] -- Found FastRTPS: /opt/ros/foxy/include  
[2.551s] -- Using all available rosidl_typesupport_cpp: rosidl_typesupport_fastrtps_cpp;rosidl_typesupport_introspection_cpp
[2.668s] -- Found rclcpp: 2.3.0 (/opt/ros/foxy/share/rclcpp/cmake)
[2.723s] -- Found rmw_implementation_cmake: 1.0.2 (/opt/ros/foxy/share/rmw_implementation_cmake/cmake)
[2.725s] -- Using RMW implementation 'rmw_fastrtps_cpp' as default
[2.726s] -- Looking for pthread.h
[2.801s] -- Looking for pthread.h - found
[2.801s] -- Performing Test CMAKE_HAVE_LIBC_PTHREAD
[2.879s] -- Performing Test CMAKE_HAVE_LIBC_PTHREAD - Failed
[2.880s] -- Looking for pthread_create in pthreads
[2.941s] -- Looking for pthread_create in pthreads - not found
[2.941s] -- Looking for pthread_create in pthread
[3.012s] -- Looking for pthread_create in pthread - found
[3.013s] -- Found Threads: TRUE  
[3.180s] -- Found rclcpp_action: 2.3.0 (/opt/ros/foxy/share/rclcpp_action/cmake)
[3.273s] -- Found rosidl_default_generators: 1.0.0 (/opt/ros/foxy/share/rosidl_default_generators/cmake)
[3.289s] -- Found std_srvs: 2.0.3 (/opt/ros/foxy/share/std_srvs/cmake)
[3.325s] -- Found PythonInterp: /usr/bin/python3 (found version "3.8.5") 
[3.530s] -- Found ament_cmake_ros: 0.9.1 (/opt/ros/foxy/share/ament_cmake_ros/cmake)
[3.705s] -- Using all available rosidl_typesupport_c: rosidl_typesupport_fastrtps_c;rosidl_typesupport_introspection_c
[3.739s] -- Using all available rosidl_typesupport_cpp: rosidl_typesupport_fastrtps_cpp;rosidl_typesupport_introspection_cpp
[3.765s] -- Found PythonInterp: /usr/bin/python3 (found suitable version "3.8.5", minimum required is "3.5") 
[3.768s] -- Found python_cmake_module: 0.8.0 (/opt/ros/foxy/share/python_cmake_module/cmake)
[3.794s] -- Found PythonLibs: /usr/lib/x86_64-linux-gnu/libpython3.8.so (found suitable version "3.8.5", minimum required is "3.5") 
[3.794s] -- Using PYTHON_EXECUTABLE: /usr/bin/python3
[3.794s] -- Using PYTHON_INCLUDE_DIRS: /usr/include/python3.8
[3.794s] -- Using PYTHON_LIBRARIES: /usr/lib/x86_64-linux-gnu/libpython3.8.so
[3.816s] -- Found PythonExtra: .so  
[3.897s] -- Configuring done
[4.008s] -- Generating done
[4.012s] -- Build files have been written to: /home/ubuntu/ROS2-Tutorials/robot_ws/build/turtlesim
[4.022s] Invoked command in '/home/ubuntu/ROS2-Tutorials/robot_ws/build/turtlesim' returned '0': CMAKE_PREFIX_PATH=${CMAKE_PREFIX_PATH}:/home/ubuntu/robot_ws/install/tb3_teleop:/home/ubuntu/robot_ws/install/srv_examples:/home/ubuntu/robot_ws/install/rqt_joy:/home/ubuntu/robot_ws/install/pubsub:/home/ubuntu/robot_ws/install/myfirstpackage:/opt/ros/foxy /usr/bin/cmake /home/ubuntu/ROS2-Tutorials/robot_ws/src/ros_tutorials/turtlesim -DCMAKE_INSTALL_PREFIX=/home/ubuntu/ROS2-Tutorials/robot_ws/install/turtlesim
[4.026s] Invoking command in '/home/ubuntu/ROS2-Tutorials/robot_ws/build/turtlesim': CMAKE_PREFIX_PATH=${CMAKE_PREFIX_PATH}:/home/ubuntu/robot_ws/install/tb3_teleop:/home/ubuntu/robot_ws/install/srv_examples:/home/ubuntu/robot_ws/install/rqt_joy:/home/ubuntu/robot_ws/install/pubsub:/home/ubuntu/robot_ws/install/myfirstpackage:/opt/ros/foxy /usr/bin/cmake --build /home/ubuntu/ROS2-Tutorials/robot_ws/build/turtlesim -- -j12 -l12
[4.076s] [  1%] [34m[1mGenerating C code for ROS interfaces[0m
[4.076s] [35m[1mScanning dependencies of target turtlesim__cpp[0m
[4.088s] [  2%] [34m[1mGenerating C++ code for ROS interfaces[0m
[5.149s] [35m[1mScanning dependencies of target turtlesim__rosidl_generator_c[0m
[5.151s] [  2%] Built target turtlesim__cpp
[5.168s] [  3%] [34m[1mGenerating C++ introspection for ROS interfaces[0m
[5.169s] [  4%] [34m[1mGenerating C++ type support dispatch for ROS interfaces[0m
[5.169s] [  5%] [34m[1mGenerating C++ type support for eProsima Fast-RTPS[0m
[5.177s] [  7%] [32mBuilding C object CMakeFiles/turtlesim__rosidl_generator_c.dir/rosidl_generator_c/turtlesim/msg/detail/color__functions.c.o[0m
[5.177s] [  7%] [32mBuilding C object CMakeFiles/turtlesim__rosidl_generator_c.dir/rosidl_generator_c/turtlesim/action/detail/rotate_absolute__functions.c.o[0m
[5.178s] [  9%] [32mBuilding C object CMakeFiles/turtlesim__rosidl_generator_c.dir/rosidl_generator_c/turtlesim/srv/detail/spawn__functions.c.o[0m
[5.178s] [  9%] [32mBuilding C object CMakeFiles/turtlesim__rosidl_generator_c.dir/rosidl_generator_c/turtlesim/msg/detail/pose__functions.c.o[0m
[5.178s] [ 10%] [32mBuilding C object CMakeFiles/turtlesim__rosidl_generator_c.dir/rosidl_generator_c/turtlesim/srv/detail/set_pen__functions.c.o[0m
[5.178s] [ 11%] [32mBuilding C object CMakeFiles/turtlesim__rosidl_generator_c.dir/rosidl_generator_c/turtlesim/srv/detail/kill__functions.c.o[0m
[5.179s] [ 12%] [32mBuilding C object CMakeFiles/turtlesim__rosidl_generator_c.dir/rosidl_generator_c/turtlesim/srv/detail/teleport_absolute__functions.c.o[0m
[5.182s] [ 13%] [32mBuilding C object CMakeFiles/turtlesim__rosidl_generator_c.dir/rosidl_generator_c/turtlesim/srv/detail/teleport_relative__functions.c.o[0m
[5.315s] [ 14%] [32m[1mLinking C shared library libturtlesim__rosidl_generator_c.so[0m
[5.366s] [ 14%] Built target turtlesim__rosidl_generator_c
[5.379s] [ 15%] [34m[1mGenerating C type support dispatch for ROS interfaces[0m
[5.384s] [ 16%] [34m[1mGenerating C introspection for ROS interfaces[0m
[5.965s] [35m[1mScanning dependencies of target turtlesim__rosidl_typesupport_cpp[0m
[5.998s] [ 17%] [32mBuilding CXX object CMakeFiles/turtlesim__rosidl_typesupport_cpp.dir/rosidl_typesupport_cpp/turtlesim/action/rotate_absolute__type_support.cpp.o[0m
[5.999s] [ 19%] [32mBuilding CXX object CMakeFiles/turtlesim__rosidl_typesupport_cpp.dir/rosidl_typesupport_cpp/turtlesim/srv/set_pen__type_support.cpp.o[0m
[5.999s] [ 19%] [32mBuilding CXX object CMakeFiles/turtlesim__rosidl_typesupport_cpp.dir/rosidl_typesupport_cpp/turtlesim/srv/kill__type_support.cpp.o[0m
[5.999s] [ 20%] [32mBuilding CXX object CMakeFiles/turtlesim__rosidl_typesupport_cpp.dir/rosidl_typesupport_cpp/turtlesim/srv/spawn__type_support.cpp.o[0m
[6.000s] [ 21%] [32mBuilding CXX object CMakeFiles/turtlesim__rosidl_typesupport_cpp.dir/rosidl_typesupport_cpp/turtlesim/msg/color__type_support.cpp.o[0m
[6.000s] [ 22%] [32mBuilding CXX object CMakeFiles/turtlesim__rosidl_typesupport_cpp.dir/rosidl_typesupport_cpp/turtlesim/msg/pose__type_support.cpp.o[0m
[6.002s] [ 23%] [32mBuilding CXX object CMakeFiles/turtlesim__rosidl_typesupport_cpp.dir/rosidl_typesupport_cpp/turtlesim/srv/teleport_absolute__type_support.cpp.o[0m
[6.017s] [ 24%] [32mBuilding CXX object CMakeFiles/turtlesim__rosidl_typesupport_cpp.dir/rosidl_typesupport_cpp/turtlesim/srv/teleport_relative__type_support.cpp.o[0m
[6.344s] [35m[1mScanning dependencies of target turtlesim__rosidl_typesupport_introspection_cpp[0m
[6.366s] [35m[1mScanning dependencies of target turtlesim__rosidl_typesupport_c[0m
[6.383s] [ 25%] [32mBuilding CXX object CMakeFiles/turtlesim__rosidl_typesupport_introspection_cpp.dir/rosidl_typesupport_introspection_cpp/turtlesim/action/detail/rotate_absolute__type_support.cpp.o[0m
[6.401s] [ 26%] [32mBuilding CXX object CMakeFiles/turtlesim__rosidl_typesupport_c.dir/rosidl_typesupport_c/turtlesim/action/rotate_absolute__type_support.cpp.o[0m
[6.499s] [ 27%] [32mBuilding CXX object CMakeFiles/turtlesim__rosidl_typesupport_c.dir/rosidl_typesupport_c/turtlesim/msg/color__type_support.cpp.o[0m
[6.531s] [ 28%] [32mBuilding CXX object CMakeFiles/turtlesim__rosidl_typesupport_c.dir/rosidl_typesupport_c/turtlesim/msg/pose__type_support.cpp.o[0m
[6.552s] [ 29%] [32mBuilding CXX object CMakeFiles/turtlesim__rosidl_typesupport_c.dir/rosidl_typesupport_c/turtlesim/srv/kill__type_support.cpp.o[0m
[6.554s] [ 30%] [32mBuilding CXX object CMakeFiles/turtlesim__rosidl_typesupport_c.dir/rosidl_typesupport_c/turtlesim/srv/set_pen__type_support.cpp.o[0m
[6.557s] [ 31%] [32mBuilding CXX object CMakeFiles/turtlesim__rosidl_typesupport_introspection_cpp.dir/rosidl_typesupport_introspection_cpp/turtlesim/msg/detail/color__type_support.cpp.o[0m
[6.572s] [ 32%] [32mBuilding CXX object CMakeFiles/turtlesim__rosidl_typesupport_c.dir/rosidl_typesupport_c/turtlesim/srv/spawn__type_support.cpp.o[0m
[6.586s] [ 33%] [32mBuilding CXX object CMakeFiles/turtlesim__rosidl_typesupport_c.dir/rosidl_typesupport_c/turtlesim/srv/teleport_absolute__type_support.cpp.o[0m
[6.602s] [ 34%] [32mBuilding CXX object CMakeFiles/turtlesim__rosidl_typesupport_c.dir/rosidl_typesupport_c/turtlesim/srv/teleport_relative__type_support.cpp.o[0m
[6.608s] [ 35%] [32mBuilding CXX object CMakeFiles/turtlesim__rosidl_typesupport_introspection_cpp.dir/rosidl_typesupport_introspection_cpp/turtlesim/msg/detail/pose__type_support.cpp.o[0m
[6.611s] [ 37%] [32mBuilding CXX object CMakeFiles/turtlesim__rosidl_typesupport_introspection_cpp.dir/rosidl_typesupport_introspection_cpp/turtlesim/srv/detail/kill__type_support.cpp.o[0m
[6.611s] [ 37%] [32mBuilding CXX object CMakeFiles/turtlesim__rosidl_typesupport_introspection_cpp.dir/rosidl_typesupport_introspection_cpp/turtlesim/srv/detail/set_pen__type_support.cpp.o[0m
[6.613s] [35m[1mScanning dependencies of target turtlesim__rosidl_typesupport_fastrtps_cpp[0m
[6.615s] [ 38%] [32m[1mLinking CXX shared library libturtlesim__rosidl_typesupport_cpp.so[0m
[6.630s] [ 39%] [32mBuilding CXX object CMakeFiles/turtlesim__rosidl_typesupport_introspection_cpp.dir/rosidl_typesupport_introspection_cpp/turtlesim/srv/detail/spawn__type_support.cpp.o[0m
[6.642s] [ 40%] [32mBuilding CXX object CMakeFiles/turtlesim__rosidl_typesupport_introspection_cpp.dir/rosidl_typesupport_introspection_cpp/turtlesim/srv/detail/teleport_absolute__type_support.cpp.o[0m
[6.649s] [ 41%] [32mBuilding CXX object CMakeFiles/turtlesim__rosidl_typesupport_introspection_cpp.dir/rosidl_typesupport_introspection_cpp/turtlesim/srv/detail/teleport_relative__type_support.cpp.o[0m
[6.657s] [35m[1mScanning dependencies of target turtlesim__rosidl_typesupport_introspection_c[0m
[6.667s] [ 42%] [32m[1mLinking CXX shared library libturtlesim__rosidl_typesupport_c.so[0m
[6.677s] [ 43%] [32mBuilding CXX object CMakeFiles/turtlesim__rosidl_typesupport_fastrtps_cpp.dir/rosidl_typesupport_fastrtps_cpp/turtlesim/action/detail/dds_fastrtps/rotate_absolute__type_support.cpp.o[0m
[6.693s] [ 44%] [32mBuilding C object CMakeFiles/turtlesim__rosidl_typesupport_introspection_c.dir/rosidl_typesupport_introspection_c/turtlesim/action/detail/rotate_absolute__type_support.c.o[0m
[6.694s] [ 44%] Built target turtlesim__rosidl_typesupport_cpp
[6.712s] [ 45%] [32mBuilding C object CMakeFiles/turtlesim__rosidl_typesupport_introspection_c.dir/rosidl_typesupport_introspection_c/turtlesim/msg/detail/color__type_support.c.o[0m
[6.747s] [ 45%] Built target turtlesim__rosidl_typesupport_c
[6.764s] [ 46%] [32mBuilding CXX object CMakeFiles/turtlesim__rosidl_typesupport_fastrtps_cpp.dir/rosidl_typesupport_fastrtps_cpp/turtlesim/msg/detail/dds_fastrtps/color__type_support.cpp.o[0m
[6.774s] [ 47%] [32mBuilding C object CMakeFiles/turtlesim__rosidl_typesupport_introspection_c.dir/rosidl_typesupport_introspection_c/turtlesim/msg/detail/pose__type_support.c.o[0m
[6.780s] [ 48%] [32mBuilding C object CMakeFiles/turtlesim__rosidl_typesupport_introspection_c.dir/rosidl_typesupport_introspection_c/turtlesim/srv/detail/kill__type_support.c.o[0m
[6.836s] [ 49%] [32mBuilding C object CMakeFiles/turtlesim__rosidl_typesupport_introspection_c.dir/rosidl_typesupport_introspection_c/turtlesim/srv/detail/set_pen__type_support.c.o[0m
[6.848s] [ 50%] [32mBuilding C object CMakeFiles/turtlesim__rosidl_typesupport_introspection_c.dir/rosidl_typesupport_introspection_c/turtlesim/srv/detail/spawn__type_support.c.o[0m
[6.899s] [ 51%] [32mBuilding C object CMakeFiles/turtlesim__rosidl_typesupport_introspection_c.dir/rosidl_typesupport_introspection_c/turtlesim/srv/detail/teleport_absolute__type_support.c.o[0m
[6.919s] [ 52%] [32mBuilding C object CMakeFiles/turtlesim__rosidl_typesupport_introspection_c.dir/rosidl_typesupport_introspection_c/turtlesim/srv/detail/teleport_relative__type_support.c.o[0m
[6.967s] [ 53%] [32mBuilding CXX object CMakeFiles/turtlesim__rosidl_typesupport_fastrtps_cpp.dir/rosidl_typesupport_fastrtps_cpp/turtlesim/msg/detail/dds_fastrtps/pose__type_support.cpp.o[0m
[6.989s] [ 54%] [32m[1mLinking C shared library libturtlesim__rosidl_typesupport_introspection_c.so[0m
[7.006s] [ 55%] [32mBuilding CXX object CMakeFiles/turtlesim__rosidl_typesupport_fastrtps_cpp.dir/rosidl_typesupport_fastrtps_cpp/turtlesim/srv/detail/dds_fastrtps/kill__type_support.cpp.o[0m
[7.054s] [ 55%] Built target turtlesim__rosidl_typesupport_introspection_c
[7.071s] [ 56%] [32mBuilding CXX object CMakeFiles/turtlesim__rosidl_typesupport_fastrtps_cpp.dir/rosidl_typesupport_fastrtps_cpp/turtlesim/srv/detail/dds_fastrtps/set_pen__type_support.cpp.o[0m
[7.094s] [ 57%] [32mBuilding CXX object CMakeFiles/turtlesim__rosidl_typesupport_fastrtps_cpp.dir/rosidl_typesupport_fastrtps_cpp/turtlesim/srv/detail/dds_fastrtps/spawn__type_support.cpp.o[0m
[7.148s] [ 58%] [32mBuilding CXX object CMakeFiles/turtlesim__rosidl_typesupport_fastrtps_cpp.dir/rosidl_typesupport_fastrtps_cpp/turtlesim/srv/detail/dds_fastrtps/teleport_absolute__type_support.cpp.o[0m
[7.170s] [ 59%] [32mBuilding CXX object CMakeFiles/turtlesim__rosidl_typesupport_fastrtps_cpp.dir/rosidl_typesupport_fastrtps_cpp/turtlesim/srv/detail/dds_fastrtps/teleport_relative__type_support.cpp.o[0m
[7.208s] [ 60%] [32m[1mLinking CXX shared library libturtlesim__rosidl_typesupport_introspection_cpp.so[0m
[7.344s] [ 60%] Built target turtlesim__rosidl_typesupport_introspection_cpp
[7.817s] [ 61%] [32m[1mLinking CXX shared library libturtlesim__rosidl_typesupport_fastrtps_cpp.so[0m
[7.927s] [ 61%] Built target turtlesim__rosidl_typesupport_fastrtps_cpp
[7.941s] [ 62%] [34m[1mGenerating C type support for eProsima Fast-RTPS[0m
[8.875s] [35m[1mScanning dependencies of target turtlesim__rosidl_typesupport_fastrtps_c[0m
[8.917s] [ 63%] [32mBuilding CXX object CMakeFiles/turtlesim__rosidl_typesupport_fastrtps_c.dir/rosidl_typesupport_fastrtps_c/turtlesim/srv/detail/teleport_absolute__type_support_c.cpp.o[0m
[8.918s] [ 64%] [32mBuilding CXX object CMakeFiles/turtlesim__rosidl_typesupport_fastrtps_c.dir/rosidl_typesupport_fastrtps_c/turtlesim/msg/detail/color__type_support_c.cpp.o[0m
[8.918s] [ 65%] [32mBuilding CXX object CMakeFiles/turtlesim__rosidl_typesupport_fastrtps_c.dir/rosidl_typesupport_fastrtps_c/turtlesim/action/detail/rotate_absolute__type_support_c.cpp.o[0m
[8.918s] [ 66%] [32mBuilding CXX object CMakeFiles/turtlesim__rosidl_typesupport_fastrtps_c.dir/rosidl_typesupport_fastrtps_c/turtlesim/msg/detail/pose__type_support_c.cpp.o[0m
[8.920s] [ 67%] [32mBuilding CXX object CMakeFiles/turtlesim__rosidl_typesupport_fastrtps_c.dir/rosidl_typesupport_fastrtps_c/turtlesim/srv/detail/set_pen__type_support_c.cpp.o[0m
[8.920s] [ 68%] [32mBuilding CXX object CMakeFiles/turtlesim__rosidl_typesupport_fastrtps_c.dir/rosidl_typesupport_fastrtps_c/turtlesim/srv/detail/kill__type_support_c.cpp.o[0m
[8.920s] [ 69%] [32mBuilding CXX object CMakeFiles/turtlesim__rosidl_typesupport_fastrtps_c.dir/rosidl_typesupport_fastrtps_c/turtlesim/srv/detail/teleport_relative__type_support_c.cpp.o[0m
[8.921s] [ 70%] [32mBuilding CXX object CMakeFiles/turtlesim__rosidl_typesupport_fastrtps_c.dir/rosidl_typesupport_fastrtps_c/turtlesim/srv/detail/spawn__type_support_c.cpp.o[0m
[9.564s] [ 71%] [32m[1mLinking CXX shared library libturtlesim__rosidl_typesupport_fastrtps_c.so[0m
[9.660s] [ 71%] Built target turtlesim__rosidl_typesupport_fastrtps_c
[9.671s] [35m[1mScanning dependencies of target turtlesim[0m
[9.683s] [ 71%] Built target turtlesim
[9.696s] [35m[1mScanning dependencies of target draw_square[0m
[9.697s] [35m[1mScanning dependencies of target mimic[0m
[9.697s] [ 72%] [34m[1mGenerating include/turtlesim/moc_turtle_frame.cpp[0m
[9.697s] [35m[1mScanning dependencies of target turtle_teleop_key[0m
[9.698s] [35m[1mScanning dependencies of target turtlesim__py[0m
[9.710s] [ 73%] [34m[1mGenerating Python code for ROS interfaces[0m
[9.755s] [ 74%] [32mBuilding CXX object CMakeFiles/mimic.dir/tutorials/mimic.cpp.o[0m
[9.756s] [ 75%] [32mBuilding CXX object CMakeFiles/draw_square.dir/tutorials/draw_square.cpp.o[0m
[9.762s] [35m[1mScanning dependencies of target turtlesim_node[0m
[9.765s] [ 76%] [32mBuilding CXX object CMakeFiles/turtle_teleop_key.dir/tutorials/teleop_turtle_key.cpp.o[0m
[9.893s] [ 77%] [32mBuilding CXX object CMakeFiles/turtlesim_node.dir/src/turtlesim.cpp.o[0m
[9.895s] [ 78%] [32mBuilding CXX object CMakeFiles/turtlesim_node.dir/src/turtle.cpp.o[0m
[9.895s] [ 80%] [32mBuilding CXX object CMakeFiles/turtlesim_node.dir/include/turtlesim/moc_turtle_frame.cpp.o[0m
[9.895s] [ 80%] [32mBuilding CXX object CMakeFiles/turtlesim_node.dir/src/turtle_frame.cpp.o[0m
[13.210s] [ 80%] Built target turtlesim__py
[13.231s] [35m[1mScanning dependencies of target turtlesim__python[0m
[13.317s] [ 81%] [32mBuilding C object CMakeFiles/turtlesim__python.dir/rosidl_generator_py/turtlesim/msg/_color_s.c.o[0m
[13.319s] [ 82%] [32mBuilding C object CMakeFiles/turtlesim__python.dir/rosidl_generator_py/turtlesim/action/_rotate_absolute_s.c.o[0m
[13.323s] [ 83%] [32mBuilding C object CMakeFiles/turtlesim__python.dir/rosidl_generator_py/turtlesim/msg/_pose_s.c.o[0m
[13.325s] [ 84%] [32mBuilding C object CMakeFiles/turtlesim__python.dir/rosidl_generator_py/turtlesim/srv/_kill_s.c.o[0m
[13.329s] [ 85%] [32mBuilding C object CMakeFiles/turtlesim__python.dir/rosidl_generator_py/turtlesim/srv/_set_pen_s.c.o[0m
[13.548s] [ 86%] [32mBuilding C object CMakeFiles/turtlesim__python.dir/rosidl_generator_py/turtlesim/srv/_spawn_s.c.o[0m
[13.567s] [ 87%] [32mBuilding C object CMakeFiles/turtlesim__python.dir/rosidl_generator_py/turtlesim/srv/_teleport_absolute_s.c.o[0m
[13.588s] [ 88%] [32mBuilding C object CMakeFiles/turtlesim__python.dir/rosidl_generator_py/turtlesim/srv/_teleport_relative_s.c.o[0m
[13.840s] [ 89%] [32m[1mLinking C shared library rosidl_generator_py/turtlesim/libturtlesim__python.so[0m
[13.921s] [ 89%] Built target turtlesim__python
[13.943s] [35m[1mScanning dependencies of target turtlesim__rosidl_typesupport_fastrtps_c__pyext[0m
[13.944s] [35m[1mScanning dependencies of target turtlesim__rosidl_typesupport_introspection_c__pyext[0m
[13.944s] [35m[1mScanning dependencies of target turtlesim__rosidl_typesupport_c__pyext[0m
[13.992s] [ 90%] [32mBuilding C object CMakeFiles/turtlesim__rosidl_typesupport_introspection_c__pyext.dir/rosidl_generator_py/turtlesim/_turtlesim_s.ep.rosidl_typesupport_introspection_c.c.o[0m
[14.003s] [ 91%] [32mBuilding C object CMakeFiles/turtlesim__rosidl_typesupport_c__pyext.dir/rosidl_generator_py/turtlesim/_turtlesim_s.ep.rosidl_typesupport_c.c.o[0m
[14.004s] [ 92%] [32mBuilding C object CMakeFiles/turtlesim__rosidl_typesupport_fastrtps_c__pyext.dir/rosidl_generator_py/turtlesim/_turtlesim_s.ep.rosidl_typesupport_fastrtps_c.c.o[0m
[14.284s] [ 93%] [32m[1mLinking C shared library rosidl_generator_py/turtlesim/turtlesim_s__rosidl_typesupport_introspection_c.cpython-38-x86_64-linux-gnu.so[0m
[14.310s] [ 94%] [32m[1mLinking C shared library rosidl_generator_py/turtlesim/turtlesim_s__rosidl_typesupport_c.cpython-38-x86_64-linux-gnu.so[0m
[14.318s] [ 95%] [32m[1mLinking CXX shared library rosidl_generator_py/turtlesim/turtlesim_s__rosidl_typesupport_fastrtps_c.cpython-38-x86_64-linux-gnu.so[0m
[14.353s] [ 95%] Built target turtlesim__rosidl_typesupport_introspection_c__pyext
[14.386s] [ 95%] Built target turtlesim__rosidl_typesupport_c__pyext
[14.436s] [ 95%] Built target turtlesim__rosidl_typesupport_fastrtps_c__pyext
[17.152s] [ 96%] [32m[1mLinking CXX executable turtle_teleop_key[0m
[17.490s] [ 96%] Built target turtle_teleop_key
[18.292s] [ 97%] [32m[1mLinking CXX executable mimic[0m
[18.604s] [ 97%] Built target mimic
[19.294s] [ 98%] [32m[1mLinking CXX executable draw_square[0m
[19.658s] [ 98%] Built target draw_square
[21.839s] [100%] [32m[1mLinking CXX executable turtlesim_node[0m
[23.679s] [100%] Built target turtlesim_node
[23.693s] Invoked command in '/home/ubuntu/ROS2-Tutorials/robot_ws/build/turtlesim' returned '0': CMAKE_PREFIX_PATH=${CMAKE_PREFIX_PATH}:/home/ubuntu/robot_ws/install/tb3_teleop:/home/ubuntu/robot_ws/install/srv_examples:/home/ubuntu/robot_ws/install/rqt_joy:/home/ubuntu/robot_ws/install/pubsub:/home/ubuntu/robot_ws/install/myfirstpackage:/opt/ros/foxy /usr/bin/cmake --build /home/ubuntu/ROS2-Tutorials/robot_ws/build/turtlesim -- -j12 -l12
[23.969s] Invoking command in '/home/ubuntu/ROS2-Tutorials/robot_ws/build/turtlesim': CMAKE_PREFIX_PATH=${CMAKE_PREFIX_PATH}:/home/ubuntu/robot_ws/install/tb3_teleop:/home/ubuntu/robot_ws/install/srv_examples:/home/ubuntu/robot_ws/install/rqt_joy:/home/ubuntu/robot_ws/install/pubsub:/home/ubuntu/robot_ws/install/myfirstpackage:/opt/ros/foxy /usr/bin/cmake --install /home/ubuntu/ROS2-Tutorials/robot_ws/build/turtlesim
[23.980s] -- Install configuration: ""
[23.980s] -- Installing: /home/ubuntu/ROS2-Tutorials/robot_ws/install/turtlesim/share/ament_index/resource_index/rosidl_interfaces/turtlesim
[23.981s] -- Installing: /home/ubuntu/ROS2-Tutorials/robot_ws/install/turtlesim/include/turtlesim
[23.981s] -- Installing: /home/ubuntu/ROS2-Tutorials/robot_ws/install/turtlesim/include/turtlesim/srv
[23.981s] -- Installing: /home/ubuntu/ROS2-Tutorials/robot_ws/install/turtlesim/include/turtlesim/srv/kill.h
[23.981s] -- Installing: /home/ubuntu/ROS2-Tutorials/robot_ws/install/turtlesim/include/turtlesim/srv/teleport_absolute.h
[23.982s] -- Installing: /home/ubuntu/ROS2-Tutorials/robot_ws/install/turtlesim/include/turtlesim/srv/spawn.h
[23.982s] -- Installing: /home/ubuntu/ROS2-Tutorials/robot_ws/install/turtlesim/include/turtlesim/srv/set_pen.h
[23.982s] -- Installing: /home/ubuntu/ROS2-Tutorials/robot_ws/install/turtlesim/include/turtlesim/srv/detail
[23.982s] -- Installing: /home/ubuntu/ROS2-Tutorials/robot_ws/install/turtlesim/include/turtlesim/srv/detail/teleport_absolute__functions.h
[23.983s] -- Installing: /home/ubuntu/ROS2-Tutorials/robot_ws/install/turtlesim/include/turtlesim/srv/detail/spawn__type_support.h
[23.983s] -- Installing: /home/ubuntu/ROS2-Tutorials/robot_ws/install/turtlesim/include/turtlesim/srv/detail/teleport_relative__type_support.h
[23.983s] -- Installing: /home/ubuntu/ROS2-Tutorials/robot_ws/install/turtlesim/include/turtlesim/srv/detail/teleport_absolute__type_support.h
[23.983s] -- Installing: /home/ubuntu/ROS2-Tutorials/robot_ws/install/turtlesim/include/turtlesim/srv/detail/set_pen__struct.h
[23.984s] -- Installing: /home/ubuntu/ROS2-Tutorials/robot_ws/install/turtlesim/include/turtlesim/srv/detail/kill__struct.h
[23.984s] -- Installing: /home/ubuntu/ROS2-Tutorials/robot_ws/install/turtlesim/include/turtlesim/srv/detail/teleport_relative__functions.h
[23.984s] -- Installing: /home/ubuntu/ROS2-Tutorials/robot_ws/install/turtlesim/include/turtlesim/srv/detail/teleport_absolute__functions.c
[23.984s] -- Installing: /home/ubuntu/ROS2-Tutorials/robot_ws/install/turtlesim/include/turtlesim/srv/detail/teleport_absolute__struct.h
[23.985s] -- Installing: /home/ubuntu/ROS2-Tutorials/robot_ws/install/turtlesim/include/turtlesim/srv/detail/spawn__functions.c
[23.985s] -- Installing: /home/ubuntu/ROS2-Tutorials/robot_ws/install/turtlesim/include/turtlesim/srv/detail/teleport_relative__functions.c
[23.985s] -- Installing: /home/ubuntu/ROS2-Tutorials/robot_ws/install/turtlesim/include/turtlesim/srv/detail/spawn__struct.h
[23.985s] -- Installing: /home/ubuntu/ROS2-Tutorials/robot_ws/install/turtlesim/include/turtlesim/srv/detail/teleport_relative__struct.h
[23.986s] -- Installing: /home/ubuntu/ROS2-Tutorials/robot_ws/install/turtlesim/include/turtlesim/srv/detail/kill__functions.h
[23.986s] -- Installing: /home/ubuntu/ROS2-Tutorials/robot_ws/install/turtlesim/include/turtlesim/srv/detail/kill__type_support.h
[23.986s] -- Installing: /home/ubuntu/ROS2-Tutorials/robot_ws/install/turtlesim/include/turtlesim/srv/detail/set_pen__functions.c
[23.986s] -- Installing: /home/ubuntu/ROS2-Tutorials/robot_ws/install/turtlesim/include/turtlesim/srv/detail/set_pen__type_support.h
[23.987s] -- Installing: /home/ubuntu/ROS2-Tutorials/robot_ws/install/turtlesim/include/turtlesim/srv/detail/set_pen__functions.h
[23.987s] -- Installing: /home/ubuntu/ROS2-Tutorials/robot_ws/install/turtlesim/include/turtlesim/srv/detail/spawn__functions.h
[23.987s] -- Installing: /home/ubuntu/ROS2-Tutorials/robot_ws/install/turtlesim/include/turtlesim/srv/detail/kill__functions.c
[23.988s] -- Installing: /home/ubuntu/ROS2-Tutorials/robot_ws/install/turtlesim/include/turtlesim/srv/teleport_relative.h
[23.988s] -- Installing: /home/ubuntu/ROS2-Tutorials/robot_ws/install/turtlesim/include/turtlesim/msg
[23.988s] -- Installing: /home/ubuntu/ROS2-Tutorials/robot_ws/install/turtlesim/include/turtlesim/msg/pose.h
[23.989s] -- Installing: /home/ubuntu/ROS2-Tutorials/robot_ws/install/turtlesim/include/turtlesim/msg/color.h
[23.989s] -- Installing: /home/ubuntu/ROS2-Tutorials/robot_ws/install/turtlesim/include/turtlesim/msg/rosidl_generator_c__visibility_control.h
[23.989s] -- Installing: /home/ubuntu/ROS2-Tutorials/robot_ws/install/turtlesim/include/turtlesim/msg/detail
[23.989s] -- Installing: /home/ubuntu/ROS2-Tutorials/robot_ws/install/turtlesim/include/turtlesim/msg/detail/pose__functions.h
[23.990s] -- Installing: /home/ubuntu/ROS2-Tutorials/robot_ws/install/turtlesim/include/turtlesim/msg/detail/pose__struct.h
[23.990s] -- Installing: /home/ubuntu/ROS2-Tutorials/robot_ws/install/turtlesim/include/turtlesim/msg/detail/color__struct.h
[23.990s] -- Installing: /home/ubuntu/ROS2-Tutorials/robot_ws/install/turtlesim/include/turtlesim/msg/detail/pose__functions.c
[23.990s] -- Installing: /home/ubuntu/ROS2-Tutorials/robot_ws/install/turtlesim/include/turtlesim/msg/detail/color__functions.h
[23.991s] -- Installing: /home/ubuntu/ROS2-Tutorials/robot_ws/install/turtlesim/include/turtlesim/msg/detail/color__functions.c
[23.991s] -- Installing: /home/ubuntu/ROS2-Tutorials/robot_ws/install/turtlesim/include/turtlesim/msg/detail/color__type_support.h
[23.991s] -- Installing: /home/ubuntu/ROS2-Tutorials/robot_ws/install/turtlesim/include/turtlesim/msg/detail/pose__type_support.h
[23.992s] -- Installing: /home/ubuntu/ROS2-Tutorials/robot_ws/install/turtlesim/include/turtlesim/action
[23.993s] -- Installing: /home/ubuntu/ROS2-Tutorials/robot_ws/install/turtlesim/include/turtlesim/action/rotate_absolute.h
[23.993s] -- Installing: /home/ubuntu/ROS2-Tutorials/robot_ws/install/turtlesim/include/turtlesim/action/detail
[23.994s] -- Installing: /home/ubuntu/ROS2-Tutorials/robot_ws/install/turtlesim/include/turtlesim/action/detail/rotate_absolute__functions.c
[23.996s] -- Installing: /home/ubuntu/ROS2-Tutorials/robot_ws/install/turtlesim/include/turtlesim/action/detail/rotate_absolute__type_support.h
[23.996s] -- Installing: /home/ubuntu/ROS2-Tutorials/robot_ws/install/turtlesim/include/turtlesim/action/detail/rotate_absolute__functions.h
[23.996s] -- Installing: /home/ubuntu/ROS2-Tutorials/robot_ws/install/turtlesim/include/turtlesim/action/detail/rotate_absolute__struct.h
[23.997s] -- Installing: /home/ubuntu/ROS2-Tutorials/robot_ws/install/turtlesim/share/turtlesim/environment/library_path.sh
[23.997s] -- Installing: /home/ubuntu/ROS2-Tutorials/robot_ws/install/turtlesim/share/turtlesim/environment/library_path.dsv
[23.998s] -- Installing: /home/ubuntu/ROS2-Tutorials/robot_ws/install/turtlesim/lib/libturtlesim__rosidl_generator_c.so
[23.998s] -- Set runtime path of "/home/ubuntu/ROS2-Tutorials/robot_ws/install/turtlesim/lib/libturtlesim__rosidl_generator_c.so" to ""
[23.998s] -- Up-to-date: /home/ubuntu/ROS2-Tutorials/robot_ws/install/turtlesim/include/turtlesim
[23.999s] -- Up-to-date: /home/ubuntu/ROS2-Tutorials/robot_ws/install/turtlesim/include/turtlesim/srv
[23.999s] -- Up-to-date: /home/ubuntu/ROS2-Tutorials/robot_ws/install/turtlesim/include/turtlesim/srv/detail
[23.999s] -- Installing: /home/ubuntu/ROS2-Tutorials/robot_ws/install/turtlesim/include/turtlesim/srv/detail/spawn__rosidl_typesupport_fastrtps_c.h
[24.000s] -- Installing: /home/ubuntu/ROS2-Tutorials/robot_ws/install/turtlesim/include/turtlesim/srv/detail/teleport_relative__rosidl_typesupport_fastrtps_c.h
[24.000s] -- Installing: /home/ubuntu/ROS2-Tutorials/robot_ws/install/turtlesim/include/turtlesim/srv/detail/kill__rosidl_typesupport_fastrtps_c.h
[24.000s] -- Installing: /home/ubuntu/ROS2-Tutorials/robot_ws/install/turtlesim/include/turtlesim/srv/detail/teleport_absolute__rosidl_typesupport_fastrtps_c.h
[24.001s] -- Installing: /home/ubuntu/ROS2-Tutorials/robot_ws/install/turtlesim/include/turtlesim/srv/detail/set_pen__rosidl_typesupport_fastrtps_c.h
[24.001s] -- Up-to-date: /home/ubuntu/ROS2-Tutorials/robot_ws/install/turtlesim/include/turtlesim/msg
[24.001s] -- Installing: /home/ubuntu/ROS2-Tutorials/robot_ws/install/turtlesim/include/turtlesim/msg/rosidl_typesupport_fastrtps_c__visibility_control.h
[24.002s] -- Up-to-date: /home/ubuntu/ROS2-Tutorials/robot_ws/install/turtlesim/include/turtlesim/msg/detail
[24.002s] -- Installing: /home/ubuntu/ROS2-Tutorials/robot_ws/install/turtlesim/include/turtlesim/msg/detail/color__rosidl_typesupport_fastrtps_c.h
[24.002s] -- Installing: /home/ubuntu/ROS2-Tutorials/robot_ws/install/turtlesim/include/turtlesim/msg/detail/pose__rosidl_typesupport_fastrtps_c.h
[24.003s] -- Up-to-date: /home/ubuntu/ROS2-Tutorials/robot_ws/install/turtlesim/include/turtlesim/action
[24.003s] -- Up-to-date: /home/ubuntu/ROS2-Tutorials/robot_ws/install/turtlesim/include/turtlesim/action/detail
[24.003s] -- Installing: /home/ubuntu/ROS2-Tutorials/robot_ws/install/turtlesim/include/turtlesim/action/detail/rotate_absolute__rosidl_typesupport_fastrtps_c.h
[24.003s] -- Installing: /home/ubuntu/ROS2-Tutorials/robot_ws/install/turtlesim/lib/libturtlesim__rosidl_typesupport_fastrtps_c.so
[24.004s] -- Set runtime path of "/home/ubuntu/ROS2-Tutorials/robot_ws/install/turtlesim/lib/libturtlesim__rosidl_typesupport_fastrtps_c.so" to ""
[24.004s] -- Up-to-date: /home/ubuntu/ROS2-Tutorials/robot_ws/install/turtlesim/include/turtlesim
[24.004s] -- Up-to-date: /home/ubuntu/ROS2-Tutorials/robot_ws/install/turtlesim/include/turtlesim/srv
[24.005s] -- Up-to-date: /home/ubuntu/ROS2-Tutorials/robot_ws/install/turtlesim/include/turtlesim/srv/detail
[24.005s] -- Installing: /home/ubuntu/ROS2-Tutorials/robot_ws/install/turtlesim/include/turtlesim/srv/detail/spawn__rosidl_typesupport_fastrtps_cpp.hpp
[24.005s] -- Installing: /home/ubuntu/ROS2-Tutorials/robot_ws/install/turtlesim/include/turtlesim/srv/detail/teleport_relative__rosidl_typesupport_fastrtps_cpp.hpp
[24.005s] -- Installing: /home/ubuntu/ROS2-Tutorials/robot_ws/install/turtlesim/include/turtlesim/srv/detail/teleport_absolute__rosidl_typesupport_fastrtps_cpp.hpp
[24.006s] -- Installing: /home/ubuntu/ROS2-Tutorials/robot_ws/install/turtlesim/include/turtlesim/srv/detail/dds_fastrtps
[24.006s] -- Installing: /home/ubuntu/ROS2-Tutorials/robot_ws/install/turtlesim/include/turtlesim/srv/detail/set_pen__rosidl_typesupport_fastrtps_cpp.hpp
[24.006s] -- Installing: /home/ubuntu/ROS2-Tutorials/robot_ws/install/turtlesim/include/turtlesim/srv/detail/kill__rosidl_typesupport_fastrtps_cpp.hpp
[24.006s] -- Up-to-date: /home/ubuntu/ROS2-Tutorials/robot_ws/install/turtlesim/include/turtlesim/msg
[24.007s] -- Installing: /home/ubuntu/ROS2-Tutorials/robot_ws/install/turtlesim/include/turtlesim/msg/rosidl_typesupport_fastrtps_cpp__visibility_control.h
[24.007s] -- Up-to-date: /home/ubuntu/ROS2-Tutorials/robot_ws/install/turtlesim/include/turtlesim/msg/detail
[24.007s] -- Installing: /home/ubuntu/ROS2-Tutorials/robot_ws/install/turtlesim/include/turtlesim/msg/detail/pose__rosidl_typesupport_fastrtps_cpp.hpp
[24.007s] -- Installing: /home/ubuntu/ROS2-Tutorials/robot_ws/install/turtlesim/include/turtlesim/msg/detail/dds_fastrtps
[24.008s] -- Installing: /home/ubuntu/ROS2-Tutorials/robot_ws/install/turtlesim/include/turtlesim/msg/detail/color__rosidl_typesupport_fastrtps_cpp.hpp
[24.008s] -- Up-to-date: /home/ubuntu/ROS2-Tutorials/robot_ws/install/turtlesim/include/turtlesim/action
[24.008s] -- Up-to-date: /home/ubuntu/ROS2-Tutorials/robot_ws/install/turtlesim/include/turtlesim/action/detail
[24.008s] -- Installing: /home/ubuntu/ROS2-Tutorials/robot_ws/install/turtlesim/include/turtlesim/action/detail/rotate_absolute__rosidl_typesupport_fastrtps_cpp.hpp
[24.009s] -- Installing: /home/ubuntu/ROS2-Tutorials/robot_ws/install/turtlesim/include/turtlesim/action/detail/dds_fastrtps
[24.009s] -- Installing: /home/ubuntu/ROS2-Tutorials/robot_ws/install/turtlesim/lib/libturtlesim__rosidl_typesupport_fastrtps_cpp.so
[24.009s] -- Set runtime path of "/home/ubuntu/ROS2-Tutorials/robot_ws/install/turtlesim/lib/libturtlesim__rosidl_typesupport_fastrtps_cpp.so" to ""
[24.010s] -- Up-to-date: /home/ubuntu/ROS2-Tutorials/robot_ws/install/turtlesim/include/turtlesim
[24.010s] -- Up-to-date: /home/ubuntu/ROS2-Tutorials/robot_ws/install/turtlesim/include/turtlesim/srv
[24.010s] -- Up-to-date: /home/ubuntu/ROS2-Tutorials/robot_ws/install/turtlesim/include/turtlesim/srv/detail
[24.010s] -- Installing: /home/ubuntu/ROS2-Tutorials/robot_ws/install/turtlesim/include/turtlesim/srv/detail/set_pen__type_support.c
[24.011s] -- Installing: /home/ubuntu/ROS2-Tutorials/robot_ws/install/turtlesim/include/turtlesim/srv/detail/kill__rosidl_typesupport_introspection_c.h
[24.011s] -- Installing: /home/ubuntu/ROS2-Tutorials/robot_ws/install/turtlesim/include/turtlesim/srv/detail/teleport_absolute__rosidl_typesupport_introspection_c.h
[24.011s] -- Installing: /home/ubuntu/ROS2-Tutorials/robot_ws/install/turtlesim/include/turtlesim/srv/detail/spawn__type_support.c
[24.011s] -- Installing: /home/ubuntu/ROS2-Tutorials/robot_ws/install/turtlesim/include/turtlesim/srv/detail/set_pen__rosidl_typesupport_introspection_c.h
[24.012s] -- Installing: /home/ubuntu/ROS2-Tutorials/robot_ws/install/turtlesim/include/turtlesim/srv/detail/teleport_absolute__type_support.c
[24.012s] -- Installing: /home/ubuntu/ROS2-Tutorials/robot_ws/install/turtlesim/include/turtlesim/srv/detail/teleport_relative__type_support.c
[24.012s] -- Installing: /home/ubuntu/ROS2-Tutorials/robot_ws/install/turtlesim/include/turtlesim/srv/detail/spawn__rosidl_typesupport_introspection_c.h
[24.012s] -- Installing: /home/ubuntu/ROS2-Tutorials/robot_ws/install/turtlesim/include/turtlesim/srv/detail/teleport_relative__rosidl_typesupport_introspection_c.h
[24.013s] -- Installing: /home/ubuntu/ROS2-Tutorials/robot_ws/install/turtlesim/include/turtlesim/srv/detail/kill__type_support.c
[24.013s] -- Up-to-date: /home/ubuntu/ROS2-Tutorials/robot_ws/install/turtlesim/include/turtlesim/msg
[24.013s] -- Installing: /home/ubuntu/ROS2-Tutorials/robot_ws/install/turtlesim/include/turtlesim/msg/rosidl_typesupport_introspection_c__visibility_control.h
[24.013s] -- Up-to-date: /home/ubuntu/ROS2-Tutorials/robot_ws/install/turtlesim/include/turtlesim/msg/detail
[24.014s] -- Installing: /home/ubuntu/ROS2-Tutorials/robot_ws/install/turtlesim/include/turtlesim/msg/detail/color__type_support.c
[24.014s] -- Installing: /home/ubuntu/ROS2-Tutorials/robot_ws/install/turtlesim/include/turtlesim/msg/detail/pose__rosidl_typesupport_introspection_c.h
[24.014s] -- Installing: /home/ubuntu/ROS2-Tutorials/robot_ws/install/turtlesim/include/turtlesim/msg/detail/color__rosidl_typesupport_introspection_c.h
[24.015s] -- Installing: /home/ubuntu/ROS2-Tutorials/robot_ws/install/turtlesim/include/turtlesim/msg/detail/pose__type_support.c
[24.015s] -- Up-to-date: /home/ubuntu/ROS2-Tutorials/robot_ws/install/turtlesim/include/turtlesim/action
[24.015s] -- Up-to-date: /home/ubuntu/ROS2-Tutorials/robot_ws/install/turtlesim/include/turtlesim/action/detail
[24.016s] -- Installing: /home/ubuntu/ROS2-Tutorials/robot_ws/install/turtlesim/include/turtlesim/action/detail/rotate_absolute__type_support.c
[24.016s] -- Installing: /home/ubuntu/ROS2-Tutorials/robot_ws/install/turtlesim/include/turtlesim/action/detail/rotate_absolute__rosidl_typesupport_introspection_c.h
[24.016s] -- Installing: /home/ubuntu/ROS2-Tutorials/robot_ws/install/turtlesim/lib/libturtlesim__rosidl_typesupport_introspection_c.so
[24.016s] -- Set runtime path of "/home/ubuntu/ROS2-Tutorials/robot_ws/install/turtlesim/lib/libturtlesim__rosidl_typesupport_introspection_c.so" to ""
[24.017s] -- Installing: /home/ubuntu/ROS2-Tutorials/robot_ws/install/turtlesim/lib/libturtlesim__rosidl_typesupport_c.so
[24.017s] -- Set runtime path of "/home/ubuntu/ROS2-Tutorials/robot_ws/install/turtlesim/lib/libturtlesim__rosidl_typesupport_c.so" to ""
[24.017s] -- Up-to-date: /home/ubuntu/ROS2-Tutorials/robot_ws/install/turtlesim/include/turtlesim
[24.017s] -- Up-to-date: /home/ubuntu/ROS2-Tutorials/robot_ws/install/turtlesim/include/turtlesim/srv
[24.018s] -- Installing: /home/ubuntu/ROS2-Tutorials/robot_ws/install/turtlesim/include/turtlesim/srv/teleport_relative.hpp
[24.018s] -- Installing: /home/ubuntu/ROS2-Tutorials/robot_ws/install/turtlesim/include/turtlesim/srv/set_pen.hpp
[24.018s] -- Installing: /home/ubuntu/ROS2-Tutorials/robot_ws/install/turtlesim/include/turtlesim/srv/teleport_absolute.hpp
[24.018s] -- Installing: /home/ubuntu/ROS2-Tutorials/robot_ws/install/turtlesim/include/turtlesim/srv/spawn.hpp
[24.019s] -- Installing: /home/ubuntu/ROS2-Tutorials/robot_ws/install/turtlesim/include/turtlesim/srv/kill.hpp
[24.019s] -- Up-to-date: /home/ubuntu/ROS2-Tutorials/robot_ws/install/turtlesim/include/turtlesim/srv/detail
[24.019s] -- Installing: /home/ubuntu/ROS2-Tutorials/robot_ws/install/turtlesim/include/turtlesim/srv/detail/spawn__traits.hpp
[24.019s] -- Installing: /home/ubuntu/ROS2-Tutorials/robot_ws/install/turtlesim/include/turtlesim/srv/detail/spawn__builder.hpp
[24.019s] -- Installing: /home/ubuntu/ROS2-Tutorials/robot_ws/install/turtlesim/include/turtlesim/srv/detail/teleport_relative__struct.hpp
[24.019s] -- Installing: /home/ubuntu/ROS2-Tutorials/robot_ws/install/turtlesim/include/turtlesim/srv/detail/kill__struct.hpp
[24.020s] -- Installing: /home/ubuntu/ROS2-Tutorials/robot_ws/install/turtlesim/include/turtlesim/srv/detail/teleport_absolute__builder.hpp
[24.020s] -- Installing: /home/ubuntu/ROS2-Tutorials/robot_ws/install/turtlesim/include/turtlesim/srv/detail/teleport_absolute__traits.hpp
[24.020s] -- Installing: /home/ubuntu/ROS2-Tutorials/robot_ws/install/turtlesim/include/turtlesim/srv/detail/set_pen__struct.hpp
[24.020s] -- Installing: /home/ubuntu/ROS2-Tutorials/robot_ws/install/turtlesim/include/turtlesim/srv/detail/kill__traits.hpp
[24.020s] -- Installing: /home/ubuntu/ROS2-Tutorials/robot_ws/install/turtlesim/include/turtlesim/srv/detail/kill__builder.hpp
[24.020s] -- Installing: /home/ubuntu/ROS2-Tutorials/robot_ws/install/turtlesim/include/turtlesim/srv/detail/spawn__struct.hpp
[24.020s] -- Installing: /home/ubuntu/ROS2-Tutorials/robot_ws/install/turtlesim/include/turtlesim/srv/detail/set_pen__traits.hpp
[24.020s] -- Installing: /home/ubuntu/ROS2-Tutorials/robot_ws/install/turtlesim/include/turtlesim/srv/detail/teleport_relative__traits.hpp
[24.020s] -- Installing: /home/ubuntu/ROS2-Tutorials/robot_ws/install/turtlesim/include/turtlesim/srv/detail/teleport_relative__builder.hpp
[24.020s] -- Installing: /home/ubuntu/ROS2-Tutorials/robot_ws/install/turtlesim/include/turtlesim/srv/detail/teleport_absolute__struct.hpp
[24.020s] -- Installing: /home/ubuntu/ROS2-Tutorials/robot_ws/install/turtlesim/include/turtlesim/srv/detail/set_pen__builder.hpp
[24.021s] -- Up-to-date: /home/ubuntu/ROS2-Tutorials/robot_ws/install/turtlesim/include/turtlesim/msg
[24.021s] -- Installing: /home/ubuntu/ROS2-Tutorials/robot_ws/install/turtlesim/include/turtlesim/msg/pose.hpp
[24.021s] -- Up-to-date: /home/ubuntu/ROS2-Tutorials/robot_ws/install/turtlesim/include/turtlesim/msg/detail
[24.021s] -- Installing: /home/ubuntu/ROS2-Tutorials/robot_ws/install/turtlesim/include/turtlesim/msg/detail/pose__traits.hpp
[24.021s] -- Installing: /home/ubuntu/ROS2-Tutorials/robot_ws/install/turtlesim/include/turtlesim/msg/detail/pose__builder.hpp
[24.021s] -- Installing: /home/ubuntu/ROS2-Tutorials/robot_ws/install/turtlesim/include/turtlesim/msg/detail/color__struct.hpp
[24.021s] -- Installing: /home/ubuntu/ROS2-Tutorials/robot_ws/install/turtlesim/include/turtlesim/msg/detail/color__traits.hpp
[24.022s] -- Installing: /home/ubuntu/ROS2-Tutorials/robot_ws/install/turtlesim/include/turtlesim/msg/detail/pose__struct.hpp
[24.022s] -- Installing: /home/ubuntu/ROS2-Tutorials/robot_ws/install/turtlesim/include/turtlesim/msg/detail/color__builder.hpp
[24.022s] -- Installing: /home/ubuntu/ROS2-Tutorials/robot_ws/install/turtlesim/include/turtlesim/msg/color.hpp
[24.022s] -- Up-to-date: /home/ubuntu/ROS2-Tutorials/robot_ws/install/turtlesim/include/turtlesim/action
[24.022s] -- Installing: /home/ubuntu/ROS2-Tutorials/robot_ws/install/turtlesim/include/turtlesim/action/rotate_absolute.hpp
[24.022s] -- Up-to-date: /home/ubuntu/ROS2-Tutorials/robot_ws/install/turtlesim/include/turtlesim/action/detail
[24.022s] -- Installing: /home/ubuntu/ROS2-Tutorials/robot_ws/install/turtlesim/include/turtlesim/action/detail/rotate_absolute__traits.hpp
[24.022s] -- Installing: /home/ubuntu/ROS2-Tutorials/robot_ws/install/turtlesim/include/turtlesim/action/detail/rotate_absolute__struct.hpp
[24.023s] -- Installing: /home/ubuntu/ROS2-Tutorials/robot_ws/install/turtlesim/include/turtlesim/action/detail/rotate_absolute__builder.hpp
[24.023s] -- Up-to-date: /home/ubuntu/ROS2-Tutorials/robot_ws/install/turtlesim/include/turtlesim
[24.023s] -- Up-to-date: /home/ubuntu/ROS2-Tutorials/robot_ws/install/turtlesim/include/turtlesim/srv
[24.023s] -- Up-to-date: /home/ubuntu/ROS2-Tutorials/robot_ws/install/turtlesim/include/turtlesim/srv/detail
[24.023s] -- Installing: /home/ubuntu/ROS2-Tutorials/robot_ws/install/turtlesim/include/turtlesim/srv/detail/kill__type_support.cpp
[24.023s] -- Installing: /home/ubuntu/ROS2-Tutorials/robot_ws/install/turtlesim/include/turtlesim/srv/detail/set_pen__type_support.cpp
[24.023s] -- Installing: /home/ubuntu/ROS2-Tutorials/robot_ws/install/turtlesim/include/turtlesim/srv/detail/spawn__type_support.cpp
[24.023s] -- Installing: /home/ubuntu/ROS2-Tutorials/robot_ws/install/turtlesim/include/turtlesim/srv/detail/teleport_relative__type_support.cpp
[24.023s] -- Installing: /home/ubuntu/ROS2-Tutorials/robot_ws/install/turtlesim/include/turtlesim/srv/detail/teleport_absolute__type_support.cpp
[24.024s] -- Installing: /home/ubuntu/ROS2-Tutorials/robot_ws/install/turtlesim/include/turtlesim/srv/detail/teleport_absolute__rosidl_typesupport_introspection_cpp.hpp
[24.024s] -- Installing: /home/ubuntu/ROS2-Tutorials/robot_ws/install/turtlesim/include/turtlesim/srv/detail/set_pen__rosidl_typesupport_introspection_cpp.hpp
[24.024s] -- Installing: /home/ubuntu/ROS2-Tutorials/robot_ws/install/turtlesim/include/turtlesim/srv/detail/kill__rosidl_typesupport_introspection_cpp.hpp
[24.024s] -- Installing: /home/ubuntu/ROS2-Tutorials/robot_ws/install/turtlesim/include/turtlesim/srv/detail/spawn__rosidl_typesupport_introspection_cpp.hpp
[24.024s] -- Installing: /home/ubuntu/ROS2-Tutorials/robot_ws/install/turtlesim/include/turtlesim/srv/detail/teleport_relative__rosidl_typesupport_introspection_cpp.hpp
[24.024s] -- Up-to-date: /home/ubuntu/ROS2-Tutorials/robot_ws/install/turtlesim/include/turtlesim/msg
[24.024s] -- Up-to-date: /home/ubuntu/ROS2-Tutorials/robot_ws/install/turtlesim/include/turtlesim/msg/detail
[24.024s] -- Installing: /home/ubuntu/ROS2-Tutorials/robot_ws/install/turtlesim/include/turtlesim/msg/detail/color__rosidl_typesupport_introspection_cpp.hpp
[24.024s] -- Installing: /home/ubuntu/ROS2-Tutorials/robot_ws/install/turtlesim/include/turtlesim/msg/detail/pose__rosidl_typesupport_introspection_cpp.hpp
[24.024s] -- Installing: /home/ubuntu/ROS2-Tutorials/robot_ws/install/turtlesim/include/turtlesim/msg/detail/color__type_support.cpp
[24.025s] -- Installing: /home/ubuntu/ROS2-Tutorials/robot_ws/install/turtlesim/include/turtlesim/msg/detail/pose__type_support.cpp
[24.025s] -- Up-to-date: /home/ubuntu/ROS2-Tutorials/robot_ws/install/turtlesim/include/turtlesim/action
[24.025s] -- Up-to-date: /home/ubuntu/ROS2-Tutorials/robot_ws/install/turtlesim/include/turtlesim/action/detail
[24.025s] -- Installing: /home/ubuntu/ROS2-Tutorials/robot_ws/install/turtlesim/include/turtlesim/action/detail/rotate_absolute__rosidl_typesupport_introspection_cpp.hpp
[24.025s] -- Installing: /home/ubuntu/ROS2-Tutorials/robot_ws/install/turtlesim/include/turtlesim/action/detail/rotate_absolute__type_support.cpp
[24.025s] -- Installing: /home/ubuntu/ROS2-Tutorials/robot_ws/install/turtlesim/lib/libturtlesim__rosidl_typesupport_introspection_cpp.so
[24.025s] -- Set runtime path of "/home/ubuntu/ROS2-Tutorials/robot_ws/install/turtlesim/lib/libturtlesim__rosidl_typesupport_introspection_cpp.so" to ""
[24.025s] -- Installing: /home/ubuntu/ROS2-Tutorials/robot_ws/install/turtlesim/lib/libturtlesim__rosidl_typesupport_cpp.so
[24.025s] -- Set runtime path of "/home/ubuntu/ROS2-Tutorials/robot_ws/install/turtlesim/lib/libturtlesim__rosidl_typesupport_cpp.so" to ""
[24.025s] -- Installing: /home/ubuntu/ROS2-Tutorials/robot_ws/install/turtlesim/share/turtlesim/environment/pythonpath.sh
[24.025s] -- Installing: /home/ubuntu/ROS2-Tutorials/robot_ws/install/turtlesim/share/turtlesim/environment/pythonpath.dsv
[24.026s] -- Installing: /home/ubuntu/ROS2-Tutorials/robot_ws/install/turtlesim/lib/python3.8/site-packages/turtlesim/__init__.py
[24.056s] Compiling '/home/ubuntu/ROS2-Tutorials/robot_ws/install/turtlesim/lib/python3.8/site-packages/turtlesim/__init__.py'...
[24.060s] -- Installing: /home/ubuntu/ROS2-Tutorials/robot_ws/install/turtlesim/lib/python3.8/site-packages/turtlesim/action
[24.060s] -- Installing: /home/ubuntu/ROS2-Tutorials/robot_ws/install/turtlesim/lib/python3.8/site-packages/turtlesim/action/_rotate_absolute.py
[24.061s] -- Installing: /home/ubuntu/ROS2-Tutorials/robot_ws/install/turtlesim/lib/python3.8/site-packages/turtlesim/action/_rotate_absolute_s.c
[24.061s] -- Installing: /home/ubuntu/ROS2-Tutorials/robot_ws/install/turtlesim/lib/python3.8/site-packages/turtlesim/action/__init__.py
[24.062s] -- Installing: /home/ubuntu/ROS2-Tutorials/robot_ws/install/turtlesim/lib/python3.8/site-packages/turtlesim/msg
[24.062s] -- Installing: /home/ubuntu/ROS2-Tutorials/robot_ws/install/turtlesim/lib/python3.8/site-packages/turtlesim/msg/_pose_s.c
[24.062s] -- Installing: /home/ubuntu/ROS2-Tutorials/robot_ws/install/turtlesim/lib/python3.8/site-packages/turtlesim/msg/_color.py
[24.062s] -- Installing: /home/ubuntu/ROS2-Tutorials/robot_ws/install/turtlesim/lib/python3.8/site-packages/turtlesim/msg/_pose.py
[24.062s] -- Installing: /home/ubuntu/ROS2-Tutorials/robot_ws/install/turtlesim/lib/python3.8/site-packages/turtlesim/msg/_color_s.c
[24.063s] -- Installing: /home/ubuntu/ROS2-Tutorials/robot_ws/install/turtlesim/lib/python3.8/site-packages/turtlesim/msg/__init__.py
[24.063s] -- Installing: /home/ubuntu/ROS2-Tutorials/robot_ws/install/turtlesim/lib/python3.8/site-packages/turtlesim/srv
[24.063s] -- Installing: /home/ubuntu/ROS2-Tutorials/robot_ws/install/turtlesim/lib/python3.8/site-packages/turtlesim/srv/_spawn.py
[24.064s] -- Installing: /home/ubuntu/ROS2-Tutorials/robot_ws/install/turtlesim/lib/python3.8/site-packages/turtlesim/srv/_spawn_s.c
[24.064s] -- Installing: /home/ubuntu/ROS2-Tutorials/robot_ws/install/turtlesim/lib/python3.8/site-packages/turtlesim/srv/_teleport_absolute_s.c
[24.064s] -- Installing: /home/ubuntu/ROS2-Tutorials/robot_ws/install/turtlesim/lib/python3.8/site-packages/turtlesim/srv/_set_pen_s.c
[24.064s] -- Installing: /home/ubuntu/ROS2-Tutorials/robot_ws/install/turtlesim/lib/python3.8/site-packages/turtlesim/srv/_teleport_relative.py
[24.065s] -- Installing: /home/ubuntu/ROS2-Tutorials/robot_ws/install/turtlesim/lib/python3.8/site-packages/turtlesim/srv/_teleport_relative_s.c
[24.065s] -- Installing: /home/ubuntu/ROS2-Tutorials/robot_ws/install/turtlesim/lib/python3.8/site-packages/turtlesim/srv/_kill_s.c
[24.065s] -- Installing: /home/ubuntu/ROS2-Tutorials/robot_ws/install/turtlesim/lib/python3.8/site-packages/turtlesim/srv/_kill.py
[24.065s] -- Installing: /home/ubuntu/ROS2-Tutorials/robot_ws/install/turtlesim/lib/python3.8/site-packages/turtlesim/srv/_set_pen.py
[24.065s] -- Installing: /home/ubuntu/ROS2-Tutorials/robot_ws/install/turtlesim/lib/python3.8/site-packages/turtlesim/srv/_teleport_absolute.py
[24.065s] -- Installing: /home/ubuntu/ROS2-Tutorials/robot_ws/install/turtlesim/lib/python3.8/site-packages/turtlesim/srv/__init__.py
[24.066s] -- Installing: /home/ubuntu/ROS2-Tutorials/robot_ws/install/turtlesim/lib/python3.8/site-packages/turtlesim/turtlesim_s__rosidl_typesupport_fastrtps_c.cpython-38-x86_64-linux-gnu.so
[24.067s] -- Set runtime path of "/home/ubuntu/ROS2-Tutorials/robot_ws/install/turtlesim/lib/python3.8/site-packages/turtlesim/turtlesim_s__rosidl_typesupport_fastrtps_c.cpython-38-x86_64-linux-gnu.so" to ""
[24.068s] -- Installing: /home/ubuntu/ROS2-Tutorials/robot_ws/install/turtlesim/lib/python3.8/site-packages/turtlesim/turtlesim_s__rosidl_typesupport_introspection_c.cpython-38-x86_64-linux-gnu.so
[24.068s] -- Set runtime path of "/home/ubuntu/ROS2-Tutorials/robot_ws/install/turtlesim/lib/python3.8/site-packages/turtlesim/turtlesim_s__rosidl_typesupport_introspection_c.cpython-38-x86_64-linux-gnu.so" to ""
[24.068s] -- Installing: /home/ubuntu/ROS2-Tutorials/robot_ws/install/turtlesim/lib/python3.8/site-packages/turtlesim/turtlesim_s__rosidl_typesupport_c.cpython-38-x86_64-linux-gnu.so
[24.069s] -- Set runtime path of "/home/ubuntu/ROS2-Tutorials/robot_ws/install/turtlesim/lib/python3.8/site-packages/turtlesim/turtlesim_s__rosidl_typesupport_c.cpython-38-x86_64-linux-gnu.so" to ""
[24.069s] -- Installing: /home/ubuntu/ROS2-Tutorials/robot_ws/install/turtlesim/lib/libturtlesim__python.so
[24.069s] -- Set runtime path of "/home/ubuntu/ROS2-Tutorials/robot_ws/install/turtlesim/lib/libturtlesim__python.so" to ""
[24.070s] -- Installing: /home/ubuntu/ROS2-Tutorials/robot_ws/install/turtlesim/share/turtlesim/action/RotateAbsolute.idl
[24.070s] -- Installing: /home/ubuntu/ROS2-Tutorials/robot_ws/install/turtlesim/share/turtlesim/msg/Color.idl
[24.070s] -- Installing: /home/ubuntu/ROS2-Tutorials/robot_ws/install/turtlesim/share/turtlesim/msg/Pose.idl
[24.070s] -- Installing: /home/ubuntu/ROS2-Tutorials/robot_ws/install/turtlesim/share/turtlesim/srv/Kill.idl
[24.071s] -- Installing: /home/ubuntu/ROS2-Tutorials/robot_ws/install/turtlesim/share/turtlesim/srv/SetPen.idl
[24.071s] -- Installing: /home/ubuntu/ROS2-Tutorials/robot_ws/install/turtlesim/share/turtlesim/srv/Spawn.idl
[24.071s] -- Installing: /home/ubuntu/ROS2-Tutorials/robot_ws/install/turtlesim/share/turtlesim/srv/TeleportAbsolute.idl
[24.072s] -- Installing: /home/ubuntu/ROS2-Tutorials/robot_ws/install/turtlesim/share/turtlesim/srv/TeleportRelative.idl
[24.072s] -- Installing: /home/ubuntu/ROS2-Tutorials/robot_ws/install/turtlesim/share/turtlesim/action/RotateAbsolute.action
[24.072s] -- Installing: /home/ubuntu/ROS2-Tutorials/robot_ws/install/turtlesim/share/turtlesim/msg/Color.msg
[24.073s] -- Installing: /home/ubuntu/ROS2-Tutorials/robot_ws/install/turtlesim/share/turtlesim/msg/Pose.msg
[24.073s] -- Installing: /home/ubuntu/ROS2-Tutorials/robot_ws/install/turtlesim/share/turtlesim/srv/Kill.srv
[24.073s] -- Installing: /home/ubuntu/ROS2-Tutorials/robot_ws/install/turtlesim/share/turtlesim/srv/Kill_Request.msg
[24.073s] -- Installing: /home/ubuntu/ROS2-Tutorials/robot_ws/install/turtlesim/share/turtlesim/srv/Kill_Response.msg
[24.073s] -- Installing: /home/ubuntu/ROS2-Tutorials/robot_ws/install/turtlesim/share/turtlesim/srv/SetPen.srv
[24.074s] -- Installing: /home/ubuntu/ROS2-Tutorials/robot_ws/install/turtlesim/share/turtlesim/srv/SetPen_Request.msg
[24.074s] -- Installing: /home/ubuntu/ROS2-Tutorials/robot_ws/install/turtlesim/share/turtlesim/srv/SetPen_Response.msg
[24.074s] -- Installing: /home/ubuntu/ROS2-Tutorials/robot_ws/install/turtlesim/share/turtlesim/srv/Spawn.srv
[24.074s] -- Installing: /home/ubuntu/ROS2-Tutorials/robot_ws/install/turtlesim/share/turtlesim/srv/Spawn_Request.msg
[24.075s] -- Installing: /home/ubuntu/ROS2-Tutorials/robot_ws/install/turtlesim/share/turtlesim/srv/Spawn_Response.msg
[24.075s] -- Installing: /home/ubuntu/ROS2-Tutorials/robot_ws/install/turtlesim/share/turtlesim/srv/TeleportAbsolute.srv
[24.075s] -- Installing: /home/ubuntu/ROS2-Tutorials/robot_ws/install/turtlesim/share/turtlesim/srv/TeleportAbsolute_Request.msg
[24.075s] -- Installing: /home/ubuntu/ROS2-Tutorials/robot_ws/install/turtlesim/share/turtlesim/srv/TeleportAbsolute_Response.msg
[24.075s] -- Installing: /home/ubuntu/ROS2-Tutorials/robot_ws/install/turtlesim/share/turtlesim/srv/TeleportRelative.srv
[24.076s] -- Installing: /home/ubuntu/ROS2-Tutorials/robot_ws/install/turtlesim/share/turtlesim/srv/TeleportRelative_Request.msg
[24.076s] -- Installing: /home/ubuntu/ROS2-Tutorials/robot_ws/install/turtlesim/share/turtlesim/srv/TeleportRelative_Response.msg
[24.076s] -- Installing: /home/ubuntu/ROS2-Tutorials/robot_ws/install/turtlesim/lib/turtlesim/turtlesim_node
[24.081s] -- Set runtime path of "/home/ubuntu/ROS2-Tutorials/robot_ws/install/turtlesim/lib/turtlesim/turtlesim_node" to ""
[24.081s] -- Installing: /home/ubuntu/ROS2-Tutorials/robot_ws/install/turtlesim/lib/turtlesim/turtle_teleop_key
[24.082s] -- Set runtime path of "/home/ubuntu/ROS2-Tutorials/robot_ws/install/turtlesim/lib/turtlesim/turtle_teleop_key" to ""
[24.083s] -- Installing: /home/ubuntu/ROS2-Tutorials/robot_ws/install/turtlesim/lib/turtlesim/draw_square
[24.086s] -- Set runtime path of "/home/ubuntu/ROS2-Tutorials/robot_ws/install/turtlesim/lib/turtlesim/draw_square" to ""
[24.086s] -- Installing: /home/ubuntu/ROS2-Tutorials/robot_ws/install/turtlesim/lib/turtlesim/mimic
[24.091s] -- Set runtime path of "/home/ubuntu/ROS2-Tutorials/robot_ws/install/turtlesim/lib/turtlesim/mimic" to ""
[24.091s] -- Installing: /home/ubuntu/ROS2-Tutorials/robot_ws/install/turtlesim/share/turtlesim/images
[24.092s] -- Installing: /home/ubuntu/ROS2-Tutorials/robot_ws/install/turtlesim/share/turtlesim/images/bouncy.png
[24.092s] -- Installing: /home/ubuntu/ROS2-Tutorials/robot_ws/install/turtlesim/share/turtlesim/images/dashing.png
[24.092s] -- Installing: /home/ubuntu/ROS2-Tutorials/robot_ws/install/turtlesim/share/turtlesim/images/ardent.png
[24.092s] -- Installing: /home/ubuntu/ROS2-Tutorials/robot_ws/install/turtlesim/share/turtlesim/images/foxy.png
[24.093s] -- Installing: /home/ubuntu/ROS2-Tutorials/robot_ws/install/turtlesim/share/turtlesim/images/crystal.png
[24.093s] -- Installing: /home/ubuntu/ROS2-Tutorials/robot_ws/install/turtlesim/share/turtlesim/images/eloquent.png
[24.093s] -- Installing: /home/ubuntu/ROS2-Tutorials/robot_ws/install/turtlesim/share/turtlesim/launch
[24.093s] -- Installing: /home/ubuntu/ROS2-Tutorials/robot_ws/install/turtlesim/share/turtlesim/launch/multisim.launch.py
[24.094s] -- Installing: /home/ubuntu/ROS2-Tutorials/robot_ws/install/turtlesim/share/ament_index/resource_index/package_run_dependencies/turtlesim
[24.094s] -- Installing: /home/ubuntu/ROS2-Tutorials/robot_ws/install/turtlesim/share/ament_index/resource_index/parent_prefix_path/turtlesim
[24.094s] -- Installing: /home/ubuntu/ROS2-Tutorials/robot_ws/install/turtlesim/share/turtlesim/environment/ament_prefix_path.sh
[24.094s] -- Installing: /home/ubuntu/ROS2-Tutorials/robot_ws/install/turtlesim/share/turtlesim/environment/ament_prefix_path.dsv
[24.094s] -- Installing: /home/ubuntu/ROS2-Tutorials/robot_ws/install/turtlesim/share/turtlesim/environment/path.sh
[24.095s] -- Installing: /home/ubuntu/ROS2-Tutorials/robot_ws/install/turtlesim/share/turtlesim/environment/path.dsv
[24.095s] -- Installing: /home/ubuntu/ROS2-Tutorials/robot_ws/install/turtlesim/share/turtlesim/local_setup.bash
[24.095s] -- Installing: /home/ubuntu/ROS2-Tutorials/robot_ws/install/turtlesim/share/turtlesim/local_setup.sh
[24.095s] -- Installing: /home/ubuntu/ROS2-Tutorials/robot_ws/install/turtlesim/share/turtlesim/local_setup.zsh
[24.096s] -- Installing: /home/ubuntu/ROS2-Tutorials/robot_ws/install/turtlesim/share/turtlesim/local_setup.dsv
[24.096s] -- Installing: /home/ubuntu/ROS2-Tutorials/robot_ws/install/turtlesim/share/turtlesim/package.dsv
[24.096s] -- Installing: /home/ubuntu/ROS2-Tutorials/robot_ws/install/turtlesim/share/ament_index/resource_index/packages/turtlesim
[24.096s] -- Installing: /home/ubuntu/ROS2-Tutorials/robot_ws/install/turtlesim/share/turtlesim/cmake/turtlesim__rosidl_generator_cExport.cmake
[24.097s] -- Installing: /home/ubuntu/ROS2-Tutorials/robot_ws/install/turtlesim/share/turtlesim/cmake/turtlesim__rosidl_generator_cExport-noconfig.cmake
[24.097s] -- Installing: /home/ubuntu/ROS2-Tutorials/robot_ws/install/turtlesim/share/turtlesim/cmake/turtlesim__rosidl_typesupport_introspection_cExport.cmake
[24.097s] -- Installing: /home/ubuntu/ROS2-Tutorials/robot_ws/install/turtlesim/share/turtlesim/cmake/turtlesim__rosidl_typesupport_introspection_cExport-noconfig.cmake
[24.097s] -- Installing: /home/ubuntu/ROS2-Tutorials/robot_ws/install/turtlesim/share/turtlesim/cmake/turtlesim__rosidl_typesupport_cExport.cmake
[24.098s] -- Installing: /home/ubuntu/ROS2-Tutorials/robot_ws/install/turtlesim/share/turtlesim/cmake/turtlesim__rosidl_typesupport_cExport-noconfig.cmake
[24.098s] -- Installing: /home/ubuntu/ROS2-Tutorials/robot_ws/install/turtlesim/share/turtlesim/cmake/turtlesim__rosidl_generator_cppExport.cmake
[24.098s] -- Installing: /home/ubuntu/ROS2-Tutorials/robot_ws/install/turtlesim/share/turtlesim/cmake/turtlesim__rosidl_typesupport_introspection_cppExport.cmake
[24.099s] -- Installing: /home/ubuntu/ROS2-Tutorials/robot_ws/install/turtlesim/share/turtlesim/cmake/turtlesim__rosidl_typesupport_introspection_cppExport-noconfig.cmake
[24.099s] -- Installing: /home/ubuntu/ROS2-Tutorials/robot_ws/install/turtlesim/share/turtlesim/cmake/turtlesim__rosidl_typesupport_cppExport.cmake
[24.100s] -- Installing: /home/ubuntu/ROS2-Tutorials/robot_ws/install/turtlesim/share/turtlesim/cmake/turtlesim__rosidl_typesupport_cppExport-noconfig.cmake
[24.100s] -- Installing: /home/ubuntu/ROS2-Tutorials/robot_ws/install/turtlesim/share/turtlesim/cmake/rosidl_cmake-extras.cmake
[24.100s] -- Installing: /home/ubuntu/ROS2-Tutorials/robot_ws/install/turtlesim/share/turtlesim/cmake/ament_cmake_export_dependencies-extras.cmake
[24.100s] -- Installing: /home/ubuntu/ROS2-Tutorials/robot_ws/install/turtlesim/share/turtlesim/cmake/ament_cmake_export_libraries-extras.cmake
[24.101s] -- Installing: /home/ubuntu/ROS2-Tutorials/robot_ws/install/turtlesim/share/turtlesim/cmake/ament_cmake_export_targets-extras.cmake
[24.101s] -- Installing: /home/ubuntu/ROS2-Tutorials/robot_ws/install/turtlesim/share/turtlesim/cmake/ament_cmake_export_include_directories-extras.cmake
[24.101s] -- Installing: /home/ubuntu/ROS2-Tutorials/robot_ws/install/turtlesim/share/turtlesim/cmake/rosidl_cmake_export_typesupport_libraries-extras.cmake
[24.102s] -- Installing: /home/ubuntu/ROS2-Tutorials/robot_ws/install/turtlesim/share/turtlesim/cmake/rosidl_cmake_export_typesupport_targets-extras.cmake
[24.102s] -- Installing: /home/ubuntu/ROS2-Tutorials/robot_ws/install/turtlesim/share/turtlesim/cmake/turtlesimConfig.cmake
[24.102s] -- Installing: /home/ubuntu/ROS2-Tutorials/robot_ws/install/turtlesim/share/turtlesim/cmake/turtlesimConfig-version.cmake
[24.103s] -- Installing: /home/ubuntu/ROS2-Tutorials/robot_ws/install/turtlesim/share/turtlesim/package.xml
[24.110s] Invoked command in '/home/ubuntu/ROS2-Tutorials/robot_ws/build/turtlesim' returned '0': CMAKE_PREFIX_PATH=${CMAKE_PREFIX_PATH}:/home/ubuntu/robot_ws/install/tb3_teleop:/home/ubuntu/robot_ws/install/srv_examples:/home/ubuntu/robot_ws/install/rqt_joy:/home/ubuntu/robot_ws/install/pubsub:/home/ubuntu/robot_ws/install/myfirstpackage:/opt/ros/foxy /usr/bin/cmake --install /home/ubuntu/ROS2-Tutorials/robot_ws/build/turtlesim
