[1.428s] Invoking command in '/home/ubuntu/ROS2-Tutorials/robot_ws/src/myfirstpackage': PYTHONPATH=/home/ubuntu/ROS2-Tutorials/robot_ws/install/myfirstpackage/lib/python3.8/site-packages:${PYTHONPATH} /usr/bin/python3 setup.py egg_info --egg-base ../../build/myfirstpackage build --build-base /home/ubuntu/ROS2-Tutorials/robot_ws/build/myfirstpackage/build install --prefix /home/ubuntu/ROS2-Tutorials/robot_ws/install/myfirstpackage --record /home/ubuntu/ROS2-Tutorials/robot_ws/build/myfirstpackage/install.log --single-version-externally-managed
[1.716s] running egg_info
[1.717s] writing ../../build/myfirstpackage/myfirstpackage.egg-info/PKG-INFO
[1.718s] writing dependency_links to ../../build/myfirstpackage/myfirstpackage.egg-info/dependency_links.txt
[1.718s] writing entry points to ../../build/myfirstpackage/myfirstpackage.egg-info/entry_points.txt
[1.718s] writing requirements to ../../build/myfirstpackage/myfirstpackage.egg-info/requires.txt
[1.718s] writing top-level names to ../../build/myfirstpackage/myfirstpackage.egg-info/top_level.txt
[1.784s] reading manifest file '../../build/myfirstpackage/myfirstpackage.egg-info/SOURCES.txt'
[1.786s] writing manifest file '../../build/myfirstpackage/myfirstpackage.egg-info/SOURCES.txt'
[1.787s] running build
[1.787s] running build_py
[1.788s] running install
[1.789s] running install_lib
[1.790s] running install_data
[1.791s] running install_egg_info
[1.793s] removing '/home/ubuntu/ROS2-Tutorials/robot_ws/install/myfirstpackage/lib/python3.8/site-packages/myfirstpackage-0.0.0-py3.8.egg-info' (and everything under it)
[1.794s] Copying ../../build/myfirstpackage/myfirstpackage.egg-info to /home/ubuntu/ROS2-Tutorials/robot_ws/install/myfirstpackage/lib/python3.8/site-packages/myfirstpackage-0.0.0-py3.8.egg-info
[1.795s] running install_scripts
[1.816s] Installing myfirstnode script to /home/ubuntu/ROS2-Tutorials/robot_ws/install/myfirstpackage/lib/myfirstpackage
[1.816s] Installing param_node script to /home/ubuntu/ROS2-Tutorials/robot_ws/install/myfirstpackage/lib/myfirstpackage
[1.816s] writing list of installed files to '/home/ubuntu/ROS2-Tutorials/robot_ws/build/myfirstpackage/install.log'
[1.861s] Invoked command in '/home/ubuntu/ROS2-Tutorials/robot_ws/src/myfirstpackage' returned '0': PYTHONPATH=/home/ubuntu/ROS2-Tutorials/robot_ws/install/myfirstpackage/lib/python3.8/site-packages:${PYTHONPATH} /usr/bin/python3 setup.py egg_info --egg-base ../../build/myfirstpackage build --build-base /home/ubuntu/ROS2-Tutorials/robot_ws/build/myfirstpackage/build install --prefix /home/ubuntu/ROS2-Tutorials/robot_ws/install/myfirstpackage --record /home/ubuntu/ROS2-Tutorials/robot_ws/build/myfirstpackage/install.log --single-version-externally-managed
