[1.535s] Invoking command in '/home/ubuntu/robot_ws/src/srv_examples': PYTHONPATH=/home/ubuntu/robot_ws/install/srv_examples/lib/python3.8/site-packages:${PYTHONPATH} /usr/bin/python3 setup.py egg_info --egg-base ../../build/srv_examples build --build-base /home/ubuntu/robot_ws/build/srv_examples/build install --prefix /home/ubuntu/robot_ws/install/srv_examples --record /home/ubuntu/robot_ws/build/srv_examples/install.log --single-version-externally-managed
[1.853s] running egg_info
[1.854s] writing ../../build/srv_examples/srv_examples.egg-info/PKG-INFO
[1.854s] writing dependency_links to ../../build/srv_examples/srv_examples.egg-info/dependency_links.txt
[1.855s] writing entry points to ../../build/srv_examples/srv_examples.egg-info/entry_points.txt
[1.855s] writing requirements to ../../build/srv_examples/srv_examples.egg-info/requires.txt
[1.856s] writing top-level names to ../../build/srv_examples/srv_examples.egg-info/top_level.txt
[1.908s] reading manifest file '../../build/srv_examples/srv_examples.egg-info/SOURCES.txt'
[1.910s] writing manifest file '../../build/srv_examples/srv_examples.egg-info/SOURCES.txt'
[1.910s] running build
[1.911s] running build_py
[1.912s] running install
[1.912s] running install_lib
[1.914s] running install_data
[1.915s] running install_egg_info
[1.917s] removing '/home/ubuntu/robot_ws/install/srv_examples/lib/python3.8/site-packages/srv_examples-0.0.0-py3.8.egg-info' (and everything under it)
[1.918s] Copying ../../build/srv_examples/srv_examples.egg-info to /home/ubuntu/robot_ws/install/srv_examples/lib/python3.8/site-packages/srv_examples-0.0.0-py3.8.egg-info
[1.919s] running install_scripts
[1.949s] Installing invert_gripper_service_client script to /home/ubuntu/robot_ws/install/srv_examples/lib/srv_examples
[1.950s] Installing open_gripper_service_server script to /home/ubuntu/robot_ws/install/srv_examples/lib/srv_examples
[1.952s] Installing turtlesim_geofence_reset_srv script to /home/ubuntu/robot_ws/install/srv_examples/lib/srv_examples
[1.952s] writing list of installed files to '/home/ubuntu/robot_ws/build/srv_examples/install.log'
[2.036s] Invoked command in '/home/ubuntu/robot_ws/src/srv_examples' returned '0': PYTHONPATH=/home/ubuntu/robot_ws/install/srv_examples/lib/python3.8/site-packages:${PYTHONPATH} /usr/bin/python3 setup.py egg_info --egg-base ../../build/srv_examples build --build-base /home/ubuntu/robot_ws/build/srv_examples/build install --prefix /home/ubuntu/robot_ws/install/srv_examples --record /home/ubuntu/robot_ws/build/srv_examples/install.log --single-version-externally-managed
