[0.737s] Invoking command in '/home/ubuntu/robot_ws/src/myfirstpackage': PYTHONPATH=/home/ubuntu/robot_ws/install/myfirstpackage/lib/python3.8/site-packages:${PYTHONPATH} /usr/bin/python3 setup.py egg_info --egg-base ../../build/myfirstpackage build --build-base /home/ubuntu/robot_ws/build/myfirstpackage/build install --prefix /home/ubuntu/robot_ws/install/myfirstpackage --record /home/ubuntu/robot_ws/build/myfirstpackage/install.log --single-version-externally-managed
[1.004s] running egg_info
[1.004s] writing ../../build/myfirstpackage/myfirstpackage.egg-info/PKG-INFO
[1.005s] writing dependency_links to ../../build/myfirstpackage/myfirstpackage.egg-info/dependency_links.txt
[1.006s] writing entry points to ../../build/myfirstpackage/myfirstpackage.egg-info/entry_points.txt
[1.006s] writing requirements to ../../build/myfirstpackage/myfirstpackage.egg-info/requires.txt
[1.006s] writing top-level names to ../../build/myfirstpackage/myfirstpackage.egg-info/top_level.txt
[1.053s] reading manifest file '../../build/myfirstpackage/myfirstpackage.egg-info/SOURCES.txt'
[1.054s] writing manifest file '../../build/myfirstpackage/myfirstpackage.egg-info/SOURCES.txt'
[1.054s] running build
[1.054s] running build_py
[1.055s] running install
[1.056s] running install_lib
[1.057s] running install_data
[1.058s] running install_egg_info
[1.060s] removing '/home/ubuntu/robot_ws/install/myfirstpackage/lib/python3.8/site-packages/myfirstpackage-0.0.0-py3.8.egg-info' (and everything under it)
[1.060s] Copying ../../build/myfirstpackage/myfirstpackage.egg-info to /home/ubuntu/robot_ws/install/myfirstpackage/lib/python3.8/site-packages/myfirstpackage-0.0.0-py3.8.egg-info
[1.062s] running install_scripts
[1.082s] Installing myfirstnode script to /home/ubuntu/robot_ws/install/myfirstpackage/lib/myfirstpackage
[1.082s] Installing param_node script to /home/ubuntu/robot_ws/install/myfirstpackage/lib/myfirstpackage
[1.082s] writing list of installed files to '/home/ubuntu/robot_ws/build/myfirstpackage/install.log'
[1.131s] Invoked command in '/home/ubuntu/robot_ws/src/myfirstpackage' returned '0': PYTHONPATH=/home/ubuntu/robot_ws/install/myfirstpackage/lib/python3.8/site-packages:${PYTHONPATH} /usr/bin/python3 setup.py egg_info --egg-base ../../build/myfirstpackage build --build-base /home/ubuntu/robot_ws/build/myfirstpackage/build install --prefix /home/ubuntu/robot_ws/install/myfirstpackage --record /home/ubuntu/robot_ws/build/myfirstpackage/install.log --single-version-externally-managed
