[1.453s] Invoking command in '/home/ubuntu/ROS2-Tutorials/robot_ws/src/rqt_joy': PYTHONPATH=/home/ubuntu/ROS2-Tutorials/robot_ws/install/rqt_joy/lib/python3.8/site-packages:${PYTHONPATH} /usr/bin/python3 setup.py egg_info --egg-base ../../build/rqt_joy build --build-base /home/ubuntu/ROS2-Tutorials/robot_ws/build/rqt_joy/build install --prefix /home/ubuntu/ROS2-Tutorials/robot_ws/install/rqt_joy --record /home/ubuntu/ROS2-Tutorials/robot_ws/build/rqt_joy/install.log --single-version-externally-managed
[1.750s] running egg_info
[1.751s] writing ../../build/rqt_joy/rqt_joy.egg-info/PKG-INFO
[1.752s] writing dependency_links to ../../build/rqt_joy/rqt_joy.egg-info/dependency_links.txt
[1.752s] writing requirements to ../../build/rqt_joy/rqt_joy.egg-info/requires.txt
[1.753s] writing top-level names to ../../build/rqt_joy/rqt_joy.egg-info/top_level.txt
[1.808s] reading manifest file '../../build/rqt_joy/rqt_joy.egg-info/SOURCES.txt'
[1.812s] writing manifest file '../../build/rqt_joy/rqt_joy.egg-info/SOURCES.txt'
[1.813s] running build
[1.813s] running build_py
[1.814s] running build_scripts
[1.815s] running install
[1.816s] running install_lib
[1.819s] creating /home/ubuntu/ROS2-Tutorials/robot_ws/install/rqt_joy/lib/python3.8/site-packages/rqt_joy
[1.819s] copying /home/ubuntu/ROS2-Tutorials/robot_ws/build/rqt_joy/build/lib/rqt_joy/joy.py -> /home/ubuntu/ROS2-Tutorials/robot_ws/install/rqt_joy/lib/python3.8/site-packages/rqt_joy
[1.819s] copying /home/ubuntu/ROS2-Tutorials/robot_ws/build/rqt_joy/build/lib/rqt_joy/__init__.py -> /home/ubuntu/ROS2-Tutorials/robot_ws/install/rqt_joy/lib/python3.8/site-packages/rqt_joy
[1.820s] byte-compiling /home/ubuntu/ROS2-Tutorials/robot_ws/install/rqt_joy/lib/python3.8/site-packages/rqt_joy/joy.py to joy.cpython-38.pyc
[1.826s] byte-compiling /home/ubuntu/ROS2-Tutorials/robot_ws/install/rqt_joy/lib/python3.8/site-packages/rqt_joy/__init__.py to __init__.cpython-38.pyc
[1.826s] running install_data
[1.826s] creating /home/ubuntu/ROS2-Tutorials/robot_ws/install/rqt_joy/share/ament_index
[1.829s] creating /home/ubuntu/ROS2-Tutorials/robot_ws/install/rqt_joy/share/ament_index/resource_index
[1.829s] creating /home/ubuntu/ROS2-Tutorials/robot_ws/install/rqt_joy/share/ament_index/resource_index/packages
[1.830s] copying resource/rqt_joy -> /home/ubuntu/ROS2-Tutorials/robot_ws/install/rqt_joy/share/ament_index/resource_index/packages
[1.830s] creating /home/ubuntu/ROS2-Tutorials/robot_ws/install/rqt_joy/share/rqt_joy/resource
[1.830s] copying resource/VirtualJoy.ui -> /home/ubuntu/ROS2-Tutorials/robot_ws/install/rqt_joy/share/rqt_joy/resource
[1.830s] copying package.xml -> /home/ubuntu/ROS2-Tutorials/robot_ws/install/rqt_joy/share/rqt_joy
[1.830s] copying plugin.xml -> /home/ubuntu/ROS2-Tutorials/robot_ws/install/rqt_joy/share/rqt_joy
[1.831s] creating /home/ubuntu/ROS2-Tutorials/robot_ws/install/rqt_joy/lib/rqt_joy
[1.831s] copying scripts/rqt_joy -> /home/ubuntu/ROS2-Tutorials/robot_ws/install/rqt_joy/lib/rqt_joy
[1.834s] running install_egg_info
[1.839s] Copying ../../build/rqt_joy/rqt_joy.egg-info to /home/ubuntu/ROS2-Tutorials/robot_ws/install/rqt_joy/lib/python3.8/site-packages/rqt_joy-1.0.0-py3.8.egg-info
[1.839s] running install_scripts
[1.853s] creating /home/ubuntu/ROS2-Tutorials/robot_ws/install/rqt_joy/bin
[1.853s] copying /home/ubuntu/ROS2-Tutorials/robot_ws/build/rqt_joy/build/scripts-3.8/rqt_joy -> /home/ubuntu/ROS2-Tutorials/robot_ws/install/rqt_joy/bin
[1.854s] changing mode of /home/ubuntu/ROS2-Tutorials/robot_ws/install/rqt_joy/bin/rqt_joy to 755
[1.854s] writing list of installed files to '/home/ubuntu/ROS2-Tutorials/robot_ws/build/rqt_joy/install.log'
