running egg_info
creating ../../build/hello_world/hello_world.egg-info
writing ../../build/hello_world/hello_world.egg-info/PKG-INFO
writing dependency_links to ../../build/hello_world/hello_world.egg-info/dependency_links.txt
writing entry points to ../../build/hello_world/hello_world.egg-info/entry_points.txt
writing requirements to ../../build/hello_world/hello_world.egg-info/requires.txt
writing top-level names to ../../build/hello_world/hello_world.egg-info/top_level.txt
writing manifest file '../../build/hello_world/hello_world.egg-info/SOURCES.txt'
reading manifest file '../../build/hello_world/hello_world.egg-info/SOURCES.txt'
writing manifest file '../../build/hello_world/hello_world.egg-info/SOURCES.txt'
running build
running build_py
creating /home/ubuntu/ROS2-Tutorials/robot_ws/build/hello_world/build
creating /home/ubuntu/ROS2-Tutorials/robot_ws/build/hello_world/build/lib
creating /home/ubuntu/ROS2-Tutorials/robot_ws/build/hello_world/build/lib/hello_world
copying hello_world/hello_world.py -> /home/ubuntu/ROS2-Tutorials/robot_ws/build/hello_world/build/lib/hello_world
copying hello_world/__init__.py -> /home/ubuntu/ROS2-Tutorials/robot_ws/build/hello_world/build/lib/hello_world
running install
running install_lib
running install_data
running install_egg_info
removing '/home/ubuntu/ROS2-Tutorials/robot_ws/install/hello_world/lib/python3.8/site-packages/hello_world-0.0.0-py3.8.egg-info' (and everything under it)
Copying ../../build/hello_world/hello_world.egg-info to /home/ubuntu/ROS2-Tutorials/robot_ws/install/hello_world/lib/python3.8/site-packages/hello_world-0.0.0-py3.8.egg-info
running install_scripts
Installing hello_world script to /home/ubuntu/ROS2-Tutorials/robot_ws/install/hello_world/lib/hello_world
writing list of installed files to '/home/ubuntu/ROS2-Tutorials/robot_ws/build/hello_world/install.log'
