running egg_info
creating ../../build/pubsub/pubsub.egg-info
writing ../../build/pubsub/pubsub.egg-info/PKG-INFO
writing dependency_links to ../../build/pubsub/pubsub.egg-info/dependency_links.txt
writing entry points to ../../build/pubsub/pubsub.egg-info/entry_points.txt
writing requirements to ../../build/pubsub/pubsub.egg-info/requires.txt
writing top-level names to ../../build/pubsub/pubsub.egg-info/top_level.txt
writing manifest file '../../build/pubsub/pubsub.egg-info/SOURCES.txt'
reading manifest file '../../build/pubsub/pubsub.egg-info/SOURCES.txt'
writing manifest file '../../build/pubsub/pubsub.egg-info/SOURCES.txt'
running build
running build_py
creating /home/ubuntu/ROS2-Tutorials/robot_ws/build/pubsub/build
creating /home/ubuntu/ROS2-Tutorials/robot_ws/build/pubsub/build/lib
creating /home/ubuntu/ROS2-Tutorials/robot_ws/build/pubsub/build/lib/pubsub
copying pubsub/sub.py -> /home/ubuntu/ROS2-Tutorials/robot_ws/build/pubsub/build/lib/pubsub
copying pubsub/publisher.py -> /home/ubuntu/ROS2-Tutorials/robot_ws/build/pubsub/build/lib/pubsub
copying pubsub/__init__.py -> /home/ubuntu/ROS2-Tutorials/robot_ws/build/pubsub/build/lib/pubsub
running install
running install_lib
running install_data
running install_egg_info
removing '/home/ubuntu/ROS2-Tutorials/robot_ws/install/pubsub/lib/python3.8/site-packages/pubsub-0.0.0-py3.8.egg-info' (and everything under it)
Copying ../../build/pubsub/pubsub.egg-info to /home/ubuntu/ROS2-Tutorials/robot_ws/install/pubsub/lib/python3.8/site-packages/pubsub-0.0.0-py3.8.egg-info
running install_scripts
Installing myfirstpublisher script to /home/ubuntu/ROS2-Tutorials/robot_ws/install/pubsub/lib/pubsub
Installing myfirstsubscriber script to /home/ubuntu/ROS2-Tutorials/robot_ws/install/pubsub/lib/pubsub
writing list of installed files to '/home/ubuntu/ROS2-Tutorials/robot_ws/build/pubsub/install.log'
