running egg_info
writing ../../build/srv_examples/srv_examples.egg-info/PKG-INFO
writing dependency_links to ../../build/srv_examples/srv_examples.egg-info/dependency_links.txt
writing entry points to ../../build/srv_examples/srv_examples.egg-info/entry_points.txt
writing requirements to ../../build/srv_examples/srv_examples.egg-info/requires.txt
writing top-level names to ../../build/srv_examples/srv_examples.egg-info/top_level.txt
reading manifest file '../../build/srv_examples/srv_examples.egg-info/SOURCES.txt'
writing manifest file '../../build/srv_examples/srv_examples.egg-info/SOURCES.txt'
running build
running build_py
running install
running install_lib
running install_data
running install_egg_info
removing '/home/ubuntu/robot_ws/install/srv_examples/lib/python3.8/site-packages/srv_examples-0.0.0-py3.8.egg-info' (and everything under it)
Copying ../../build/srv_examples/srv_examples.egg-info to /home/ubuntu/robot_ws/install/srv_examples/lib/python3.8/site-packages/srv_examples-0.0.0-py3.8.egg-info
running install_scripts
Installing myfirstserviceclient script to /home/ubuntu/robot_ws/install/srv_examples/lib/srv_examples
Installing myfirstserviceserver script to /home/ubuntu/robot_ws/install/srv_examples/lib/srv_examples
writing list of installed files to '/home/ubuntu/robot_ws/build/srv_examples/install.log'
