[1.197s] Invoking command in '/home/ubuntu/robot_ws/src/rqt_joy': PYTHONPATH=/home/ubuntu/robot_ws/install/rqt_joy/lib/python3.8/site-packages:${PYTHONPATH} /usr/bin/python3 setup.py egg_info --egg-base ../../build/rqt_joy build --build-base /home/ubuntu/robot_ws/build/rqt_joy/build install --prefix /home/ubuntu/robot_ws/install/rqt_joy --record /home/ubuntu/robot_ws/build/rqt_joy/install.log --single-version-externally-managed
[1.490s] running egg_info
[1.491s] creating ../../build/rqt_joy/rqt_joy.egg-info
[1.492s] writing ../../build/rqt_joy/rqt_joy.egg-info/PKG-INFO
[1.492s] writing dependency_links to ../../build/rqt_joy/rqt_joy.egg-info/dependency_links.txt
[1.492s] writing requirements to ../../build/rqt_joy/rqt_joy.egg-info/requires.txt
[1.493s] writing top-level names to ../../build/rqt_joy/rqt_joy.egg-info/top_level.txt
[1.495s] writing manifest file '../../build/rqt_joy/rqt_joy.egg-info/SOURCES.txt'
[1.546s] reading manifest file '../../build/rqt_joy/rqt_joy.egg-info/SOURCES.txt'
[1.548s] writing manifest file '../../build/rqt_joy/rqt_joy.egg-info/SOURCES.txt'
[1.549s] running build
[1.549s] running build_py
[1.550s] creating /home/ubuntu/robot_ws/build/rqt_joy/build
[1.550s] creating /home/ubuntu/robot_ws/build/rqt_joy/build/lib
[1.550s] creating /home/ubuntu/robot_ws/build/rqt_joy/build/lib/rqt_joy
[1.551s] copying src/rqt_joy/joy.py -> /home/ubuntu/robot_ws/build/rqt_joy/build/lib/rqt_joy
[1.552s] copying src/rqt_joy/__init__.py -> /home/ubuntu/robot_ws/build/rqt_joy/build/lib/rqt_joy
[1.552s] running build_scripts
[1.553s] creating /home/ubuntu/robot_ws/build/rqt_joy/build/scripts-3.8
[1.554s] copying and adjusting scripts/rqt_joy -> /home/ubuntu/robot_ws/build/rqt_joy/build/scripts-3.8
[1.554s] changing mode of /home/ubuntu/robot_ws/build/rqt_joy/build/scripts-3.8/rqt_joy from 644 to 755
[1.554s] running install
[1.555s] running install_lib
[1.556s] creating /home/ubuntu/robot_ws/install/rqt_joy/lib/python3.8/site-packages/rqt_joy
[1.556s] copying /home/ubuntu/robot_ws/build/rqt_joy/build/lib/rqt_joy/joy.py -> /home/ubuntu/robot_ws/install/rqt_joy/lib/python3.8/site-packages/rqt_joy
[1.557s] copying /home/ubuntu/robot_ws/build/rqt_joy/build/lib/rqt_joy/__init__.py -> /home/ubuntu/robot_ws/install/rqt_joy/lib/python3.8/site-packages/rqt_joy
[1.557s] byte-compiling /home/ubuntu/robot_ws/install/rqt_joy/lib/python3.8/site-packages/rqt_joy/joy.py to joy.cpython-38.pyc
[1.558s] byte-compiling /home/ubuntu/robot_ws/install/rqt_joy/lib/python3.8/site-packages/rqt_joy/__init__.py to __init__.cpython-38.pyc
[1.558s] running install_data
[1.559s] creating /home/ubuntu/robot_ws/install/rqt_joy/share/ament_index
[1.559s] creating /home/ubuntu/robot_ws/install/rqt_joy/share/ament_index/resource_index
[1.559s] creating /home/ubuntu/robot_ws/install/rqt_joy/share/ament_index/resource_index/packages
[1.560s] copying resource/rqt_joy -> /home/ubuntu/robot_ws/install/rqt_joy/share/ament_index/resource_index/packages
[1.560s] creating /home/ubuntu/robot_ws/install/rqt_joy/share/rqt_joy/resource
[1.561s] copying resource/VirtualJoy.ui -> /home/ubuntu/robot_ws/install/rqt_joy/share/rqt_joy/resource
[1.561s] copying package.xml -> /home/ubuntu/robot_ws/install/rqt_joy/share/rqt_joy
[1.561s] copying plugin.xml -> /home/ubuntu/robot_ws/install/rqt_joy/share/rqt_joy
[1.562s] creating /home/ubuntu/robot_ws/install/rqt_joy/lib/rqt_joy
[1.562s] copying scripts/rqt_joy -> /home/ubuntu/robot_ws/install/rqt_joy/lib/rqt_joy
[1.562s] running install_egg_info
[1.562s] Copying ../../build/rqt_joy/rqt_joy.egg-info to /home/ubuntu/robot_ws/install/rqt_joy/lib/python3.8/site-packages/rqt_joy-1.0.0-py3.8.egg-info
[1.563s] running install_scripts
[1.598s] creating /home/ubuntu/robot_ws/install/rqt_joy/bin
[1.599s] copying /home/ubuntu/robot_ws/build/rqt_joy/build/scripts-3.8/rqt_joy -> /home/ubuntu/robot_ws/install/rqt_joy/bin
[1.599s] changing mode of /home/ubuntu/robot_ws/install/rqt_joy/bin/rqt_joy to 755
[1.602s] writing list of installed files to '/home/ubuntu/robot_ws/build/rqt_joy/install.log'
[1.672s] Invoked command in '/home/ubuntu/robot_ws/src/rqt_joy' returned '0': PYTHONPATH=/home/ubuntu/robot_ws/install/rqt_joy/lib/python3.8/site-packages:${PYTHONPATH} /usr/bin/python3 setup.py egg_info --egg-base ../../build/rqt_joy build --build-base /home/ubuntu/robot_ws/build/rqt_joy/build install --prefix /home/ubuntu/robot_ws/install/rqt_joy --record /home/ubuntu/robot_ws/build/rqt_joy/install.log --single-version-externally-managed
