[0.578s] Invoking command in '/home/ubuntu/robot_ws/src/hello_world': PYTHONPATH=/home/ubuntu/robot_ws/install/hello_world/lib/python3.8/site-packages:${PYTHONPATH} /usr/bin/python3 setup.py egg_info --egg-base ../../build/hello_world build --build-base /home/ubuntu/robot_ws/build/hello_world/build install --prefix /home/ubuntu/robot_ws/install/hello_world --record /home/ubuntu/robot_ws/build/hello_world/install.log --single-version-externally-managed
[0.846s] running egg_info
[0.847s] writing ../../build/hello_world/hello_world.egg-info/PKG-INFO
[0.847s] writing dependency_links to ../../build/hello_world/hello_world.egg-info/dependency_links.txt
[0.848s] writing entry points to ../../build/hello_world/hello_world.egg-info/entry_points.txt
[0.848s] writing requirements to ../../build/hello_world/hello_world.egg-info/requires.txt
[0.848s] writing top-level names to ../../build/hello_world/hello_world.egg-info/top_level.txt
[0.896s] reading manifest file '../../build/hello_world/hello_world.egg-info/SOURCES.txt'
[0.898s] writing manifest file '../../build/hello_world/hello_world.egg-info/SOURCES.txt'
[0.899s] running build
[0.899s] running build_py
[0.899s] running install
[0.899s] running install_lib
[0.900s] running install_data
[0.901s] running install_egg_info
[0.902s] removing '/home/ubuntu/robot_ws/install/hello_world/lib/python3.8/site-packages/hello_world-0.0.0-py3.8.egg-info' (and everything under it)
[0.903s] Copying ../../build/hello_world/hello_world.egg-info to /home/ubuntu/robot_ws/install/hello_world/lib/python3.8/site-packages/hello_world-0.0.0-py3.8.egg-info
[0.904s] running install_scripts
[0.926s] Installing hello_world script to /home/ubuntu/robot_ws/install/hello_world/lib/hello_world
[0.926s] writing list of installed files to '/home/ubuntu/robot_ws/build/hello_world/install.log'
[0.953s] Invoked command in '/home/ubuntu/robot_ws/src/hello_world' returned '0': PYTHONPATH=/home/ubuntu/robot_ws/install/hello_world/lib/python3.8/site-packages:${PYTHONPATH} /usr/bin/python3 setup.py egg_info --egg-base ../../build/hello_world build --build-base /home/ubuntu/robot_ws/build/hello_world/build install --prefix /home/ubuntu/robot_ws/install/hello_world --record /home/ubuntu/robot_ws/build/hello_world/install.log --single-version-externally-managed
