[1.509s] Invoking command in '/home/ubuntu/robot_ws/src/srv_examples': PYTHONPATH=/home/ubuntu/robot_ws/install/srv_examples/lib/python3.8/site-packages:${PYTHONPATH} /usr/bin/python3 setup.py egg_info --egg-base ../../build/srv_examples build --build-base /home/ubuntu/robot_ws/build/srv_examples/build install --prefix /home/ubuntu/robot_ws/install/srv_examples --record /home/ubuntu/robot_ws/build/srv_examples/install.log --single-version-externally-managed
[1.845s] running egg_info
[1.847s] writing ../../build/srv_examples/srv_examples.egg-info/PKG-INFO
[1.850s] writing dependency_links to ../../build/srv_examples/srv_examples.egg-info/dependency_links.txt
[1.850s] writing entry points to ../../build/srv_examples/srv_examples.egg-info/entry_points.txt
[1.851s] writing requirements to ../../build/srv_examples/srv_examples.egg-info/requires.txt
[1.851s] writing top-level names to ../../build/srv_examples/srv_examples.egg-info/top_level.txt
[1.899s] reading manifest file '../../build/srv_examples/srv_examples.egg-info/SOURCES.txt'
[1.900s] writing manifest file '../../build/srv_examples/srv_examples.egg-info/SOURCES.txt'
[1.901s] running build
[1.901s] running build_py
[1.901s] copying srv_examples/invert_gripper_service_client.py -> /home/ubuntu/robot_ws/build/srv_examples/build/lib/srv_examples
[1.901s] running install
[1.902s] running install_lib
[1.903s] copying /home/ubuntu/robot_ws/build/srv_examples/build/lib/srv_examples/invert_gripper_service_client.py -> /home/ubuntu/robot_ws/install/srv_examples/lib/python3.8/site-packages/srv_examples
[1.904s] byte-compiling /home/ubuntu/robot_ws/install/srv_examples/lib/python3.8/site-packages/srv_examples/invert_gripper_service_client.py to invert_gripper_service_client.cpython-38.pyc
[1.907s] running install_data
[1.912s] running install_egg_info
[1.914s] removing '/home/ubuntu/robot_ws/install/srv_examples/lib/python3.8/site-packages/srv_examples-0.0.0-py3.8.egg-info' (and everything under it)
[1.914s] Copying ../../build/srv_examples/srv_examples.egg-info to /home/ubuntu/robot_ws/install/srv_examples/lib/python3.8/site-packages/srv_examples-0.0.0-py3.8.egg-info
[1.914s] running install_scripts
[1.938s] Installing invert_gripper_service_client script to /home/ubuntu/robot_ws/install/srv_examples/lib/srv_examples
[1.940s] Installing open_gripper_service_server script to /home/ubuntu/robot_ws/install/srv_examples/lib/srv_examples
[1.941s] Installing turtlesim_geofence_reset_srv script to /home/ubuntu/robot_ws/install/srv_examples/lib/srv_examples
[1.941s] writing list of installed files to '/home/ubuntu/robot_ws/build/srv_examples/install.log'
[2.011s] Invoked command in '/home/ubuntu/robot_ws/src/srv_examples' returned '0': PYTHONPATH=/home/ubuntu/robot_ws/install/srv_examples/lib/python3.8/site-packages:${PYTHONPATH} /usr/bin/python3 setup.py egg_info --egg-base ../../build/srv_examples build --build-base /home/ubuntu/robot_ws/build/srv_examples/build install --prefix /home/ubuntu/robot_ws/install/srv_examples --record /home/ubuntu/robot_ws/build/srv_examples/install.log --single-version-externally-managed
