[0.591s] Invoking command in '/home/ubuntu/robot_ws/src/hello_world': PYTHONPATH=/home/ubuntu/robot_ws/install/hello_world/lib/python3.8/site-packages:${PYTHONPATH} /usr/bin/python3 setup.py egg_info --egg-base ../../build/hello_world build --build-base /home/ubuntu/robot_ws/build/hello_world/build install --prefix /home/ubuntu/robot_ws/install/hello_world --record /home/ubuntu/robot_ws/build/hello_world/install.log --single-version-externally-managed
[0.853s] running egg_info
[0.854s] writing ../../build/hello_world/hello_world.egg-info/PKG-INFO
[0.855s] writing dependency_links to ../../build/hello_world/hello_world.egg-info/dependency_links.txt
[0.857s] writing entry points to ../../build/hello_world/hello_world.egg-info/entry_points.txt
[0.857s] writing requirements to ../../build/hello_world/hello_world.egg-info/requires.txt
[0.857s] writing top-level names to ../../build/hello_world/hello_world.egg-info/top_level.txt
[0.898s] reading manifest file '../../build/hello_world/hello_world.egg-info/SOURCES.txt'
[0.899s] writing manifest file '../../build/hello_world/hello_world.egg-info/SOURCES.txt'
[0.899s] running build
[0.900s] running build_py
[0.900s] copying hello_world/hello_world.py -> /home/ubuntu/robot_ws/build/hello_world/build/lib/hello_world
[0.901s] running install
[0.901s] running install_lib
[0.901s] copying /home/ubuntu/robot_ws/build/hello_world/build/lib/hello_world/hello_world.py -> /home/ubuntu/robot_ws/install/hello_world/lib/python3.8/site-packages/hello_world
[0.902s] byte-compiling /home/ubuntu/robot_ws/install/hello_world/lib/python3.8/site-packages/hello_world/hello_world.py to hello_world.cpython-38.pyc
[0.903s] running install_data
[0.904s] running install_egg_info
[0.905s] removing '/home/ubuntu/robot_ws/install/hello_world/lib/python3.8/site-packages/hello_world-0.0.0-py3.8.egg-info' (and everything under it)
[0.906s] Copying ../../build/hello_world/hello_world.egg-info to /home/ubuntu/robot_ws/install/hello_world/lib/python3.8/site-packages/hello_world-0.0.0-py3.8.egg-info
[0.907s] running install_scripts
[0.925s] Installing hello_world script to /home/ubuntu/robot_ws/install/hello_world/lib/hello_world
[0.928s] writing list of installed files to '/home/ubuntu/robot_ws/build/hello_world/install.log'
[0.968s] Invoked command in '/home/ubuntu/robot_ws/src/hello_world' returned '0': PYTHONPATH=/home/ubuntu/robot_ws/install/hello_world/lib/python3.8/site-packages:${PYTHONPATH} /usr/bin/python3 setup.py egg_info --egg-base ../../build/hello_world build --build-base /home/ubuntu/robot_ws/build/hello_world/build install --prefix /home/ubuntu/robot_ws/install/hello_world --record /home/ubuntu/robot_ws/build/hello_world/install.log --single-version-externally-managed
