[1.584s] Invoking command in '/home/ubuntu/ROS2-Tutorials/robot_ws/src/srv_examples': PYTHONPATH=/home/ubuntu/ROS2-Tutorials/robot_ws/install/srv_examples/lib/python3.8/site-packages:${PYTHONPATH} /usr/bin/python3 setup.py egg_info --egg-base ../../build/srv_examples build --build-base /home/ubuntu/ROS2-Tutorials/robot_ws/build/srv_examples/build install --prefix /home/ubuntu/ROS2-Tutorials/robot_ws/install/srv_examples --record /home/ubuntu/ROS2-Tutorials/robot_ws/build/srv_examples/install.log --single-version-externally-managed
[1.855s] running egg_info
[1.856s] writing ../../build/srv_examples/srv_examples.egg-info/PKG-INFO
[1.856s] writing dependency_links to ../../build/srv_examples/srv_examples.egg-info/dependency_links.txt
[1.857s] writing entry points to ../../build/srv_examples/srv_examples.egg-info/entry_points.txt
[1.857s] writing requirements to ../../build/srv_examples/srv_examples.egg-info/requires.txt
[1.858s] writing top-level names to ../../build/srv_examples/srv_examples.egg-info/top_level.txt
[1.917s] reading manifest file '../../build/srv_examples/srv_examples.egg-info/SOURCES.txt'
[1.918s] writing manifest file '../../build/srv_examples/srv_examples.egg-info/SOURCES.txt'
[1.918s] running build
[1.919s] running build_py
[1.919s] running install
[1.920s] running install_lib
[1.923s] running install_data
[1.924s] running install_egg_info
[1.926s] removing '/home/ubuntu/ROS2-Tutorials/robot_ws/install/srv_examples/lib/python3.8/site-packages/srv_examples-0.0.0-py3.8.egg-info' (and everything under it)
[1.927s] Copying ../../build/srv_examples/srv_examples.egg-info to /home/ubuntu/ROS2-Tutorials/robot_ws/install/srv_examples/lib/python3.8/site-packages/srv_examples-0.0.0-py3.8.egg-info
[1.929s] running install_scripts
[1.950s] Installing invert_gripper_service_client script to /home/ubuntu/ROS2-Tutorials/robot_ws/install/srv_examples/lib/srv_examples
[1.950s] Installing open_gripper_service_server script to /home/ubuntu/ROS2-Tutorials/robot_ws/install/srv_examples/lib/srv_examples
[1.951s] Installing turtlesim_geofence_reset_srv script to /home/ubuntu/ROS2-Tutorials/robot_ws/install/srv_examples/lib/srv_examples
[1.951s] writing list of installed files to '/home/ubuntu/ROS2-Tutorials/robot_ws/build/srv_examples/install.log'
