[1.549s] Invoking command in '/home/ubuntu/robot_ws/src/hello_world': PYTHONPATH=/home/ubuntu/robot_ws/install/hello_world/lib/python3.8/site-packages:${PYTHONPATH} /usr/bin/python3 setup.py egg_info --egg-base ../../build/hello_world build --build-base /home/ubuntu/robot_ws/build/hello_world/build install --prefix /home/ubuntu/robot_ws/install/hello_world --record /home/ubuntu/robot_ws/build/hello_world/install.log --single-version-externally-managed
[1.866s] running egg_info
[1.867s] writing ../../build/hello_world/hello_world.egg-info/PKG-INFO
[1.869s] writing dependency_links to ../../build/hello_world/hello_world.egg-info/dependency_links.txt
[1.869s] writing entry points to ../../build/hello_world/hello_world.egg-info/entry_points.txt
[1.870s] writing requirements to ../../build/hello_world/hello_world.egg-info/requires.txt
[1.870s] writing top-level names to ../../build/hello_world/hello_world.egg-info/top_level.txt
[1.924s] reading manifest file '../../build/hello_world/hello_world.egg-info/SOURCES.txt'
[1.926s] writing manifest file '../../build/hello_world/hello_world.egg-info/SOURCES.txt'
[1.926s] running build
[1.927s] running build_py
[1.928s] running install
[1.928s] running install_lib
[1.933s] running install_data
[1.933s] running install_egg_info
[1.933s] removing '/home/ubuntu/robot_ws/install/hello_world/lib/python3.8/site-packages/hello_world-0.0.0-py3.8.egg-info' (and everything under it)
[1.933s] Copying ../../build/hello_world/hello_world.egg-info to /home/ubuntu/robot_ws/install/hello_world/lib/python3.8/site-packages/hello_world-0.0.0-py3.8.egg-info
[1.935s] running install_scripts
[1.957s] Installing hello_world script to /home/ubuntu/robot_ws/install/hello_world/lib/hello_world
[1.958s] writing list of installed files to '/home/ubuntu/robot_ws/build/hello_world/install.log'
[2.001s] Invoked command in '/home/ubuntu/robot_ws/src/hello_world' returned '0': PYTHONPATH=/home/ubuntu/robot_ws/install/hello_world/lib/python3.8/site-packages:${PYTHONPATH} /usr/bin/python3 setup.py egg_info --egg-base ../../build/hello_world build --build-base /home/ubuntu/robot_ws/build/hello_world/build install --prefix /home/ubuntu/robot_ws/install/hello_world --record /home/ubuntu/robot_ws/build/hello_world/install.log --single-version-externally-managed
