[0.075s] Invoking command in '/home/ubuntu/ROS2-Tutorials/robot_ws/build/turtlesim': /usr/bin/cmake /home/ubuntu/ROS2-Tutorials/robot_ws/src/ros_tutorials/turtlesim -DCATKIN_INSTALL_INTO_PREFIX_ROOT=0 -DCMAKE_INSTALL_PREFIX=/home/ubuntu/ROS2-Tutorials/robot_ws/install/turtlesim
[1.587s] CMake Error at CMakeLists.txt:4 (find_package):
[1.587s]   By not providing "Findcatkin.cmake" in CMAKE_MODULE_PATH this project has
[1.587s]   asked CMake to find a package configuration file provided by "catkin", but
[1.587s]   CMake did not find one.
[1.587s] 
[1.588s]   Could not find a package configuration file provided by "catkin" with any
[1.588s]   of the following names:
[1.588s] 
[1.588s]     catkinConfig.cmake
[1.589s]     catkin-config.cmake
[1.589s] 
[1.589s]   Add the installation prefix of "catkin" to CMAKE_PREFIX_PATH or set
[1.589s]   "catkin_DIR" to a directory containing one of the above files.  If "catkin"
[1.590s]   provides a separate development package or SDK, be sure it has been
[1.590s]   installed.
[1.590s] 
[1.590s] 
[1.591s] -- Configuring incomplete, errors occurred!
[1.591s] See also "/home/ubuntu/ROS2-Tutorials/robot_ws/build/turtlesim/CMakeFiles/CMakeOutput.log".
[1.596s] Invoked command in '/home/ubuntu/ROS2-Tutorials/robot_ws/build/turtlesim' returned '1': /usr/bin/cmake /home/ubuntu/ROS2-Tutorials/robot_ws/src/ros_tutorials/turtlesim -DCATKIN_INSTALL_INTO_PREFIX_ROOT=0 -DCMAKE_INSTALL_PREFIX=/home/ubuntu/ROS2-Tutorials/robot_ws/install/turtlesim
