[0.970s] Invoking command in '/home/ubuntu/robot_ws/build/turtlesim': CMAKE_PREFIX_PATH=${CMAKE_PREFIX_PATH}:/home/ubuntu/robot_ws/install/srv_examples:/home/ubuntu/robot_ws/install/pubsub:/home/ubuntu/robot_ws/install/myfirstpackage:/opt/ros/foxy /usr/bin/cmake --build /home/ubuntu/robot_ws/build/turtlesim -- -j12 -l12
[1.049s] [  1%] Built target turtlesim__cpp
[1.053s] [ 11%] Built target turtlesim__rosidl_generator_c
[1.086s] [ 21%] Built target turtlesim__rosidl_typesupport_introspection_cpp
[1.088s] [ 31%] Built target turtlesim__rosidl_typesupport_cpp
[1.088s] [ 41%] Built target turtlesim__rosidl_typesupport_c
[1.098s] [ 51%] Built target turtlesim__rosidl_typesupport_introspection_c
[1.110s] [ 61%] Built target turtlesim__rosidl_typesupport_fastrtps_cpp
[1.155s] [ 71%] Built target turtlesim__rosidl_typesupport_fastrtps_c
[1.183s] [ 71%] Built target turtlesim
[1.216s] [ 72%] Built target turtlesim__py
[1.236s] [ 74%] Built target draw_square
[1.236s] [ 76%] Built target mimic
[1.239s] [ 78%] Built target turtle_teleop_key
[1.259s] [ 84%] Built target turtlesim_node
[1.269s] [ 93%] Built target turtlesim__python
[1.312s] [ 96%] Built target turtlesim__rosidl_typesupport_introspection_c__pyext
[1.312s] [ 97%] Built target turtlesim__rosidl_typesupport_c__pyext
[1.313s] [100%] Built target turtlesim__rosidl_typesupport_fastrtps_c__pyext
[1.334s] Invoked command in '/home/ubuntu/robot_ws/build/turtlesim' returned '0': CMAKE_PREFIX_PATH=${CMAKE_PREFIX_PATH}:/home/ubuntu/robot_ws/install/srv_examples:/home/ubuntu/robot_ws/install/pubsub:/home/ubuntu/robot_ws/install/myfirstpackage:/opt/ros/foxy /usr/bin/cmake --build /home/ubuntu/robot_ws/build/turtlesim -- -j12 -l12
[1.603s] Invoking command in '/home/ubuntu/robot_ws/build/turtlesim': CMAKE_PREFIX_PATH=${CMAKE_PREFIX_PATH}:/home/ubuntu/robot_ws/install/srv_examples:/home/ubuntu/robot_ws/install/pubsub:/home/ubuntu/robot_ws/install/myfirstpackage:/opt/ros/foxy /usr/bin/cmake --install /home/ubuntu/robot_ws/build/turtlesim
[1.614s] -- Install configuration: ""
[1.615s] -- Up-to-date: /home/ubuntu/robot_ws/install/turtlesim/share/ament_index/resource_index/rosidl_interfaces/turtlesim
[1.615s] -- Up-to-date: /home/ubuntu/robot_ws/install/turtlesim/include/turtlesim
[1.616s] -- Up-to-date: /home/ubuntu/robot_ws/install/turtlesim/include/turtlesim/srv
[1.616s] -- Up-to-date: /home/ubuntu/robot_ws/install/turtlesim/include/turtlesim/srv/kill.h
[1.616s] -- Up-to-date: /home/ubuntu/robot_ws/install/turtlesim/include/turtlesim/srv/teleport_absolute.h
[1.616s] -- Up-to-date: /home/ubuntu/robot_ws/install/turtlesim/include/turtlesim/srv/spawn.h
[1.617s] -- Up-to-date: /home/ubuntu/robot_ws/install/turtlesim/include/turtlesim/srv/set_pen.h
[1.617s] -- Up-to-date: /home/ubuntu/robot_ws/install/turtlesim/include/turtlesim/srv/detail
[1.618s] -- Up-to-date: /home/ubuntu/robot_ws/install/turtlesim/include/turtlesim/srv/detail/teleport_absolute__functions.h
[1.618s] -- Up-to-date: /home/ubuntu/robot_ws/install/turtlesim/include/turtlesim/srv/detail/spawn__type_support.h
[1.618s] -- Up-to-date: /home/ubuntu/robot_ws/install/turtlesim/include/turtlesim/srv/detail/teleport_relative__type_support.h
[1.618s] -- Up-to-date: /home/ubuntu/robot_ws/install/turtlesim/include/turtlesim/srv/detail/teleport_absolute__type_support.h
[1.619s] -- Up-to-date: /home/ubuntu/robot_ws/install/turtlesim/include/turtlesim/srv/detail/set_pen__struct.h
[1.619s] -- Up-to-date: /home/ubuntu/robot_ws/install/turtlesim/include/turtlesim/srv/detail/kill__struct.h
[1.619s] -- Up-to-date: /home/ubuntu/robot_ws/install/turtlesim/include/turtlesim/srv/detail/teleport_relative__functions.h
[1.619s] -- Up-to-date: /home/ubuntu/robot_ws/install/turtlesim/include/turtlesim/srv/detail/teleport_absolute__functions.c
[1.620s] -- Up-to-date: /home/ubuntu/robot_ws/install/turtlesim/include/turtlesim/srv/detail/teleport_absolute__struct.h
[1.620s] -- Up-to-date: /home/ubuntu/robot_ws/install/turtlesim/include/turtlesim/srv/detail/spawn__functions.c
[1.620s] -- Up-to-date: /home/ubuntu/robot_ws/install/turtlesim/include/turtlesim/srv/detail/teleport_relative__functions.c
[1.621s] -- Up-to-date: /home/ubuntu/robot_ws/install/turtlesim/include/turtlesim/srv/detail/spawn__struct.h
[1.621s] -- Up-to-date: /home/ubuntu/robot_ws/install/turtlesim/include/turtlesim/srv/detail/teleport_relative__struct.h
[1.621s] -- Up-to-date: /home/ubuntu/robot_ws/install/turtlesim/include/turtlesim/srv/detail/kill__functions.h
[1.622s] -- Up-to-date: /home/ubuntu/robot_ws/install/turtlesim/include/turtlesim/srv/detail/kill__type_support.h
[1.622s] -- Up-to-date: /home/ubuntu/robot_ws/install/turtlesim/include/turtlesim/srv/detail/set_pen__functions.c
[1.622s] -- Up-to-date: /home/ubuntu/robot_ws/install/turtlesim/include/turtlesim/srv/detail/set_pen__type_support.h
[1.622s] -- Up-to-date: /home/ubuntu/robot_ws/install/turtlesim/include/turtlesim/srv/detail/set_pen__functions.h
[1.622s] -- Up-to-date: /home/ubuntu/robot_ws/install/turtlesim/include/turtlesim/srv/detail/spawn__functions.h
[1.622s] -- Up-to-date: /home/ubuntu/robot_ws/install/turtlesim/include/turtlesim/srv/detail/kill__functions.c
[1.622s] -- Up-to-date: /home/ubuntu/robot_ws/install/turtlesim/include/turtlesim/srv/teleport_relative.h
[1.623s] -- Up-to-date: /home/ubuntu/robot_ws/install/turtlesim/include/turtlesim/msg
[1.623s] -- Up-to-date: /home/ubuntu/robot_ws/install/turtlesim/include/turtlesim/msg/pose.h
[1.624s] -- Up-to-date: /home/ubuntu/robot_ws/install/turtlesim/include/turtlesim/msg/color.h
[1.624s] -- Up-to-date: /home/ubuntu/robot_ws/install/turtlesim/include/turtlesim/msg/rosidl_generator_c__visibility_control.h
[1.624s] -- Up-to-date: /home/ubuntu/robot_ws/install/turtlesim/include/turtlesim/msg/detail
[1.625s] -- Up-to-date: /home/ubuntu/robot_ws/install/turtlesim/include/turtlesim/msg/detail/pose__functions.h
[1.625s] -- Up-to-date: /home/ubuntu/robot_ws/install/turtlesim/include/turtlesim/msg/detail/pose__struct.h
[1.626s] -- Up-to-date: /home/ubuntu/robot_ws/install/turtlesim/include/turtlesim/msg/detail/color__struct.h
[1.626s] -- Up-to-date: /home/ubuntu/robot_ws/install/turtlesim/include/turtlesim/msg/detail/pose__functions.c
[1.626s] -- Up-to-date: /home/ubuntu/robot_ws/install/turtlesim/include/turtlesim/msg/detail/color__functions.h
[1.626s] -- Up-to-date: /home/ubuntu/robot_ws/install/turtlesim/include/turtlesim/msg/detail/color__functions.c
[1.626s] -- Up-to-date: /home/ubuntu/robot_ws/install/turtlesim/include/turtlesim/msg/detail/color__type_support.h
[1.627s] -- Up-to-date: /home/ubuntu/robot_ws/install/turtlesim/include/turtlesim/msg/detail/pose__type_support.h
[1.627s] -- Up-to-date: /home/ubuntu/robot_ws/install/turtlesim/include/turtlesim/action
[1.627s] -- Up-to-date: /home/ubuntu/robot_ws/install/turtlesim/include/turtlesim/action/rotate_absolute.h
[1.628s] -- Up-to-date: /home/ubuntu/robot_ws/install/turtlesim/include/turtlesim/action/detail
[1.628s] -- Up-to-date: /home/ubuntu/robot_ws/install/turtlesim/include/turtlesim/action/detail/rotate_absolute__functions.c
[1.628s] -- Up-to-date: /home/ubuntu/robot_ws/install/turtlesim/include/turtlesim/action/detail/rotate_absolute__type_support.h
[1.628s] -- Up-to-date: /home/ubuntu/robot_ws/install/turtlesim/include/turtlesim/action/detail/rotate_absolute__functions.h
[1.629s] -- Up-to-date: /home/ubuntu/robot_ws/install/turtlesim/include/turtlesim/action/detail/rotate_absolute__struct.h
[1.629s] -- Up-to-date: /home/ubuntu/robot_ws/install/turtlesim/share/turtlesim/environment/library_path.sh
[1.629s] -- Up-to-date: /home/ubuntu/robot_ws/install/turtlesim/share/turtlesim/environment/library_path.dsv
[1.629s] -- Up-to-date: /home/ubuntu/robot_ws/install/turtlesim/lib/libturtlesim__rosidl_generator_c.so
[1.630s] -- Up-to-date: /home/ubuntu/robot_ws/install/turtlesim/include/turtlesim
[1.630s] -- Up-to-date: /home/ubuntu/robot_ws/install/turtlesim/include/turtlesim/srv
[1.631s] -- Up-to-date: /home/ubuntu/robot_ws/install/turtlesim/include/turtlesim/srv/detail
[1.631s] -- Up-to-date: /home/ubuntu/robot_ws/install/turtlesim/include/turtlesim/srv/detail/spawn__rosidl_typesupport_fastrtps_c.h
[1.631s] -- Up-to-date: /home/ubuntu/robot_ws/install/turtlesim/include/turtlesim/srv/detail/teleport_relative__rosidl_typesupport_fastrtps_c.h
[1.631s] -- Up-to-date: /home/ubuntu/robot_ws/install/turtlesim/include/turtlesim/srv/detail/kill__rosidl_typesupport_fastrtps_c.h
[1.631s] -- Up-to-date: /home/ubuntu/robot_ws/install/turtlesim/include/turtlesim/srv/detail/teleport_absolute__rosidl_typesupport_fastrtps_c.h
[1.631s] -- Up-to-date: /home/ubuntu/robot_ws/install/turtlesim/include/turtlesim/srv/detail/set_pen__rosidl_typesupport_fastrtps_c.h
[1.631s] -- Up-to-date: /home/ubuntu/robot_ws/install/turtlesim/include/turtlesim/msg
[1.631s] -- Up-to-date: /home/ubuntu/robot_ws/install/turtlesim/include/turtlesim/msg/rosidl_typesupport_fastrtps_c__visibility_control.h
[1.631s] -- Up-to-date: /home/ubuntu/robot_ws/install/turtlesim/include/turtlesim/msg/detail
[1.632s] -- Up-to-date: /home/ubuntu/robot_ws/install/turtlesim/include/turtlesim/msg/detail/color__rosidl_typesupport_fastrtps_c.h
[1.632s] -- Up-to-date: /home/ubuntu/robot_ws/install/turtlesim/include/turtlesim/msg/detail/pose__rosidl_typesupport_fastrtps_c.h
[1.632s] -- Up-to-date: /home/ubuntu/robot_ws/install/turtlesim/include/turtlesim/action
[1.632s] -- Up-to-date: /home/ubuntu/robot_ws/install/turtlesim/include/turtlesim/action/detail
[1.632s] -- Up-to-date: /home/ubuntu/robot_ws/install/turtlesim/include/turtlesim/action/detail/rotate_absolute__rosidl_typesupport_fastrtps_c.h
[1.632s] -- Up-to-date: /home/ubuntu/robot_ws/install/turtlesim/lib/libturtlesim__rosidl_typesupport_fastrtps_c.so
[1.632s] -- Up-to-date: /home/ubuntu/robot_ws/install/turtlesim/include/turtlesim
[1.632s] -- Up-to-date: /home/ubuntu/robot_ws/install/turtlesim/include/turtlesim/srv
[1.633s] -- Up-to-date: /home/ubuntu/robot_ws/install/turtlesim/include/turtlesim/srv/detail
[1.633s] -- Up-to-date: /home/ubuntu/robot_ws/install/turtlesim/include/turtlesim/srv/detail/spawn__rosidl_typesupport_fastrtps_cpp.hpp
[1.633s] -- Up-to-date: /home/ubuntu/robot_ws/install/turtlesim/include/turtlesim/srv/detail/teleport_relative__rosidl_typesupport_fastrtps_cpp.hpp
[1.633s] -- Up-to-date: /home/ubuntu/robot_ws/install/turtlesim/include/turtlesim/srv/detail/teleport_absolute__rosidl_typesupport_fastrtps_cpp.hpp
[1.633s] -- Up-to-date: /home/ubuntu/robot_ws/install/turtlesim/include/turtlesim/srv/detail/dds_fastrtps
[1.633s] -- Up-to-date: /home/ubuntu/robot_ws/install/turtlesim/include/turtlesim/srv/detail/set_pen__rosidl_typesupport_fastrtps_cpp.hpp
[1.633s] -- Up-to-date: /home/ubuntu/robot_ws/install/turtlesim/include/turtlesim/srv/detail/kill__rosidl_typesupport_fastrtps_cpp.hpp
[1.633s] -- Up-to-date: /home/ubuntu/robot_ws/install/turtlesim/include/turtlesim/msg
[1.633s] -- Up-to-date: /home/ubuntu/robot_ws/install/turtlesim/include/turtlesim/msg/rosidl_typesupport_fastrtps_cpp__visibility_control.h
[1.633s] -- Up-to-date: /home/ubuntu/robot_ws/install/turtlesim/include/turtlesim/msg/detail
[1.633s] -- Up-to-date: /home/ubuntu/robot_ws/install/turtlesim/include/turtlesim/msg/detail/pose__rosidl_typesupport_fastrtps_cpp.hpp
[1.634s] -- Up-to-date: /home/ubuntu/robot_ws/install/turtlesim/include/turtlesim/msg/detail/dds_fastrtps
[1.634s] -- Up-to-date: /home/ubuntu/robot_ws/install/turtlesim/include/turtlesim/msg/detail/color__rosidl_typesupport_fastrtps_cpp.hpp
[1.634s] -- Up-to-date: /home/ubuntu/robot_ws/install/turtlesim/include/turtlesim/action
[1.634s] -- Up-to-date: /home/ubuntu/robot_ws/install/turtlesim/include/turtlesim/action/detail
[1.634s] -- Up-to-date: /home/ubuntu/robot_ws/install/turtlesim/include/turtlesim/action/detail/rotate_absolute__rosidl_typesupport_fastrtps_cpp.hpp
[1.634s] -- Up-to-date: /home/ubuntu/robot_ws/install/turtlesim/include/turtlesim/action/detail/dds_fastrtps
[1.634s] -- Up-to-date: /home/ubuntu/robot_ws/install/turtlesim/lib/libturtlesim__rosidl_typesupport_fastrtps_cpp.so
[1.634s] -- Up-to-date: /home/ubuntu/robot_ws/install/turtlesim/include/turtlesim
[1.634s] -- Up-to-date: /home/ubuntu/robot_ws/install/turtlesim/include/turtlesim/srv
[1.635s] -- Up-to-date: /home/ubuntu/robot_ws/install/turtlesim/include/turtlesim/srv/detail
[1.635s] -- Up-to-date: /home/ubuntu/robot_ws/install/turtlesim/include/turtlesim/srv/detail/set_pen__type_support.c
[1.635s] -- Up-to-date: /home/ubuntu/robot_ws/install/turtlesim/include/turtlesim/srv/detail/kill__rosidl_typesupport_introspection_c.h
[1.635s] -- Up-to-date: /home/ubuntu/robot_ws/install/turtlesim/include/turtlesim/srv/detail/teleport_absolute__rosidl_typesupport_introspection_c.h
[1.635s] -- Up-to-date: /home/ubuntu/robot_ws/install/turtlesim/include/turtlesim/srv/detail/spawn__type_support.c
[1.635s] -- Up-to-date: /home/ubuntu/robot_ws/install/turtlesim/include/turtlesim/srv/detail/set_pen__rosidl_typesupport_introspection_c.h
[1.635s] -- Up-to-date: /home/ubuntu/robot_ws/install/turtlesim/include/turtlesim/srv/detail/teleport_absolute__type_support.c
[1.635s] -- Up-to-date: /home/ubuntu/robot_ws/install/turtlesim/include/turtlesim/srv/detail/teleport_relative__type_support.c
[1.635s] -- Up-to-date: /home/ubuntu/robot_ws/install/turtlesim/include/turtlesim/srv/detail/spawn__rosidl_typesupport_introspection_c.h
[1.635s] -- Up-to-date: /home/ubuntu/robot_ws/install/turtlesim/include/turtlesim/srv/detail/teleport_relative__rosidl_typesupport_introspection_c.h
[1.636s] -- Up-to-date: /home/ubuntu/robot_ws/install/turtlesim/include/turtlesim/srv/detail/kill__type_support.c
[1.636s] -- Up-to-date: /home/ubuntu/robot_ws/install/turtlesim/include/turtlesim/msg
[1.636s] -- Up-to-date: /home/ubuntu/robot_ws/install/turtlesim/include/turtlesim/msg/rosidl_typesupport_introspection_c__visibility_control.h
[1.636s] -- Up-to-date: /home/ubuntu/robot_ws/install/turtlesim/include/turtlesim/msg/detail
[1.636s] -- Up-to-date: /home/ubuntu/robot_ws/install/turtlesim/include/turtlesim/msg/detail/color__type_support.c
[1.636s] -- Up-to-date: /home/ubuntu/robot_ws/install/turtlesim/include/turtlesim/msg/detail/pose__rosidl_typesupport_introspection_c.h
[1.636s] -- Up-to-date: /home/ubuntu/robot_ws/install/turtlesim/include/turtlesim/msg/detail/color__rosidl_typesupport_introspection_c.h
[1.636s] -- Up-to-date: /home/ubuntu/robot_ws/install/turtlesim/include/turtlesim/msg/detail/pose__type_support.c
[1.636s] -- Up-to-date: /home/ubuntu/robot_ws/install/turtlesim/include/turtlesim/action
[1.637s] -- Up-to-date: /home/ubuntu/robot_ws/install/turtlesim/include/turtlesim/action/detail
[1.637s] -- Up-to-date: /home/ubuntu/robot_ws/install/turtlesim/include/turtlesim/action/detail/rotate_absolute__type_support.c
[1.637s] -- Up-to-date: /home/ubuntu/robot_ws/install/turtlesim/include/turtlesim/action/detail/rotate_absolute__rosidl_typesupport_introspection_c.h
[1.637s] -- Up-to-date: /home/ubuntu/robot_ws/install/turtlesim/lib/libturtlesim__rosidl_typesupport_introspection_c.so
[1.637s] -- Up-to-date: /home/ubuntu/robot_ws/install/turtlesim/lib/libturtlesim__rosidl_typesupport_c.so
[1.637s] -- Up-to-date: /home/ubuntu/robot_ws/install/turtlesim/include/turtlesim
[1.637s] -- Up-to-date: /home/ubuntu/robot_ws/install/turtlesim/include/turtlesim/srv
[1.637s] -- Up-to-date: /home/ubuntu/robot_ws/install/turtlesim/include/turtlesim/srv/teleport_relative.hpp
[1.637s] -- Up-to-date: /home/ubuntu/robot_ws/install/turtlesim/include/turtlesim/srv/set_pen.hpp
[1.637s] -- Up-to-date: /home/ubuntu/robot_ws/install/turtlesim/include/turtlesim/srv/teleport_absolute.hpp
[1.637s] -- Up-to-date: /home/ubuntu/robot_ws/install/turtlesim/include/turtlesim/srv/spawn.hpp
[1.638s] -- Up-to-date: /home/ubuntu/robot_ws/install/turtlesim/include/turtlesim/srv/kill.hpp
[1.638s] -- Up-to-date: /home/ubuntu/robot_ws/install/turtlesim/include/turtlesim/srv/detail
[1.638s] -- Up-to-date: /home/ubuntu/robot_ws/install/turtlesim/include/turtlesim/srv/detail/spawn__traits.hpp
[1.638s] -- Up-to-date: /home/ubuntu/robot_ws/install/turtlesim/include/turtlesim/srv/detail/spawn__builder.hpp
[1.638s] -- Up-to-date: /home/ubuntu/robot_ws/install/turtlesim/include/turtlesim/srv/detail/teleport_relative__struct.hpp
[1.638s] -- Up-to-date: /home/ubuntu/robot_ws/install/turtlesim/include/turtlesim/srv/detail/kill__struct.hpp
[1.638s] -- Up-to-date: /home/ubuntu/robot_ws/install/turtlesim/include/turtlesim/srv/detail/teleport_absolute__builder.hpp
[1.638s] -- Up-to-date: /home/ubuntu/robot_ws/install/turtlesim/include/turtlesim/srv/detail/teleport_absolute__traits.hpp
[1.638s] -- Up-to-date: /home/ubuntu/robot_ws/install/turtlesim/include/turtlesim/srv/detail/set_pen__struct.hpp
[1.638s] -- Up-to-date: /home/ubuntu/robot_ws/install/turtlesim/include/turtlesim/srv/detail/kill__traits.hpp
[1.638s] -- Up-to-date: /home/ubuntu/robot_ws/install/turtlesim/include/turtlesim/srv/detail/kill__builder.hpp
[1.639s] -- Up-to-date: /home/ubuntu/robot_ws/install/turtlesim/include/turtlesim/srv/detail/spawn__struct.hpp
[1.639s] -- Up-to-date: /home/ubuntu/robot_ws/install/turtlesim/include/turtlesim/srv/detail/set_pen__traits.hpp
[1.639s] -- Up-to-date: /home/ubuntu/robot_ws/install/turtlesim/include/turtlesim/srv/detail/teleport_relative__traits.hpp
[1.639s] -- Up-to-date: /home/ubuntu/robot_ws/install/turtlesim/include/turtlesim/srv/detail/teleport_relative__builder.hpp
[1.639s] -- Up-to-date: /home/ubuntu/robot_ws/install/turtlesim/include/turtlesim/srv/detail/teleport_absolute__struct.hpp
[1.639s] -- Up-to-date: /home/ubuntu/robot_ws/install/turtlesim/include/turtlesim/srv/detail/set_pen__builder.hpp
[1.639s] -- Up-to-date: /home/ubuntu/robot_ws/install/turtlesim/include/turtlesim/msg
[1.639s] -- Up-to-date: /home/ubuntu/robot_ws/install/turtlesim/include/turtlesim/msg/pose.hpp
[1.639s] -- Up-to-date: /home/ubuntu/robot_ws/install/turtlesim/include/turtlesim/msg/detail
[1.639s] -- Up-to-date: /home/ubuntu/robot_ws/install/turtlesim/include/turtlesim/msg/detail/pose__traits.hpp
[1.640s] -- Up-to-date: /home/ubuntu/robot_ws/install/turtlesim/include/turtlesim/msg/detail/pose__builder.hpp
[1.640s] -- Up-to-date: /home/ubuntu/robot_ws/install/turtlesim/include/turtlesim/msg/detail/color__struct.hpp
[1.640s] -- Up-to-date: /home/ubuntu/robot_ws/install/turtlesim/include/turtlesim/msg/detail/color__traits.hpp
[1.640s] -- Up-to-date: /home/ubuntu/robot_ws/install/turtlesim/include/turtlesim/msg/detail/pose__struct.hpp
[1.640s] -- Up-to-date: /home/ubuntu/robot_ws/install/turtlesim/include/turtlesim/msg/detail/color__builder.hpp
[1.640s] -- Up-to-date: /home/ubuntu/robot_ws/install/turtlesim/include/turtlesim/msg/color.hpp
[1.640s] -- Up-to-date: /home/ubuntu/robot_ws/install/turtlesim/include/turtlesim/action
[1.640s] -- Up-to-date: /home/ubuntu/robot_ws/install/turtlesim/include/turtlesim/action/rotate_absolute.hpp
[1.640s] -- Up-to-date: /home/ubuntu/robot_ws/install/turtlesim/include/turtlesim/action/detail
[1.640s] -- Up-to-date: /home/ubuntu/robot_ws/install/turtlesim/include/turtlesim/action/detail/rotate_absolute__traits.hpp
[1.641s] -- Up-to-date: /home/ubuntu/robot_ws/install/turtlesim/include/turtlesim/action/detail/rotate_absolute__struct.hpp
[1.641s] -- Up-to-date: /home/ubuntu/robot_ws/install/turtlesim/include/turtlesim/action/detail/rotate_absolute__builder.hpp
[1.641s] -- Up-to-date: /home/ubuntu/robot_ws/install/turtlesim/include/turtlesim
[1.641s] -- Up-to-date: /home/ubuntu/robot_ws/install/turtlesim/include/turtlesim/srv
[1.641s] -- Up-to-date: /home/ubuntu/robot_ws/install/turtlesim/include/turtlesim/srv/detail
[1.641s] -- Up-to-date: /home/ubuntu/robot_ws/install/turtlesim/include/turtlesim/srv/detail/kill__type_support.cpp
[1.641s] -- Up-to-date: /home/ubuntu/robot_ws/install/turtlesim/include/turtlesim/srv/detail/set_pen__type_support.cpp
[1.641s] -- Up-to-date: /home/ubuntu/robot_ws/install/turtlesim/include/turtlesim/srv/detail/spawn__type_support.cpp
[1.641s] -- Up-to-date: /home/ubuntu/robot_ws/install/turtlesim/include/turtlesim/srv/detail/teleport_relative__type_support.cpp
[1.642s] -- Up-to-date: /home/ubuntu/robot_ws/install/turtlesim/include/turtlesim/srv/detail/teleport_absolute__type_support.cpp
[1.642s] -- Up-to-date: /home/ubuntu/robot_ws/install/turtlesim/include/turtlesim/srv/detail/teleport_absolute__rosidl_typesupport_introspection_cpp.hpp
[1.642s] -- Up-to-date: /home/ubuntu/robot_ws/install/turtlesim/include/turtlesim/srv/detail/set_pen__rosidl_typesupport_introspection_cpp.hpp
[1.642s] -- Up-to-date: /home/ubuntu/robot_ws/install/turtlesim/include/turtlesim/srv/detail/kill__rosidl_typesupport_introspection_cpp.hpp
[1.642s] -- Up-to-date: /home/ubuntu/robot_ws/install/turtlesim/include/turtlesim/srv/detail/spawn__rosidl_typesupport_introspection_cpp.hpp
[1.642s] -- Up-to-date: /home/ubuntu/robot_ws/install/turtlesim/include/turtlesim/srv/detail/teleport_relative__rosidl_typesupport_introspection_cpp.hpp
[1.642s] -- Up-to-date: /home/ubuntu/robot_ws/install/turtlesim/include/turtlesim/msg
[1.642s] -- Up-to-date: /home/ubuntu/robot_ws/install/turtlesim/include/turtlesim/msg/detail
[1.642s] -- Up-to-date: /home/ubuntu/robot_ws/install/turtlesim/include/turtlesim/msg/detail/color__rosidl_typesupport_introspection_cpp.hpp
[1.642s] -- Up-to-date: /home/ubuntu/robot_ws/install/turtlesim/include/turtlesim/msg/detail/pose__rosidl_typesupport_introspection_cpp.hpp
[1.642s] -- Up-to-date: /home/ubuntu/robot_ws/install/turtlesim/include/turtlesim/msg/detail/color__type_support.cpp
[1.643s] -- Up-to-date: /home/ubuntu/robot_ws/install/turtlesim/include/turtlesim/msg/detail/pose__type_support.cpp
[1.643s] -- Up-to-date: /home/ubuntu/robot_ws/install/turtlesim/include/turtlesim/action
[1.643s] -- Up-to-date: /home/ubuntu/robot_ws/install/turtlesim/include/turtlesim/action/detail
[1.643s] -- Up-to-date: /home/ubuntu/robot_ws/install/turtlesim/include/turtlesim/action/detail/rotate_absolute__rosidl_typesupport_introspection_cpp.hpp
[1.643s] -- Up-to-date: /home/ubuntu/robot_ws/install/turtlesim/include/turtlesim/action/detail/rotate_absolute__type_support.cpp
[1.643s] -- Up-to-date: /home/ubuntu/robot_ws/install/turtlesim/lib/libturtlesim__rosidl_typesupport_introspection_cpp.so
[1.643s] -- Up-to-date: /home/ubuntu/robot_ws/install/turtlesim/lib/libturtlesim__rosidl_typesupport_cpp.so
[1.643s] -- Up-to-date: /home/ubuntu/robot_ws/install/turtlesim/share/turtlesim/environment/pythonpath.sh
[1.643s] -- Up-to-date: /home/ubuntu/robot_ws/install/turtlesim/share/turtlesim/environment/pythonpath.dsv
[1.643s] -- Up-to-date: /home/ubuntu/robot_ws/install/turtlesim/lib/python3.8/site-packages/turtlesim/__init__.py
[1.665s] -- Up-to-date: /home/ubuntu/robot_ws/install/turtlesim/lib/python3.8/site-packages/turtlesim/action
[1.665s] -- Up-to-date: /home/ubuntu/robot_ws/install/turtlesim/lib/python3.8/site-packages/turtlesim/action/_rotate_absolute.py
[1.666s] -- Up-to-date: /home/ubuntu/robot_ws/install/turtlesim/lib/python3.8/site-packages/turtlesim/action/_rotate_absolute_s.c
[1.666s] -- Up-to-date: /home/ubuntu/robot_ws/install/turtlesim/lib/python3.8/site-packages/turtlesim/action/__init__.py
[1.666s] -- Up-to-date: /home/ubuntu/robot_ws/install/turtlesim/lib/python3.8/site-packages/turtlesim/msg
[1.666s] -- Up-to-date: /home/ubuntu/robot_ws/install/turtlesim/lib/python3.8/site-packages/turtlesim/msg/_pose_s.c
[1.666s] -- Up-to-date: /home/ubuntu/robot_ws/install/turtlesim/lib/python3.8/site-packages/turtlesim/msg/_color.py
[1.666s] -- Up-to-date: /home/ubuntu/robot_ws/install/turtlesim/lib/python3.8/site-packages/turtlesim/msg/_pose.py
[1.666s] -- Up-to-date: /home/ubuntu/robot_ws/install/turtlesim/lib/python3.8/site-packages/turtlesim/msg/_color_s.c
[1.666s] -- Up-to-date: /home/ubuntu/robot_ws/install/turtlesim/lib/python3.8/site-packages/turtlesim/msg/__init__.py
[1.667s] -- Up-to-date: /home/ubuntu/robot_ws/install/turtlesim/lib/python3.8/site-packages/turtlesim/srv
[1.667s] -- Up-to-date: /home/ubuntu/robot_ws/install/turtlesim/lib/python3.8/site-packages/turtlesim/srv/_spawn.py
[1.667s] -- Up-to-date: /home/ubuntu/robot_ws/install/turtlesim/lib/python3.8/site-packages/turtlesim/srv/_spawn_s.c
[1.667s] -- Up-to-date: /home/ubuntu/robot_ws/install/turtlesim/lib/python3.8/site-packages/turtlesim/srv/_teleport_absolute_s.c
[1.668s] -- Up-to-date: /home/ubuntu/robot_ws/install/turtlesim/lib/python3.8/site-packages/turtlesim/srv/_set_pen_s.c
[1.668s] -- Up-to-date: /home/ubuntu/robot_ws/install/turtlesim/lib/python3.8/site-packages/turtlesim/srv/_teleport_relative.py
[1.668s] -- Up-to-date: /home/ubuntu/robot_ws/install/turtlesim/lib/python3.8/site-packages/turtlesim/srv/_teleport_relative_s.c
[1.668s] -- Up-to-date: /home/ubuntu/robot_ws/install/turtlesim/lib/python3.8/site-packages/turtlesim/srv/_kill_s.c
[1.668s] -- Up-to-date: /home/ubuntu/robot_ws/install/turtlesim/lib/python3.8/site-packages/turtlesim/srv/_kill.py
[1.669s] -- Up-to-date: /home/ubuntu/robot_ws/install/turtlesim/lib/python3.8/site-packages/turtlesim/srv/_set_pen.py
[1.669s] -- Up-to-date: /home/ubuntu/robot_ws/install/turtlesim/lib/python3.8/site-packages/turtlesim/srv/_teleport_absolute.py
[1.669s] -- Up-to-date: /home/ubuntu/robot_ws/install/turtlesim/lib/python3.8/site-packages/turtlesim/srv/__init__.py
[1.669s] -- Up-to-date: /home/ubuntu/robot_ws/install/turtlesim/lib/python3.8/site-packages/turtlesim/turtlesim_s__rosidl_typesupport_fastrtps_c.cpython-38-x86_64-linux-gnu.so
[1.670s] -- Up-to-date: /home/ubuntu/robot_ws/install/turtlesim/lib/python3.8/site-packages/turtlesim/turtlesim_s__rosidl_typesupport_introspection_c.cpython-38-x86_64-linux-gnu.so
[1.670s] -- Up-to-date: /home/ubuntu/robot_ws/install/turtlesim/lib/python3.8/site-packages/turtlesim/turtlesim_s__rosidl_typesupport_c.cpython-38-x86_64-linux-gnu.so
[1.670s] -- Up-to-date: /home/ubuntu/robot_ws/install/turtlesim/lib/libturtlesim__python.so
[1.671s] -- Up-to-date: /home/ubuntu/robot_ws/install/turtlesim/share/turtlesim/action/RotateAbsolute.idl
[1.671s] -- Up-to-date: /home/ubuntu/robot_ws/install/turtlesim/share/turtlesim/msg/Color.idl
[1.671s] -- Up-to-date: /home/ubuntu/robot_ws/install/turtlesim/share/turtlesim/msg/Pose.idl
[1.671s] -- Up-to-date: /home/ubuntu/robot_ws/install/turtlesim/share/turtlesim/srv/Kill.idl
[1.671s] -- Up-to-date: /home/ubuntu/robot_ws/install/turtlesim/share/turtlesim/srv/SetPen.idl
[1.672s] -- Up-to-date: /home/ubuntu/robot_ws/install/turtlesim/share/turtlesim/srv/Spawn.idl
[1.672s] -- Up-to-date: /home/ubuntu/robot_ws/install/turtlesim/share/turtlesim/srv/TeleportAbsolute.idl
[1.672s] -- Up-to-date: /home/ubuntu/robot_ws/install/turtlesim/share/turtlesim/srv/TeleportRelative.idl
[1.672s] -- Up-to-date: /home/ubuntu/robot_ws/install/turtlesim/share/turtlesim/action/RotateAbsolute.action
[1.672s] -- Up-to-date: /home/ubuntu/robot_ws/install/turtlesim/share/turtlesim/msg/Color.msg
[1.673s] -- Up-to-date: /home/ubuntu/robot_ws/install/turtlesim/share/turtlesim/msg/Pose.msg
[1.673s] -- Up-to-date: /home/ubuntu/robot_ws/install/turtlesim/share/turtlesim/srv/Kill.srv
[1.673s] -- Up-to-date: /home/ubuntu/robot_ws/install/turtlesim/share/turtlesim/srv/Kill_Request.msg
[1.673s] -- Up-to-date: /home/ubuntu/robot_ws/install/turtlesim/share/turtlesim/srv/Kill_Response.msg
[1.673s] -- Up-to-date: /home/ubuntu/robot_ws/install/turtlesim/share/turtlesim/srv/SetPen.srv
[1.673s] -- Up-to-date: /home/ubuntu/robot_ws/install/turtlesim/share/turtlesim/srv/SetPen_Request.msg
[1.673s] -- Up-to-date: /home/ubuntu/robot_ws/install/turtlesim/share/turtlesim/srv/SetPen_Response.msg
[1.674s] -- Up-to-date: /home/ubuntu/robot_ws/install/turtlesim/share/turtlesim/srv/Spawn.srv
[1.674s] -- Up-to-date: /home/ubuntu/robot_ws/install/turtlesim/share/turtlesim/srv/Spawn_Request.msg
[1.674s] -- Up-to-date: /home/ubuntu/robot_ws/install/turtlesim/share/turtlesim/srv/Spawn_Response.msg
[1.674s] -- Up-to-date: /home/ubuntu/robot_ws/install/turtlesim/share/turtlesim/srv/TeleportAbsolute.srv
[1.675s] -- Up-to-date: /home/ubuntu/robot_ws/install/turtlesim/share/turtlesim/srv/TeleportAbsolute_Request.msg
[1.675s] -- Up-to-date: /home/ubuntu/robot_ws/install/turtlesim/share/turtlesim/srv/TeleportAbsolute_Response.msg
[1.675s] -- Up-to-date: /home/ubuntu/robot_ws/install/turtlesim/share/turtlesim/srv/TeleportRelative.srv
[1.675s] -- Up-to-date: /home/ubuntu/robot_ws/install/turtlesim/share/turtlesim/srv/TeleportRelative_Request.msg
[1.675s] -- Up-to-date: /home/ubuntu/robot_ws/install/turtlesim/share/turtlesim/srv/TeleportRelative_Response.msg
[1.675s] -- Up-to-date: /home/ubuntu/robot_ws/install/turtlesim/lib/turtlesim/turtlesim_node
[1.675s] -- Up-to-date: /home/ubuntu/robot_ws/install/turtlesim/lib/turtlesim/turtle_teleop_key
[1.676s] -- Up-to-date: /home/ubuntu/robot_ws/install/turtlesim/lib/turtlesim/draw_square
[1.676s] -- Up-to-date: /home/ubuntu/robot_ws/install/turtlesim/lib/turtlesim/mimic
[1.676s] -- Up-to-date: /home/ubuntu/robot_ws/install/turtlesim/share/turtlesim/images
[1.676s] -- Up-to-date: /home/ubuntu/robot_ws/install/turtlesim/share/turtlesim/images/bouncy.png
[1.676s] -- Up-to-date: /home/ubuntu/robot_ws/install/turtlesim/share/turtlesim/images/dashing.png
[1.677s] -- Up-to-date: /home/ubuntu/robot_ws/install/turtlesim/share/turtlesim/images/ardent.png
[1.677s] -- Up-to-date: /home/ubuntu/robot_ws/install/turtlesim/share/turtlesim/images/foxy.png
[1.677s] -- Up-to-date: /home/ubuntu/robot_ws/install/turtlesim/share/turtlesim/images/crystal.png
[1.677s] -- Up-to-date: /home/ubuntu/robot_ws/install/turtlesim/share/turtlesim/images/eloquent.png
[1.678s] -- Up-to-date: /home/ubuntu/robot_ws/install/turtlesim/share/turtlesim/launch
[1.678s] -- Up-to-date: /home/ubuntu/robot_ws/install/turtlesim/share/turtlesim/launch/multisim.launch.py
[1.678s] -- Up-to-date: /home/ubuntu/robot_ws/install/turtlesim/share/ament_index/resource_index/package_run_dependencies/turtlesim
[1.678s] -- Up-to-date: /home/ubuntu/robot_ws/install/turtlesim/share/ament_index/resource_index/parent_prefix_path/turtlesim
[1.679s] -- Up-to-date: /home/ubuntu/robot_ws/install/turtlesim/share/turtlesim/environment/ament_prefix_path.sh
[1.679s] -- Up-to-date: /home/ubuntu/robot_ws/install/turtlesim/share/turtlesim/environment/ament_prefix_path.dsv
[1.679s] -- Up-to-date: /home/ubuntu/robot_ws/install/turtlesim/share/turtlesim/environment/path.sh
[1.679s] -- Up-to-date: /home/ubuntu/robot_ws/install/turtlesim/share/turtlesim/environment/path.dsv
[1.680s] -- Up-to-date: /home/ubuntu/robot_ws/install/turtlesim/share/turtlesim/local_setup.bash
[1.680s] -- Up-to-date: /home/ubuntu/robot_ws/install/turtlesim/share/turtlesim/local_setup.sh
[1.680s] -- Up-to-date: /home/ubuntu/robot_ws/install/turtlesim/share/turtlesim/local_setup.zsh
[1.681s] -- Up-to-date: /home/ubuntu/robot_ws/install/turtlesim/share/turtlesim/local_setup.dsv
[1.681s] -- Installing: /home/ubuntu/robot_ws/install/turtlesim/share/turtlesim/package.dsv
[1.682s] -- Up-to-date: /home/ubuntu/robot_ws/install/turtlesim/share/ament_index/resource_index/packages/turtlesim
[1.682s] -- Up-to-date: /home/ubuntu/robot_ws/install/turtlesim/share/turtlesim/cmake/turtlesim__rosidl_generator_cExport.cmake
[1.682s] -- Up-to-date: /home/ubuntu/robot_ws/install/turtlesim/share/turtlesim/cmake/turtlesim__rosidl_generator_cExport-noconfig.cmake
[1.682s] -- Up-to-date: /home/ubuntu/robot_ws/install/turtlesim/share/turtlesim/cmake/turtlesim__rosidl_typesupport_introspection_cExport.cmake
[1.683s] -- Up-to-date: /home/ubuntu/robot_ws/install/turtlesim/share/turtlesim/cmake/turtlesim__rosidl_typesupport_introspection_cExport-noconfig.cmake
[1.683s] -- Up-to-date: /home/ubuntu/robot_ws/install/turtlesim/share/turtlesim/cmake/turtlesim__rosidl_typesupport_cExport.cmake
[1.683s] -- Up-to-date: /home/ubuntu/robot_ws/install/turtlesim/share/turtlesim/cmake/turtlesim__rosidl_typesupport_cExport-noconfig.cmake
[1.683s] -- Up-to-date: /home/ubuntu/robot_ws/install/turtlesim/share/turtlesim/cmake/turtlesim__rosidl_generator_cppExport.cmake
[1.684s] -- Up-to-date: /home/ubuntu/robot_ws/install/turtlesim/share/turtlesim/cmake/turtlesim__rosidl_typesupport_introspection_cppExport.cmake
[1.684s] -- Up-to-date: /home/ubuntu/robot_ws/install/turtlesim/share/turtlesim/cmake/turtlesim__rosidl_typesupport_introspection_cppExport-noconfig.cmake
[1.684s] -- Up-to-date: /home/ubuntu/robot_ws/install/turtlesim/share/turtlesim/cmake/turtlesim__rosidl_typesupport_cppExport.cmake
[1.685s] -- Up-to-date: /home/ubuntu/robot_ws/install/turtlesim/share/turtlesim/cmake/turtlesim__rosidl_typesupport_cppExport-noconfig.cmake
[1.686s] -- Up-to-date: /home/ubuntu/robot_ws/install/turtlesim/share/turtlesim/cmake/rosidl_cmake-extras.cmake
[1.687s] -- Up-to-date: /home/ubuntu/robot_ws/install/turtlesim/share/turtlesim/cmake/ament_cmake_export_dependencies-extras.cmake
[1.687s] -- Up-to-date: /home/ubuntu/robot_ws/install/turtlesim/share/turtlesim/cmake/ament_cmake_export_libraries-extras.cmake
[1.687s] -- Up-to-date: /home/ubuntu/robot_ws/install/turtlesim/share/turtlesim/cmake/ament_cmake_export_targets-extras.cmake
[1.687s] -- Up-to-date: /home/ubuntu/robot_ws/install/turtlesim/share/turtlesim/cmake/ament_cmake_export_include_directories-extras.cmake
[1.688s] -- Up-to-date: /home/ubuntu/robot_ws/install/turtlesim/share/turtlesim/cmake/rosidl_cmake_export_typesupport_libraries-extras.cmake
[1.688s] -- Up-to-date: /home/ubuntu/robot_ws/install/turtlesim/share/turtlesim/cmake/rosidl_cmake_export_typesupport_targets-extras.cmake
[1.688s] -- Up-to-date: /home/ubuntu/robot_ws/install/turtlesim/share/turtlesim/cmake/turtlesimConfig.cmake
[1.688s] -- Up-to-date: /home/ubuntu/robot_ws/install/turtlesim/share/turtlesim/cmake/turtlesimConfig-version.cmake
[1.689s] -- Up-to-date: /home/ubuntu/robot_ws/install/turtlesim/share/turtlesim/package.xml
[1.689s] Invoked command in '/home/ubuntu/robot_ws/build/turtlesim' returned '0': CMAKE_PREFIX_PATH=${CMAKE_PREFIX_PATH}:/home/ubuntu/robot_ws/install/srv_examples:/home/ubuntu/robot_ws/install/pubsub:/home/ubuntu/robot_ws/install/myfirstpackage:/opt/ros/foxy /usr/bin/cmake --install /home/ubuntu/robot_ws/build/turtlesim
