[1.487s] Invoking command in '/home/ubuntu/ROS2-Tutorials/robot_ws/src/tb3_teleop': PYTHONPATH=/home/ubuntu/ROS2-Tutorials/robot_ws/install/tb3_teleop/lib/python3.8/site-packages:${PYTHONPATH} /usr/bin/python3 setup.py egg_info --egg-base ../../build/tb3_teleop build --build-base /home/ubuntu/ROS2-Tutorials/robot_ws/build/tb3_teleop/build install --prefix /home/ubuntu/ROS2-Tutorials/robot_ws/install/tb3_teleop --record /home/ubuntu/ROS2-Tutorials/robot_ws/build/tb3_teleop/install.log --single-version-externally-managed
[1.778s] running egg_info
[1.779s] creating ../../build/tb3_teleop/tb3_teleop.egg-info
[1.780s] writing ../../build/tb3_teleop/tb3_teleop.egg-info/PKG-INFO
[1.780s] writing dependency_links to ../../build/tb3_teleop/tb3_teleop.egg-info/dependency_links.txt
[1.781s] writing entry points to ../../build/tb3_teleop/tb3_teleop.egg-info/entry_points.txt
[1.781s] writing requirements to ../../build/tb3_teleop/tb3_teleop.egg-info/requires.txt
[1.781s] writing top-level names to ../../build/tb3_teleop/tb3_teleop.egg-info/top_level.txt
[1.783s] writing manifest file '../../build/tb3_teleop/tb3_teleop.egg-info/SOURCES.txt'
[1.827s] reading manifest file '../../build/tb3_teleop/tb3_teleop.egg-info/SOURCES.txt'
[1.828s] writing manifest file '../../build/tb3_teleop/tb3_teleop.egg-info/SOURCES.txt'
[1.830s] running build
[1.830s] running build_py
[1.830s] creating /home/ubuntu/ROS2-Tutorials/robot_ws/build/tb3_teleop/build
[1.830s] creating /home/ubuntu/ROS2-Tutorials/robot_ws/build/tb3_teleop/build/lib
[1.830s] creating /home/ubuntu/ROS2-Tutorials/robot_ws/build/tb3_teleop/build/lib/tb3_teleop
[1.831s] copying tb3_teleop/teleop.py -> /home/ubuntu/ROS2-Tutorials/robot_ws/build/tb3_teleop/build/lib/tb3_teleop
[1.831s] copying tb3_teleop/__init__.py -> /home/ubuntu/ROS2-Tutorials/robot_ws/build/tb3_teleop/build/lib/tb3_teleop
[1.832s] running install
[1.832s] running install_lib
[1.834s] creating /home/ubuntu/ROS2-Tutorials/robot_ws/install/tb3_teleop/lib/python3.8/site-packages/tb3_teleop
[1.834s] copying /home/ubuntu/ROS2-Tutorials/robot_ws/build/tb3_teleop/build/lib/tb3_teleop/teleop.py -> /home/ubuntu/ROS2-Tutorials/robot_ws/install/tb3_teleop/lib/python3.8/site-packages/tb3_teleop
[1.834s] copying /home/ubuntu/ROS2-Tutorials/robot_ws/build/tb3_teleop/build/lib/tb3_teleop/__init__.py -> /home/ubuntu/ROS2-Tutorials/robot_ws/install/tb3_teleop/lib/python3.8/site-packages/tb3_teleop
[1.838s] byte-compiling /home/ubuntu/ROS2-Tutorials/robot_ws/install/tb3_teleop/lib/python3.8/site-packages/tb3_teleop/teleop.py to teleop.cpython-38.pyc
[1.838s] byte-compiling /home/ubuntu/ROS2-Tutorials/robot_ws/install/tb3_teleop/lib/python3.8/site-packages/tb3_teleop/__init__.py to __init__.cpython-38.pyc
[1.839s] running install_data
[1.839s] creating /home/ubuntu/ROS2-Tutorials/robot_ws/install/tb3_teleop/share/ament_index
[1.839s] creating /home/ubuntu/ROS2-Tutorials/robot_ws/install/tb3_teleop/share/ament_index/resource_index
[1.840s] creating /home/ubuntu/ROS2-Tutorials/robot_ws/install/tb3_teleop/share/ament_index/resource_index/packages
[1.840s] copying resource/tb3_teleop -> /home/ubuntu/ROS2-Tutorials/robot_ws/install/tb3_teleop/share/ament_index/resource_index/packages
[1.841s] copying package.xml -> /home/ubuntu/ROS2-Tutorials/robot_ws/install/tb3_teleop/share/tb3_teleop
[1.842s] running install_egg_info
[1.848s] Copying ../../build/tb3_teleop/tb3_teleop.egg-info to /home/ubuntu/ROS2-Tutorials/robot_ws/install/tb3_teleop/lib/python3.8/site-packages/tb3_teleop-0.0.0-py3.8.egg-info
[1.848s] running install_scripts
[1.870s] Installing teleop script to /home/ubuntu/ROS2-Tutorials/robot_ws/install/tb3_teleop/lib/tb3_teleop
[1.870s] writing list of installed files to '/home/ubuntu/ROS2-Tutorials/robot_ws/build/tb3_teleop/install.log'
